
[1905] Sweeping s84c28 on lts1904_ambfix_s84c5505_inv_1.3-2.0_h8_daily.csv...
No valid candidates with >=5 trades for s84c28. Moving to next.

[1905] Sweeping s84c889 on lts1904_ambfix_s84c5505_inv_1.3-2.0_h8_daily.csv...
No valid candidates with >=5 trades for s84c889. Moving to next.

[1905] Sweeping s84c3057 on lts1904_ambfix_s84c5505_inv_1.3-2.0_h8_daily.csv...
No valid candidates with >=5 trades for s84c3057. Moving to next.

[1905] Sweeping s84c4369 on lts1904_ambfix_s84c5505_inv_1.3-2.0_h8_daily.csv...
[1905] Selected INVERSE_S84c4369_RD2.7-3.4_H9 at ~W=600.0
[1905] Building lts1905_ambfix_s84c4369_inv_2.7-3.4_h9...
[1905] Built successfully! AF1905 avg = 56434.71

[1906] Sweeping s84c5505 on lts1905_ambfix_s84c4369_inv_2.7-3.4_h9_daily.csv...
[1906] Selected INVERSE_S84c5505_RD2.7-3.4_H9 at ~W=600.0
[1906] Building lts1906_ambfix_s84c5505_inv_2.7-3.4_h9...
[1906] Built successfully! AF1906 avg = 56506.80

[1907] Sweeping s84c6017 on lts1906_ambfix_s84c5505_inv_2.7-3.4_h9_daily.csv...
[1907] Selected INVERSE_S84c6017_RD2.0-2.7_H14 at ~W=600.0
[1907] Building lts1907_ambfix_s84c6017_inv_2.0-2.7_h14...
[1907] Built successfully! AF1907 avg = 56585.65

[1908] Sweeping s86c7171 on lts1907_ambfix_s84c6017_inv_2.0-2.7_h14_daily.csv...
No valid candidates with >=5 trades for s86c7171. Moving to next.

[1908] Sweeping s86c7187 on lts1907_ambfix_s84c6017_inv_2.0-2.7_h14_daily.csv...
No valid candidates with >=5 trades for s86c7187. Moving to next.

[1908] Sweeping s86c4227 on lts1907_ambfix_s84c6017_inv_2.0-2.7_h14_daily.csv...
No valid candidates with >=5 trades for s86c4227. Moving to next.

[1908] Sweeping s86c6275 on lts1907_ambfix_s84c6017_inv_2.0-2.7_h14_daily.csv...
No valid candidates with >=5 trades for s86c6275. Moving to next.

[1908] Sweeping s86c11 on lts1907_ambfix_s84c6017_inv_2.0-2.7_h14_daily.csv...
[1908] Selected INVERSE_S86c11_RD3.4-4.0_H15 at ~W=600.0
[1908] Building lts1908_ambfix_s86c11_inv_3.4-4.0_h15...
[1908] Built successfully! AF1908 avg = 56630.03

[1909] Sweeping s84c28 on lts1908_ambfix_s86c11_inv_3.4-4.0_h15_daily.csv...
No valid candidates with >=5 trades for s84c28. Moving to next.

[1909] Sweeping s84c889 on lts1908_ambfix_s86c11_inv_3.4-4.0_h15_daily.csv...
No valid candidates with >=5 trades for s84c889. Moving to next.

[1909] Sweeping s84c3057 on lts1908_ambfix_s86c11_inv_3.4-4.0_h15_daily.csv...
No valid candidates with >=5 trades for s84c3057. Moving to next.

[1909] Sweeping s84c4369 on lts1908_ambfix_s86c11_inv_3.4-4.0_h15_daily.csv...
[1909] Selected INVERSE_S84c4369_RD2.7-3.4_H9 at ~W=600.0
[1909] Building lts1909_ambfix_s84c4369_inv_2.7-3.4_h9...
[1909] Built successfully! AF1909 avg = 56677.20

[1910] Sweeping s84c5505 on lts1909_ambfix_s84c4369_inv_2.7-3.4_h9_daily.csv...
[1910] Selected INVERSE_S84c5505_RD1.3-2.0_H8 at ~W=520.0
[1910] Building lts1910_ambfix_s84c5505_inv_1.3-2.0_h8...
[1910] Built successfully! AF1910 avg = 56689.18

[1911] Sweeping s84c6017 on lts1910_ambfix_s84c5505_inv_1.3-2.0_h8_daily.csv...
[1911] Selected INVERSE_S84c6017_RD2.0-2.7_H14 at ~W=600.0
[1911] Building lts1911_ambfix_s84c6017_inv_2.0-2.7_h14...
[1911] Built successfully! AF1911 avg = 56768.03

[1912] Sweeping s86c7171 on lts1911_ambfix_s84c6017_inv_2.0-2.7_h14_daily.csv...
No valid candidates with >=5 trades for s86c7171. Moving to next.

[1912] Sweeping s86c7187 on lts1911_ambfix_s84c6017_inv_2.0-2.7_h14_daily.csv...
No valid candidates with >=5 trades for s86c7187. Moving to next.

[1912] Sweeping s86c4227 on lts1911_ambfix_s84c6017_inv_2.0-2.7_h14_daily.csv...
No valid candidates with >=5 trades for s86c4227. Moving to next.

[1912] Sweeping s86c6275 on lts1911_ambfix_s84c6017_inv_2.0-2.7_h14_daily.csv...
No valid candidates with >=5 trades for s86c6275. Moving to next.

[1912] Sweeping s86c11 on lts1911_ambfix_s84c6017_inv_2.0-2.7_h14_daily.csv...
[1912] Selected INVERSE_S86c11_RD3.4-4.0_H15 at ~W=600.0
[1912] Building lts1912_ambfix_s86c11_inv_3.4-4.0_h15...
[1912] Built successfully! AF1912 avg = 56812.41

[1913] Sweeping s84c28 on lts1912_ambfix_s86c11_inv_3.4-4.0_h15_daily.csv...
No valid candidates with >=5 trades for s84c28. Moving to next.

[1913] Sweeping s84c889 on lts1912_ambfix_s86c11_inv_3.4-4.0_h15_daily.csv...
No valid candidates with >=5 trades for s84c889. Moving to next.

[1913] Sweeping s84c3057 on lts1912_ambfix_s86c11_inv_3.4-4.0_h15_daily.csv...
No valid candidates with >=5 trades for s84c3057. Moving to next.

[1913] Sweeping s84c4369 on lts1912_ambfix_s86c11_inv_3.4-4.0_h15_daily.csv...
[1913] Selected INVERSE_S84c4369_RD2.7-3.4_H9 at ~W=600.0
[1913] Building lts1913_ambfix_s84c4369_inv_2.7-3.4_h9...
[1913] Built successfully! AF1913 avg = 56859.58

[1914] Sweeping s84c5505 on lts1913_ambfix_s84c4369_inv_2.7-3.4_h9_daily.csv...
[1914] Selected INVERSE_S84c5505_RD1.3-2.0_H8 at ~W=520.0
[1914] Building lts1914_ambfix_s84c5505_inv_1.3-2.0_h8...
[1914] Built successfully! AF1914 avg = 56871.57

[1915] Sweeping s84c6017 on lts1914_ambfix_s84c5505_inv_1.3-2.0_h8_daily.csv...
[1915] Selected INVERSE_S84c6017_RD2.0-2.7_H14 at ~W=600.0
[1915] Building lts1915_ambfix_s84c6017_inv_2.0-2.7_h14...
[1915] Built successfully! AF1915 avg = 56950.42

[1916] Sweeping s86c7171 on lts1915_ambfix_s84c6017_inv_2.0-2.7_h14_daily.csv...
No valid candidates with >=5 trades for s86c7171. Moving to next.

[1916] Sweeping s86c7187 on lts1915_ambfix_s84c6017_inv_2.0-2.7_h14_daily.csv...
No valid candidates with >=5 trades for s86c7187. Moving to next.

[1916] Sweeping s86c4227 on lts1915_ambfix_s84c6017_inv_2.0-2.7_h14_daily.csv...
No valid candidates with >=5 trades for s86c4227. Moving to next.

[1916] Sweeping s86c6275 on lts1915_ambfix_s84c6017_inv_2.0-2.7_h14_daily.csv...
No valid candidates with >=5 trades for s86c6275. Moving to next.

[1916] Sweeping s86c11 on lts1915_ambfix_s84c6017_inv_2.0-2.7_h14_daily.csv...
[1916] Selected INVERSE_S86c11_RD3.4-4.0_H15 at ~W=600.0
[1916] Building lts1916_ambfix_s86c11_inv_3.4-4.0_h15...
[1916] Built successfully! AF1916 avg = 56994.80

[1917] Sweeping s84c28 on lts1916_ambfix_s86c11_inv_3.4-4.0_h15_daily.csv...
No valid candidates with >=5 trades for s84c28. Moving to next.

[1917] Sweeping s84c889 on lts1916_ambfix_s86c11_inv_3.4-4.0_h15_daily.csv...
No valid candidates with >=5 trades for s84c889. Moving to next.

[1917] Sweeping s84c3057 on lts1916_ambfix_s86c11_inv_3.4-4.0_h15_daily.csv...
No valid candidates with >=5 trades for s84c3057. Moving to next.

[1917] Sweeping s84c4369 on lts1916_ambfix_s86c11_inv_3.4-4.0_h15_daily.csv...
[1917] Selected INVERSE_S84c4369_RD2.7-3.4_H9 at ~W=600.0
[1917] Building lts1917_ambfix_s84c4369_inv_2.7-3.4_h9...
[1917] Built successfully! AF1917 avg = 57041.97

[1918] Sweeping s84c5505 on lts1917_ambfix_s84c4369_inv_2.7-3.4_h9_daily.csv...
[1918] Selected INVERSE_S84c5505_RD1.3-2.0_H8 at ~W=520.0
[1918] Building lts1918_ambfix_s84c5505_inv_1.3-2.0_h8...
[1918] Built successfully! AF1918 avg = 57053.95

[1919] Sweeping s84c6017 on lts1918_ambfix_s84c5505_inv_1.3-2.0_h8_daily.csv...
[1919] Selected INVERSE_S84c6017_RD2.0-2.7_H14 at ~W=600.0
[1919] Building lts1919_ambfix_s84c6017_inv_2.0-2.7_h14...
[1919] Built successfully! AF1919 avg = 57132.80

[1920] Sweeping s86c7171 on lts1919_ambfix_s84c6017_inv_2.0-2.7_h14_daily.csv...
No valid candidates with >=5 trades for s86c7171. Moving to next.

[1920] Sweeping s86c7187 on lts1919_ambfix_s84c6017_inv_2.0-2.7_h14_daily.csv...
No valid candidates with >=5 trades for s86c7187. Moving to next.

[1920] Sweeping s86c4227 on lts1919_ambfix_s84c6017_inv_2.0-2.7_h14_daily.csv...
No valid candidates with >=5 trades for s86c4227. Moving to next.

[1920] Sweeping s86c6275 on lts1919_ambfix_s84c6017_inv_2.0-2.7_h14_daily.csv...
No valid candidates with >=5 trades for s86c6275. Moving to next.

[1920] Sweeping s86c11 on lts1919_ambfix_s84c6017_inv_2.0-2.7_h14_daily.csv...
[1920] Selected INVERSE_S86c11_RD3.4-4.0_H15 at ~W=600.0
[1920] Building lts1920_ambfix_s86c11_inv_3.4-4.0_h15...
[1920] Built successfully! AF1920 avg = 57177.18

[1921] Sweeping s84c28 on lts1920_ambfix_s86c11_inv_3.4-4.0_h15_daily.csv...
No valid candidates with >=5 trades for s84c28. Moving to next.

[1921] Sweeping s84c889 on lts1920_ambfix_s86c11_inv_3.4-4.0_h15_daily.csv...
No valid candidates with >=5 trades for s84c889. Moving to next.

[1921] Sweeping s84c3057 on lts1920_ambfix_s86c11_inv_3.4-4.0_h15_daily.csv...
No valid candidates with >=5 trades for s84c3057. Moving to next.

[1921] Sweeping s84c4369 on lts1920_ambfix_s86c11_inv_3.4-4.0_h15_daily.csv...
[1921] Selected INVERSE_S84c4369_RD2.7-3.4_H9 at ~W=600.0
[1921] Building lts1921_ambfix_s84c4369_inv_2.7-3.4_h9...
[1921] Built successfully! AF1921 avg = 57224.35

[1922] Sweeping s84c5505 on lts1921_ambfix_s84c4369_inv_2.7-3.4_h9_daily.csv...
[1922] Selected INVERSE_S84c5505_RD1.3-2.0_H8 at ~W=520.0
[1922] Building lts1922_ambfix_s84c5505_inv_1.3-2.0_h8...
[1922] Built successfully! AF1922 avg = 57236.34

[1923] Sweeping s84c6017 on lts1922_ambfix_s84c5505_inv_1.3-2.0_h8_daily.csv...
[1923] Selected INVERSE_S84c6017_RD2.0-2.7_H14 at ~W=600.0
[1923] Building lts1923_ambfix_s84c6017_inv_2.0-2.7_h14...
[1923] Built successfully! AF1923 avg = 57315.19

[1924] Sweeping s86c7171 on lts1923_ambfix_s84c6017_inv_2.0-2.7_h14_daily.csv...
No valid candidates with >=5 trades for s86c7171. Moving to next.

[1924] Sweeping s86c7187 on lts1923_ambfix_s84c6017_inv_2.0-2.7_h14_daily.csv...
No valid candidates with >=5 trades for s86c7187. Moving to next.

[1924] Sweeping s86c4227 on lts1923_ambfix_s84c6017_inv_2.0-2.7_h14_daily.csv...
No valid candidates with >=5 trades for s86c4227. Moving to next.

[1924] Sweeping s86c6275 on lts1923_ambfix_s84c6017_inv_2.0-2.7_h14_daily.csv...
No valid candidates with >=5 trades for s86c6275. Moving to next.

[1924] Sweeping s86c11 on lts1923_ambfix_s84c6017_inv_2.0-2.7_h14_daily.csv...
[1924] Selected INVERSE_S86c11_RD3.4-4.0_H15 at ~W=600.0
[1924] Building lts1924_ambfix_s86c11_inv_3.4-4.0_h15...
[1924] Built successfully! AF1924 avg = 57359.57

[1925] Sweeping s84c28 on lts1924_ambfix_s86c11_inv_3.4-4.0_h15_daily.csv...
No valid candidates with >=5 trades for s84c28. Moving to next.

[1925] Sweeping s84c889 on lts1924_ambfix_s86c11_inv_3.4-4.0_h15_daily.csv...
No valid candidates with >=5 trades for s84c889. Moving to next.

[1925] Sweeping s84c3057 on lts1924_ambfix_s86c11_inv_3.4-4.0_h15_daily.csv...
No valid candidates with >=5 trades for s84c3057. Moving to next.

[1925] Sweeping s84c4369 on lts1924_ambfix_s86c11_inv_3.4-4.0_h15_daily.csv...
[1925] Selected INVERSE_S84c4369_RD2.7-3.4_H9 at ~W=600.0
[1925] Building lts1925_ambfix_s84c4369_inv_2.7-3.4_h9...
[1925] Built successfully! AF1925 avg = 57406.74

[1926] Sweeping s84c5505 on lts1925_ambfix_s84c4369_inv_2.7-3.4_h9_daily.csv...
[1926] Selected INVERSE_S84c5505_RD1.3-2.0_H8 at ~W=520.0
[1926] Building lts1926_ambfix_s84c5505_inv_1.3-2.0_h8...
[1926] Built successfully! AF1926 avg = 57418.72

[1927] Sweeping s84c6017 on lts1926_ambfix_s84c5505_inv_1.3-2.0_h8_daily.csv...
[1927] Selected INVERSE_S84c6017_RD2.0-2.7_H14 at ~W=600.0
[1927] Building lts1927_ambfix_s84c6017_inv_2.0-2.7_h14...
[1927] Built successfully! AF1927 avg = 57497.58

[1928] Sweeping s86c7171 on lts1927_ambfix_s84c6017_inv_2.0-2.7_h14_daily.csv...
No valid candidates with >=5 trades for s86c7171. Moving to next.

[1928] Sweeping s86c7187 on lts1927_ambfix_s84c6017_inv_2.0-2.7_h14_daily.csv...
No valid candidates with >=5 trades for s86c7187. Moving to next.

[1928] Sweeping s86c4227 on lts1927_ambfix_s84c6017_inv_2.0-2.7_h14_daily.csv...
No valid candidates with >=5 trades for s86c4227. Moving to next.

[1928] Sweeping s86c6275 on lts1927_ambfix_s84c6017_inv_2.0-2.7_h14_daily.csv...
No valid candidates with >=5 trades for s86c6275. Moving to next.

[1928] Sweeping s86c11 on lts1927_ambfix_s84c6017_inv_2.0-2.7_h14_daily.csv...
[1928] Selected INVERSE_S86c11_RD3.4-4.0_H15 at ~W=600.0
[1928] Building lts1928_ambfix_s86c11_inv_3.4-4.0_h15...
[1928] Built successfully! AF1928 avg = 57541.95

[1929] Sweeping s84c28 on lts1928_ambfix_s86c11_inv_3.4-4.0_h15_daily.csv...
No valid candidates with >=5 trades for s84c28. Moving to next.

[1929] Sweeping s84c889 on lts1928_ambfix_s86c11_inv_3.4-4.0_h15_daily.csv...
No valid candidates with >=5 trades for s84c889. Moving to next.

[1929] Sweeping s84c3057 on lts1928_ambfix_s86c11_inv_3.4-4.0_h15_daily.csv...
No valid candidates with >=5 trades for s84c3057. Moving to next.

[1929] Sweeping s84c4369 on lts1928_ambfix_s86c11_inv_3.4-4.0_h15_daily.csv...
[1929] Selected INVERSE_S84c4369_RD2.7-3.4_H9 at ~W=600.0
[1929] Building lts1929_ambfix_s84c4369_inv_2.7-3.4_h9...
[1929] Built successfully! AF1929 avg = 57589.12

[1930] Sweeping s84c5505 on lts1929_ambfix_s84c4369_inv_2.7-3.4_h9_daily.csv...
[1930] Selected INVERSE_S84c5505_RD1.3-2.0_H8 at ~W=520.0
[1930] Building lts1930_ambfix_s84c5505_inv_1.3-2.0_h8...
[1930] Built successfully! AF1930 avg = 57601.11

[1931] Sweeping s84c6017 on lts1930_ambfix_s84c5505_inv_1.3-2.0_h8_daily.csv...
[1931] Selected INVERSE_S84c6017_RD2.0-2.7_H14 at ~W=600.0
[1931] Building lts1931_ambfix_s84c6017_inv_2.0-2.7_h14...
[1931] Built successfully! AF1931 avg = 57679.96

[1932] Sweeping s86c7171 on lts1931_ambfix_s84c6017_inv_2.0-2.7_h14_daily.csv...
No valid candidates with >=5 trades for s86c7171. Moving to next.

[1932] Sweeping s86c7187 on lts1931_ambfix_s84c6017_inv_2.0-2.7_h14_daily.csv...
No valid candidates with >=5 trades for s86c7187. Moving to next.

[1932] Sweeping s86c4227 on lts1931_ambfix_s84c6017_inv_2.0-2.7_h14_daily.csv...
No valid candidates with >=5 trades for s86c4227. Moving to next.

[1932] Sweeping s86c6275 on lts1931_ambfix_s84c6017_inv_2.0-2.7_h14_daily.csv...
No valid candidates with >=5 trades for s86c6275. Moving to next.

[1932] Sweeping s86c11 on lts1931_ambfix_s84c6017_inv_2.0-2.7_h14_daily.csv...
[1932] Selected INVERSE_S86c11_RD3.4-4.0_H15 at ~W=600.0
[1932] Building lts1932_ambfix_s86c11_inv_3.4-4.0_h15...
[1932] Built successfully! AF1932 avg = 57724.34

[1933] Sweeping s84c28 on lts1932_ambfix_s86c11_inv_3.4-4.0_h15_daily.csv...
No valid candidates with >=5 trades for s84c28. Moving to next.

[1933] Sweeping s84c889 on lts1932_ambfix_s86c11_inv_3.4-4.0_h15_daily.csv...
No valid candidates with >=5 trades for s84c889. Moving to next.

[1933] Sweeping s84c3057 on lts1932_ambfix_s86c11_inv_3.4-4.0_h15_daily.csv...
No valid candidates with >=5 trades for s84c3057. Moving to next.

[1933] Sweeping s84c4369 on lts1932_ambfix_s86c11_inv_3.4-4.0_h15_daily.csv...
[1933] Selected INVERSE_S84c4369_RD2.7-3.4_H9 at ~W=600.0
[1933] Building lts1933_ambfix_s84c4369_inv_2.7-3.4_h9...
[1933] Built successfully! AF1933 avg = 57771.51

[1934] Sweeping s84c5505 on lts1933_ambfix_s84c4369_inv_2.7-3.4_h9_daily.csv...
[1934] Selected INVERSE_S84c5505_RD1.3-2.0_H8 at ~W=520.0
[1934] Building lts1934_ambfix_s84c5505_inv_1.3-2.0_h8...
[1934] Built successfully! AF1934 avg = 57783.50

[1935] Sweeping s84c6017 on lts1934_ambfix_s84c5505_inv_1.3-2.0_h8_daily.csv...
[1935] Selected INVERSE_S84c6017_RD2.0-2.7_H14 at ~W=600.0
[1935] Building lts1935_ambfix_s84c6017_inv_2.0-2.7_h14...
[1935] Built successfully! AF1935 avg = 57862.35

[1936] Sweeping s86c7171 on lts1935_ambfix_s84c6017_inv_2.0-2.7_h14_daily.csv...
No valid candidates with >=5 trades for s86c7171. Moving to next.

[1936] Sweeping s86c7187 on lts1935_ambfix_s84c6017_inv_2.0-2.7_h14_daily.csv...
No valid candidates with >=5 trades for s86c7187. Moving to next.

[1936] Sweeping s86c4227 on lts1935_ambfix_s84c6017_inv_2.0-2.7_h14_daily.csv...
No valid candidates with >=5 trades for s86c4227. Moving to next.

[1936] Sweeping s86c6275 on lts1935_ambfix_s84c6017_inv_2.0-2.7_h14_daily.csv...
No valid candidates with >=5 trades for s86c6275. Moving to next.

[1936] Sweeping s86c11 on lts1935_ambfix_s84c6017_inv_2.0-2.7_h14_daily.csv...
[1936] Selected INVERSE_S86c11_RD3.4-4.0_H15 at ~W=600.0
[1936] Building lts1936_ambfix_s86c11_inv_3.4-4.0_h15...
[1936] Built successfully! AF1936 avg = 57906.72

[1937] Sweeping s84c28 on lts1936_ambfix_s86c11_inv_3.4-4.0_h15_daily.csv...
No valid candidates with >=5 trades for s84c28. Moving to next.

[1937] Sweeping s84c889 on lts1936_ambfix_s86c11_inv_3.4-4.0_h15_daily.csv...
No valid candidates with >=5 trades for s84c889. Moving to next.

[1937] Sweeping s84c3057 on lts1936_ambfix_s86c11_inv_3.4-4.0_h15_daily.csv...
No valid candidates with >=5 trades for s84c3057. Moving to next.

[1937] Sweeping s84c4369 on lts1936_ambfix_s86c11_inv_3.4-4.0_h15_daily.csv...
[1937] Selected INVERSE_S84c4369_RD2.7-3.4_H9 at ~W=600.0
[1937] Building lts1937_ambfix_s84c4369_inv_2.7-3.4_h9...
[1937] Built successfully! AF1937 avg = 57953.90

[1938] Sweeping s84c5505 on lts1937_ambfix_s84c4369_inv_2.7-3.4_h9_daily.csv...
[1938] Selected INVERSE_S84c5505_RD1.3-2.0_H8 at ~W=520.0
[1938] Building lts1938_ambfix_s84c5505_inv_1.3-2.0_h8...
[1938] Built successfully! AF1938 avg = 57965.88

[1939] Sweeping s84c6017 on lts1938_ambfix_s84c5505_inv_1.3-2.0_h8_daily.csv...
[1939] Selected INVERSE_S84c6017_RD2.0-2.7_H14 at ~W=600.0
[1939] Building lts1939_ambfix_s84c6017_inv_2.0-2.7_h14...
[1939] Built successfully! AF1939 avg = 58044.73

[1940] Sweeping s86c7171 on lts1939_ambfix_s84c6017_inv_2.0-2.7_h14_daily.csv...
No valid candidates with >=5 trades for s86c7171. Moving to next.

[1940] Sweeping s86c7187 on lts1939_ambfix_s84c6017_inv_2.0-2.7_h14_daily.csv...
No valid candidates with >=5 trades for s86c7187. Moving to next.

[1940] Sweeping s86c4227 on lts1939_ambfix_s84c6017_inv_2.0-2.7_h14_daily.csv...
No valid candidates with >=5 trades for s86c4227. Moving to next.

[1940] Sweeping s86c6275 on lts1939_ambfix_s84c6017_inv_2.0-2.7_h14_daily.csv...
No valid candidates with >=5 trades for s86c6275. Moving to next.

[1940] Sweeping s86c11 on lts1939_ambfix_s84c6017_inv_2.0-2.7_h14_daily.csv...
[1940] Selected INVERSE_S86c11_RD3.4-4.0_H15 at ~W=600.0
[1940] Building lts1940_ambfix_s86c11_inv_3.4-4.0_h15...
[1940] Built successfully! AF1940 avg = 58089.11

[1941] Sweeping s84c28 on lts1940_ambfix_s86c11_inv_3.4-4.0_h15_daily.csv...
No valid candidates with >=5 trades for s84c28. Moving to next.

[1941] Sweeping s84c889 on lts1940_ambfix_s86c11_inv_3.4-4.0_h15_daily.csv...
No valid candidates with >=5 trades for s84c889. Moving to next.

[1941] Sweeping s84c3057 on lts1940_ambfix_s86c11_inv_3.4-4.0_h15_daily.csv...
No valid candidates with >=5 trades for s84c3057. Moving to next.

[1941] Sweeping s84c4369 on lts1940_ambfix_s86c11_inv_3.4-4.0_h15_daily.csv...
[1941] Selected INVERSE_S84c4369_RD2.7-3.4_H9 at ~W=600.0
[1941] Building lts1941_ambfix_s84c4369_inv_2.7-3.4_h9...
[1941] Built successfully! AF1941 avg = 58136.28

[1942] Sweeping s84c5505 on lts1941_ambfix_s84c4369_inv_2.7-3.4_h9_daily.csv...
[1942] Selected INVERSE_S84c5505_RD1.3-2.0_H8 at ~W=520.0
[1942] Building lts1942_ambfix_s84c5505_inv_1.3-2.0_h8...
[1942] Built successfully! AF1942 avg = 58148.27

[1943] Sweeping s84c6017 on lts1942_ambfix_s84c5505_inv_1.3-2.0_h8_daily.csv...
[1943] Selected INVERSE_S84c6017_RD2.0-2.7_H14 at ~W=600.0
[1943] Building lts1943_ambfix_s84c6017_inv_2.0-2.7_h14...
[1943] Built successfully! AF1943 avg = 58227.12

[1944] Sweeping s86c7171 on lts1943_ambfix_s84c6017_inv_2.0-2.7_h14_daily.csv...
No valid candidates with >=5 trades for s86c7171. Moving to next.

[1944] Sweeping s86c7187 on lts1943_ambfix_s84c6017_inv_2.0-2.7_h14_daily.csv...
No valid candidates with >=5 trades for s86c7187. Moving to next.

[1944] Sweeping s86c4227 on lts1943_ambfix_s84c6017_inv_2.0-2.7_h14_daily.csv...
No valid candidates with >=5 trades for s86c4227. Moving to next.

[1944] Sweeping s86c6275 on lts1943_ambfix_s84c6017_inv_2.0-2.7_h14_daily.csv...
No valid candidates with >=5 trades for s86c6275. Moving to next.

[1944] Sweeping s86c11 on lts1943_ambfix_s84c6017_inv_2.0-2.7_h14_daily.csv...
[1944] Selected INVERSE_S86c11_RD3.4-4.0_H15 at ~W=600.0
[1944] Building lts1944_ambfix_s86c11_inv_3.4-4.0_h15...
[1944] Built successfully! AF1944 avg = 58271.50

[1945] Sweeping s84c28 on lts1944_ambfix_s86c11_inv_3.4-4.0_h15_daily.csv...
No valid candidates with >=5 trades for s84c28. Moving to next.

[1945] Sweeping s84c889 on lts1944_ambfix_s86c11_inv_3.4-4.0_h15_daily.csv...
No valid candidates with >=5 trades for s84c889. Moving to next.

[1945] Sweeping s84c3057 on lts1944_ambfix_s86c11_inv_3.4-4.0_h15_daily.csv...
No valid candidates with >=5 trades for s84c3057. Moving to next.

[1945] Sweeping s84c4369 on lts1944_ambfix_s86c11_inv_3.4-4.0_h15_daily.csv...
[1945] Selected INVERSE_S84c4369_RD2.7-3.4_H9 at ~W=600.0
[1945] Building lts1945_ambfix_s84c4369_inv_2.7-3.4_h9...
[1945] Built successfully! AF1945 avg = 58318.67

[1946] Sweeping s84c5505 on lts1945_ambfix_s84c4369_inv_2.7-3.4_h9_daily.csv...
[1946] Selected INVERSE_S84c5505_RD1.3-2.0_H8 at ~W=520.0
[1946] Building lts1946_ambfix_s84c5505_inv_1.3-2.0_h8...
[1946] Built successfully! AF1946 avg = 58330.65

[1947] Sweeping s84c6017 on lts1946_ambfix_s84c5505_inv_1.3-2.0_h8_daily.csv...
[1947] Selected INVERSE_S84c6017_RD2.0-2.7_H14 at ~W=600.0
[1947] Building lts1947_ambfix_s84c6017_inv_2.0-2.7_h14...
[1947] Built successfully! AF1947 avg = 58409.50

[1948] Sweeping s86c7171 on lts1947_ambfix_s84c6017_inv_2.0-2.7_h14_daily.csv...
No valid candidates with >=5 trades for s86c7171. Moving to next.

[1948] Sweeping s86c7187 on lts1947_ambfix_s84c6017_inv_2.0-2.7_h14_daily.csv...
No valid candidates with >=5 trades for s86c7187. Moving to next.

[1948] Sweeping s86c4227 on lts1947_ambfix_s84c6017_inv_2.0-2.7_h14_daily.csv...
No valid candidates with >=5 trades for s86c4227. Moving to next.

[1948] Sweeping s86c6275 on lts1947_ambfix_s84c6017_inv_2.0-2.7_h14_daily.csv...
No valid candidates with >=5 trades for s86c6275. Moving to next.

[1948] Sweeping s86c11 on lts1947_ambfix_s84c6017_inv_2.0-2.7_h14_daily.csv...
[1948] Selected INVERSE_S86c11_RD3.4-4.0_H15 at ~W=600.0
[1948] Building lts1948_ambfix_s86c11_inv_3.4-4.0_h15...
[1948] Built successfully! AF1948 avg = 58453.88

[1949] Sweeping s84c28 on lts1948_ambfix_s86c11_inv_3.4-4.0_h15_daily.csv...
No valid candidates with >=5 trades for s84c28. Moving to next.

[1949] Sweeping s84c889 on lts1948_ambfix_s86c11_inv_3.4-4.0_h15_daily.csv...
No valid candidates with >=5 trades for s84c889. Moving to next.

[1949] Sweeping s84c3057 on lts1948_ambfix_s86c11_inv_3.4-4.0_h15_daily.csv...
No valid candidates with >=5 trades for s84c3057. Moving to next.

[1949] Sweeping s84c4369 on lts1948_ambfix_s86c11_inv_3.4-4.0_h15_daily.csv...
[1949] Selected INVERSE_S84c4369_RD2.7-3.4_H9 at ~W=600.0
[1949] Building lts1949_ambfix_s84c4369_inv_2.7-3.4_h9...
[1949] Built successfully! AF1949 avg = 58501.05

[1950] Sweeping s84c5505 on lts1949_ambfix_s84c4369_inv_2.7-3.4_h9_daily.csv...
[1950] Selected INVERSE_S84c5505_RD1.3-2.0_H8 at ~W=520.0
[1950] Building lts1950_ambfix_s84c5505_inv_1.3-2.0_h8...
[1950] Built successfully! AF1950 avg = 58513.04

[1951] Sweeping s84c6017 on lts1950_ambfix_s84c5505_inv_1.3-2.0_h8_daily.csv...
[1951] Selected INVERSE_S84c6017_RD2.0-2.7_H14 at ~W=600.0
[1951] Building lts1951_ambfix_s84c6017_inv_2.0-2.7_h14...
[1951] Built successfully! AF1951 avg = 58591.89

[1952] Sweeping s86c7171 on lts1951_ambfix_s84c6017_inv_2.0-2.7_h14_daily.csv...
No valid candidates with >=5 trades for s86c7171. Moving to next.

[1952] Sweeping s86c7187 on lts1951_ambfix_s84c6017_inv_2.0-2.7_h14_daily.csv...
No valid candidates with >=5 trades for s86c7187. Moving to next.

[1952] Sweeping s86c4227 on lts1951_ambfix_s84c6017_inv_2.0-2.7_h14_daily.csv...
No valid candidates with >=5 trades for s86c4227. Moving to next.

[1952] Sweeping s86c6275 on lts1951_ambfix_s84c6017_inv_2.0-2.7_h14_daily.csv...
No valid candidates with >=5 trades for s86c6275. Moving to next.

[1952] Sweeping s86c11 on lts1951_ambfix_s84c6017_inv_2.0-2.7_h14_daily.csv...
[1952] Selected INVERSE_S86c11_RD3.4-4.0_H15 at ~W=600.0
[1952] Building lts1952_ambfix_s86c11_inv_3.4-4.0_h15...
[1952] Built successfully! AF1952 avg = 58636.27

[1953] Sweeping s84c28 on lts1952_ambfix_s86c11_inv_3.4-4.0_h15_daily.csv...
No valid candidates with >=5 trades for s84c28. Moving to next.

[1953] Sweeping s84c889 on lts1952_ambfix_s86c11_inv_3.4-4.0_h15_daily.csv...
No valid candidates with >=5 trades for s84c889. Moving to next.

[1953] Sweeping s84c3057 on lts1952_ambfix_s86c11_inv_3.4-4.0_h15_daily.csv...
No valid candidates with >=5 trades for s84c3057. Moving to next.

[1953] Sweeping s84c4369 on lts1952_ambfix_s86c11_inv_3.4-4.0_h15_daily.csv...
[1953] Selected INVERSE_S84c4369_RD2.7-3.4_H9 at ~W=600.0
[1953] Building lts1953_ambfix_s84c4369_inv_2.7-3.4_h9...
[1953] Built successfully! AF1953 avg = 58683.44

[1954] Sweeping s84c5505 on lts1953_ambfix_s84c4369_inv_2.7-3.4_h9_daily.csv...
[1954] Selected INVERSE_S84c5505_RD1.3-2.0_H8 at ~W=520.0
[1954] Building lts1954_ambfix_s84c5505_inv_1.3-2.0_h8...
[1954] Built successfully! AF1954 avg = 58695.42

[1955] Sweeping s84c6017 on lts1954_ambfix_s84c5505_inv_1.3-2.0_h8_daily.csv...
[1955] Selected INVERSE_S84c6017_RD2.0-2.7_H14 at ~W=600.0
[1955] Building lts1955_ambfix_s84c6017_inv_2.0-2.7_h14...
[1955] Built successfully! AF1955 avg = 58774.27

[1956] Sweeping s86c7171 on lts1955_ambfix_s84c6017_inv_2.0-2.7_h14_daily.csv...
No valid candidates with >=5 trades for s86c7171. Moving to next.

[1956] Sweeping s86c7187 on lts1955_ambfix_s84c6017_inv_2.0-2.7_h14_daily.csv...
No valid candidates with >=5 trades for s86c7187. Moving to next.

[1956] Sweeping s86c4227 on lts1955_ambfix_s84c6017_inv_2.0-2.7_h14_daily.csv...
No valid candidates with >=5 trades for s86c4227. Moving to next.

[1956] Sweeping s86c6275 on lts1955_ambfix_s84c6017_inv_2.0-2.7_h14_daily.csv...
No valid candidates with >=5 trades for s86c6275. Moving to next.

[1956] Sweeping s86c11 on lts1955_ambfix_s84c6017_inv_2.0-2.7_h14_daily.csv...
[1956] Selected INVERSE_S86c11_RD3.4-4.0_H15 at ~W=600.0
[1956] Building lts1956_ambfix_s86c11_inv_3.4-4.0_h15...
[1956] Built successfully! AF1956 avg = 58818.65

[1957] Sweeping s84c28 on lts1956_ambfix_s86c11_inv_3.4-4.0_h15_daily.csv...
No valid candidates with >=5 trades for s84c28. Moving to next.

[1957] Sweeping s84c889 on lts1956_ambfix_s86c11_inv_3.4-4.0_h15_daily.csv...
No valid candidates with >=5 trades for s84c889. Moving to next.

[1957] Sweeping s84c3057 on lts1956_ambfix_s86c11_inv_3.4-4.0_h15_daily.csv...
No valid candidates with >=5 trades for s84c3057. Moving to next.

[1957] Sweeping s84c4369 on lts1956_ambfix_s86c11_inv_3.4-4.0_h15_daily.csv...
[1957] Selected INVERSE_S84c4369_RD2.7-3.4_H9 at ~W=600.0
[1957] Building lts1957_ambfix_s84c4369_inv_2.7-3.4_h9...
[1957] Built successfully! AF1957 avg = 58865.82

[1958] Sweeping s84c5505 on lts1957_ambfix_s84c4369_inv_2.7-3.4_h9_daily.csv...
[1958] Selected INVERSE_S84c5505_RD1.3-2.0_H8 at ~W=520.0
[1958] Building lts1958_ambfix_s84c5505_inv_1.3-2.0_h8...
[1958] Built successfully! AF1958 avg = 58877.81

[1959] Sweeping s84c6017 on lts1958_ambfix_s84c5505_inv_1.3-2.0_h8_daily.csv...
[1959] Selected INVERSE_S84c6017_RD2.0-2.7_H14 at ~W=600.0
[1959] Building lts1959_ambfix_s84c6017_inv_2.0-2.7_h14...
[1959] Built successfully! AF1959 avg = 58956.66

[1960] Sweeping s86c7171 on lts1959_ambfix_s84c6017_inv_2.0-2.7_h14_daily.csv...
No valid candidates with >=5 trades for s86c7171. Moving to next.

[1960] Sweeping s86c7187 on lts1959_ambfix_s84c6017_inv_2.0-2.7_h14_daily.csv...
No valid candidates with >=5 trades for s86c7187. Moving to next.

[1960] Sweeping s86c4227 on lts1959_ambfix_s84c6017_inv_2.0-2.7_h14_daily.csv...
No valid candidates with >=5 trades for s86c4227. Moving to next.

[1960] Sweeping s86c6275 on lts1959_ambfix_s84c6017_inv_2.0-2.7_h14_daily.csv...
No valid candidates with >=5 trades for s86c6275. Moving to next.

[1960] Sweeping s86c11 on lts1959_ambfix_s84c6017_inv_2.0-2.7_h14_daily.csv...
[1960] Selected INVERSE_S86c11_RD3.4-4.0_H15 at ~W=600.0
[1960] Building lts1960_ambfix_s86c11_inv_3.4-4.0_h15...
[1960] Built successfully! AF1960 avg = 59001.04

[1961] Sweeping s84c28 on lts1960_ambfix_s86c11_inv_3.4-4.0_h15_daily.csv...
No valid candidates with >=5 trades for s84c28. Moving to next.

[1961] Sweeping s84c889 on lts1960_ambfix_s86c11_inv_3.4-4.0_h15_daily.csv...
No valid candidates with >=5 trades for s84c889. Moving to next.

[1961] Sweeping s84c3057 on lts1960_ambfix_s86c11_inv_3.4-4.0_h15_daily.csv...
No valid candidates with >=5 trades for s84c3057. Moving to next.

[1961] Sweeping s84c4369 on lts1960_ambfix_s86c11_inv_3.4-4.0_h15_daily.csv...
[1961] Selected INVERSE_S84c4369_RD2.7-3.4_H9 at ~W=600.0
[1961] Building lts1961_ambfix_s84c4369_inv_2.7-3.4_h9...
[1961] Built successfully! AF1961 avg = 59048.21

[1962] Sweeping s84c5505 on lts1961_ambfix_s84c4369_inv_2.7-3.4_h9_daily.csv...
[1962] Selected INVERSE_S84c5505_RD1.3-2.0_H8 at ~W=520.0
[1962] Building lts1962_ambfix_s84c5505_inv_1.3-2.0_h8...
[1962] Built successfully! AF1962 avg = 59060.19

[1963] Sweeping s84c6017 on lts1962_ambfix_s84c5505_inv_1.3-2.0_h8_daily.csv...
[1963] Selected INVERSE_S84c6017_RD2.0-2.7_H14 at ~W=600.0
[1963] Building lts1963_ambfix_s84c6017_inv_2.0-2.7_h14...
[1963] Built successfully! AF1963 avg = 59139.05

[1964] Sweeping s86c7171 on lts1963_ambfix_s84c6017_inv_2.0-2.7_h14_daily.csv...
No valid candidates with >=5 trades for s86c7171. Moving to next.

[1964] Sweeping s86c7187 on lts1963_ambfix_s84c6017_inv_2.0-2.7_h14_daily.csv...
No valid candidates with >=5 trades for s86c7187. Moving to next.

[1964] Sweeping s86c4227 on lts1963_ambfix_s84c6017_inv_2.0-2.7_h14_daily.csv...
No valid candidates with >=5 trades for s86c4227. Moving to next.

[1964] Sweeping s86c6275 on lts1963_ambfix_s84c6017_inv_2.0-2.7_h14_daily.csv...
No valid candidates with >=5 trades for s86c6275. Moving to next.

[1964] Sweeping s86c11 on lts1963_ambfix_s84c6017_inv_2.0-2.7_h14_daily.csv...
[1964] Selected INVERSE_S86c11_RD3.4-4.0_H15 at ~W=600.0
[1964] Building lts1964_ambfix_s86c11_inv_3.4-4.0_h15...
[1964] Built successfully! AF1964 avg = 59183.42

[1965] Sweeping s84c28 on lts1964_ambfix_s86c11_inv_3.4-4.0_h15_daily.csv...
No valid candidates with >=5 trades for s84c28. Moving to next.

[1965] Sweeping s84c889 on lts1964_ambfix_s86c11_inv_3.4-4.0_h15_daily.csv...
No valid candidates with >=5 trades for s84c889. Moving to next.

[1965] Sweeping s84c3057 on lts1964_ambfix_s86c11_inv_3.4-4.0_h15_daily.csv...
No valid candidates with >=5 trades for s84c3057. Moving to next.

[1965] Sweeping s84c4369 on lts1964_ambfix_s86c11_inv_3.4-4.0_h15_daily.csv...
[1965] Selected INVERSE_S84c4369_RD2.7-3.4_H9 at ~W=600.0
[1965] Building lts1965_ambfix_s84c4369_inv_2.7-3.4_h9...
[1965] Built successfully! AF1965 avg = 59230.59

[1966] Sweeping s84c5505 on lts1965_ambfix_s84c4369_inv_2.7-3.4_h9_daily.csv...
[1966] Selected INVERSE_S84c5505_RD1.3-2.0_H8 at ~W=520.0
[1966] Building lts1966_ambfix_s84c5505_inv_1.3-2.0_h8...
[1966] Built successfully! AF1966 avg = 59242.58

[1967] Sweeping s84c6017 on lts1966_ambfix_s84c5505_inv_1.3-2.0_h8_daily.csv...
[1967] Selected INVERSE_S84c6017_RD2.0-2.7_H14 at ~W=600.0
[1967] Building lts1967_ambfix_s84c6017_inv_2.0-2.7_h14...
[1967] Built successfully! AF1967 avg = 59321.43

[1968] Sweeping s86c7171 on lts1967_ambfix_s84c6017_inv_2.0-2.7_h14_daily.csv...
No valid candidates with >=5 trades for s86c7171. Moving to next.

[1968] Sweeping s86c7187 on lts1967_ambfix_s84c6017_inv_2.0-2.7_h14_daily.csv...
No valid candidates with >=5 trades for s86c7187. Moving to next.

[1968] Sweeping s86c4227 on lts1967_ambfix_s84c6017_inv_2.0-2.7_h14_daily.csv...
No valid candidates with >=5 trades for s86c4227. Moving to next.

[1968] Sweeping s86c6275 on lts1967_ambfix_s84c6017_inv_2.0-2.7_h14_daily.csv...
No valid candidates with >=5 trades for s86c6275. Moving to next.

[1968] Sweeping s86c11 on lts1967_ambfix_s84c6017_inv_2.0-2.7_h14_daily.csv...
[1968] Selected INVERSE_S86c11_RD3.4-4.0_H15 at ~W=600.0
[1968] Building lts1968_ambfix_s86c11_inv_3.4-4.0_h15...
[1968] Built successfully! AF1968 avg = 59365.81

[1969] Sweeping s84c28 on lts1968_ambfix_s86c11_inv_3.4-4.0_h15_daily.csv...
No valid candidates with >=5 trades for s84c28. Moving to next.

[1969] Sweeping s84c889 on lts1968_ambfix_s86c11_inv_3.4-4.0_h15_daily.csv...
No valid candidates with >=5 trades for s84c889. Moving to next.

[1969] Sweeping s84c3057 on lts1968_ambfix_s86c11_inv_3.4-4.0_h15_daily.csv...
No valid candidates with >=5 trades for s84c3057. Moving to next.

[1969] Sweeping s84c4369 on lts1968_ambfix_s86c11_inv_3.4-4.0_h15_daily.csv...
[1969] Selected INVERSE_S84c4369_RD2.7-3.4_H9 at ~W=600.0
[1969] Building lts1969_ambfix_s84c4369_inv_2.7-3.4_h9...
[1969] Built successfully! AF1969 avg = 59412.98

[1970] Sweeping s84c5505 on lts1969_ambfix_s84c4369_inv_2.7-3.4_h9_daily.csv...
[1970] Selected INVERSE_S84c5505_RD1.3-2.0_H8 at ~W=520.0
[1970] Building lts1970_ambfix_s84c5505_inv_1.3-2.0_h8...
[1970] Built successfully! AF1970 avg = 59424.97

[1971] Sweeping s84c6017 on lts1970_ambfix_s84c5505_inv_1.3-2.0_h8_daily.csv...
[1971] Selected INVERSE_S84c6017_RD2.0-2.7_H14 at ~W=600.0
[1971] Building lts1971_ambfix_s84c6017_inv_2.0-2.7_h14...
[1971] Built successfully! AF1971 avg = 59503.82

[1972] Sweeping s86c7171 on lts1971_ambfix_s84c6017_inv_2.0-2.7_h14_daily.csv...
No valid candidates with >=5 trades for s86c7171. Moving to next.

[1972] Sweeping s86c7187 on lts1971_ambfix_s84c6017_inv_2.0-2.7_h14_daily.csv...
No valid candidates with >=5 trades for s86c7187. Moving to next.

[1972] Sweeping s86c4227 on lts1971_ambfix_s84c6017_inv_2.0-2.7_h14_daily.csv...
No valid candidates with >=5 trades for s86c4227. Moving to next.

[1972] Sweeping s86c6275 on lts1971_ambfix_s84c6017_inv_2.0-2.7_h14_daily.csv...
No valid candidates with >=5 trades for s86c6275. Moving to next.

[1972] Sweeping s86c11 on lts1971_ambfix_s84c6017_inv_2.0-2.7_h14_daily.csv...
[1972] Selected INVERSE_S86c11_RD3.4-4.0_H15 at ~W=600.0
[1972] Building lts1972_ambfix_s86c11_inv_3.4-4.0_h15...
[1972] Built successfully! AF1972 avg = 59548.19

[1973] Sweeping s84c28 on lts1972_ambfix_s86c11_inv_3.4-4.0_h15_daily.csv...
No valid candidates with >=5 trades for s84c28. Moving to next.

[1973] Sweeping s84c889 on lts1972_ambfix_s86c11_inv_3.4-4.0_h15_daily.csv...
No valid candidates with >=5 trades for s84c889. Moving to next.

[1973] Sweeping s84c3057 on lts1972_ambfix_s86c11_inv_3.4-4.0_h15_daily.csv...
No valid candidates with >=5 trades for s84c3057. Moving to next.

[1973] Sweeping s84c4369 on lts1972_ambfix_s86c11_inv_3.4-4.0_h15_daily.csv...
[1973] Selected INVERSE_S84c4369_RD2.7-3.4_H9 at ~W=600.0
[1973] Building lts1973_ambfix_s84c4369_inv_2.7-3.4_h9...
[1973] Built successfully! AF1973 avg = 59595.37

[1974] Sweeping s84c5505 on lts1973_ambfix_s84c4369_inv_2.7-3.4_h9_daily.csv...
[1974] Selected INVERSE_S84c5505_RD1.3-2.0_H8 at ~W=520.0
[1974] Building lts1974_ambfix_s84c5505_inv_1.3-2.0_h8...
[1974] Built successfully! AF1974 avg = 59607.35

[1975] Sweeping s84c6017 on lts1974_ambfix_s84c5505_inv_1.3-2.0_h8_daily.csv...
[1975] Selected INVERSE_S84c6017_RD2.0-2.7_H14 at ~W=600.0
[1975] Building lts1975_ambfix_s84c6017_inv_2.0-2.7_h14...
[1975] Built successfully! AF1975 avg = 59686.20

[1976] Sweeping s86c7171 on lts1975_ambfix_s84c6017_inv_2.0-2.7_h14_daily.csv...
No valid candidates with >=5 trades for s86c7171. Moving to next.

[1976] Sweeping s86c7187 on lts1975_ambfix_s84c6017_inv_2.0-2.7_h14_daily.csv...
No valid candidates with >=5 trades for s86c7187. Moving to next.

[1976] Sweeping s86c4227 on lts1975_ambfix_s84c6017_inv_2.0-2.7_h14_daily.csv...
No valid candidates with >=5 trades for s86c4227. Moving to next.

[1976] Sweeping s86c6275 on lts1975_ambfix_s84c6017_inv_2.0-2.7_h14_daily.csv...
No valid candidates with >=5 trades for s86c6275. Moving to next.

[1976] Sweeping s86c11 on lts1975_ambfix_s84c6017_inv_2.0-2.7_h14_daily.csv...
[1976] Selected INVERSE_S86c11_RD3.4-4.0_H15 at ~W=600.0
[1976] Building lts1976_ambfix_s86c11_inv_3.4-4.0_h15...
[1976] Built successfully! AF1976 avg = 59730.58

[1977] Sweeping s84c28 on lts1976_ambfix_s86c11_inv_3.4-4.0_h15_daily.csv...
No valid candidates with >=5 trades for s84c28. Moving to next.

[1977] Sweeping s84c889 on lts1976_ambfix_s86c11_inv_3.4-4.0_h15_daily.csv...
No valid candidates with >=5 trades for s84c889. Moving to next.

[1977] Sweeping s84c3057 on lts1976_ambfix_s86c11_inv_3.4-4.0_h15_daily.csv...
No valid candidates with >=5 trades for s84c3057. Moving to next.

[1977] Sweeping s84c4369 on lts1976_ambfix_s86c11_inv_3.4-4.0_h15_daily.csv...
[1977] Selected INVERSE_S84c4369_RD2.7-3.4_H9 at ~W=600.0
[1977] Building lts1977_ambfix_s84c4369_inv_2.7-3.4_h9...
[1977] Built successfully! AF1977 avg = 59777.75

[1978] Sweeping s84c5505 on lts1977_ambfix_s84c4369_inv_2.7-3.4_h9_daily.csv...
[1978] Selected INVERSE_S84c5505_RD1.3-2.0_H8 at ~W=520.0
[1978] Building lts1978_ambfix_s84c5505_inv_1.3-2.0_h8...
[1978] Built successfully! AF1978 avg = 59789.74

[1979] Sweeping s84c6017 on lts1978_ambfix_s84c5505_inv_1.3-2.0_h8_daily.csv...
[1979] Selected INVERSE_S84c6017_RD2.0-2.7_H14 at ~W=600.0
[1979] Building lts1979_ambfix_s84c6017_inv_2.0-2.7_h14...
[1979] Built successfully! AF1979 avg = 59868.59

[1980] Sweeping s86c7171 on lts1979_ambfix_s84c6017_inv_2.0-2.7_h14_daily.csv...
No valid candidates with >=5 trades for s86c7171. Moving to next.

[1980] Sweeping s86c7187 on lts1979_ambfix_s84c6017_inv_2.0-2.7_h14_daily.csv...
No valid candidates with >=5 trades for s86c7187. Moving to next.

[1980] Sweeping s86c4227 on lts1979_ambfix_s84c6017_inv_2.0-2.7_h14_daily.csv...
No valid candidates with >=5 trades for s86c4227. Moving to next.

[1980] Sweeping s86c6275 on lts1979_ambfix_s84c6017_inv_2.0-2.7_h14_daily.csv...
No valid candidates with >=5 trades for s86c6275. Moving to next.

[1980] Sweeping s86c11 on lts1979_ambfix_s84c6017_inv_2.0-2.7_h14_daily.csv...
[1980] Selected INVERSE_S86c11_RD3.4-4.0_H15 at ~W=600.0
[1980] Building lts1980_ambfix_s86c11_inv_3.4-4.0_h15...
[1980] Built successfully! AF1980 avg = 59912.97

[1981] Sweeping s84c28 on lts1980_ambfix_s86c11_inv_3.4-4.0_h15_daily.csv...
No valid candidates with >=5 trades for s84c28. Moving to next.

[1981] Sweeping s84c889 on lts1980_ambfix_s86c11_inv_3.4-4.0_h15_daily.csv...
No valid candidates with >=5 trades for s84c889. Moving to next.

[1981] Sweeping s84c3057 on lts1980_ambfix_s86c11_inv_3.4-4.0_h15_daily.csv...
No valid candidates with >=5 trades for s84c3057. Moving to next.

[1981] Sweeping s84c4369 on lts1980_ambfix_s86c11_inv_3.4-4.0_h15_daily.csv...
[1981] Selected INVERSE_S84c4369_RD2.7-3.4_H9 at ~W=600.0
[1981] Building lts1981_ambfix_s84c4369_inv_2.7-3.4_h9...
[1981] Built successfully! AF1981 avg = 59960.14

[1982] Sweeping s84c5505 on lts1981_ambfix_s84c4369_inv_2.7-3.4_h9_daily.csv...
[1982] Selected INVERSE_S84c5505_RD1.3-2.0_H8 at ~W=520.0
[1982] Building lts1982_ambfix_s84c5505_inv_1.3-2.0_h8...
[1982] Built successfully! AF1982 avg = 59972.12

[1983] Sweeping s84c6017 on lts1982_ambfix_s84c5505_inv_1.3-2.0_h8_daily.csv...
[1983] Selected INVERSE_S84c6017_RD2.0-2.7_H14 at ~W=600.0
[1983] Building lts1983_ambfix_s84c6017_inv_2.0-2.7_h14...
[1983] Built successfully! AF1983 avg = 60050.97

[1984] Sweeping s86c7171 on lts1983_ambfix_s84c6017_inv_2.0-2.7_h14_daily.csv...
No valid candidates with >=5 trades for s86c7171. Moving to next.

[1984] Sweeping s86c7187 on lts1983_ambfix_s84c6017_inv_2.0-2.7_h14_daily.csv...
No valid candidates with >=5 trades for s86c7187. Moving to next.

[1984] Sweeping s86c4227 on lts1983_ambfix_s84c6017_inv_2.0-2.7_h14_daily.csv...
No valid candidates with >=5 trades for s86c4227. Moving to next.

[1984] Sweeping s86c6275 on lts1983_ambfix_s84c6017_inv_2.0-2.7_h14_daily.csv...
No valid candidates with >=5 trades for s86c6275. Moving to next.

[1984] Sweeping s86c11 on lts1983_ambfix_s84c6017_inv_2.0-2.7_h14_daily.csv...
[1984] Selected INVERSE_S86c11_RD3.4-4.0_H15 at ~W=600.0
[1984] Building lts1984_ambfix_s86c11_inv_3.4-4.0_h15...
[1984] Built successfully! AF1984 avg = 60095.35

[1985] Sweeping s84c28 on lts1984_ambfix_s86c11_inv_3.4-4.0_h15_daily.csv...
No valid candidates with >=5 trades for s84c28. Moving to next.

[1985] Sweeping s84c889 on lts1984_ambfix_s86c11_inv_3.4-4.0_h15_daily.csv...
No valid candidates with >=5 trades for s84c889. Moving to next.

[1985] Sweeping s84c3057 on lts1984_ambfix_s86c11_inv_3.4-4.0_h15_daily.csv...
No valid candidates with >=5 trades for s84c3057. Moving to next.

[1985] Sweeping s84c4369 on lts1984_ambfix_s86c11_inv_3.4-4.0_h15_daily.csv...
[1985] Selected INVERSE_S84c4369_RD2.7-3.4_H9 at ~W=600.0
[1985] Building lts1985_ambfix_s84c4369_inv_2.7-3.4_h9...
[1985] Built successfully! AF1985 avg = 60142.52

[1986] Sweeping s84c5505 on lts1985_ambfix_s84c4369_inv_2.7-3.4_h9_daily.csv...
[1986] Selected INVERSE_S84c5505_RD1.3-2.0_H8 at ~W=520.0
[1986] Building lts1986_ambfix_s84c5505_inv_1.3-2.0_h8...
[1986] Built successfully! AF1986 avg = 60154.51

[1987] Sweeping s84c6017 on lts1986_ambfix_s84c5505_inv_1.3-2.0_h8_daily.csv...
[1987] Selected INVERSE_S84c6017_RD2.0-2.7_H14 at ~W=600.0
[1987] Building lts1987_ambfix_s84c6017_inv_2.0-2.7_h14...
[1987] Built successfully! AF1987 avg = 60233.36

[1988] Sweeping s86c7171 on lts1987_ambfix_s84c6017_inv_2.0-2.7_h14_daily.csv...
No valid candidates with >=5 trades for s86c7171. Moving to next.

[1988] Sweeping s86c7187 on lts1987_ambfix_s84c6017_inv_2.0-2.7_h14_daily.csv...
No valid candidates with >=5 trades for s86c7187. Moving to next.

[1988] Sweeping s86c4227 on lts1987_ambfix_s84c6017_inv_2.0-2.7_h14_daily.csv...
No valid candidates with >=5 trades for s86c4227. Moving to next.

[1988] Sweeping s86c6275 on lts1987_ambfix_s84c6017_inv_2.0-2.7_h14_daily.csv...
No valid candidates with >=5 trades for s86c6275. Moving to next.

[1988] Sweeping s86c11 on lts1987_ambfix_s84c6017_inv_2.0-2.7_h14_daily.csv...
[1988] Selected INVERSE_S86c11_RD3.4-4.0_H15 at ~W=600.0
[1988] Building lts1988_ambfix_s86c11_inv_3.4-4.0_h15...
[1988] Built successfully! AF1988 avg = 60277.74

[1989] Sweeping s84c28 on lts1988_ambfix_s86c11_inv_3.4-4.0_h15_daily.csv...
No valid candidates with >=5 trades for s84c28. Moving to next.

[1989] Sweeping s84c889 on lts1988_ambfix_s86c11_inv_3.4-4.0_h15_daily.csv...
No valid candidates with >=5 trades for s84c889. Moving to next.

[1989] Sweeping s84c3057 on lts1988_ambfix_s86c11_inv_3.4-4.0_h15_daily.csv...
No valid candidates with >=5 trades for s84c3057. Moving to next.

[1989] Sweeping s84c4369 on lts1988_ambfix_s86c11_inv_3.4-4.0_h15_daily.csv...
[1989] Selected INVERSE_S84c4369_RD2.7-3.4_H9 at ~W=600.0
[1989] Building lts1989_ambfix_s84c4369_inv_2.7-3.4_h9...
[1989] Built successfully! AF1989 avg = 60324.91

[1990] Sweeping s84c5505 on lts1989_ambfix_s84c4369_inv_2.7-3.4_h9_daily.csv...
[1990] Selected INVERSE_S84c5505_RD1.3-2.0_H8 at ~W=520.0
[1990] Building lts1990_ambfix_s84c5505_inv_1.3-2.0_h8...
[1990] Built successfully! AF1990 avg = 60336.89

[1991] Sweeping s84c6017 on lts1990_ambfix_s84c5505_inv_1.3-2.0_h8_daily.csv...
[1991] Selected INVERSE_S84c6017_RD2.0-2.7_H14 at ~W=600.0
[1991] Building lts1991_ambfix_s84c6017_inv_2.0-2.7_h14...
[1991] Built successfully! AF1991 avg = 60415.74

[1992] Sweeping s86c7171 on lts1991_ambfix_s84c6017_inv_2.0-2.7_h14_daily.csv...
No valid candidates with >=5 trades for s86c7171. Moving to next.

[1992] Sweeping s86c7187 on lts1991_ambfix_s84c6017_inv_2.0-2.7_h14_daily.csv...
No valid candidates with >=5 trades for s86c7187. Moving to next.

[1992] Sweeping s86c4227 on lts1991_ambfix_s84c6017_inv_2.0-2.7_h14_daily.csv...
No valid candidates with >=5 trades for s86c4227. Moving to next.

[1992] Sweeping s86c6275 on lts1991_ambfix_s84c6017_inv_2.0-2.7_h14_daily.csv...
No valid candidates with >=5 trades for s86c6275. Moving to next.

[1992] Sweeping s86c11 on lts1991_ambfix_s84c6017_inv_2.0-2.7_h14_daily.csv...
[1992] Selected INVERSE_S86c11_RD3.4-4.0_H15 at ~W=600.0
[1992] Building lts1992_ambfix_s86c11_inv_3.4-4.0_h15...
[1992] Built successfully! AF1992 avg = 60460.12

[1993] Sweeping s84c28 on lts1992_ambfix_s86c11_inv_3.4-4.0_h15_daily.csv...
No valid candidates with >=5 trades for s84c28. Moving to next.

[1993] Sweeping s84c889 on lts1992_ambfix_s86c11_inv_3.4-4.0_h15_daily.csv...
No valid candidates with >=5 trades for s84c889. Moving to next.

[1993] Sweeping s84c3057 on lts1992_ambfix_s86c11_inv_3.4-4.0_h15_daily.csv...
No valid candidates with >=5 trades for s84c3057. Moving to next.

[1993] Sweeping s84c4369 on lts1992_ambfix_s86c11_inv_3.4-4.0_h15_daily.csv...
[1993] Selected INVERSE_S84c4369_RD2.7-3.4_H9 at ~W=600.0
[1993] Building lts1993_ambfix_s84c4369_inv_2.7-3.4_h9...
[1993] Built successfully! AF1993 avg = 60507.29

[1994] Sweeping s84c5505 on lts1993_ambfix_s84c4369_inv_2.7-3.4_h9_daily.csv...
[1994] Selected INVERSE_S84c5505_RD1.3-2.0_H8 at ~W=520.0
[1994] Building lts1994_ambfix_s84c5505_inv_1.3-2.0_h8...
[1994] Built successfully! AF1994 avg = 60519.28

[1995] Sweeping s84c6017 on lts1994_ambfix_s84c5505_inv_1.3-2.0_h8_daily.csv...
[1995] Selected INVERSE_S84c6017_RD2.0-2.7_H14 at ~W=600.0
[1995] Building lts1995_ambfix_s84c6017_inv_2.0-2.7_h14...
[1995] Built successfully! AF1995 avg = 60598.13

[1996] Sweeping s86c7171 on lts1995_ambfix_s84c6017_inv_2.0-2.7_h14_daily.csv...
No valid candidates with >=5 trades for s86c7171. Moving to next.

[1996] Sweeping s86c7187 on lts1995_ambfix_s84c6017_inv_2.0-2.7_h14_daily.csv...
No valid candidates with >=5 trades for s86c7187. Moving to next.

[1996] Sweeping s86c4227 on lts1995_ambfix_s84c6017_inv_2.0-2.7_h14_daily.csv...
No valid candidates with >=5 trades for s86c4227. Moving to next.

[1996] Sweeping s86c6275 on lts1995_ambfix_s84c6017_inv_2.0-2.7_h14_daily.csv...
No valid candidates with >=5 trades for s86c6275. Moving to next.

[1996] Sweeping s86c11 on lts1995_ambfix_s84c6017_inv_2.0-2.7_h14_daily.csv...
[1996] Selected INVERSE_S86c11_RD3.4-4.0_H15 at ~W=600.0
[1996] Building lts1996_ambfix_s86c11_inv_3.4-4.0_h15...
[1996] Built successfully! AF1996 avg = 60642.51

[1997] Sweeping s84c28 on lts1996_ambfix_s86c11_inv_3.4-4.0_h15_daily.csv...
No valid candidates with >=5 trades for s84c28. Moving to next.

[1997] Sweeping s84c889 on lts1996_ambfix_s86c11_inv_3.4-4.0_h15_daily.csv...
No valid candidates with >=5 trades for s84c889. Moving to next.

[1997] Sweeping s84c3057 on lts1996_ambfix_s86c11_inv_3.4-4.0_h15_daily.csv...
No valid candidates with >=5 trades for s84c3057. Moving to next.

[1997] Sweeping s84c4369 on lts1996_ambfix_s86c11_inv_3.4-4.0_h15_daily.csv...
[1997] Selected INVERSE_S84c4369_RD2.7-3.4_H9 at ~W=600.0
[1997] Building lts1997_ambfix_s84c4369_inv_2.7-3.4_h9...
[1997] Built successfully! AF1997 avg = 60689.68

[1998] Sweeping s84c5505 on lts1997_ambfix_s84c4369_inv_2.7-3.4_h9_daily.csv...
[1998] Selected INVERSE_S84c5505_RD1.3-2.0_H8 at ~W=520.0
[1998] Building lts1998_ambfix_s84c5505_inv_1.3-2.0_h8...
[1998] Built successfully! AF1998 avg = 60701.66

[1999] Sweeping s84c6017 on lts1998_ambfix_s84c5505_inv_1.3-2.0_h8_daily.csv...
[1999] Selected INVERSE_S84c6017_RD2.0-2.7_H14 at ~W=600.0
[1999] Building lts1999_ambfix_s84c6017_inv_2.0-2.7_h14...
[1999] Built successfully! AF1999 avg = 60780.52

[2000] Sweeping s86c7171 on lts1999_ambfix_s84c6017_inv_2.0-2.7_h14_daily.csv...
No valid candidates with >=5 trades for s86c7171. Moving to next.

[2000] Sweeping s86c7187 on lts1999_ambfix_s84c6017_inv_2.0-2.7_h14_daily.csv...
No valid candidates with >=5 trades for s86c7187. Moving to next.

[2000] Sweeping s86c4227 on lts1999_ambfix_s84c6017_inv_2.0-2.7_h14_daily.csv...
No valid candidates with >=5 trades for s86c4227. Moving to next.

[2000] Sweeping s86c6275 on lts1999_ambfix_s84c6017_inv_2.0-2.7_h14_daily.csv...
No valid candidates with >=5 trades for s86c6275. Moving to next.

[2000] Sweeping s86c11 on lts1999_ambfix_s84c6017_inv_2.0-2.7_h14_daily.csv...
[2000] Selected INVERSE_S86c11_RD3.4-4.0_H15 at ~W=600.0
[2000] Building lts2000_ambfix_s86c11_inv_3.4-4.0_h15...
[2000] Built successfully! AF2000 avg = 60824.89
