[2026-07-06 16:53:29] Supervisor started (profile='demo-iux-2101182461', stale=180 s, check=30 s, grace=90 s, python='C:\Users\Administrator\AppData\Local\Programs\Python\Python313\python.exe')
[2026-07-06 16:53:29] Launching: C:\Users\Administrator\AppData\Local\Programs\Python\Python313\python.exe main.py
[2026-07-06 16:53:29] main.py running (pid=5540)
[2026-07-06 18:02:10] WARN: lock file ค้างจาก pid=2008 (ตายไปแล้ว) — เคลียร์แล้วรันต่อ
[2026-07-06 18:02:13] Supervisor started (profile='demo-iux-2101182461', stale=180 s, check=30 s, grace=90 s, python='C:\Users\Administrator\AppData\Local\Programs\Python\Python313\python.exe')
[2026-07-06 18:02:13] Launching: C:\Users\Administrator\AppData\Local\Programs\Python\Python313\python.exe main.py
[2026-07-06 18:02:13] main.py running (pid=3420)
[2026-07-06 18:31:39] WARN: lock file ค้างจาก pid=1804 (ตายไปแล้ว) — เคลียร์แล้วรันต่อ
[2026-07-06 18:31:40] Supervisor started (profile='demo-iux-2101182461', stale=180 s, check=30 s, grace=90 s, python='C:\Users\Copter\AppData\Local\hermes\hermes-agent\venv\Scripts\python.exe')
[2026-07-06 18:31:40] Launching: C:\Users\Copter\AppData\Local\hermes\hermes-agent\venv\Scripts\python.exe main.py
[2026-07-06 18:31:40] main.py running (pid=148712)
[2026-07-06 18:36:41] WARN: lock file ค้างจาก pid=97652 (ตายไปแล้ว) — เคลียร์แล้วรันต่อ
[2026-07-06 18:36:42] Supervisor started (profile='demo-iux-2101182461', stale=180 s, check=30 s, grace=90 s, python='C:\Users\Copter\AppData\Local\hermes\hermes-agent\venv\Scripts\python.exe')
[2026-07-06 18:36:42] Launching: C:\Users\Copter\AppData\Local\hermes\hermes-agent\venv\Scripts\python.exe main.py
[2026-07-06 18:36:42] main.py running (pid=73256)
[2026-07-06 18:53:18] WARN: lock file ค้างจาก pid=130604 (ตายไปแล้ว) — เคลียร์แล้วรันต่อ
[2026-07-06 18:53:19] Supervisor started (profile='demo-iux-2101182461', stale=180 s, check=30 s, grace=90 s, python='C:\Users\Administrator\AppData\Local\Programs\Python\Python313\python.exe')
[2026-07-06 18:53:19] Launching: C:\Users\Administrator\AppData\Local\Programs\Python\Python313\python.exe main.py
[2026-07-06 18:53:19] main.py running (pid=3600)
[2026-07-06 20:18:24] WARN: lock file ค้างจาก pid=5948 (ตายไปแล้ว) — เคลียร์แล้วรันต่อ
[2026-07-06 20:18:28] Supervisor started (profile='demo-iux-2101182461', stale=180 s, check=30 s, grace=90 s, python='C:\Users\Copter\AppData\Local\hermes\hermes-agent\venv\Scripts\python.exe')
[2026-07-06 20:18:28] Launching: C:\Users\Copter\AppData\Local\hermes\hermes-agent\venv\Scripts\python.exe main.py
[2026-07-06 20:18:28] main.py running (pid=23132)
[2026-07-06 20:29:59] WARN: lock file ค้างจาก pid=21976 (ตายไปแล้ว) — เคลียร์แล้วรันต่อ
[2026-07-06 20:30:05] Supervisor started (profile='demo-iux-2101182461', stale=180 s, check=30 s, grace=90 s, python='C:\Users\Copter\AppData\Local\hermes\hermes-agent\venv\Scripts\python.exe')
[2026-07-06 20:30:05] Launching: C:\Users\Copter\AppData\Local\hermes\hermes-agent\venv\Scripts\python.exe main.py
[2026-07-06 20:30:05] main.py running (pid=11392)
[2026-07-06 20:34:15] WARN: lock file ค้างจาก pid=11432 (ตายไปแล้ว) — เคลียร์แล้วรันต่อ
[2026-07-06 20:34:28] Supervisor started (profile='demo-iux-2101182461', stale=180 s, check=30 s, grace=90 s, python='C:\Users\Copter\AppData\Local\hermes\hermes-agent\venv\Scripts\python.exe')
[2026-07-06 20:34:28] Launching: C:\Users\Copter\AppData\Local\hermes\hermes-agent\venv\Scripts\python.exe main.py
[2026-07-06 20:34:28] main.py running (pid=17924)
[2026-07-06 20:37:59] STALL: heartbeat age=202s > 180s (loop hang) -> kill pid=17924 + restart
[2026-07-06 20:37:59] Restarting in 5 s ...
[2026-07-06 20:38:04] Launching: C:\Users\Copter\AppData\Local\hermes\hermes-agent\venv\Scripts\python.exe main.py
[2026-07-06 20:38:04] main.py running (pid=32492)
[2026-07-06 20:48:21] WARN: lock file ค้างจาก pid=2004 (ตายไปแล้ว) — เคลียร์แล้วรันต่อ
[2026-07-06 20:48:33] Supervisor started (profile='demo-iux-2101182461', stale=180 s, check=30 s, grace=90 s, python='C:\Users\Copter\AppData\Local\hermes\hermes-agent\venv\Scripts\python.exe')
[2026-07-06 20:48:33] Launching: C:\Users\Copter\AppData\Local\hermes\hermes-agent\venv\Scripts\python.exe main.py
[2026-07-06 20:48:33] main.py running (pid=32208)
[2026-07-06 22:52:36] WARN: lock file ค้างจาก pid=25256 (ตายไปแล้ว) — เคลียร์แล้วรันต่อ
[2026-07-06 22:52:38] Supervisor started (profile='demo-iux-2101182461', stale=180 s, check=30 s, grace=90 s, python='C:\Users\Copter\AppData\Local\hermes\hermes-agent\venv\Scripts\python.exe')
[2026-07-06 22:52:38] Launching: C:\Users\Copter\AppData\Local\hermes\hermes-agent\venv\Scripts\python.exe main.py
[2026-07-06 22:52:38] main.py running (pid=27024)
[2026-07-07 08:24:21] WARN: lock file ค้างจาก pid=21992 (ตายไปแล้ว) — เคลียร์แล้วรันต่อ
[2026-07-07 08:24:22] Supervisor started (profile='demo-iux-2101182461', stale=180 s, check=30 s, grace=90 s, python='C:\Users\Copter\AppData\Local\hermes\hermes-agent\venv\Scripts\python.exe')
[2026-07-07 08:24:22] Launching: C:\Users\Copter\AppData\Local\hermes\hermes-agent\venv\Scripts\python.exe main.py
[2026-07-07 08:24:22] main.py running (pid=9736)
