Timeout (0:02:30)!
Thread 0x00000c60 (most recent call first):
  File "C:\Users\Administrator\AppData\Local\Programs\Python\Python313\Lib\concurrent\futures\thread.py", line 90 in _worker
  File "C:\Users\Administrator\AppData\Local\Programs\Python\Python313\Lib\threading.py", line 995 in run
  File "C:\Users\Administrator\AppData\Local\Programs\Python\Python313\Lib\threading.py", line 1044 in _bootstrap_inner
  File "C:\Users\Administrator\AppData\Local\Programs\Python\Python313\Lib\threading.py", line 1015 in _bootstrap

Thread 0x00000f58 (most recent call first):
  File "C:\Users\Administrator\AppData\Local\Programs\Python\Python313\Lib\concurrent\futures\thread.py", line 90 in _worker
  File "C:\Users\Administrator\AppData\Local\Programs\Python\Python313\Lib\threading.py", line 995 in run
  File "C:\Users\Administrator\AppData\Local\Programs\Python\Python313\Lib\threading.py", line 1044 in _bootstrap_inner
  File "C:\Users\Administrator\AppData\Local\Programs\Python\Python313\Lib\threading.py", line 1015 in _bootstrap

Thread 0x00000e00 (most recent call first):
  File "C:\Users\Administrator\AppData\Local\Programs\Python\Python313\Lib\threading.py", line 359 in wait
  File "C:\Users\Administrator\AppData\Local\Programs\Python\Python313\Lib\queue.py", line 199 in get
  File "C:\Users\Administrator\Documents\GitHub\Copter01_AI_Bot_2\mt5_worker.py", line 55 in _worker_loop
  File "C:\Users\Administrator\AppData\Local\Programs\Python\Python313\Lib\threading.py", line 995 in run
  File "C:\Users\Administrator\AppData\Local\Programs\Python\Python313\Lib\threading.py", line 1044 in _bootstrap_inner
  File "C:\Users\Administrator\AppData\Local\Programs\Python\Python313\Lib\threading.py", line 1015 in _bootstrap

Thread 0x00000a08 (most recent call first):
  File "C:\Users\Administrator\AppData\Local\Programs\Python\Python313\Lib\asyncio\windows_events.py", line 775 in _poll
  File "C:\Users\Administrator\AppData\Local\Programs\Python\Python313\Lib\asyncio\windows_events.py", line 446 in select
  File "C:\Users\Administrator\AppData\Local\Programs\Python\Python313\Lib\asyncio\base_events.py", line 2012 in _run_once
  File "C:\Users\Administrator\AppData\Local\Programs\Python\Python313\Lib\asyncio\base_events.py", line 683 in run_forever
  File "C:\Users\Administrator\AppData\Local\Programs\Python\Python313\Lib\site-packages\telegram\ext\_application.py", line 1062 in __run
  File "C:\Users\Administrator\AppData\Local\Programs\Python\Python313\Lib\site-packages\telegram\ext\_application.py", line 839 in run_polling
  File "C:\Users\Administrator\Documents\GitHub\Copter01_AI_Bot_2\main.py", line 817 in main
  File "C:\Users\Administrator\Documents\GitHub\Copter01_AI_Bot_2\main.py", line 825 in <module>
Timeout (0:02:30)!
Thread 0x00000c60 (most recent call first):
  File "C:\Users\Administrator\AppData\Local\Programs\Python\Python313\Lib\concurrent\futures\thread.py", line 90 in _worker
  File "C:\Users\Administrator\AppData\Local\Programs\Python\Python313\Lib\threading.py", line 995 in run
  File "C:\Users\Administrator\AppData\Local\Programs\Python\Python313\Lib\threading.py", line 1044 in _bootstrap_inner
  File "C:\Users\Administrator\AppData\Local\Programs\Python\Python313\Lib\threading.py", line 1015 in _bootstrap

Thread 0x00000f58 (most recent call first):
  File "C:\Users\Administrator\AppData\Local\Programs\Python\Python313\Lib\concurrent\futures\thread.py", line 90 in _worker
  File "C:\Users\Administrator\AppData\Local\Programs\Python\Python313\Lib\threading.py", line 995 in run
  File "C:\Users\Administrator\AppData\Local\Programs\Python\Python313\Lib\threading.py", line 1044 in _bootstrap_inner
  File "C:\Users\Administrator\AppData\Local\Programs\Python\Python313\Lib\threading.py", line 1015 in _bootstrap

Thread 0x00000e00 (most recent call first):
  File "C:\Users\Administrator\AppData\Local\Programs\Python\Python313\Lib\threading.py", line 359 in wait
  File "C:\Users\Administrator\AppData\Local\Programs\Python\Python313\Lib\queue.py", line 199 in get
  File "C:\Users\Administrator\Documents\GitHub\Copter01_AI_Bot_2\mt5_worker.py", line 55 in _worker_loop
  File "C:\Users\Administrator\AppData\Local\Programs\Python\Python313\Lib\threading.py", line 995 in run
  File "C:\Users\Administrator\AppData\Local\Programs\Python\Python313\Lib\threading.py", line 1044 in _bootstrap_inner
  File "C:\Users\Administrator\AppData\Local\Programs\Python\Python313\Lib\threading.py", line 1015 in _bootstrap

Thread 0x00000a08 (most recent call first):
  File "C:\Users\Administrator\AppData\Local\Programs\Python\Python313\Lib\asyncio\windows_events.py", line 775 in _poll
  File "C:\Users\Administrator\AppData\Local\Programs\Python\Python313\Lib\asyncio\windows_events.py", line 446 in select
  File "C:\Users\Administrator\AppData\Local\Programs\Python\Python313\Lib\asyncio\base_events.py", line 2012 in _run_once
  File "C:\Users\Administrator\AppData\Local\Programs\Python\Python313\Lib\asyncio\base_events.py", line 683 in run_forever
  File "C:\Users\Administrator\AppData\Local\Programs\Python\Python313\Lib\site-packages\telegram\ext\_application.py", line 1062 in __run
  File "C:\Users\Administrator\AppData\Local\Programs\Python\Python313\Lib\site-packages\telegram\ext\_application.py", line 839 in run_polling
  File "C:\Users\Administrator\Documents\GitHub\Copter01_AI_Bot_2\main.py", line 817 in main
  File "C:\Users\Administrator\Documents\GitHub\Copter01_AI_Bot_2\main.py", line 825 in <module>
Timeout (0:02:30)!
Thread 0x00002dfc (most recent call first):
  File "C:\Users\Copter\AppData\Roaming\uv\python\cpython-3.11-windows-x86_64-none\Lib\concurrent\futures\thread.py", line 81 in _worker
  File "C:\Users\Copter\AppData\Roaming\uv\python\cpython-3.11-windows-x86_64-none\Lib\threading.py", line 982 in run
  File "C:\Users\Copter\AppData\Roaming\uv\python\cpython-3.11-windows-x86_64-none\Lib\threading.py", line 1045 in _bootstrap_inner
  File "C:\Users\Copter\AppData\Roaming\uv\python\cpython-3.11-windows-x86_64-none\Lib\threading.py", line 1002 in _bootstrap

Thread 0x00004e60 (most recent call first):
  File "C:\Users\Copter\AppData\Roaming\uv\python\cpython-3.11-windows-x86_64-none\Lib\threading.py", line 327 in wait
  File "C:\Users\Copter\AppData\Roaming\uv\python\cpython-3.11-windows-x86_64-none\Lib\queue.py", line 171 in get
  File "D:\Project\Copter01_AI_Bot_2\mt5_worker.py", line 55 in _worker_loop
  File "C:\Users\Copter\AppData\Roaming\uv\python\cpython-3.11-windows-x86_64-none\Lib\threading.py", line 982 in run
  File "C:\Users\Copter\AppData\Roaming\uv\python\cpython-3.11-windows-x86_64-none\Lib\threading.py", line 1045 in _bootstrap_inner
  File "C:\Users\Copter\AppData\Roaming\uv\python\cpython-3.11-windows-x86_64-none\Lib\threading.py", line 1002 in _bootstrap

Thread 0x00001314 (most recent call first):
  File "C:\Users\Copter\AppData\Roaming\uv\python\cpython-3.11-windows-x86_64-none\Lib\asyncio\windows_events.py", line 825 in _poll
  File "C:\Users\Copter\AppData\Roaming\uv\python\cpython-3.11-windows-x86_64-none\Lib\asyncio\windows_events.py", line 444 in select
  File "C:\Users\Copter\AppData\Roaming\uv\python\cpython-3.11-windows-x86_64-none\Lib\asyncio\base_events.py", line 1898 in _run_once
  File "C:\Users\Copter\AppData\Roaming\uv\python\cpython-3.11-windows-x86_64-none\Lib\asyncio\base_events.py", line 608 in run_forever
  File "C:\Users\Copter\AppData\Roaming\uv\python\cpython-3.11-windows-x86_64-none\Lib\asyncio\windows_events.py", line 321 in run_forever
  File "C:\Users\Copter\AppData\Local\hermes\hermes-agent\venv\Lib\site-packages\telegram\ext\_application.py", line 1062 in __run
  File "C:\Users\Copter\AppData\Local\hermes\hermes-agent\venv\Lib\site-packages\telegram\ext\_application.py", line 839 in run_polling
  File "D:\Project\Copter01_AI_Bot_2\main.py", line 817 in main
  File "D:\Project\Copter01_AI_Bot_2\main.py", line 825 in <module>
Timeout (0:02:30)!
Thread 0x00007ef8 (most recent call first):
  File "C:\Users\Copter\AppData\Roaming\uv\python\cpython-3.11-windows-x86_64-none\Lib\concurrent\futures\thread.py", line 81 in _worker
  File "C:\Users\Copter\AppData\Roaming\uv\python\cpython-3.11-windows-x86_64-none\Lib\threading.py", line 982 in run
  File "C:\Users\Copter\AppData\Roaming\uv\python\cpython-3.11-windows-x86_64-none\Lib\threading.py", line 1045 in _bootstrap_inner
  File "C:\Users\Copter\AppData\Roaming\uv\python\cpython-3.11-windows-x86_64-none\Lib\threading.py", line 1002 in _bootstrap

Thread 0x0000720c (most recent call first):
  File "C:\Users\Copter\AppData\Roaming\uv\python\cpython-3.11-windows-x86_64-none\Lib\threading.py", line 327 in wait
  File "C:\Users\Copter\AppData\Roaming\uv\python\cpython-3.11-windows-x86_64-none\Lib\queue.py", line 171 in get
  File "D:\Project\Copter01_AI_Bot_2\mt5_worker.py", line 55 in _worker_loop
  File "C:\Users\Copter\AppData\Roaming\uv\python\cpython-3.11-windows-x86_64-none\Lib\threading.py", line 982 in run
  File "C:\Users\Copter\AppData\Roaming\uv\python\cpython-3.11-windows-x86_64-none\Lib\threading.py", line 1045 in _bootstrap_inner
  File "C:\Users\Copter\AppData\Roaming\uv\python\cpython-3.11-windows-x86_64-none\Lib\threading.py", line 1002 in _bootstrap

Thread 0x00000144 (most recent call first):
  File "C:\Users\Copter\AppData\Roaming\uv\python\cpython-3.11-windows-x86_64-none\Lib\asyncio\windows_events.py", line 825 in _poll
  File "C:\Users\Copter\AppData\Roaming\uv\python\cpython-3.11-windows-x86_64-none\Lib\asyncio\windows_events.py", line 444 in select
  File "C:\Users\Copter\AppData\Roaming\uv\python\cpython-3.11-windows-x86_64-none\Lib\asyncio\base_events.py", line 1898 in _run_once
  File "C:\Users\Copter\AppData\Roaming\uv\python\cpython-3.11-windows-x86_64-none\Lib\asyncio\base_events.py", line 608 in run_forever
  File "C:\Users\Copter\AppData\Roaming\uv\python\cpython-3.11-windows-x86_64-none\Lib\asyncio\windows_events.py", line 321 in run_forever
  File "C:\Users\Copter\AppData\Local\hermes\hermes-agent\venv\Lib\site-packages\telegram\ext\_application.py", line 1062 in __run
  File "C:\Users\Copter\AppData\Local\hermes\hermes-agent\venv\Lib\site-packages\telegram\ext\_application.py", line 839 in run_polling
  File "D:\Project\Copter01_AI_Bot_2\main.py", line 817 in main
  File "D:\Project\Copter01_AI_Bot_2\main.py", line 825 in <module>
