[2026-07-15 17:52:58] APP_START | Bot starting | symbol=XAUUSD | scan_interval=1
[2026-07-15 17:56:01] SYMBOL_RESOLVED | XAUUSD -> XAUUSD.iux | requested=XAUUSD | resolved=XAUUSD.iux
[2026-07-15 17:56:02] SWEEP_ACTIVATE | SWEEP_HIGH | tf=M1 | ref_price=4032.95 | sweep_bar=18:06 15-Jul-2026 | confirm_bar=18:07 15-Jul-2026
[2026-07-15 17:56:02] SWEEP_ACTIVATE | SWEEP_LOW | tf=M5 | ref_price=4019.69 | sweep_bar=16:10 15-Jul-2026 | confirm_bar=16:10 15-Jul-2026
[2026-07-15 17:56:02] SWEEP_ACTIVATE | SWEEP_HIGH | tf=M5 | ref_price=4034.28 | sweep_bar=18:10 15-Jul-2026 | confirm_bar=18:15 15-Jul-2026
[2026-07-15 17:56:02] SWEEP_ACTIVATE | SWEEP_HIGH | tf=M30 | ref_price=4006.12 | sweep_bar=08:30 14-Jul-2026 | confirm_bar=09:00 14-Jul-2026
[2026-07-15 17:56:03] SWEEP_ACTIVATE | SWEEP_LOW | tf=H1 | ref_price=4072.59 | sweep_bar=06:00 13-Jul-2026 | confirm_bar=07:00 13-Jul-2026
[2026-07-15 17:56:03] SWEEP_ACTIVATE | SWEEP_HIGH | tf=H4 | ref_price=4195.44 | sweep_bar=07:00 06-Jul-2026 | confirm_bar=11:00 06-Jul-2026
[2026-07-15 17:56:03] SWEEP_ACTIVATE | SWEEP_LOW | tf=H12 | ref_price=4021.78 | sweep_bar=19:00 13-Jul-2026 | confirm_bar=19:00 14-Jul-2026
[2026-07-15 17:56:03] SWEEP_ACTIVATE | SWEEP_LOW | tf=D1 | ref_price=4996.16 | sweep_bar=07:00 15-Mar-2026 | confirm_bar=07:00 16-Mar-2026
[2026-07-15 17:56:04] TG_SENT | ❌ *MT5 เชื่อมต่อไม่ได้!* | ━━━━━━━━━━━━━━━━━ | กรุณาตรวจสอบ: | • เปิด MT5 ทิ้งไว้ | • Login/Password ถูกต้อง | • Server: `IUXMarkets-Demo`
[2026-07-15 17:56:15] POSITION_CHECK_SLOW | run_position_check ใช้เวลา 10.47s > 3s | breakdown=limit_fill_notify=0.01s lts_exit_manager=10.46s fill_rsi_recheck=0.00s pending_trend_approach=0.00s fill_trend_recheck=0.00s fill_pdfiboplus=0.00s s14_engulf_exits=0.00s s20_escape=0.00s entry_candle_quality=0.00s sl_tp_hits=0.00s s1_zone_rules=0.00s s1_rejection_entry=0.00s s2_s3_chain_groups=0.00s cancel_pending_orders=0.00s opposite_order_tp=0.00s limit_sweep=0.00s scale_out_partial=0.00s
[2026-07-15 17:56:15] SWEEP_RESET | SWEEP_HIGH | tf=M30 | reason=expired
[2026-07-15 17:56:15] SWEEP_RESET | SWEEP_LOW | tf=H1 | reason=expired
[2026-07-15 17:56:15] SWEEP_RESET | SWEEP_HIGH | tf=H4 | reason=expired
[2026-07-15 17:56:15] SWEEP_RESET | SWEEP_LOW | tf=D1 | reason=expired
[2026-07-15 17:56:16] TG_SENT | 🚀 *Auto Scan เริ่มต้น!* | ━━━━━━━━━━━━━━━━━ | 📋 Strategy: *ไม่มี* | ⏰ Interval: *1 นาที* | 🕐 Timeframes: *M1,M5,M15,M30,H1,H4,H12,D1*
[2026-07-15 17:57:00] SYMBOL_CHECK | XAUUSD.iux trade_mode=4 xau_open=True | trade_mode=4 | tick_time=1784116620 | bid=4028.02 | ask=4028.16 | tick_ok=True | xau_open=True | current_symbol=XAUUSD.iux | startup=False
[2026-07-15 17:57:59] SYMBOL_CHECK | XAUUSD.iux trade_mode=4 xau_open=True | trade_mode=4 | tick_time=1784116678 | bid=4027.3 | ask=4027.44 | tick_ok=True | xau_open=True | current_symbol=XAUUSD.iux | startup=False
[2026-07-15 17:58:00] DEMO_PORTFOLIO_SCAN | XAUUSD.iux open active=LTS890
[2026-07-15 17:58:00] DEMO_PORTFOLIO_SKIP | LTS890_1 skipped - hour 17 != 8
[2026-07-15 17:58:00] DEMO_PORTFOLIO_SKIP | LTS890_2 skipped - hour 17 != 10
[2026-07-15 17:58:00] DEMO_PORTFOLIO_SKIP | LTS890_3 skipped - hour 17 != 12
[2026-07-15 17:58:00] DEMO_PORTFOLIO_SKIP | LTS890_4 skipped - hour 17 != 9
[2026-07-15 17:58:00] DEMO_PORTFOLIO_SKIP | LTS890_5 skipped - hour 17 != 11
[2026-07-15 17:58:00] DEMO_PORTFOLIO_SKIP | LTS890_6 skipped - risk_distance 9.10 > 4.00
[2026-07-15 17:58:00] DEMO_PORTFOLIO_SKIP | LTS890_12 skipped - hour 17 != 8
[2026-07-15 17:58:00] DEMO_PORTFOLIO_SKIP | LTS890_13 skipped - hour 17 != 19
[2026-07-15 17:58:00] DEMO_PORTFOLIO_SKIP | LTS890_14 skipped - hour 17 != 10
[2026-07-15 17:58:00] DEMO_PORTFOLIO_SKIP | LTS890_15 skipped - hour 17 != 12
[2026-07-15 17:58:00] DEMO_PORTFOLIO_SKIP | LTS890_16 skipped - hour 17 != 9
[2026-07-15 17:58:00] DEMO_PORTFOLIO_SKIP | LTS890_17 skipped - hour 17 != 20
[2026-07-15 17:58:00] DEMO_PORTFOLIO_SKIP | LTS890_23 skipped - hour 17 != 14
[2026-07-15 17:58:00] DEMO_PORTFOLIO_SKIP | LTS890_24 skipped - hour 17 != 20
[2026-07-15 17:58:00] DEMO_PORTFOLIO_SKIP | LTS890_25 skipped - hour 17 != 12
[2026-07-15 17:58:00] DEMO_PORTFOLIO_SKIP | LTS890_26 skipped - hour 17 != 8
[2026-07-15 17:58:00] DEMO_PORTFOLIO_SKIP | LTS890_27 skipped - hour 17 != 12
[2026-07-15 17:58:00] DEMO_PORTFOLIO_SKIP | LTS890_28 skipped - hour 17 != 11
[2026-07-15 17:58:00] DEMO_PORTFOLIO_SKIP | LTS890_34 skipped - hour 17 != 11
[2026-07-15 17:58:00] DEMO_PORTFOLIO_SKIP | LTS890_35 skipped - hour 17 != 13
[2026-07-15 17:58:00] DEMO_PORTFOLIO_SKIP | LTS890_36 skipped - hour 17 != 9
[2026-07-15 17:58:00] DEMO_PORTFOLIO_SKIP | LTS890_37 skipped - hour 17 != 9
[2026-07-15 17:58:00] DEMO_PORTFOLIO_SKIP | LTS890_38 skipped - hour 17 != 16
[2026-07-15 17:58:00] DEMO_PORTFOLIO_SKIP | LTS890_39 skipped - hour 17 != 19
[2026-07-15 17:58:00] DEMO_PORTFOLIO_SKIP | LTS890_45 skipped - hour 17 != 11
[2026-07-15 17:58:00] DEMO_PORTFOLIO_SKIP | LTS890_46 skipped - risk_distance 4.30 > 4.00
[2026-07-15 17:58:00] DEMO_PORTFOLIO_SKIP | LTS890_47 skipped - hour 17 != 16
[2026-07-15 17:58:00] DEMO_PORTFOLIO_SKIP | LTS890_48 skipped - hour 17 != 12
[2026-07-15 17:58:00] DEMO_PORTFOLIO_SKIP | LTS890_49 skipped - hour 17 != 14
[2026-07-15 17:58:00] DEMO_PORTFOLIO_SKIP | LTS890_50 skipped - hour 17 != 19
[2026-07-15 17:58:00] DEMO_PORTFOLIO_SKIP | LTS890_56 skipped - hour 17 != 14
[2026-07-15 17:58:00] DEMO_PORTFOLIO_SKIP | LTS890_57 skipped - hour 17 != 20
[2026-07-15 17:58:00] DEMO_PORTFOLIO_SKIP | LTS890_58 skipped - risk_distance 4.30 > 2.70
[2026-07-15 17:58:00] DEMO_PORTFOLIO_SKIP | LTS890_59 skipped - hour 17 != 15
[2026-07-15 17:58:00] DEMO_PORTFOLIO_SKIP | LTS890_60 skipped - hour 17 != 11
[2026-07-15 17:58:00] DEMO_PORTFOLIO_SKIP | LTS890_61 skipped - hour 17 != 11
[2026-07-15 17:58:00] DEMO_PORTFOLIO_SKIP | LTS890_66 skipped - hour 17 != 19
[2026-07-15 17:58:00] DEMO_PORTFOLIO_SKIP | LTS890_67 skipped - hour 17 != 21
[2026-07-15 17:58:00] DEMO_PORTFOLIO_SKIP | LTS890_68 skipped - hour 17 != 21
[2026-07-15 17:58:00] DEMO_PORTFOLIO_SKIP | LTS890_69 skipped - hour 17 != 16
[2026-07-15 17:58:00] DEMO_PORTFOLIO_SKIP | LTS890_70 skipped - hour 17 != 15
[2026-07-15 17:58:00] DEMO_PORTFOLIO_SKIP | LTS890_71 skipped - hour 17 != 9
[2026-07-15 17:58:00] DEMO_PORTFOLIO_SKIP | LTS890_77 skipped - hour 17 != 9
[2026-07-15 17:58:00] DEMO_PORTFOLIO_SKIP | LTS890_78 skipped - hour 17 != 16
[2026-07-15 17:58:00] DEMO_PORTFOLIO_SKIP | LTS890_79 skipped - hour 17 != 12
[2026-07-15 17:58:00] DEMO_PORTFOLIO_SKIP | LTS890_80 skipped - hour 17 != 20
[2026-07-15 17:58:00] DEMO_PORTFOLIO_SKIP | LTS890_81 skipped - hour 17 != 13
[2026-07-15 17:58:00] DEMO_PORTFOLIO_SKIP | LTS890_82 skipped - hour 17 != 21
[2026-07-15 17:58:00] DEMO_PORTFOLIO_SKIP | LTS890_87 skipped - hour 17 != 18
[2026-07-15 17:58:00] DEMO_PORTFOLIO_SKIP | LTS890_88 skipped - hour 17 != 16
[2026-07-15 17:58:00] DEMO_PORTFOLIO_SKIP | LTS890_89 skipped - hour 17 != 9
[2026-07-15 17:58:00] DEMO_PORTFOLIO_SKIP | LTS890_90 skipped - hour 17 != 15
[2026-07-15 17:58:00] DEMO_PORTFOLIO_SKIP | LTS890_91 skipped - hour 17 != 20
[2026-07-15 17:58:00] DEMO_PORTFOLIO_SKIP | LTS890_92 skipped - hour 17 != 11
[2026-07-15 17:58:00] DEMO_PORTFOLIO_SKIP | LTS890_98 skipped - hour 17 != 9
[2026-07-15 17:58:00] DEMO_PORTFOLIO_SKIP | LTS890_99 skipped - hour 17 != 12
[2026-07-15 17:58:00] DEMO_PORTFOLIO_SKIP | LTS890_100 skipped - hour 17 != 10
[2026-07-15 17:58:00] DEMO_PORTFOLIO_SKIP | LTS890_101 skipped - hour 17 != 16
[2026-07-15 17:58:00] DEMO_PORTFOLIO_SKIP | LTS890_102 skipped - hour 17 != 16
[2026-07-15 17:58:00] DEMO_PORTFOLIO_SKIP | LTS890_103 skipped - hour 17 != 19
[2026-07-15 17:58:00] DEMO_PORTFOLIO_SKIP | LTS890_109 skipped - hour 17 != 22
[2026-07-15 17:58:00] DEMO_PORTFOLIO_SKIP | LTS890_110 skipped - hour 17 != 9
[2026-07-15 17:58:00] DEMO_PORTFOLIO_SKIP | LTS890_111 skipped - hour 17 != 11
[2026-07-15 17:58:00] DEMO_PORTFOLIO_SKIP | LTS890_112 skipped - hour 17 != 13
[2026-07-15 17:58:00] DEMO_PORTFOLIO_SKIP | LTS890_113 skipped - hour 17 != 16
[2026-07-15 17:58:00] DEMO_PORTFOLIO_SKIP | LTS890_114 skipped - hour 17 != 18
[2026-07-15 17:58:00] DEMO_PORTFOLIO_SKIP | LTS890_118 skipped - hour 17 != 11
[2026-07-15 17:58:00] DEMO_PORTFOLIO_SKIP | LTS890_119 skipped - hour 17 != 9
[2026-07-15 17:58:00] DEMO_PORTFOLIO_SKIP | LTS890_120 skipped - hour 17 != 10
[2026-07-15 17:58:00] DEMO_PORTFOLIO_SKIP | LTS890_121 skipped - hour 17 != 9
[2026-07-15 17:58:00] DEMO_PORTFOLIO_SKIP | LTS890_122 skipped - hour 17 != 20
[2026-07-15 17:58:00] DEMO_PORTFOLIO_SKIP | LTS890_123 skipped - hour 17 != 21
[2026-07-15 17:58:00] DEMO_PORTFOLIO_SKIP | LTS890_126 skipped - hour 17 != 14
[2026-07-15 17:58:00] DEMO_PORTFOLIO_SKIP | LTS890_127 skipped - hour 17 != 16
[2026-07-15 17:58:00] DEMO_PORTFOLIO_SKIP | LTS890_128 skipped - hour 17 != 12
[2026-07-15 17:58:00] DEMO_PORTFOLIO_SKIP | LTS890_129 skipped - risk_distance 9.10 > 5.00
[2026-07-15 17:58:00] DEMO_PORTFOLIO_SKIP | LTS890_130 skipped - hour 17 != 21
[2026-07-15 17:58:00] DEMO_PORTFOLIO_SKIP | LTS890_131 skipped - hour 17 != 9
[2026-07-15 17:58:00] DEMO_PORTFOLIO_SKIP | LTS890_133 skipped - hour 17 != 10
[2026-07-15 17:58:00] DEMO_PORTFOLIO_SKIP | LTS890_134 skipped - hour 17 != 15
[2026-07-15 17:58:00] DEMO_PORTFOLIO_SKIP | LTS890_135 skipped - hour 17 != 10
[2026-07-15 17:58:01] DEMO_PORTFOLIO_SKIP | LTS890_136 skipped - hour 17 != 10
[2026-07-15 17:58:01] DEMO_PORTFOLIO_SKIP | LTS890_137 skipped - hour 17 != 16
[2026-07-15 17:58:01] DEMO_PORTFOLIO_SKIP | LTS890_138 skipped - hour 17 != 9
[2026-07-15 17:58:01] DEMO_PORTFOLIO_SKIP | LTS890_143 skipped - hour 17 != 11
[2026-07-15 17:58:01] DEMO_PORTFOLIO_SKIP | LTS890_144 skipped - hour 17 != 16
[2026-07-15 17:58:01] DEMO_PORTFOLIO_SKIP | LTS890_145 skipped - hour 17 != 9
[2026-07-15 17:58:01] DEMO_PORTFOLIO_SKIP | LTS890_146 skipped - hour 17 != 10
[2026-07-15 17:58:01] DEMO_PORTFOLIO_SKIP | LTS890_147 skipped - hour 17 != 8
[2026-07-15 17:58:01] DEMO_PORTFOLIO_SKIP | LTS890_148 skipped - hour 17 != 16
[2026-07-15 17:58:01] DEMO_PORTFOLIO_SKIP | LTS890_153 skipped - hour 17 != 10
[2026-07-15 17:58:01] DEMO_PORTFOLIO_SKIP | LTS890_154 skipped - hour 17 != 16
[2026-07-15 17:58:01] DEMO_PORTFOLIO_SKIP | LTS890_155 skipped - hour 17 != 11
[2026-07-15 17:58:01] DEMO_PORTFOLIO_SKIP | LTS890_156 skipped - hour 17 != 12
[2026-07-15 17:58:01] DEMO_PORTFOLIO_SKIP | LTS890_157 skipped - hour 17 != 12
[2026-07-15 17:58:01] DEMO_PORTFOLIO_SKIP | LTS890_158 skipped - hour 17 != 11
[2026-07-15 17:58:01] DEMO_PORTFOLIO_SKIP | LTS890_162 skipped - hour 17 != 9
[2026-07-15 17:58:01] DEMO_PORTFOLIO_SKIP | LTS890_163 skipped - hour 17 != 20
[2026-07-15 17:58:01] DEMO_PORTFOLIO_SKIP | LTS890_164 skipped - hour 17 != 10
[2026-07-15 17:58:01] DEMO_PORTFOLIO_SKIP | LTS890_165 skipped - hour 17 != 15
[2026-07-15 17:58:01] DEMO_PORTFOLIO_SKIP | LTS890_166 skipped - hour 17 != 9
[2026-07-15 17:58:01] DEMO_PORTFOLIO_SKIP | LTS890_167 skipped - hour 17 != 20
[2026-07-15 17:58:01] DEMO_PORTFOLIO_SKIP | LTS890_171 skipped - hour 17 != 10
[2026-07-15 17:58:01] DEMO_PORTFOLIO_SKIP | LTS890_172 skipped - hour 17 != 14
[2026-07-15 17:58:01] DEMO_PORTFOLIO_SKIP | LTS890_173 skipped - hour 17 != 12
[2026-07-15 17:58:01] DEMO_PORTFOLIO_SKIP | LTS890_174 skipped - hour 17 != 19
[2026-07-15 17:58:01] DEMO_PORTFOLIO_SKIP | LTS890_175 skipped - hour 17 != 10
[2026-07-15 17:58:01] DEMO_PORTFOLIO_SKIP | LTS890_176 skipped - hour 17 != 11
[2026-07-15 17:58:02] DEMO_PORTFOLIO_SKIP | LTS890_182 skipped - hour 17 != 14
[2026-07-15 17:58:02] DEMO_PORTFOLIO_SKIP | LTS890_183 skipped - hour 17 != 16
[2026-07-15 17:58:02] DEMO_PORTFOLIO_SKIP | LTS890_184 skipped - hour 17 != 13
[2026-07-15 17:58:02] DEMO_PORTFOLIO_SKIP | LTS890_185 skipped - hour 17 != 16
[2026-07-15 17:58:02] DEMO_PORTFOLIO_SKIP | LTS890_186 skipped - hour 17 != 22
[2026-07-15 17:58:02] DEMO_PORTFOLIO_SKIP | LTS890_187 skipped - hour 17 != 19
[2026-07-15 17:58:02] DEMO_PORTFOLIO_SKIP | LTS890_191 skipped - hour 17 != 10
[2026-07-15 17:58:02] DEMO_PORTFOLIO_SKIP | LTS890_192 skipped - hour 17 != 12
[2026-07-15 17:58:02] DEMO_PORTFOLIO_SKIP | LTS890_193 skipped - hour 17 != 9
[2026-07-15 17:58:02] DEMO_PORTFOLIO_SKIP | LTS890_194 skipped - hour 17 != 15
[2026-07-15 17:58:02] DEMO_PORTFOLIO_SKIP | LTS890_195 skipped - hour 17 != 10
[2026-07-15 17:58:02] DEMO_PORTFOLIO_SKIP | LTS890_196 skipped - risk_distance 9.10 > 4.00
[2026-07-15 17:58:02] DEMO_PORTFOLIO_SKIP | LTS890_201 skipped - hour 17 != 20
[2026-07-15 17:58:02] DEMO_PORTFOLIO_SKIP | LTS890_202 skipped - hour 17 != 12
[2026-07-15 17:58:02] DEMO_PORTFOLIO_SKIP | LTS890_203 skipped - risk_distance 4.30 > 4.00
[2026-07-15 17:58:02] DEMO_PORTFOLIO_SKIP | LTS890_204 skipped - hour 17 != 12
[2026-07-15 17:58:02] DEMO_PORTFOLIO_SKIP | LTS890_205 skipped - hour 17 != 16
[2026-07-15 17:58:02] DEMO_PORTFOLIO_SKIP | LTS890_206 skipped - hour 17 != 19
[2026-07-15 17:58:02] DEMO_PORTFOLIO_SKIP | LTS890_210 skipped - hour 17 != 14
[2026-07-15 17:58:02] DEMO_PORTFOLIO_SKIP | LTS890_211 skipped - risk_distance 4.30 > 4.00
[2026-07-15 17:58:02] DEMO_PORTFOLIO_SKIP | LTS890_212 skipped - hour 17 != 10
[2026-07-15 17:58:03] DEMO_PORTFOLIO_SKIP | LTS890_213 skipped - hour 17 != 8
[2026-07-15 17:58:03] DEMO_PORTFOLIO_SKIP | LTS890_214 skipped - hour 17 != 16
[2026-07-15 17:58:03] DEMO_PORTFOLIO_SKIP | LTS890_215 skipped - hour 17 != 12
[2026-07-15 17:58:03] DEMO_PORTFOLIO_SKIP | LTS890_218 skipped - hour 17 != 9
[2026-07-15 17:58:03] DEMO_PORTFOLIO_SKIP | LTS890_219 skipped - hour 17 != 15
[2026-07-15 17:58:03] DEMO_PORTFOLIO_SKIP | LTS890_220 skipped - hour 17 != 19
[2026-07-15 17:58:03] DEMO_PORTFOLIO_SKIP | LTS890_221 skipped - hour 17 != 15
[2026-07-15 17:58:03] DEMO_PORTFOLIO_SKIP | LTS890_222 skipped - hour 17 != 14
[2026-07-15 17:58:03] DEMO_PORTFOLIO_SKIP | LTS890_223 skipped - hour 17 != 11
[2026-07-15 17:58:03] DEMO_PORTFOLIO_SKIP | LTS890_225 skipped - hour 17 != 11
[2026-07-15 17:58:03] DEMO_PORTFOLIO_SKIP | LTS890_226 skipped - hour 17 != 16
[2026-07-15 17:58:03] DEMO_PORTFOLIO_SKIP | LTS890_227 skipped - hour 17 != 11
[2026-07-15 17:58:03] DEMO_PORTFOLIO_SKIP | LTS890_228 skipped - hour 17 != 10
[2026-07-15 17:58:03] DEMO_PORTFOLIO_SKIP | LTS890_229 skipped - hour 17 != 13
[2026-07-15 17:58:03] DEMO_PORTFOLIO_SKIP | LTS890_230 skipped - hour 17 != 11
[2026-07-15 17:58:03] DEMO_PORTFOLIO_SKIP | LTS890_233 skipped - hour 17 != 22
[2026-07-15 17:58:03] DEMO_PORTFOLIO_SKIP | LTS890_234 skipped - risk_distance 4.30 > 1.30
[2026-07-15 17:58:03] DEMO_PORTFOLIO_SKIP | LTS890_235 skipped - risk_distance 4.30 > 4.00
[2026-07-15 17:58:03] DEMO_PORTFOLIO_SKIP | LTS890_236 skipped - hour 17 != 8
[2026-07-15 17:58:03] DEMO_PORTFOLIO_SKIP | LTS890_237 skipped - hour 17 != 16
[2026-07-15 17:58:03] DEMO_PORTFOLIO_SKIP | LTS890_238 skipped - hour 17 != 11
[2026-07-15 17:58:03] DEMO_PORTFOLIO_SKIP | LTS890_240 skipped - hour 17 != 15
[2026-07-15 17:58:03] DEMO_PORTFOLIO_SKIP | LTS890_241 skipped - hour 17 != 20
[2026-07-15 17:58:03] DEMO_PORTFOLIO_SKIP | LTS890_242 skipped - hour 17 != 16
[2026-07-15 17:58:03] DEMO_PORTFOLIO_SKIP | LTS890_243 skipped - hour 17 != 10
[2026-07-15 17:58:03] DEMO_PORTFOLIO_SKIP | LTS890_244 skipped - hour 17 != 10
[2026-07-15 17:58:03] DEMO_PORTFOLIO_SKIP | LTS890_245 skipped - hour 17 != 10
[2026-07-15 17:58:03] DEMO_PORTFOLIO_SKIP | LTS890_247 skipped - hour 17 != 22
[2026-07-15 17:58:03] DEMO_PORTFOLIO_SKIP | LTS890_248 skipped - hour 17 != 20
[2026-07-15 17:58:03] DEMO_PORTFOLIO_SKIP | LTS890_249 skipped - hour 17 != 15
[2026-07-15 17:58:03] DEMO_PORTFOLIO_SKIP | LTS890_250 skipped - hour 17 != 16
[2026-07-15 17:58:03] DEMO_PORTFOLIO_SKIP | LTS890_251 skipped - hour 17 != 8
[2026-07-15 17:58:03] DEMO_PORTFOLIO_SKIP | LTS890_253 skipped - hour 17 != 14
[2026-07-15 17:58:04] DEMO_PORTFOLIO_SKIP | LTS890_254 skipped - hour 17 != 9
[2026-07-15 17:58:04] DEMO_PORTFOLIO_SKIP | LTS890_255 skipped - hour 17 != 14
[2026-07-15 17:58:04] DEMO_PORTFOLIO_SKIP | LTS890_256 skipped - hour 17 != 13
[2026-07-15 17:58:04] DEMO_PORTFOLIO_SKIP | LTS890_257 skipped - hour 17 != 18
[2026-07-15 17:58:04] DEMO_PORTFOLIO_SKIP | LTS890_259 skipped - hour 17 != 9
[2026-07-15 17:58:04] DEMO_PORTFOLIO_SKIP | LTS890_260 skipped - hour 17 != 8
[2026-07-15 17:58:04] DEMO_PORTFOLIO_SKIP | LTS890_261 skipped - hour 17 != 8
[2026-07-15 17:58:04] DEMO_PORTFOLIO_SKIP | LTS890_262 skipped - hour 17 != 15
[2026-07-15 17:58:04] DEMO_PORTFOLIO_SKIP | LTS890_263 skipped - hour 17 != 12
[2026-07-15 17:58:04] DEMO_PORTFOLIO_SKIP | LTS890_264 skipped - hour 17 != 16
[2026-07-15 17:58:04] DEMO_PORTFOLIO_SKIP | LTS890_266 skipped - hour 17 != 12
[2026-07-15 17:58:04] DEMO_PORTFOLIO_SKIP | LTS890_267 skipped - hour 17 != 20
[2026-07-15 17:58:04] DEMO_PORTFOLIO_SKIP | LTS890_268 skipped - hour 17 != 11
[2026-07-15 17:58:04] DEMO_PORTFOLIO_SKIP | LTS890_269 skipped - hour 17 != 10
[2026-07-15 17:58:04] DEMO_PORTFOLIO_SKIP | LTS890_270 skipped - hour 17 != 9
[2026-07-15 17:58:04] DEMO_PORTFOLIO_SKIP | LTS890_271 skipped - hour 17 != 16
[2026-07-15 17:58:04] DEMO_PORTFOLIO_SKIP | LTS890_273 skipped - hour 17 != 14
[2026-07-15 17:58:04] DEMO_PORTFOLIO_SKIP | LTS890_274 skipped - hour 17 != 11
[2026-07-15 17:58:04] DEMO_PORTFOLIO_SKIP | LTS890_275 skipped - hour 17 != 13
[2026-07-15 17:58:04] DEMO_PORTFOLIO_SKIP | LTS890_276 skipped - hour 17 != 9
[2026-07-15 17:58:04] DEMO_PORTFOLIO_SKIP | LTS890_277 skipped - hour 17 != 19
[2026-07-15 17:58:04] DEMO_PORTFOLIO_SKIP | LTS890_278 skipped - hour 17 != 20
[2026-07-15 17:58:04] DEMO_PORTFOLIO_SKIP | LTS890_282 skipped - risk_distance 4.14 < 5.00
[2026-07-15 17:58:04] DEMO_PORTFOLIO_SKIP | LTS890_283 skipped - hour 17 != 16
[2026-07-15 17:58:04] DEMO_PORTFOLIO_SKIP | LTS890_284 skipped - hour 17 != 8
[2026-07-15 17:58:04] DEMO_PORTFOLIO_SKIP | LTS890_285 skipped - hour 17 != 16
[2026-07-15 17:58:04] DEMO_PORTFOLIO_SKIP | LTS890_286 skipped - hour 17 != 12
[2026-07-15 17:58:04] DEMO_PORTFOLIO_SKIP | LTS890_287 skipped - risk_distance 9.10 > 4.00
[2026-07-15 17:58:05] DEMO_PORTFOLIO_SKIP | LTS890_289 skipped - risk_distance 4.14 > 2.70
[2026-07-15 17:58:05] DEMO_PORTFOLIO_SKIP | LTS890_290 skipped - hour 17 != 16
[2026-07-15 17:58:05] DEMO_PORTFOLIO_SKIP | LTS890_291 skipped - hour 17 != 16
[2026-07-15 17:58:05] DEMO_PORTFOLIO_SKIP | LTS890_292 skipped - hour 17 != 9
[2026-07-15 17:58:05] DEMO_PORTFOLIO_SKIP | LTS890_293 skipped - hour 17 != 19
[2026-07-15 17:58:05] DEMO_PORTFOLIO_SKIP | LTS890_294 skipped - hour 17 != 19
[2026-07-15 17:58:05] DEMO_PORTFOLIO_SKIP | LTS890_299 skipped - hour 17 != 9
[2026-07-15 17:58:05] DEMO_PORTFOLIO_SKIP | LTS890_300 skipped - hour 17 != 12
[2026-07-15 17:58:05] DEMO_PORTFOLIO_SKIP | LTS890_301 skipped - hour 17 != 15
[2026-07-15 17:58:05] DEMO_PORTFOLIO_SKIP | LTS890_302 skipped - hour 17 != 16
[2026-07-15 17:58:05] DEMO_PORTFOLIO_SKIP | LTS890_303 skipped - hour 17 != 19
[2026-07-15 17:58:05] DEMO_PORTFOLIO_SKIP | LTS890_304 skipped - risk_distance 9.10 > 4.00
[2026-07-15 17:58:05] DEMO_PORTFOLIO_SKIP | LTS890_308 skipped - hour 17 != 14
[2026-07-15 17:58:05] DEMO_PORTFOLIO_SKIP | LTS890_309 skipped - hour 17 != 21
[2026-07-15 17:58:05] DEMO_PORTFOLIO_SKIP | LTS890_310 skipped - hour 17 != 12
[2026-07-15 17:58:05] DEMO_PORTFOLIO_SKIP | LTS890_311 skipped - hour 17 != 8
[2026-07-15 17:58:05] DEMO_PORTFOLIO_SKIP | LTS890_312 skipped - hour 17 != 10
[2026-07-15 17:58:05] DEMO_PORTFOLIO_SKIP | LTS890_313 skipped - hour 17 != 16
[2026-07-15 17:58:05] DEMO_PORTFOLIO_SKIP | LTS890_317 skipped - hour 17 != 11
[2026-07-15 17:58:05] DEMO_PORTFOLIO_SKIP | LTS890_318 skipped - hour 17 != 12
[2026-07-15 17:58:05] DEMO_PORTFOLIO_SKIP | LTS890_319 skipped - hour 17 != 22
[2026-07-15 17:58:05] DEMO_PORTFOLIO_SKIP | LTS890_320 skipped - hour 17 != 14
[2026-07-15 17:58:08] DEMO_PORTFOLIO_SKIP | LTS890_321 skipped - hour 17 != 14
[2026-07-15 17:58:08] DEMO_PORTFOLIO_SKIP | LTS890_322 skipped - hour 17 != 21
[2026-07-15 17:58:08] DEMO_PORTFOLIO_SKIP | LTS890_324 skipped - hour 17 != 15
[2026-07-15 17:58:08] DEMO_PORTFOLIO_SKIP | LTS890_325 skipped - hour 17 != 20
[2026-07-15 17:58:08] DEMO_PORTFOLIO_SKIP | LTS890_326 skipped - hour 17 != 13
[2026-07-15 17:58:08] DEMO_PORTFOLIO_SKIP | LTS890_327 skipped - hour 17 != 15
[2026-07-15 17:58:08] DEMO_PORTFOLIO_SKIP | LTS890_328 skipped - hour 17 != 21
[2026-07-15 17:58:08] DEMO_PORTFOLIO_SKIP | LTS890_329 skipped - hour 17 != 11
[2026-07-15 17:58:08] DEMO_PORTFOLIO_SKIP | LTS890_332 skipped - hour 17 != 22
[2026-07-15 17:58:08] DEMO_PORTFOLIO_SKIP | LTS890_333 skipped - hour 17 != 9
[2026-07-15 17:58:08] DEMO_PORTFOLIO_SKIP | LTS890_334 skipped - hour 17 != 22
[2026-07-15 17:58:08] DEMO_PORTFOLIO_SKIP | LTS890_335 skipped - hour 17 != 16
[2026-07-15 17:58:08] DEMO_PORTFOLIO_SKIP | LTS890_336 skipped - hour 17 != 13
[2026-07-15 17:58:08] DEMO_PORTFOLIO_SKIP | LTS890_337 skipped - hour 17 != 14
[2026-07-15 17:58:08] DEMO_PORTFOLIO_SKIP | LTS890_340 skipped - hour 17 != 11
[2026-07-15 17:58:08] DEMO_PORTFOLIO_SKIP | LTS890_341 skipped - hour 17 != 14
[2026-07-15 17:58:08] DEMO_PORTFOLIO_SKIP | LTS890_342 skipped - hour 17 != 11
[2026-07-15 17:58:08] DEMO_PORTFOLIO_SKIP | LTS890_343 skipped - hour 17 != 21
[2026-07-15 17:58:08] DEMO_PORTFOLIO_SKIP | LTS890_344 skipped - hour 17 != 10
[2026-07-15 17:58:08] DEMO_PORTFOLIO_SKIP | LTS890_345 skipped - hour 17 != 11
[2026-07-15 17:58:08] DEMO_PORTFOLIO_SKIP | LTS890_349 skipped - hour 17 != 22
[2026-07-15 17:58:08] DEMO_PORTFOLIO_SKIP | LTS890_350 skipped - hour 17 != 11
[2026-07-15 17:58:08] DEMO_PORTFOLIO_SKIP | LTS890_351 skipped - hour 17 != 14
[2026-07-15 17:58:08] DEMO_PORTFOLIO_SKIP | LTS890_352 skipped - hour 17 != 21
[2026-07-15 17:58:08] DEMO_PORTFOLIO_SKIP | LTS890_353 skipped - hour 17 != 16
[2026-07-15 17:58:08] DEMO_PORTFOLIO_SKIP | LTS890_354 skipped - hour 17 != 19
[2026-07-15 17:58:08] DEMO_PORTFOLIO_SIGNAL | LTS890_357 BUY lot=0.42 sl=4024.13 tp=4032.0 rd=4.14 weight=41.599 scale=1.00 h=17 success=True ticket=560677264 err=None
[2026-07-15 17:58:08] DEMO_PORTFOLIO_SKIP | LTS890_358 skipped - hour 17 != 16
[2026-07-15 17:58:08] DEMO_PORTFOLIO_SKIP | LTS890_359 skipped - risk_distance 4.30 > 4.00
[2026-07-15 17:58:08] DEMO_PORTFOLIO_SKIP | LTS890_360 skipped - hour 17 != 15
[2026-07-15 17:58:08] DEMO_PORTFOLIO_SKIP | LTS890_361 skipped - hour 17 != 14
[2026-07-15 17:58:08] DEMO_PORTFOLIO_SKIP | LTS890_362 skipped - hour 17 != 22
[2026-07-15 17:58:08] DEMO_PORTFOLIO_SKIP | LTS890_364 skipped - hour 17 != 16
[2026-07-15 17:58:08] DEMO_PORTFOLIO_SKIP | LTS890_365 skipped - risk_distance 4.30 > 4.00
[2026-07-15 17:58:08] DEMO_PORTFOLIO_SKIP | LTS890_366 skipped - risk_distance 4.30 > 4.00
[2026-07-15 17:58:08] DEMO_PORTFOLIO_SKIP | LTS890_367 skipped - hour 17 != 16
[2026-07-15 17:58:08] DEMO_PORTFOLIO_SKIP | LTS890_368 skipped - hour 17 != 16
[2026-07-15 17:58:08] DEMO_PORTFOLIO_SKIP | LTS890_369 skipped - hour 17 != 19
[2026-07-15 17:58:08] DEMO_PORTFOLIO_SKIP | LTS890_372 skipped - hour 17 != 9
[2026-07-15 17:58:08] DEMO_PORTFOLIO_SKIP | LTS890_373 skipped - hour 17 != 16
[2026-07-15 17:58:08] DEMO_PORTFOLIO_SKIP | LTS890_374 skipped - hour 17 != 19
[2026-07-15 17:58:08] DEMO_PORTFOLIO_SKIP | LTS890_375 skipped - hour 17 != 16
[2026-07-15 17:58:08] DEMO_PORTFOLIO_SKIP | LTS890_376 skipped - hour 17 != 14
[2026-07-15 17:58:08] DEMO_PORTFOLIO_SKIP | LTS890_377 skipped - hour 17 != 19
[2026-07-15 17:58:08] DEMO_PORTFOLIO_SKIP | LTS890_379 skipped - hour 17 != 8
[2026-07-15 17:58:08] DEMO_PORTFOLIO_SKIP | LTS890_380 skipped - hour 17 != 20
[2026-07-15 17:58:08] DEMO_PORTFOLIO_SKIP | LTS890_381 skipped - risk_distance 4.30 > 3.40
[2026-07-15 17:58:08] DEMO_PORTFOLIO_SKIP | LTS890_382 skipped - hour 17 != 21
[2026-07-15 17:58:08] DEMO_PORTFOLIO_SKIP | LTS890_383 skipped - hour 17 != 14
[2026-07-15 17:58:08] DEMO_PORTFOLIO_SKIP | LTS890_384 skipped - hour 17 != 11
[2026-07-15 17:58:08] DEMO_PORTFOLIO_SKIP | LTS890_386 skipped - hour 17 != 21
[2026-07-15 17:58:08] DEMO_PORTFOLIO_SKIP | LTS890_387 skipped - hour 17 != 11
[2026-07-15 17:58:08] DEMO_PORTFOLIO_SKIP | LTS890_388 skipped - risk_distance 4.30 > 3.40
[2026-07-15 17:58:08] DEMO_PORTFOLIO_SKIP | LTS890_389 skipped - hour 17 != 15
[2026-07-15 17:58:08] DEMO_PORTFOLIO_SKIP | LTS890_390 skipped - hour 17 != 16
[2026-07-15 17:58:08] DEMO_PORTFOLIO_SKIP | LTS890_391 skipped - hour 17 != 19
[2026-07-15 17:58:08] DEMO_PORTFOLIO_SKIP | LTS890_394 skipped - risk_distance 4.14 < 5.00
[2026-07-15 17:58:08] DEMO_PORTFOLIO_SKIP | LTS890_395 skipped - hour 17 != 20
[2026-07-15 17:58:08] DEMO_PORTFOLIO_SKIP | LTS890_396 skipped - hour 17 != 14
[2026-07-15 17:58:09] DEMO_PORTFOLIO_SKIP | LTS890_397 skipped - hour 17 != 15
[2026-07-15 17:58:09] DEMO_PORTFOLIO_SKIP | LTS890_398 skipped - hour 17 != 14
[2026-07-15 17:58:09] DEMO_PORTFOLIO_SKIP | LTS890_399 skipped - hour 17 != 12
[2026-07-15 17:58:09] DEMO_PORTFOLIO_SKIP | LTS890_402 skipped - hour 17 != 22
[2026-07-15 17:58:09] DEMO_PORTFOLIO_SKIP | LTS890_403 skipped - hour 17 != 22
[2026-07-15 17:58:09] DEMO_PORTFOLIO_SKIP | LTS890_404 skipped - hour 17 != 12
[2026-07-15 17:58:09] DEMO_PORTFOLIO_SKIP | LTS890_405 skipped - hour 17 != 18
[2026-07-15 17:58:09] DEMO_PORTFOLIO_SKIP | LTS890_406 skipped - hour 17 != 10
[2026-07-15 17:58:09] DEMO_PORTFOLIO_SKIP | LTS890_407 skipped - hour 17 != 19
[2026-07-15 17:58:09] DEMO_PORTFOLIO_SKIP | LTS890_409 skipped - hour 17 != 15
[2026-07-15 17:58:09] DEMO_PORTFOLIO_SKIP | LTS890_410 skipped - hour 17 != 9
[2026-07-15 17:58:09] DEMO_PORTFOLIO_SKIP | LTS890_411 skipped - risk_distance 4.30 > 2.70
[2026-07-15 17:58:09] DEMO_PORTFOLIO_SKIP | LTS890_412 skipped - hour 17 != 16
[2026-07-15 17:58:09] DEMO_PORTFOLIO_SKIP | LTS890_413 skipped - hour 17 != 14
[2026-07-15 17:58:09] DEMO_PORTFOLIO_SKIP | LTS890_414 skipped - hour 17 != 19
[2026-07-15 17:58:09] DEMO_PORTFOLIO_SKIP | LTS890_417 skipped - risk_distance 4.14 > 2.70
[2026-07-15 17:58:09] DEMO_PORTFOLIO_SKIP | LTS890_418 skipped - hour 17 != 14
[2026-07-15 17:58:09] DEMO_PORTFOLIO_SKIP | LTS890_419 skipped - hour 17 != 14
[2026-07-15 17:58:09] DEMO_PORTFOLIO_SKIP | LTS890_420 skipped - hour 17 != 9
[2026-07-15 17:58:09] DEMO_PORTFOLIO_SKIP | LTS890_421 skipped - hour 17 != 14
[2026-07-15 17:58:09] DEMO_PORTFOLIO_SKIP | LTS890_422 skipped - hour 17 != 9
[2026-07-15 17:58:09] DEMO_PORTFOLIO_SKIP | LTS890_425 skipped - hour 17 != 14
[2026-07-15 17:58:09] DEMO_PORTFOLIO_SKIP | LTS890_426 skipped - hour 17 != 20
[2026-07-15 17:58:09] DEMO_PORTFOLIO_SKIP | LTS890_427 skipped - hour 17 != 12
[2026-07-15 17:58:09] DEMO_PORTFOLIO_SKIP | LTS890_428 skipped - hour 17 != 20
[2026-07-15 17:58:09] DEMO_PORTFOLIO_SKIP | LTS890_429 skipped - hour 17 != 16
[2026-07-15 17:58:09] DEMO_PORTFOLIO_SKIP | LTS890_430 skipped - hour 17 != 19
[2026-07-15 17:58:09] DEMO_PORTFOLIO_SKIP | LTS890_434 skipped - hour 17 != 10
[2026-07-15 17:58:09] DEMO_PORTFOLIO_SKIP | LTS890_435 skipped - hour 17 != 16
[2026-07-15 17:58:09] DEMO_PORTFOLIO_SKIP | LTS890_436 skipped - hour 17 != 8
[2026-07-15 17:58:09] DEMO_PORTFOLIO_SKIP | LTS890_437 skipped - hour 17 != 20
[2026-07-15 17:58:09] DEMO_PORTFOLIO_SKIP | LTS890_438 skipped - hour 17 != 21
[2026-07-15 17:58:09] DEMO_PORTFOLIO_SKIP | LTS890_439 skipped - hour 17 != 10
[2026-07-15 17:58:09] DEMO_PORTFOLIO_SKIP | LTS890_442 skipped - hour 17 != 11
[2026-07-15 17:58:09] DEMO_PORTFOLIO_SKIP | LTS890_443 skipped - risk_distance 4.30 > 2.70
[2026-07-15 17:58:09] DEMO_PORTFOLIO_SKIP | LTS890_444 skipped - hour 17 != 19
[2026-07-15 17:58:09] DEMO_PORTFOLIO_SKIP | LTS890_445 skipped - risk_distance 9.10 > 5.00
[2026-07-15 17:58:09] DEMO_PORTFOLIO_SKIP | LTS890_446 skipped - hour 17 != 10
[2026-07-15 17:58:09] DEMO_PORTFOLIO_SKIP | LTS890_447 skipped - hour 17 != 9
[2026-07-15 17:58:09] DEMO_PORTFOLIO_SKIP | LTS890_450 skipped - hour 17 != 19
[2026-07-15 17:58:09] DEMO_PORTFOLIO_SKIP | LTS890_451 skipped - hour 17 != 11
[2026-07-15 17:58:09] DEMO_PORTFOLIO_SKIP | LTS890_452 skipped - hour 17 != 11
[2026-07-15 17:58:09] DEMO_PORTFOLIO_SKIP | LTS890_453 skipped - hour 17 != 19
[2026-07-15 17:58:09] DEMO_PORTFOLIO_SKIP | LTS890_454 skipped - hour 17 != 20
[2026-07-15 17:58:09] DEMO_PORTFOLIO_SKIP | LTS890_455 skipped - hour 17 != 9
[2026-07-15 17:58:09] DEMO_PORTFOLIO_SKIP | LTS890_457 skipped - hour 17 != 9
[2026-07-15 17:58:09] DEMO_PORTFOLIO_SKIP | LTS890_458 skipped - hour 17 != 19
[2026-07-15 17:58:09] DEMO_PORTFOLIO_SKIP | LTS890_459 skipped - hour 17 != 21
[2026-07-15 17:58:09] DEMO_PORTFOLIO_SKIP | LTS890_460 skipped - hour 17 != 11
[2026-07-15 17:58:09] DEMO_PORTFOLIO_SKIP | LTS890_461 skipped - hour 17 != 14
[2026-07-15 17:58:09] DEMO_PORTFOLIO_SKIP | LTS890_462 skipped - hour 17 != 9
[2026-07-15 17:58:09] DEMO_PORTFOLIO_SKIP | LTS890_464 skipped - hour 17 != 11
[2026-07-15 17:58:09] DEMO_PORTFOLIO_SKIP | LTS890_465 skipped - hour 17 != 12
[2026-07-15 17:58:09] DEMO_PORTFOLIO_SKIP | LTS890_466 skipped - hour 17 != 12
[2026-07-15 17:58:09] DEMO_PORTFOLIO_SKIP | LTS890_467 skipped - risk_distance 9.10 > 3.40
[2026-07-15 17:58:09] DEMO_PORTFOLIO_SKIP | LTS890_468 skipped - hour 17 != 19
[2026-07-15 17:58:09] DEMO_PORTFOLIO_SKIP | LTS890_469 skipped - hour 17 != 9
[2026-07-15 17:58:09] DEMO_PORTFOLIO_SKIP | LTS890_472 skipped - hour 17 != 21
[2026-07-15 17:58:09] DEMO_PORTFOLIO_SKIP | LTS890_473 skipped - hour 17 != 21
[2026-07-15 17:58:09] DEMO_PORTFOLIO_SKIP | LTS890_474 skipped - hour 17 != 22
[2026-07-15 17:58:10] DEMO_PORTFOLIO_SKIP | LTS890_475 skipped - hour 17 != 20
[2026-07-15 17:58:10] DEMO_PORTFOLIO_SKIP | LTS890_476 skipped - hour 17 != 20
[2026-07-15 17:58:10] DEMO_PORTFOLIO_SKIP | LTS890_477 skipped - hour 17 != 20
[2026-07-15 17:58:10] DEMO_PORTFOLIO_SKIP | LTS890_479 skipped - hour 17 != 19
[2026-07-15 17:58:11] DEMO_PORTFOLIO_SKIP | LTS890_480 skipped - hour 17 != 12
[2026-07-15 17:58:11] DEMO_PORTFOLIO_SKIP | LTS890_481 skipped - risk_distance 4.30 > 2.70
[2026-07-15 17:58:11] DEMO_PORTFOLIO_SKIP | LTS890_482 skipped - hour 17 != 15
[2026-07-15 17:58:11] DEMO_PORTFOLIO_SKIP | LTS890_483 skipped - hour 17 != 9
[2026-07-15 17:58:11] DEMO_PORTFOLIO_SKIP | LTS890_484 skipped - hour 17 != 20
[2026-07-15 17:58:11] DEMO_PORTFOLIO_SKIP | LTS890_488 skipped - hour 17 != 20
[2026-07-15 17:58:11] DEMO_PORTFOLIO_SKIP | LTS890_489 skipped - hour 17 != 21
[2026-07-15 17:58:11] DEMO_PORTFOLIO_SKIP | LTS890_490 skipped - hour 17 != 21
[2026-07-15 17:58:11] DEMO_PORTFOLIO_SKIP | LTS890_491 skipped - risk_distance 9.10 > 5.00
[2026-07-15 17:58:11] DEMO_PORTFOLIO_SKIP | LTS890_492 skipped - hour 17 != 13
[2026-07-15 17:58:12] DEMO_PORTFOLIO_SKIP | LTS890_493 skipped - hour 17 != 12
[2026-07-15 17:58:12] DEMO_PORTFOLIO_SKIP | LTS890_495 skipped - hour 17 != 8
[2026-07-15 17:58:12] DEMO_PORTFOLIO_SKIP | LTS890_496 skipped - hour 17 != 12
[2026-07-15 17:58:12] DEMO_PORTFOLIO_SKIP | LTS890_497 skipped - hour 17 != 21
[2026-07-15 17:58:12] DEMO_PORTFOLIO_SKIP | LTS890_498 skipped - hour 17 != 20
[2026-07-15 17:58:12] DEMO_PORTFOLIO_SKIP | LTS890_499 skipped - hour 17 != 19
[2026-07-15 17:58:12] DEMO_PORTFOLIO_SKIP | LTS890_500 skipped - hour 17 != 19
[2026-07-15 17:58:12] DEMO_PORTFOLIO_SKIP | LTS890_503 skipped - hour 17 != 12
[2026-07-15 17:58:12] DEMO_PORTFOLIO_SKIP | LTS890_504 skipped - hour 17 != 12
[2026-07-15 17:58:12] DEMO_PORTFOLIO_SKIP | LTS890_505 skipped - hour 17 != 13
[2026-07-15 17:58:12] DEMO_PORTFOLIO_SKIP | LTS890_506 skipped - hour 17 != 16
[2026-07-15 17:58:12] DEMO_PORTFOLIO_SKIP | LTS890_507 skipped - hour 17 != 14
[2026-07-15 17:58:12] DEMO_PORTFOLIO_SKIP | LTS890_508 skipped - hour 17 != 9
[2026-07-15 17:58:12] DEMO_PORTFOLIO_SKIP | LTS890_510 skipped - hour 17 != 11
[2026-07-15 17:58:12] DEMO_PORTFOLIO_SKIP | LTS890_511 skipped - hour 17 != 12
[2026-07-15 17:58:12] DEMO_PORTFOLIO_SKIP | LTS890_512 skipped - hour 17 != 12
[2026-07-15 17:58:12] DEMO_PORTFOLIO_SKIP | LTS890_513 skipped - hour 17 != 21
[2026-07-15 17:58:13] DEMO_PORTFOLIO_SKIP | LTS890_514 skipped - hour 17 != 14
[2026-07-15 17:58:13] DEMO_PORTFOLIO_SKIP | LTS890_515 skipped - hour 17 != 16
[2026-07-15 17:58:13] DEMO_PORTFOLIO_SKIP | LTS890_517 skipped - hour 17 != 22
[2026-07-15 17:58:13] DEMO_PORTFOLIO_SKIP | LTS890_518 skipped - hour 17 != 11
[2026-07-15 17:58:13] DEMO_PORTFOLIO_SKIP | LTS890_519 skipped - hour 17 != 8
[2026-07-15 17:58:13] DEMO_PORTFOLIO_SKIP | LTS890_520 skipped - hour 17 != 11
[2026-07-15 17:58:13] DEMO_PORTFOLIO_SKIP | LTS890_521 skipped - hour 17 != 13
[2026-07-15 17:58:13] DEMO_PORTFOLIO_SKIP | LTS890_522 skipped - hour 17 != 11
[2026-07-15 17:58:13] DEMO_PORTFOLIO_SKIP | LTS890_524 skipped - hour 17 != 20
[2026-07-15 17:58:13] DEMO_PORTFOLIO_SKIP | LTS890_525 skipped - hour 17 != 15
[2026-07-15 17:58:13] DEMO_PORTFOLIO_SKIP | LTS890_526 skipped - hour 17 != 19
[2026-07-15 17:58:13] DEMO_PORTFOLIO_SKIP | LTS890_527 skipped - hour 17 != 16
[2026-07-15 17:58:13] DEMO_PORTFOLIO_SKIP | LTS890_528 skipped - hour 17 != 21
[2026-07-15 17:58:13] DEMO_PORTFOLIO_SKIP | LTS890_531 skipped - hour 17 != 22
[2026-07-15 17:58:13] DEMO_PORTFOLIO_SKIP | LTS890_532 skipped - hour 17 != 20
[2026-07-15 17:58:13] DEMO_PORTFOLIO_SKIP | LTS890_533 skipped - risk_distance 4.30 > 3.40
[2026-07-15 17:58:13] DEMO_PORTFOLIO_SKIP | LTS890_534 skipped - hour 17 != 12
[2026-07-15 17:58:13] DEMO_PORTFOLIO_SKIP | LTS890_535 skipped - hour 17 != 12
[2026-07-15 17:58:13] DEMO_PORTFOLIO_SKIP | LTS890_536 skipped - hour 17 != 9
[2026-07-15 17:58:13] DEMO_PORTFOLIO_SKIP | LTS890_539 skipped - hour 17 != 9
[2026-07-15 17:58:13] DEMO_PORTFOLIO_SKIP | LTS890_540 skipped - hour 17 != 20
[2026-07-15 17:58:13] DEMO_PORTFOLIO_SKIP | LTS890_541 skipped - hour 17 != 11
[2026-07-15 17:58:13] DEMO_PORTFOLIO_SKIP | LTS890_542 skipped - hour 17 != 14
[2026-07-15 17:58:13] DEMO_PORTFOLIO_SKIP | LTS890_543 skipped - hour 17 != 10
[2026-07-15 17:58:13] DEMO_PORTFOLIO_SKIP | LTS890_547 skipped - hour 17 != 15
[2026-07-15 17:58:13] DEMO_PORTFOLIO_SKIP | LTS890_548 skipped - hour 17 != 21
[2026-07-15 17:58:13] DEMO_PORTFOLIO_SKIP | LTS890_549 skipped - hour 17 != 18
[2026-07-15 17:58:13] DEMO_PORTFOLIO_SKIP | LTS890_550 skipped - hour 17 != 10
[2026-07-15 17:58:13] DEMO_PORTFOLIO_SKIP | LTS890_551 skipped - hour 17 != 12
[2026-07-15 17:58:13] DEMO_PORTFOLIO_SKIP | LTS890_554 skipped - hour 17 != 11
[2026-07-15 17:58:13] DEMO_PORTFOLIO_SKIP | LTS890_555 skipped - risk_distance 4.30 > 1.30
[2026-07-15 17:58:13] DEMO_PORTFOLIO_SKIP | LTS890_556 skipped - hour 17 != 8
[2026-07-15 17:58:13] DEMO_PORTFOLIO_SKIP | LTS890_557 skipped - hour 17 != 10
[2026-07-15 17:58:13] DEMO_PORTFOLIO_SKIP | LTS890_558 skipped - hour 17 != 8
[2026-07-15 17:58:13] DEMO_PORTFOLIO_SKIP | LTS890_560 skipped - hour 17 != 19
[2026-07-15 17:58:13] DEMO_PORTFOLIO_SKIP | LTS890_561 skipped - hour 17 != 10
[2026-07-15 17:58:13] DEMO_PORTFOLIO_SKIP | LTS890_562 skipped - hour 17 != 12
[2026-07-15 17:58:13] DEMO_PORTFOLIO_SKIP | LTS890_563 skipped - hour 17 != 20
[2026-07-15 17:58:13] DEMO_PORTFOLIO_SKIP | LTS890_564 skipped - hour 17 != 22
[2026-07-15 17:58:13] DEMO_PORTFOLIO_SKIP | LTS890_566 skipped - hour 17 != 12
[2026-07-15 17:58:13] DEMO_PORTFOLIO_SKIP | LTS890_567 skipped - hour 17 != 15
[2026-07-15 17:58:13] DEMO_PORTFOLIO_SKIP | LTS890_568 skipped - hour 17 != 12
[2026-07-15 17:58:13] DEMO_PORTFOLIO_SKIP | LTS890_569 skipped - hour 17 != 14
[2026-07-15 17:58:13] DEMO_PORTFOLIO_SKIP | LTS890_570 skipped - hour 17 != 15
[2026-07-15 17:58:13] DEMO_PORTFOLIO_SKIP | LTS890_571 skipped - hour 17 != 10
[2026-07-15 17:58:13] DEMO_PORTFOLIO_SKIP | LTS890_574 skipped - hour 17 != 12
[2026-07-15 17:58:13] DEMO_PORTFOLIO_SKIP | LTS890_575 skipped - risk_distance 4.30 > 3.40
[2026-07-15 17:58:13] DEMO_PORTFOLIO_SKIP | LTS890_576 skipped - risk_distance 4.30 > 3.40
[2026-07-15 17:58:13] DEMO_PORTFOLIO_SKIP | LTS890_577 skipped - hour 17 != 10
[2026-07-15 17:58:13] DEMO_PORTFOLIO_SKIP | LTS890_578 skipped - hour 17 != 15
[2026-07-15 17:58:13] DEMO_PORTFOLIO_SKIP | LTS890_579 skipped - risk_distance 9.10 > 2.00
[2026-07-15 17:58:13] DEMO_PORTFOLIO_SKIP | LTS890_582 skipped - hour 17 != 15
[2026-07-15 17:58:13] DEMO_PORTFOLIO_SKIP | LTS890_583 skipped - hour 17 != 20
[2026-07-15 17:58:13] DEMO_PORTFOLIO_SKIP | LTS890_584 skipped - hour 17 != 18
[2026-07-15 17:58:13] DEMO_PORTFOLIO_SKIP | LTS890_585 skipped - hour 17 != 21
[2026-07-15 17:58:13] DEMO_PORTFOLIO_SKIP | LTS890_586 skipped - hour 17 != 10
[2026-07-15 17:58:13] DEMO_PORTFOLIO_SKIP | LTS890_587 skipped - hour 17 != 10
[2026-07-15 17:58:13] DEMO_PORTFOLIO_SKIP | LTS890_590 skipped - hour 17 != 20
[2026-07-15 17:58:13] DEMO_PORTFOLIO_SKIP | LTS890_591 skipped - hour 17 != 22
[2026-07-15 17:58:13] DEMO_PORTFOLIO_SKIP | LTS890_592 skipped - hour 17 != 11
[2026-07-15 17:58:13] DEMO_PORTFOLIO_SKIP | LTS890_593 skipped - hour 17 != 20
[2026-07-15 17:58:13] DEMO_PORTFOLIO_SKIP | LTS890_594 skipped - hour 17 != 9
[2026-07-15 17:58:16] DEMO_PORTFOLIO_SKIP | LTS890_595 skipped - hour 17 != 10
[2026-07-15 17:58:17] DEMO_PORTFOLIO_SKIP | LTS890_599 skipped - hour 17 != 18
[2026-07-15 17:58:17] DEMO_PORTFOLIO_SKIP | LTS890_600 skipped - hour 17 != 12
[2026-07-15 17:58:17] DEMO_PORTFOLIO_SKIP | LTS890_601 skipped - hour 17 != 9
[2026-07-15 17:58:17] DEMO_PORTFOLIO_SKIP | LTS890_602 skipped - hour 17 != 10
[2026-07-15 17:58:17] DEMO_PORTFOLIO_SKIP | LTS890_603 skipped - hour 17 != 16
[2026-07-15 17:58:17] DEMO_PORTFOLIO_SKIP | LTS890_604 skipped - hour 17 != 12
[2026-07-15 17:58:17] DEMO_PORTFOLIO_SKIP | LTS890_607 skipped - hour 17 != 16
[2026-07-15 17:58:17] DEMO_PORTFOLIO_SKIP | LTS890_608 skipped - hour 17 != 13
[2026-07-15 17:58:17] DEMO_PORTFOLIO_SKIP | LTS890_609 skipped - hour 17 != 11
[2026-07-15 17:58:17] DEMO_PORTFOLIO_SKIP | LTS890_610 skipped - hour 17 != 19
[2026-07-15 17:58:17] DEMO_PORTFOLIO_SKIP | LTS890_611 skipped - hour 17 != 16
[2026-07-15 17:58:17] DEMO_PORTFOLIO_SKIP | LTS890_612 skipped - hour 17 != 19
[2026-07-15 17:58:17] DEMO_PORTFOLIO_SKIP | LTS890_615 skipped - hour 17 != 9
[2026-07-15 17:58:17] DEMO_PORTFOLIO_SKIP | LTS890_616 skipped - hour 17 != 20
[2026-07-15 17:58:17] DEMO_PORTFOLIO_SKIP | LTS890_617 skipped - hour 17 != 21
[2026-07-15 17:58:17] DEMO_PORTFOLIO_SKIP | LTS890_618 skipped - hour 17 != 12
[2026-07-15 17:58:17] DEMO_PORTFOLIO_SKIP | LTS890_619 skipped - hour 17 != 14
[2026-07-15 17:58:17] DEMO_PORTFOLIO_SKIP | LTS890_620 skipped - hour 17 != 14
[2026-07-15 17:58:17] DEMO_PORTFOLIO_SKIP | LTS890_622 skipped - hour 17 != 18
[2026-07-15 17:58:17] DEMO_PORTFOLIO_SKIP | LTS890_623 skipped - hour 17 != 8
[2026-07-15 17:58:17] DEMO_PORTFOLIO_SKIP | LTS890_624 skipped - hour 17 != 8
[2026-07-15 17:58:17] DEMO_PORTFOLIO_SKIP | LTS890_625 skipped - hour 17 != 20
[2026-07-15 17:58:17] DEMO_PORTFOLIO_SKIP | LTS890_626 skipped - hour 17 != 10
[2026-07-15 17:58:17] DEMO_PORTFOLIO_SKIP | LTS890_627 skipped - hour 17 != 19
[2026-07-15 17:58:17] DEMO_PORTFOLIO_SKIP | LTS890_630 skipped - hour 17 != 10
[2026-07-15 17:58:17] DEMO_PORTFOLIO_SKIP | LTS890_631 skipped - hour 17 != 11
[2026-07-15 17:58:17] DEMO_PORTFOLIO_SKIP | LTS890_632 skipped - hour 17 != 12
[2026-07-15 17:58:17] DEMO_PORTFOLIO_SKIP | LTS890_633 skipped - hour 17 != 10
[2026-07-15 17:58:17] DEMO_PORTFOLIO_SKIP | LTS890_634 skipped - hour 17 != 14
[2026-07-15 17:58:17] DEMO_PORTFOLIO_SKIP | LTS890_635 skipped - hour 17 != 22
[2026-07-15 17:58:17] DEMO_PORTFOLIO_SKIP | LTS890_637 skipped - risk_distance 4.14 < 5.00
[2026-07-15 17:58:17] DEMO_PORTFOLIO_SKIP | LTS890_638 skipped - hour 17 != 14
[2026-07-15 17:58:17] DEMO_PORTFOLIO_SKIP | LTS890_639 skipped - hour 17 != 10
[2026-07-15 17:58:17] DEMO_PORTFOLIO_SKIP | LTS890_640 skipped - hour 17 != 9
[2026-07-15 17:58:17] DEMO_PORTFOLIO_SKIP | LTS890_641 skipped - hour 17 != 20
[2026-07-15 17:58:17] DEMO_PORTFOLIO_SKIP | LTS890_642 skipped - hour 17 != 19
[2026-07-15 17:58:18] DEMO_PORTFOLIO_SKIP | LTS890_645 skipped - hour 17 != 21
[2026-07-15 17:58:18] DEMO_PORTFOLIO_SKIP | LTS890_646 skipped - hour 17 != 18
[2026-07-15 17:58:18] DEMO_PORTFOLIO_SKIP | LTS890_647 skipped - hour 17 != 11
[2026-07-15 17:58:18] DEMO_PORTFOLIO_SKIP | LTS890_648 skipped - hour 17 != 19
[2026-07-15 17:58:18] DEMO_PORTFOLIO_SKIP | LTS890_649 skipped - hour 17 != 14
[2026-07-15 17:58:18] DEMO_PORTFOLIO_SKIP | LTS890_650 skipped - hour 17 != 8
[2026-07-15 17:58:18] DEMO_PORTFOLIO_SKIP | LTS890_652 skipped - hour 17 != 15
[2026-07-15 17:58:18] DEMO_PORTFOLIO_SKIP | LTS890_653 skipped - hour 17 != 15
[2026-07-15 17:58:18] DEMO_PORTFOLIO_SKIP | LTS890_654 skipped - hour 17 != 10
[2026-07-15 17:58:18] DEMO_PORTFOLIO_SKIP | LTS890_655 skipped - hour 17 != 10
[2026-07-15 17:58:18] DEMO_PORTFOLIO_SKIP | LTS890_656 skipped - hour 17 != 16
[2026-07-15 17:58:18] DEMO_PORTFOLIO_SKIP | LTS890_658 skipped - risk_distance 4.30 > 1.30
[2026-07-15 17:58:18] DEMO_PORTFOLIO_SKIP | LTS890_659 skipped - hour 17 != 9
[2026-07-15 17:58:18] DEMO_PORTFOLIO_SKIP | LTS890_660 skipped - hour 17 != 16
[2026-07-15 17:58:18] DEMO_PORTFOLIO_SKIP | LTS890_661 skipped - hour 17 != 10
[2026-07-15 17:58:18] DEMO_PORTFOLIO_SKIP | LTS890_664 skipped - hour 17 != 21
[2026-07-15 17:58:18] DEMO_PORTFOLIO_SKIP | LTS890_665 skipped - hour 17 != 21
[2026-07-15 17:58:18] DEMO_PORTFOLIO_SKIP | LTS890_666 skipped - hour 17 != 14
[2026-07-15 17:58:18] DEMO_PORTFOLIO_SKIP | LTS890_667 skipped - hour 17 != 10
[2026-07-15 17:58:18] DEMO_PORTFOLIO_SKIP | LTS890_668 skipped - hour 17 != 12
[2026-07-15 17:58:18] DEMO_PORTFOLIO_SKIP | LTS890_672 skipped - hour 17 != 10
[2026-07-15 17:58:18] DEMO_PORTFOLIO_SKIP | LTS890_673 skipped - hour 17 != 21
[2026-07-15 17:58:18] DEMO_PORTFOLIO_SKIP | LTS890_674 skipped - hour 17 != 9
[2026-07-15 17:58:18] DEMO_PORTFOLIO_SKIP | LTS890_675 skipped - hour 17 != 16
[2026-07-15 17:58:18] DEMO_PORTFOLIO_SKIP | LTS890_676 skipped - hour 17 != 15
[2026-07-15 17:58:18] DEMO_PORTFOLIO_SKIP | LTS890_678 skipped - hour 17 != 19
[2026-07-15 17:58:18] DEMO_PORTFOLIO_SKIP | LTS890_679 skipped - hour 17 != 16
[2026-07-15 17:58:18] DEMO_PORTFOLIO_SKIP | LTS890_680 skipped - hour 17 != 8
[2026-07-15 17:58:18] DEMO_PORTFOLIO_SKIP | LTS890_681 skipped - hour 17 != 16
[2026-07-15 17:58:18] DEMO_PORTFOLIO_SKIP | LTS890_682 skipped - hour 17 != 10
[2026-07-15 17:58:18] DEMO_PORTFOLIO_SKIP | LTS890_683 skipped - hour 17 != 19
[2026-07-15 17:58:18] DEMO_PORTFOLIO_SKIP | LTS890_686 skipped - hour 17 != 10
[2026-07-15 17:58:18] DEMO_PORTFOLIO_SKIP | LTS890_687 skipped - hour 17 != 20
[2026-07-15 17:58:18] DEMO_PORTFOLIO_SKIP | LTS890_688 skipped - hour 17 != 12
[2026-07-15 17:58:18] DEMO_PORTFOLIO_SKIP | LTS890_689 skipped - hour 17 != 12
[2026-07-15 17:58:18] DEMO_PORTFOLIO_SKIP | LTS890_690 skipped - hour 17 != 14
[2026-07-15 17:58:18] DEMO_PORTFOLIO_SKIP | LTS890_691 skipped - hour 17 != 14
[2026-07-15 17:58:18] DEMO_PORTFOLIO_SKIP | LTS890_693 skipped - hour 17 != 9
[2026-07-15 17:58:18] DEMO_PORTFOLIO_SKIP | LTS890_694 skipped - hour 17 != 16
[2026-07-15 17:58:18] DEMO_PORTFOLIO_SKIP | LTS890_695 skipped - hour 17 != 16
[2026-07-15 17:58:18] DEMO_PORTFOLIO_SKIP | LTS890_697 skipped - hour 17 != 10
[2026-07-15 17:58:18] DEMO_PORTFOLIO_SKIP | LTS890_698 skipped - hour 17 != 10
[2026-07-15 17:58:18] DEMO_PORTFOLIO_SKIP | LTS890_699 skipped - hour 17 != 16
[2026-07-15 17:58:18] DEMO_PORTFOLIO_SKIP | LTS890_702 skipped - hour 17 != 10
[2026-07-15 17:58:18] DEMO_PORTFOLIO_SKIP | LTS890_703 skipped - hour 17 != 9
[2026-07-15 17:58:18] DEMO_PORTFOLIO_SKIP | LTS890_704 skipped - hour 17 != 10
[2026-07-15 17:58:18] DEMO_PORTFOLIO_SKIP | LTS890_705 skipped - hour 17 != 12
[2026-07-15 17:58:18] DEMO_PORTFOLIO_SKIP | LTS890_707 skipped - hour 17 != 16
[2026-07-15 17:58:18] DEMO_PORTFOLIO_SKIP | LTS890_708 skipped - hour 17 != 13
[2026-07-15 17:58:18] DEMO_PORTFOLIO_SKIP | LTS890_709 skipped - hour 17 != 21
[2026-07-15 17:58:18] DEMO_PORTFOLIO_SKIP | LTS890_712 skipped - hour 17 != 20
[2026-07-15 17:58:18] DEMO_PORTFOLIO_SKIP | LTS890_713 skipped - hour 17 != 16
[2026-07-15 17:58:18] DEMO_PORTFOLIO_SKIP | LTS890_714 skipped - hour 17 != 16
[2026-07-15 17:58:18] DEMO_PORTFOLIO_SKIP | LTS890_715 skipped - hour 17 != 16
[2026-07-15 17:58:18] DEMO_PORTFOLIO_SKIP | LTS890_717 skipped - hour 17 != 14
[2026-07-15 17:58:18] DEMO_PORTFOLIO_SKIP | LTS890_718 skipped - hour 17 != 16
[2026-07-15 17:58:18] DEMO_PORTFOLIO_SKIP | LTS890_719 skipped - hour 17 != 14
[2026-07-15 17:58:18] DEMO_PORTFOLIO_SKIP | LTS890_721 skipped - hour 17 != 12
[2026-07-15 17:58:18] DEMO_PORTFOLIO_SKIP | LTS890_722 skipped - hour 17 != 9
[2026-07-15 17:58:18] DEMO_PORTFOLIO_SKIP | LTS890_723 skipped - hour 17 != 19
[2026-07-15 17:58:18] DEMO_PORTFOLIO_SKIP | LTS890_725 skipped - hour 17 != 12
[2026-07-15 17:58:18] DEMO_PORTFOLIO_SKIP | LTS890_726 skipped - hour 17 != 14
[2026-07-15 17:58:18] DEMO_PORTFOLIO_SKIP | LTS890_727 skipped - hour 17 != 14
[2026-07-15 17:58:18] DEMO_PORTFOLIO_SKIP | LTS890_729 skipped - hour 17 != 9
[2026-07-15 17:58:19] DEMO_PORTFOLIO_SKIP | LTS890_730 skipped - hour 17 != 9
[2026-07-15 17:58:19] DEMO_PORTFOLIO_SKIP | LTS890_731 skipped - hour 17 != 14
[2026-07-15 17:58:19] DEMO_PORTFOLIO_SKIP | LTS890_733 skipped - hour 17 != 12
[2026-07-15 17:58:19] DEMO_PORTFOLIO_SKIP | LTS890_734 skipped - hour 17 != 8
[2026-07-15 17:58:19] DEMO_PORTFOLIO_SKIP | LTS890_735 skipped - hour 17 != 14
[2026-07-15 17:58:19] DEMO_PORTFOLIO_SKIP | LTS890_737 skipped - hour 17 != 12
[2026-07-15 17:58:19] DEMO_PORTFOLIO_SKIP | LTS890_738 skipped - hour 17 != 8
[2026-07-15 17:58:19] DEMO_PORTFOLIO_SKIP | LTS890_739 skipped - hour 17 != 14
[2026-07-15 17:58:19] DEMO_PORTFOLIO_SKIP | LTS890_741 skipped - hour 17 != 9
[2026-07-15 17:58:19] DEMO_PORTFOLIO_SKIP | LTS890_742 skipped - hour 17 != 8
[2026-07-15 17:58:19] DEMO_PORTFOLIO_SKIP | LTS890_743 skipped - hour 17 != 14
[2026-07-15 17:58:19] DEMO_PORTFOLIO_SKIP | LTS890_745 skipped - hour 17 != 12
[2026-07-15 17:58:19] DEMO_PORTFOLIO_SKIP | LTS890_746 skipped - hour 17 != 8
[2026-07-15 17:58:19] DEMO_PORTFOLIO_SKIP | LTS890_747 skipped - hour 17 != 14
[2026-07-15 17:58:19] DEMO_PORTFOLIO_SKIP | LTS890_749 skipped - hour 17 != 9
[2026-07-15 17:58:19] DEMO_PORTFOLIO_SKIP | LTS890_750 skipped - hour 17 != 8
[2026-07-15 17:58:19] DEMO_PORTFOLIO_SKIP | LTS890_751 skipped - hour 17 != 14
[2026-07-15 17:58:19] DEMO_PORTFOLIO_SKIP | LTS890_753 skipped - hour 17 != 12
[2026-07-15 17:58:19] DEMO_PORTFOLIO_SKIP | LTS890_754 skipped - hour 17 != 8
[2026-07-15 17:58:20] DEMO_PORTFOLIO_SKIP | LTS890_755 skipped - hour 17 != 14
[2026-07-15 17:58:20] DEMO_PORTFOLIO_SKIP | LTS890_757 skipped - hour 17 != 9
[2026-07-15 17:58:20] DEMO_PORTFOLIO_SKIP | LTS890_758 skipped - hour 17 != 8
[2026-07-15 17:58:20] DEMO_PORTFOLIO_SKIP | LTS890_759 skipped - hour 17 != 14
[2026-07-15 17:58:20] DEMO_PORTFOLIO_SKIP | LTS890_761 skipped - hour 17 != 12
[2026-07-15 17:58:20] DEMO_PORTFOLIO_SKIP | LTS890_762 skipped - hour 17 != 8
[2026-07-15 17:58:20] DEMO_PORTFOLIO_SKIP | LTS890_763 skipped - hour 17 != 14
[2026-07-15 17:58:20] DEMO_PORTFOLIO_SKIP | LTS890_765 skipped - hour 17 != 9
[2026-07-15 17:58:20] DEMO_PORTFOLIO_SKIP | LTS890_766 skipped - hour 17 != 8
[2026-07-15 17:58:20] DEMO_PORTFOLIO_SKIP | LTS890_767 skipped - hour 17 != 14
[2026-07-15 17:58:20] DEMO_PORTFOLIO_SKIP | LTS890_769 skipped - hour 17 != 12
[2026-07-15 17:58:20] DEMO_PORTFOLIO_SKIP | LTS890_770 skipped - hour 17 != 8
[2026-07-15 17:58:20] DEMO_PORTFOLIO_SKIP | LTS890_771 skipped - hour 17 != 14
[2026-07-15 17:58:20] DEMO_PORTFOLIO_SKIP | LTS890_773 skipped - hour 17 != 9
[2026-07-15 17:58:20] DEMO_PORTFOLIO_SKIP | LTS890_774 skipped - hour 17 != 8
[2026-07-15 17:58:20] DEMO_PORTFOLIO_SKIP | LTS890_775 skipped - hour 17 != 14
[2026-07-15 17:58:20] DEMO_PORTFOLIO_SKIP | LTS890_777 skipped - hour 17 != 12
[2026-07-15 17:58:20] DEMO_PORTFOLIO_SKIP | LTS890_778 skipped - hour 17 != 8
[2026-07-15 17:58:20] DEMO_PORTFOLIO_SKIP | LTS890_779 skipped - hour 17 != 14
[2026-07-15 17:58:20] DEMO_PORTFOLIO_SKIP | LTS890_781 skipped - hour 17 != 9
[2026-07-15 17:58:20] DEMO_PORTFOLIO_SKIP | LTS890_782 skipped - hour 17 != 8
[2026-07-15 17:58:20] DEMO_PORTFOLIO_SKIP | LTS890_783 skipped - hour 17 != 14
[2026-07-15 17:58:20] DEMO_PORTFOLIO_SKIP | LTS890_785 skipped - hour 17 != 12
[2026-07-15 17:58:20] DEMO_PORTFOLIO_SKIP | LTS890_786 skipped - hour 17 != 8
[2026-07-15 17:58:20] DEMO_PORTFOLIO_SKIP | LTS890_787 skipped - hour 17 != 14
[2026-07-15 17:58:20] DEMO_PORTFOLIO_SKIP | LTS890_789 skipped - hour 17 != 22
[2026-07-15 17:58:20] DEMO_PORTFOLIO_SKIP | LTS890_790 skipped - hour 17 != 9
[2026-07-15 17:58:20] DEMO_PORTFOLIO_SKIP | LTS890_791 skipped - hour 17 != 8
[2026-07-15 17:58:20] DEMO_PORTFOLIO_SKIP | LTS890_792 skipped - hour 17 != 14
[2026-07-15 17:58:20] DEMO_PORTFOLIO_SKIP | LTS890_794 skipped - hour 17 != 12
[2026-07-15 17:58:20] DEMO_PORTFOLIO_SKIP | LTS890_795 skipped - hour 17 != 8
[2026-07-15 17:58:20] DEMO_PORTFOLIO_SKIP | LTS890_796 skipped - hour 17 != 14
[2026-07-15 17:58:20] DEMO_PORTFOLIO_SKIP | LTS890_798 skipped - hour 17 != 9
[2026-07-15 17:58:20] DEMO_PORTFOLIO_SKIP | LTS890_799 skipped - hour 17 != 8
[2026-07-15 17:58:20] DEMO_PORTFOLIO_SKIP | LTS890_800 skipped - hour 17 != 14
[2026-07-15 17:58:20] DEMO_PORTFOLIO_SKIP | LTS890_802 skipped - hour 17 != 12
[2026-07-15 17:58:20] DEMO_PORTFOLIO_SKIP | LTS890_803 skipped - hour 17 != 8
[2026-07-15 17:58:21] DEMO_PORTFOLIO_SKIP | LTS890_804 skipped - hour 17 != 14
[2026-07-15 17:58:21] DEMO_PORTFOLIO_SKIP | LTS890_806 skipped - hour 17 != 9
[2026-07-15 17:58:21] DEMO_PORTFOLIO_SKIP | LTS890_807 skipped - hour 17 != 8
[2026-07-15 17:58:21] DEMO_PORTFOLIO_SKIP | LTS890_808 skipped - hour 17 != 14
[2026-07-15 17:58:21] DEMO_PORTFOLIO_SKIP | LTS890_810 skipped - hour 17 != 12
[2026-07-15 17:58:21] DEMO_PORTFOLIO_SKIP | LTS890_811 skipped - hour 17 != 8
[2026-07-15 17:58:21] DEMO_PORTFOLIO_SKIP | LTS890_812 skipped - hour 17 != 14
[2026-07-15 17:58:21] DEMO_PORTFOLIO_SKIP | LTS890_814 skipped - hour 17 != 9
[2026-07-15 17:58:21] DEMO_PORTFOLIO_SKIP | LTS890_815 skipped - hour 17 != 8
[2026-07-15 17:58:21] DEMO_PORTFOLIO_SKIP | LTS890_816 skipped - hour 17 != 14
[2026-07-15 17:58:21] DEMO_PORTFOLIO_SKIP | LTS890_818 skipped - hour 17 != 12
[2026-07-15 17:58:21] DEMO_PORTFOLIO_SKIP | LTS890_819 skipped - hour 17 != 8
[2026-07-15 17:58:21] DEMO_PORTFOLIO_SKIP | LTS890_820 skipped - hour 17 != 14
[2026-07-15 17:58:21] DEMO_PORTFOLIO_SKIP | LTS890_822 skipped - hour 17 != 9
[2026-07-15 17:58:21] DEMO_PORTFOLIO_SKIP | LTS890_823 skipped - hour 17 != 8
[2026-07-15 17:58:21] DEMO_PORTFOLIO_SKIP | LTS890_824 skipped - hour 17 != 14
[2026-07-15 17:58:21] DEMO_PORTFOLIO_SKIP | LTS890_826 skipped - hour 17 != 12
[2026-07-15 17:58:21] DEMO_PORTFOLIO_SKIP | LTS890_827 skipped - hour 17 != 8
[2026-07-15 17:58:21] DEMO_PORTFOLIO_SKIP | LTS890_828 skipped - hour 17 != 14
[2026-07-15 17:58:21] DEMO_PORTFOLIO_SKIP | LTS890_830 skipped - hour 17 != 9
[2026-07-15 17:58:21] DEMO_PORTFOLIO_SKIP | LTS890_831 skipped - hour 17 != 8
[2026-07-15 17:58:21] DEMO_PORTFOLIO_SKIP | LTS890_832 skipped - hour 17 != 14
[2026-07-15 17:58:21] DEMO_PORTFOLIO_SKIP | LTS890_834 skipped - hour 17 != 12
[2026-07-15 17:58:21] DEMO_PORTFOLIO_SKIP | LTS890_835 skipped - hour 17 != 8
[2026-07-15 17:58:22] DEMO_PORTFOLIO_SKIP | LTS890_836 skipped - hour 17 != 14
[2026-07-15 17:58:22] DEMO_PORTFOLIO_SKIP | LTS890_838 skipped - hour 17 != 9
[2026-07-15 17:58:22] DEMO_PORTFOLIO_SKIP | LTS890_839 skipped - hour 17 != 8
[2026-07-15 17:58:22] DEMO_PORTFOLIO_SKIP | LTS890_840 skipped - hour 17 != 14
[2026-07-15 17:58:22] DEMO_PORTFOLIO_SKIP | LTS890_842 skipped - hour 17 != 12
[2026-07-15 17:58:22] DEMO_PORTFOLIO_SKIP | LTS890_843 skipped - hour 17 != 8
[2026-07-15 17:58:22] DEMO_PORTFOLIO_SKIP | LTS890_844 skipped - hour 17 != 14
[2026-07-15 17:58:22] DEMO_PORTFOLIO_SKIP | LTS890_846 skipped - hour 17 != 9
[2026-07-15 17:58:22] DEMO_PORTFOLIO_SKIP | LTS890_847 skipped - hour 17 != 8
[2026-07-15 17:58:22] DEMO_PORTFOLIO_SKIP | LTS890_848 skipped - hour 17 != 14
[2026-07-15 17:58:22] DEMO_PORTFOLIO_SKIP | LTS890_850 skipped - hour 17 != 12
[2026-07-15 17:58:22] DEMO_PORTFOLIO_SKIP | LTS890_851 skipped - hour 17 != 8
[2026-07-15 17:58:22] DEMO_PORTFOLIO_SKIP | LTS890_852 skipped - hour 17 != 14
[2026-07-15 17:58:22] DEMO_PORTFOLIO_SKIP | LTS890_854 skipped - hour 17 != 9
[2026-07-15 17:58:22] DEMO_PORTFOLIO_SKIP | LTS890_855 skipped - hour 17 != 8
[2026-07-15 17:58:22] DEMO_PORTFOLIO_SKIP | LTS890_856 skipped - hour 17 != 14
[2026-07-15 17:58:22] DEMO_PORTFOLIO_SKIP | LTS890_858 skipped - hour 17 != 12
[2026-07-15 17:58:22] DEMO_PORTFOLIO_SKIP | LTS890_859 skipped - hour 17 != 8
[2026-07-15 17:58:22] DEMO_PORTFOLIO_SKIP | LTS890_860 skipped - hour 17 != 14
[2026-07-15 17:58:22] DEMO_PORTFOLIO_SKIP | LTS890_862 skipped - hour 17 != 9
[2026-07-15 17:58:22] DEMO_PORTFOLIO_SKIP | LTS890_863 skipped - hour 17 != 8
[2026-07-15 17:58:22] DEMO_PORTFOLIO_SKIP | LTS890_864 skipped - hour 17 != 14
[2026-07-15 17:58:22] DEMO_PORTFOLIO_SKIP | LTS890_866 skipped - hour 17 != 12
[2026-07-15 17:58:22] DEMO_PORTFOLIO_SKIP | LTS890_867 skipped - hour 17 != 8
[2026-07-15 17:58:22] DEMO_PORTFOLIO_SKIP | LTS890_868 skipped - hour 17 != 14
[2026-07-15 17:58:22] DEMO_PORTFOLIO_SKIP | LTS890_870 skipped - hour 17 != 9
[2026-07-15 17:58:22] DEMO_PORTFOLIO_SKIP | LTS890_871 skipped - hour 17 != 8
[2026-07-15 17:58:22] DEMO_PORTFOLIO_SKIP | LTS890_872 skipped - hour 17 != 14
[2026-07-15 17:58:22] DEMO_PORTFOLIO_SKIP | LTS890_874 skipped - hour 17 != 12
[2026-07-15 17:58:22] DEMO_PORTFOLIO_SKIP | LTS890_875 skipped - hour 17 != 8
[2026-07-15 17:58:22] DEMO_PORTFOLIO_SKIP | LTS890_876 skipped - hour 17 != 14
[2026-07-15 17:58:22] DEMO_PORTFOLIO_SKIP | LTS890_878 skipped - hour 17 != 9
[2026-07-15 17:58:22] DEMO_PORTFOLIO_SKIP | LTS890_879 skipped - hour 17 != 8
[2026-07-15 17:58:22] DEMO_PORTFOLIO_SKIP | LTS890_880 skipped - hour 17 != 14
[2026-07-15 17:58:22] DEMO_PORTFOLIO_SKIP | LTS890_882 skipped - hour 17 != 12
[2026-07-15 17:58:22] DEMO_PORTFOLIO_SKIP | LTS890_883 skipped - hour 17 != 8
[2026-07-15 17:58:22] DEMO_PORTFOLIO_SKIP | LTS890_884 skipped - hour 17 != 14
[2026-07-15 17:58:22] DEMO_PORTFOLIO_SKIP | LTS890_886 skipped - hour 17 != 9
[2026-07-15 17:58:22] DEMO_PORTFOLIO_SKIP | LTS890_887 skipped - hour 17 != 8
[2026-07-15 17:58:22] DEMO_PORTFOLIO_SKIP | LTS890_888 skipped - hour 17 != 14
[2026-07-15 17:58:22] DEMO_PORTFOLIO_SKIP | LTS890_890 skipped - hour 17 != 12
[2026-07-15 17:58:22] DEMO_PORTFOLIO_SCAN | XAUUSD.iux done active=LTS890
[2026-07-15 17:58:27] TG_SENT | [AF SIGNAL] *🌌 LTS890 $10K* | Leg: `LTS890_357 INVERSE_S84c28_RD4.0-5.0_H17` | BUY @ market lot `0.42` | SL `4024.13` TP `4032.00` | RD `4.14` H`17` | Weight `x41.599` Scale `1.00` | Ticket: `560677264`
[2026-07-15 17:58:51] SCAN_TF_SLOW | scan_one_tf[D1] ใช้เวลา 2.36s > 2s | tf=D1 | duration=2.36
[2026-07-15 17:58:51] SCAN_SLOW | scan cycle ใช้เวลา 3.45s > 3s | breakdown=sl_tp_hits=0.01s cancel_pending=0.00s engulf_trail_sl=0.00s opposite_order_tp=0.01s entry_candle_quality=0.00s s3_maru_pending=0.01s fvg_pending=0.00s pb_pending=0.00s s12_management=0.01s scan_all_tf=3.39s export_trend_state=0.02s
[2026-07-15 17:59:00] SYMBOL_CHECK | XAUUSD.iux trade_mode=4 xau_open=True | trade_mode=4 | tick_time=1784116740 | bid=4027.87 | ask=4028.01 | tick_ok=True | xau_open=True | current_symbol=XAUUSD.iux | startup=False
[2026-07-15 18:00:02] SCAN_TF_SLOW | scan_one_tf[D1] ใช้เวลา 4.96s > 2s | tf=D1 | duration=4.96
[2026-07-15 18:00:02] SCAN_SLOW | scan cycle ใช้เวลา 5.55s > 3s | breakdown=sl_tp_hits=0.00s cancel_pending=0.00s engulf_trail_sl=0.00s opposite_order_tp=0.00s entry_candle_quality=0.00s s3_maru_pending=0.00s fvg_pending=0.00s pb_pending=0.00s s12_management=0.00s scan_all_tf=5.55s export_trend_state=0.00s
[2026-07-15 18:00:08] SWEEP_RESET | SWEEP_HIGH | tf=M1 | reason=label_changed:HL→LH
[2026-07-15 18:00:08] SWEEP_ACTIVATE | SWEEP_HIGH | tf=M1 | ref_price=4033.00 | sweep_bar=18:14 15-Jul-2026 | confirm_bar=18:14 15-Jul-2026
[2026-07-15 18:00:08] SWEEP_ACTIVATE | SWEEP_LOW | tf=M1 | ref_price=4027.14 | sweep_bar=18:57 15-Jul-2026 | confirm_bar=18:58 15-Jul-2026
[2026-07-15 18:00:22] SCAN_TF_SLOW | scan_one_tf[D1] ใช้เวลา 2.29s > 2s | tf=D1 | duration=2.29
[2026-07-15 18:00:32] SCAN_TF_SLOW | scan_one_tf[M15] ใช้เวลา 2.16s > 2s | tf=M15 | duration=2.16
[2026-07-15 18:00:36] SCAN_TF_SLOW | scan_one_tf[D1] ใช้เวลา 2.81s > 2s | tf=D1 | duration=2.81
[2026-07-15 18:00:36] SCAN_SLOW | scan cycle ใช้เวลา 5.16s > 3s | breakdown=sl_tp_hits=0.00s cancel_pending=0.00s engulf_trail_sl=0.00s opposite_order_tp=0.00s entry_candle_quality=0.00s s3_maru_pending=0.00s fvg_pending=0.00s pb_pending=0.00s s12_management=0.00s scan_all_tf=5.16s export_trend_state=0.00s
[2026-07-15 18:00:59] SYMBOL_CHECK | XAUUSD.iux trade_mode=4 xau_open=True | trade_mode=4 | tick_time=1784116860 | bid=4030.75 | ask=4030.89 | tick_ok=True | xau_open=True | current_symbol=XAUUSD.iux | startup=False
[2026-07-15 18:01:01] SWEEP_RESET | SWEEP_LOW | tf=M1 | reason=label_changed:LH→HL
[2026-07-15 18:01:01] SWEEP_ACTIVATE | SWEEP_HIGH | tf=M1 | ref_price=4032.95 | sweep_bar=18:06 15-Jul-2026 | confirm_bar=18:07 15-Jul-2026
[2026-07-15 18:01:01] SWEEP_ACTIVATE | SWEEP_LOW | tf=M1 | ref_price=4027.14 | sweep_bar=18:57 15-Jul-2026 | confirm_bar=18:58 15-Jul-2026
[2026-07-15 18:02:00] SYMBOL_CHECK | XAUUSD.iux trade_mode=4 xau_open=True | trade_mode=4 | tick_time=1784116920 | bid=4029.0 | ask=4029.14 | tick_ok=True | xau_open=True | current_symbol=XAUUSD.iux | startup=False
[2026-07-15 18:02:13] SCAN_TF_SLOW | scan_one_tf[D1] ใช้เวลา 2.14s > 2s | tf=D1 | duration=2.14
[2026-07-15 18:02:24] SCAN_TF_SLOW | scan_one_tf[D1] ใช้เวลา 2.43s > 2s | tf=D1 | duration=2.43
[2026-07-15 18:02:24] SCAN_SLOW | scan cycle ใช้เวลา 3.18s > 3s | breakdown=sl_tp_hits=0.00s cancel_pending=0.00s engulf_trail_sl=0.00s opposite_order_tp=0.00s entry_candle_quality=0.00s s3_maru_pending=0.00s fvg_pending=0.00s pb_pending=0.00s s12_management=0.00s scan_all_tf=3.16s export_trend_state=0.02s
[2026-07-15 18:02:59] SCAN_TF_SLOW | scan_one_tf[D1] ใช้เวลา 2.87s > 2s | tf=D1 | duration=2.87
[2026-07-15 18:02:59] SCAN_SLOW | scan cycle ใช้เวลา 3.07s > 3s | breakdown=sl_tp_hits=0.00s cancel_pending=0.00s engulf_trail_sl=0.00s opposite_order_tp=0.00s entry_candle_quality=0.00s s3_maru_pending=0.00s fvg_pending=0.00s pb_pending=0.00s s12_management=0.00s scan_all_tf=3.06s export_trend_state=0.01s
[2026-07-15 18:03:00] DEMO_PORTFOLIO_SCAN | XAUUSD.iux open active=LTS890
[2026-07-15 18:03:03] DEMO_PORTFOLIO_SCAN | XAUUSD.iux done active=LTS890
[2026-07-15 18:03:24] SCAN_TF_SLOW | scan_one_tf[D1] ใช้เวลา 2.29s > 2s | tf=D1 | duration=2.29
[2026-07-15 18:03:59] SYMBOL_CHECK | XAUUSD.iux trade_mode=4 xau_open=True | trade_mode=4 | tick_time=1784117040 | bid=4029.89 | ask=4030.03 | tick_ok=True | xau_open=True | current_symbol=XAUUSD.iux | startup=False
[2026-07-15 18:04:59] SYMBOL_CHECK | XAUUSD.iux trade_mode=4 xau_open=True | trade_mode=4 | tick_time=1784117100 | bid=4029.07 | ask=4029.21 | tick_ok=True | xau_open=True | current_symbol=XAUUSD.iux | startup=False
[2026-07-15 18:05:39] SCAN_TF_SLOW | scan_one_tf[D1] ใช้เวลา 2.27s > 2s | tf=D1 | duration=2.27
[2026-07-15 18:05:40] SCAN_SLOW | scan cycle ใช้เวลา 4.62s > 3s | breakdown=sl_tp_hits=0.00s cancel_pending=0.00s engulf_trail_sl=0.00s opposite_order_tp=0.00s entry_candle_quality=0.00s s3_maru_pending=0.00s fvg_pending=0.00s pb_pending=0.00s s12_management=0.00s scan_all_tf=3.49s export_trend_state=1.13s
[2026-07-15 18:06:00] SYMBOL_CHECK | XAUUSD.iux trade_mode=4 xau_open=True | trade_mode=4 | tick_time=1784117160 | bid=4030.94 | ask=4031.08 | tick_ok=True | xau_open=True | current_symbol=XAUUSD.iux | startup=False
[2026-07-15 18:06:03] SWEEP_RESET | SWEEP_LOW | tf=M1 | reason=label_changed:HL→LH
[2026-07-15 18:06:03] SWEEP_ACTIVATE | SWEEP_HIGH | tf=M1 | ref_price=4033.00 | sweep_bar=18:14 15-Jul-2026 | confirm_bar=18:14 15-Jul-2026
[2026-07-15 18:06:03] SWEEP_ACTIVATE | SWEEP_LOW | tf=M1 | ref_price=4027.14 | sweep_bar=18:57 15-Jul-2026 | confirm_bar=18:58 15-Jul-2026
[2026-07-15 18:06:30] SCAN_TF_SLOW | scan_one_tf[D1] ใช้เวลา 2.14s > 2s | tf=D1 | duration=2.14
[2026-07-15 18:07:00] SYMBOL_CHECK | XAUUSD.iux trade_mode=4 xau_open=True | trade_mode=4 | tick_time=1784117220 | bid=4030.01 | ask=4030.15 | tick_ok=True | xau_open=True | current_symbol=XAUUSD.iux | startup=False
[2026-07-15 18:07:03] SWEEP_RESET | SWEEP_LOW | tf=M1 | reason=label_changed:LH→HL
[2026-07-15 18:07:03] SWEEP_ACTIVATE | SWEEP_HIGH | tf=M1 | ref_price=4032.95 | sweep_bar=18:06 15-Jul-2026 | confirm_bar=18:07 15-Jul-2026
[2026-07-15 18:07:03] SWEEP_ACTIVATE | SWEEP_LOW | tf=M1 | ref_price=4027.14 | sweep_bar=18:57 15-Jul-2026 | confirm_bar=18:58 15-Jul-2026
[2026-07-15 18:07:33] SCAN_SLOW | scan cycle ใช้เวลา 3.51s > 3s | breakdown=sl_tp_hits=0.00s cancel_pending=0.00s engulf_trail_sl=0.00s opposite_order_tp=0.00s entry_candle_quality=0.00s s3_maru_pending=0.00s fvg_pending=0.00s pb_pending=0.00s s12_management=0.00s scan_all_tf=3.50s export_trend_state=0.01s
[2026-07-15 18:07:59] SYMBOL_CHECK | XAUUSD.iux trade_mode=4 xau_open=True | trade_mode=4 | tick_time=1784117279 | bid=4028.92 | ask=4029.06 | tick_ok=True | xau_open=True | current_symbol=XAUUSD.iux | startup=False
[2026-07-15 18:07:59] DEMO_PORTFOLIO_SCAN | XAUUSD.iux open active=LTS890
[2026-07-15 18:08:00] DEMO_PORTFOLIO_SCAN | XAUUSD.iux done active=LTS890
[2026-07-15 18:08:59] SYMBOL_CHECK | XAUUSD.iux trade_mode=4 xau_open=True | trade_mode=4 | tick_time=1784117340 | bid=4029.53 | ask=4029.67 | tick_ok=True | xau_open=True | current_symbol=XAUUSD.iux | startup=False
[2026-07-15 18:09:59] SYMBOL_CHECK | XAUUSD.iux trade_mode=4 xau_open=True | trade_mode=4 | tick_time=1784117400 | bid=4031.3 | ask=4031.44 | tick_ok=True | xau_open=True | current_symbol=XAUUSD.iux | startup=False
[2026-07-15 18:11:00] SYMBOL_CHECK | XAUUSD.iux trade_mode=4 xau_open=True | trade_mode=4 | tick_time=1784117459 | bid=4030.92 | ask=4031.06 | tick_ok=True | xau_open=True | current_symbol=XAUUSD.iux | startup=False
[2026-07-15 18:11:24] POSITION_CLOSED | 🎯 TP Hit | ticket=560677264 | side=BUY | symbol=XAUUSD.iux | tf=M15 | sid=21 | pattern=- | trend_filter=- | open_price=4027.86 | close_price=4032.0 | sl=4024.13 | tp=4032.0 | profit=173.88 | reason=[tp 4032.00] | close_time=18:11:24 15/07/2026
[2026-07-15 18:11:25] TG_SENT | 🟢 *🎯 TP Hit* | ━━━━━━━━━━━━━━━━━ | 📊 TF: M15 | 📊 BUY XAUUSD.iux | 📌 เปิด: `4027.86` | 📌 ปิด: `4032.0` | 🛑 SL: `4024.13` | 🎯 TP: `4032.0` | 💬 เหตุผล: `[tp 4032.00]` | 💰 P/L: `173.88` USD | 🔖 Ticket: `560677264` | 🕐 Close Time: `18:11:24 15/07/2026`
[2026-07-15 18:11:59] SYMBOL_CHECK | XAUUSD.iux trade_mode=4 xau_open=True | trade_mode=4 | tick_time=1784117520 | bid=4032.05 | ask=4032.19 | tick_ok=True | xau_open=True | current_symbol=XAUUSD.iux | startup=False
[2026-07-15 18:12:07] SCAN_TF_SLOW | scan_one_tf[D1] ใช้เวลา 2.02s > 2s | tf=D1 | duration=2.02
[2026-07-15 18:13:00] SYMBOL_CHECK | XAUUSD.iux trade_mode=4 xau_open=True | trade_mode=4 | tick_time=1784117580 | bid=4031.83 | ask=4031.97 | tick_ok=True | xau_open=True | current_symbol=XAUUSD.iux | startup=False
[2026-07-15 18:13:00] DEMO_PORTFOLIO_SCAN | XAUUSD.iux open active=LTS890
[2026-07-15 18:13:01] DEMO_PORTFOLIO_SCAN | XAUUSD.iux done active=LTS890
[2026-07-15 18:13:59] SYMBOL_CHECK | XAUUSD.iux trade_mode=4 xau_open=True | trade_mode=4 | tick_time=1784117640 | bid=4031.73 | ask=4031.87 | tick_ok=True | xau_open=True | current_symbol=XAUUSD.iux | startup=False
[2026-07-15 18:14:38] SCAN_TF_SLOW | scan_one_tf[D1] ใช้เวลา 2.31s > 2s | tf=D1 | duration=2.31
