[2026-07-08 14:00:08] Supervisor started (profile='demo-iux-2101183587', stale=180 s, check=30 s, grace=90 s, python='C:\Users\Copter\AppData\Local\hermes\hermes-agent\venv\Scripts\python.exe')
[2026-07-08 14:00:08] Launching: C:\Users\Copter\AppData\Local\hermes\hermes-agent\venv\Scripts\python.exe main.py
[2026-07-08 14:00:08] main.py running (pid=11748)
[2026-07-08 14:04:42] WARN: lock file ค้างจาก pid=22564 (ตายไปแล้ว) — เคลียร์แล้วรันต่อ
[2026-07-08 14:04:44] Supervisor started (profile='demo-iux-2101183587', stale=180 s, check=30 s, grace=90 s, python='C:\Users\Copter\AppData\Local\hermes\hermes-agent\venv\Scripts\python.exe')
[2026-07-08 14:04:44] Launching: C:\Users\Copter\AppData\Local\hermes\hermes-agent\venv\Scripts\python.exe main.py
[2026-07-08 14:04:44] main.py running (pid=14668)
[2026-07-08 14:08:50] WARN: lock file ค้างจาก pid=39672 (ตายไปแล้ว) — เคลียร์แล้วรันต่อ
[2026-07-08 14:08:52] Supervisor started (profile='demo-iux-2101183587', stale=180 s, check=30 s, grace=90 s, python='C:\Users\Copter\AppData\Local\hermes\hermes-agent\venv\Scripts\python.exe')
[2026-07-08 14:08:52] Launching: C:\Users\Copter\AppData\Local\hermes\hermes-agent\venv\Scripts\python.exe main.py
[2026-07-08 14:08:52] main.py running (pid=18428)
[2026-07-08 18:26:14] WARN: lock file ค้างจาก pid=37108 (ตายไปแล้ว) — เคลียร์แล้วรันต่อ
[2026-07-08 18:26:14] Supervisor started (profile='demo-iux-2101183587', stale=180 s, check=30 s, grace=90 s, python='C:\Users\Copter\AppData\Local\hermes\hermes-agent\venv\Scripts\python.exe')
[2026-07-08 18:26:14] Launching: C:\Users\Copter\AppData\Local\hermes\hermes-agent\venv\Scripts\python.exe main.py
[2026-07-08 18:26:14] main.py running (pid=48628)
[2026-07-09 16:05:23] WARN: lock file ค้างจาก pid=6736 (ตายไปแล้ว) — เคลียร์แล้วรันต่อ
[2026-07-09 16:05:25] Supervisor started (profile='demo-iux-2101183587', stale=180 s, check=30 s, grace=90 s, python='C:\Users\Administrator\AppData\Local\Programs\Python\Python313\python.exe')
[2026-07-09 16:05:25] Launching: C:\Users\Administrator\AppData\Local\Programs\Python\Python313\python.exe main.py
[2026-07-09 16:05:25] main.py running (pid=4348)
[2026-07-09 16:09:16] STALL: heartbeat age=198s > 180s (loop hang) -> kill pid=4348 + restart
[2026-07-09 16:09:44] Restarting in 5 s ...
[2026-07-09 16:09:57] Launching: C:\Users\Administrator\AppData\Local\Programs\Python\Python313\python.exe main.py
[2026-07-09 16:10:00] main.py running (pid=5684)
[2026-07-09 16:14:39] STALL: heartbeat age=204s > 180s (loop hang) -> kill pid=5684 + restart
[2026-07-09 16:14:39] Restarting in 5 s ...
[2026-07-09 16:14:45] Launching: C:\Users\Administrator\AppData\Local\Programs\Python\Python313\python.exe main.py
[2026-07-09 16:14:45] main.py running (pid=6188)
[2026-07-09 22:18:03] STALL: heartbeat age=208s > 180s (loop hang) -> kill pid=6188 + restart
[2026-07-09 22:18:25] Restarting in 5 s ...
[2026-07-09 22:18:35] Launching: C:\Users\Administrator\AppData\Local\Programs\Python\Python313\python.exe main.py
[2026-07-09 22:18:44] main.py running (pid=6672)
[2026-07-09 22:49:35] WARN: lock file ค้างจาก pid=3868 (ตายไปแล้ว) — เคลียร์แล้วรันต่อ
[2026-07-09 22:49:44] Supervisor started (profile='demo-iux-2101183587', stale=180 s, check=30 s, grace=90 s, python='C:\Users\Administrator\AppData\Local\Programs\Python\Python313\python.exe')
[2026-07-09 22:49:44] Launching: C:\Users\Administrator\AppData\Local\Programs\Python\Python313\python.exe main.py
[2026-07-09 22:49:44] main.py running (pid=2892)
