Timeout (0:02:30)!
Thread 0x0000049c (most recent call first):
  File "C:\Users\Administrator\AppData\Local\Programs\Python\Python313\Lib\concurrent\futures\thread.py", line 90 in _worker
  File "C:\Users\Administrator\AppData\Local\Programs\Python\Python313\Lib\threading.py", line 995 in run
  File "C:\Users\Administrator\AppData\Local\Programs\Python\Python313\Lib\threading.py", line 1044 in _bootstrap_inner
  File "C:\Users\Administrator\AppData\Local\Programs\Python\Python313\Lib\threading.py", line 1015 in _bootstrap

Thread 0x00000f08 (most recent call first):
  File "C:\Users\Administrator\AppData\Local\Programs\Python\Python313\Lib\concurrent\futures\thread.py", line 90 in _worker
  File "C:\Users\Administrator\AppData\Local\Programs\Python\Python313\Lib\threading.py", line 995 in run
  File "C:\Users\Administrator\AppData\Local\Programs\Python\Python313\Lib\threading.py", line 1044 in _bootstrap_inner
  File "C:\Users\Administrator\AppData\Local\Programs\Python\Python313\Lib\threading.py", line 1015 in _bootstrap

Thread 0x00000348 (most recent call first):
  File "C:\Users\Administrator\AppData\Local\Programs\Python\Python313\Lib\threading.py", line 359 in wait
  File "C:\Users\Administrator\AppData\Local\Programs\Python\Python313\Lib\queue.py", line 199 in get
  File "C:\Users\Administrator\Documents\GitHub\Copter01_AI_Bot_2\mt5_worker.py", line 55 in _worker_loop
  File "C:\Users\Administrator\AppData\Local\Programs\Python\Python313\Lib\threading.py", line 995 in run
  File "C:\Users\Administrator\AppData\Local\Programs\Python\Python313\Lib\threading.py", line 1044 in _bootstrap_inner
  File "C:\Users\Administrator\AppData\Local\Programs\Python\Python313\Lib\threading.py", line 1015 in _bootstrap

Thread 0x000008cc (most recent call first):
  File "C:\Users\Administrator\AppData\Local\Programs\Python\Python313\Lib\asyncio\windows_events.py", line 775 in _poll
  File "C:\Users\Administrator\AppData\Local\Programs\Python\Python313\Lib\asyncio\windows_events.py", line 446 in select
  File "C:\Users\Administrator\AppData\Local\Programs\Python\Python313\Lib\asyncio\base_events.py", line 2012 in _run_once
  File "C:\Users\Administrator\AppData\Local\Programs\Python\Python313\Lib\asyncio\base_events.py", line 683 in run_forever
  File "C:\Users\Administrator\AppData\Local\Programs\Python\Python313\Lib\site-packages\telegram\ext\_application.py", line 1062 in __run
  File "C:\Users\Administrator\AppData\Local\Programs\Python\Python313\Lib\site-packages\telegram\ext\_application.py", line 839 in run_polling
  File "C:\Users\Administrator\Documents\GitHub\Copter01_AI_Bot_2\main.py", line 822 in main
  File "C:\Users\Administrator\Documents\GitHub\Copter01_AI_Bot_2\main.py", line 830 in <module>
Timeout (0:02:30)!
Thread 0x00001934 (most recent call first):
  File "C:\Users\Administrator\AppData\Local\Programs\Python\Python313\Lib\concurrent\futures\thread.py", line 90 in _worker
  File "C:\Users\Administrator\AppData\Local\Programs\Python\Python313\Lib\threading.py", line 995 in run
  File "C:\Users\Administrator\AppData\Local\Programs\Python\Python313\Lib\threading.py", line 1044 in _bootstrap_inner
  File "C:\Users\Administrator\AppData\Local\Programs\Python\Python313\Lib\threading.py", line 1015 in _bootstrap

Thread 0x00001810 (most recent call first):
  File "C:\Users\Administrator\AppData\Local\Programs\Python\Python313\Lib\concurrent\futures\thread.py", line 90 in _worker
  File "C:\Users\Administrator\AppData\Local\Programs\Python\Python313\Lib\threading.py", line 995 in run
  File "C:\Users\Administrator\AppData\Local\Programs\Python\Python313\Lib\threading.py", line 1044 in _bootstrap_inner
  File "C:\Users\Administrator\AppData\Local\Programs\Python\Python313\Lib\threading.py", line 1015 in _bootstrap

Thread 0x00000ab0 (most recent call first):
  File "C:\Users\Administrator\AppData\Local\Programs\Python\Python313\Lib\threading.py", line 359 in wait
  File "C:\Users\Administrator\AppData\Local\Programs\Python\Python313\Lib\queue.py", line 199 in get
  File "C:\Users\Administrator\Documents\GitHub\Copter01_AI_Bot_2\mt5_worker.py", line 55 in _worker_loop
  File "C:\Users\Administrator\AppData\Local\Programs\Python\Python313\Lib\threading.py", line 995 in run
  File "C:\Users\Administrator\AppData\Local\Programs\Python\Python313\Lib\threading.py", line 1044 in _bootstrap_inner
  File "C:\Users\Administrator\AppData\Local\Programs\Python\Python313\Lib\threading.py", line 1015 in _bootstrap

Thread 0x0000133c (most recent call first):
  File "C:\Users\Administrator\AppData\Local\Programs\Python\Python313\Lib\threading.py", line 363 in wait
  File "C:\Users\Administrator\AppData\Local\Programs\Python\Python313\Lib\concurrent\futures\_base.py", line 451 in result
  File "C:\Users\Administrator\Documents\GitHub\Copter01_AI_Bot_2\mt5_worker.py", line 92 in _call
  File "C:\Users\Administrator\Documents\GitHub\Copter01_AI_Bot_2\mt5_worker.py", line 164 in copy_rates_range
  File "C:\Users\Administrator\Documents\GitHub\Copter01_AI_Bot_2\sweep_filter.py", line 177 in _get_htf_bar
  File "C:\Users\Administrator\Documents\GitHub\Copter01_AI_Bot_2\sweep_filter.py", line 531 in _detect_both
  File "C:\Users\Administrator\Documents\GitHub\Copter01_AI_Bot_2\sweep_filter.py", line 713 in check_and_update
  File "C:\Users\Administrator\Documents\GitHub\Copter01_AI_Bot_2\scanner.py", line 2831 in scan_one_tf
  File "C:\Users\Administrator\Documents\GitHub\Copter01_AI_Bot_2\scanner.py", line 2164 in _timed_scan_one_tf
  File "C:\Users\Administrator\AppData\Local\Programs\Python\Python313\Lib\asyncio\events.py", line 89 in _run
  File "C:\Users\Administrator\AppData\Local\Programs\Python\Python313\Lib\asyncio\base_events.py", line 2050 in _run_once
  File "C:\Users\Administrator\AppData\Local\Programs\Python\Python313\Lib\asyncio\base_events.py", line 683 in run_forever
  File "C:\Users\Administrator\AppData\Local\Programs\Python\Python313\Lib\site-packages\telegram\ext\_application.py", line 1062 in __run
  File "C:\Users\Administrator\AppData\Local\Programs\Python\Python313\Lib\site-packages\telegram\ext\_application.py", line 839 in run_polling
  File "C:\Users\Administrator\Documents\GitHub\Copter01_AI_Bot_2\main.py", line 822 in main
  File "C:\Users\Administrator\Documents\GitHub\Copter01_AI_Bot_2\main.py", line 830 in <module>
Timeout (0:02:30)!
Thread 0x000006f8 (most recent call first):
  File "C:\Users\Administrator\AppData\Local\Programs\Python\Python313\Lib\concurrent\futures\thread.py", line 90 in _worker
  File "C:\Users\Administrator\AppData\Local\Programs\Python\Python313\Lib\threading.py", line 995 in run
  File "C:\Users\Administrator\AppData\Local\Programs\Python\Python313\Lib\threading.py", line 1044 in _bootstrap_inner
  File "C:\Users\Administrator\AppData\Local\Programs\Python\Python313\Lib\threading.py", line 1015 in _bootstrap

Thread 0x00001088 (most recent call first):
  File "C:\Users\Administrator\AppData\Local\Programs\Python\Python313\Lib\threading.py", line 359 in wait
  File "C:\Users\Administrator\AppData\Local\Programs\Python\Python313\Lib\queue.py", line 199 in get
  File "C:\Users\Administrator\Documents\GitHub\Copter01_AI_Bot_2\mt5_worker.py", line 55 in _worker_loop
  File "C:\Users\Administrator\AppData\Local\Programs\Python\Python313\Lib\threading.py", line 995 in run
  File "C:\Users\Administrator\AppData\Local\Programs\Python\Python313\Lib\threading.py", line 1044 in _bootstrap_inner
  File "C:\Users\Administrator\AppData\Local\Programs\Python\Python313\Lib\threading.py", line 1015 in _bootstrap

Thread 0x00001070 (most recent call first):
  File "C:\Users\Administrator\AppData\Local\Programs\Python\Python313\Lib\threading.py", line 363 in wait
  File "C:\Users\Administrator\AppData\Local\Programs\Python\Python313\Lib\concurrent\futures\_base.py", line 451 in result
  File "C:\Users\Administrator\Documents\GitHub\Copter01_AI_Bot_2\mt5_worker.py", line 92 in _call
  File "C:\Users\Administrator\Documents\GitHub\Copter01_AI_Bot_2\mt5_worker.py", line 164 in copy_rates_range
  File "C:\Users\Administrator\Documents\GitHub\Copter01_AI_Bot_2\sweep_filter.py", line 177 in _get_htf_bar
  File "C:\Users\Administrator\Documents\GitHub\Copter01_AI_Bot_2\sweep_filter.py", line 444 in _detect_both
  File "C:\Users\Administrator\Documents\GitHub\Copter01_AI_Bot_2\sweep_filter.py", line 713 in check_and_update
  File "C:\Users\Administrator\Documents\GitHub\Copter01_AI_Bot_2\scanner.py", line 2839 in scan_one_tf
  File "C:\Users\Administrator\Documents\GitHub\Copter01_AI_Bot_2\scanner.py", line 2164 in _timed_scan_one_tf
  File "C:\Users\Administrator\AppData\Local\Programs\Python\Python313\Lib\asyncio\events.py", line 89 in _run
  File "C:\Users\Administrator\AppData\Local\Programs\Python\Python313\Lib\asyncio\base_events.py", line 2050 in _run_once
  File "C:\Users\Administrator\AppData\Local\Programs\Python\Python313\Lib\asyncio\base_events.py", line 683 in run_forever
  File "C:\Users\Administrator\AppData\Local\Programs\Python\Python313\Lib\site-packages\telegram\ext\_application.py", line 1062 in __run
  File "C:\Users\Administrator\AppData\Local\Programs\Python\Python313\Lib\site-packages\telegram\ext\_application.py", line 839 in run_polling
  File "C:\Users\Administrator\Documents\GitHub\Copter01_AI_Bot_2\main.py", line 822 in main
  File "C:\Users\Administrator\Documents\GitHub\Copter01_AI_Bot_2\main.py", line 830 in <module>
Timeout (0:02:30)!
<freed thread state>
Timeout (0:02:30)!
Thread 0x0000157c (most recent call first):
  File "C:\Users\Administrator\AppData\Local\Programs\Python\Python313\Lib\concurrent\futures\thread.py", line 90 in _worker
  File "C:\Users\Administrator\AppData\Local\Programs\Python\Python313\Lib\threading.py", line 995 in run
  File "C:\Users\Administrator\AppData\Local\Programs\Python\Python313\Lib\threading.py", line 1044 in _bootstrap_inner
  File "C:\Users\Administrator\AppData\Local\Programs\Python\Python313\Lib\threading.py", line 1015 in _bootstrap

Thread 0x00000240 (most recent call first):
  File "C:\Users\Administrator\AppData\Local\Programs\Python\Python313\Lib\concurrent\futures\thread.py", line 90 in _worker
  File "C:\Users\Administrator\AppData\Local\Programs\Python\Python313\Lib\threading.py", line 995 in run
  File "C:\Users\Administrator\AppData\Local\Programs\Python\Python313\Lib\threading.py", line 1044 in _bootstrap_inner
  File "C:\Users\Administrator\AppData\Local\Programs\Python\Python313\Lib\threading.py", line 1015 in _bootstrap

Thread 0x000007fc (most recent call first):
  File "C:\Users\Administrator\AppData\Local\Programs\Python\Python313\Lib\threading.py", line 359 in wait
  File "C:\Users\Administrator\AppData\Local\Programs\Python\Python313\Lib\queue.py", line 199 in get
  File "C:\Users\Administrator\Desktop\Copter01_AI_Bot_2\mt5_worker.py", line 55 in _worker_loop
  File "C:\Users\Administrator\AppData\Local\Programs\Python\Python313\Lib\threading.py", line 995 in run
  File "C:\Users\Administrator\AppData\Local\Programs\Python\Python313\Lib\threading.py", line 1044 in _bootstrap_inner
  File "C:\Users\Administrator\AppData\Local\Programs\Python\Python313\Lib\threading.py", line 1015 in _bootstrap

Thread 0x0000127c (most recent call first):
  File "C:\Users\Administrator\Desktop\Copter01_AI_Bot_2\bot_log.py", line 409 in emit
  File "C:\Users\Administrator\AppData\Local\Programs\Python\Python313\Lib\logging\__init__.py", line 1027 in handle
  File "C:\Users\Administrator\AppData\Local\Programs\Python\Python313\Lib\logging\__init__.py", line 1737 in callHandlers
  File "C:\Users\Administrator\AppData\Local\Programs\Python\Python313\Lib\logging\__init__.py", line 1681 in handle
  File "C:\Users\Administrator\AppData\Local\Programs\Python\Python313\Lib\logging\__init__.py", line 1665 in _log
  File "C:\Users\Administrator\AppData\Local\Programs\Python\Python313\Lib\logging\__init__.py", line 1520 in info
  File "C:\Users\Administrator\AppData\Local\Programs\Python\Python313\Lib\site-packages\apscheduler\executors\base.py", line 203 in run_coroutine_job
  File "C:\Users\Administrator\AppData\Local\Programs\Python\Python313\Lib\asyncio\events.py", line 89 in _run
  File "C:\Users\Administrator\AppData\Local\Programs\Python\Python313\Lib\asyncio\base_events.py", line 2050 in _run_once
  File "C:\Users\Administrator\AppData\Local\Programs\Python\Python313\Lib\asyncio\base_events.py", line 683 in run_forever
  File "C:\Users\Administrator\AppData\Local\Programs\Python\Python313\Lib\site-packages\telegram\ext\_application.py", line 1062 in __run
  File "C:\Users\Administrator\AppData\Local\Programs\Python\Python313\Lib\site-packages\telegram\ext\_application.py", line 839 in run_polling
  File "C:\Users\Administrator\Desktop\Copter01_AI_Bot_2\main.py", line 822 in main
  File "C:\Users\Administrator\Desktop\Copter01_AI_Bot_2\main.py", line 830 in <module>
Timeout (0:02:30)!
Thread 0x0000051c (most recent call first):
  File "C:\Users\Administrator\AppData\Local\Programs\Python\Python313\Lib\concurrent\futures\thread.py", line 90 in _worker
  File "C:\Users\Administrator\AppData\Local\Programs\Python\Python313\Lib\threading.py", line 995 in run
  File "C:\Users\Administrator\AppData\Local\Programs\Python\Python313\Lib\threading.py", line 1044 in _bootstrap_inner
  File "C:\Users\Administrator\AppData\Local\Programs\Python\Python313\Lib\threading.py", line 1015 in _bootstrap

Thread 0x000016c4 (most recent call first):
  File "C:\Users\Administrator\AppData\Local\Programs\Python\Python313\Lib\threading.py", line 359 in wait
  File "C:\Users\Administrator\AppData\Local\Programs\Python\Python313\Lib\queue.py", line 199 in get
  File "C:\Users\Administrator\Desktop\Copter01_AI_Bot_2\mt5_worker.py", line 55 in _worker_loop
  File "C:\Users\Administrator\AppData\Local\Programs\Python\Python313\Lib\threading.py", line 995 in run
  File "C:\Users\Administrator\AppData\Local\Programs\Python\Python313\Lib\threading.py", line 1044 in _bootstrap_inner
  File "C:\Users\Administrator\AppData\Local\Programs\Python\Python313\Lib\threading.py", line 1015 in _bootstrap

Thread 0x000003a0 (most recent call first):
  File "C:\Users\Administrator\Desktop\Copter01_AI_Bot_2\bot_log.py", line 479 in _write_line_with_retry
  File "C:\Users\Administrator\Desktop\Copter01_AI_Bot_2\bot_log.py", line 512 in log_event
  File "C:\Users\Administrator\Desktop\Copter01_AI_Bot_2\scanner.py", line 2168 in _timed_scan_one_tf
  File "C:\Users\Administrator\AppData\Local\Programs\Python\Python313\Lib\asyncio\events.py", line 89 in _run
  File "C:\Users\Administrator\AppData\Local\Programs\Python\Python313\Lib\asyncio\base_events.py", line 2050 in _run_once
  File "C:\Users\Administrator\AppData\Local\Programs\Python\Python313\Lib\asyncio\base_events.py", line 683 in run_forever
  File "C:\Users\Administrator\AppData\Local\Programs\Python\Python313\Lib\site-packages\telegram\ext\_application.py", line 1062 in __run
  File "C:\Users\Administrator\AppData\Local\Programs\Python\Python313\Lib\site-packages\telegram\ext\_application.py", line 839 in run_polling
  File "C:\Users\Administrator\Desktop\Copter01_AI_Bot_2\main.py", line 822 in main
  File "C:\Users\Administrator\Desktop\Copter01_AI_Bot_2\main.py", line 830 in <module>
Timeout (0:02:30)!
<freed thread state>
Timeout (0:02:30)!
Thread 0x000016dc (most recent call first):
  File "C:\Users\Administrator\AppData\Local\Programs\Python\Python313\Lib\concurrent\futures\thread.py", line 90 in _worker
  File "C:\Users\Administrator\AppData\Local\Programs\Python\Python313\Lib\threading.py", line 995 in run
  File "C:\Users\Administrator\AppData\Local\Programs\Python\Python313\Lib\threading.py", line 1044 in _bootstrap_inner
  File "C:\Users\Administrator\AppData\Local\Programs\Python\Python313\Lib\threading.py", line 1015 in _bootstrap

Thread 0x00001630 (most recent call first):
  File "C:\Users\Administrator\AppData\Local\Programs\Python\Python313\Lib\concurrent\futures\thread.py", line 90 in _worker
  File "C:\Users\Administrator\AppData\Local\Programs\Python\Python313\Lib\threading.py", line 995 in run
  File "C:\Users\Administrator\AppData\Local\Programs\Python\Python313\Lib\threading.py", line 1044 in _bootstrap_inner
  File "C:\Users\Administrator\AppData\Local\Programs\Python\Python313\Lib\threading.py", line 1015 in _bootstrap

Thread 0x00001620 (most recent call first):
  File "C:\Users\Administrator\AppData\Local\Programs\Python\Python313\Lib\threading.py", line 359 in wait
  File "C:\Users\Administrator\AppData\Local\Programs\Python\Python313\Lib\queue.py", line 199 in get
  File "C:\Users\Administrator\Desktop\Copter01_AI_Bot_2\mt5_worker.py", line 55 in _worker_loop
  File "C:\Users\Administrator\AppData\Local\Programs\Python\Python313\Lib\threading.py", line 995 in run
  File "C:\Users\Administrator\AppData\Local\Programs\Python\Python313\Lib\threading.py", line 1044 in _bootstrap_inner
  File "C:\Users\Administrator\AppData\Local\Programs\Python\Python313\Lib\threading.py", line 1015 in _bootstrap

Thread 0x000015f8 (most recent call first):
  File "C:\Users\Administrator\AppData\Local\Programs\Python\Python313\Lib\threading.py", line 363 in wait
  File "C:\Users\Administrator\AppData\Local\Programs\Python\Python313\Lib\concurrent\futures\_base.py", line 451 in result
  File "C:\Users\Administrator\Desktop\Copter01_AI_Bot_2\mt5_worker.py", line 92 in _call
  File "C:\Users\Administrator\Desktop\Copter01_AI_Bot_2\mt5_worker.py", line 164 in copy_rates_range
  File "C:\Users\Administrator\Desktop\Copter01_AI_Bot_2\sweep_filter.py", line 177 in _get_htf_bar
  File "C:\Users\Administrator\Desktop\Copter01_AI_Bot_2\sweep_filter.py", line 444 in _detect_both
  File "C:\Users\Administrator\Desktop\Copter01_AI_Bot_2\sweep_filter.py", line 713 in check_and_update
  File "C:\Users\Administrator\Desktop\Copter01_AI_Bot_2\scanner.py", line 2839 in scan_one_tf
  File "C:\Users\Administrator\Desktop\Copter01_AI_Bot_2\scanner.py", line 2164 in _timed_scan_one_tf
  File "C:\Users\Administrator\AppData\Local\Programs\Python\Python313\Lib\asyncio\events.py", line 89 in _run
  File "C:\Users\Administrator\AppData\Local\Programs\Python\Python313\Lib\asyncio\base_events.py", line 2050 in _run_once
  File "C:\Users\Administrator\AppData\Local\Programs\Python\Python313\Lib\asyncio\base_events.py", line 683 in run_forever
  File "C:\Users\Administrator\AppData\Local\Programs\Python\Python313\Lib\site-packages\telegram\ext\_application.py", line 1062 in __run
  File "C:\Users\Administrator\AppData\Local\Programs\Python\Python313\Lib\site-packages\telegram\ext\_application.py", line 839 in run_polling
  File "C:\Users\Administrator\Desktop\Copter01_AI_Bot_2\main.py", line 822 in main
  File "C:\Users\Administrator\Desktop\Copter01_AI_Bot_2\main.py", line 830 in <module>
Timeout (0:02:30)!
Thread 0x00001040 (most recent call first):
  File "C:\Users\Administrator\AppData\Local\Programs\Python\Python313\Lib\concurrent\futures\thread.py", line 90 in _worker
  File "C:\Users\Administrator\AppData\Local\Programs\Python\Python313\Lib\threading.py", line 995 in run
  File "C:\Users\Administrator\AppData\Local\Programs\Python\Python313\Lib\threading.py", line 1044 in _bootstrap_inner
  File "C:\Users\Administrator\AppData\Local\Programs\Python\Python313\Lib\threading.py", line 1015 in _bootstrap

Thread 0x00000378 (most recent call first):
  File "C:\Users\Administrator\AppData\Local\Programs\Python\Python313\Lib\concurrent\futures\thread.py", line 90 in _worker
  File "C:\Users\Administrator\AppData\Local\Programs\Python\Python313\Lib\threading.py", line 995 in run
  File "C:\Users\Administrator\AppData\Local\Programs\Python\Python313\Lib\threading.py", line 1044 in _bootstrap_inner
  File "C:\Users\Administrator\AppData\Local\Programs\Python\Python313\Lib\threading.py", line 1015 in _bootstrap

Thread 0x000013f4 (most recent call first):
  File "C:\Users\Administrator\AppData\Local\Programs\Python\Python313\Lib\threading.py", line 359 in wait
  File "C:\Users\Administrator\AppData\Local\Programs\Python\Python313\Lib\queue.py", line 199 in get
  File "C:\Users\Administrator\Desktop\Copter01_AI_Bot_2\mt5_worker.py", line 55 in _worker_loop
  File "C:\Users\Administrator\AppData\Local\Programs\Python\Python313\Lib\threading.py", line 995 in run
  File "C:\Users\Administrator\AppData\Local\Programs\Python\Python313\Lib\threading.py", line 1044 in _bootstrap_inner
  File "C:\Users\Administrator\AppData\Local\Programs\Python\Python313\Lib\threading.py", line 1015 in _bootstrap

Thread 0x00001410 (most recent call first):
  File "C:\Users\Administrator\AppData\Local\Programs\Python\Python313\Lib\asyncio\windows_events.py", line 775 in _poll
  File "C:\Users\Administrator\AppData\Local\Programs\Python\Python313\Lib\asyncio\windows_events.py", line 446 in select
  File "C:\Users\Administrator\AppData\Local\Programs\Python\Python313\Lib\asyncio\base_events.py", line 2012 in _run_once
  File "C:\Users\Administrator\AppData\Local\Programs\Python\Python313\Lib\asyncio\base_events.py", line 683 in run_forever
  File "C:\Users\Administrator\AppData\Local\Programs\Python\Python313\Lib\site-packages\telegram\ext\_application.py", line 1062 in __run
  File "C:\Users\Administrator\AppData\Local\Programs\Python\Python313\Lib\site-packages\telegram\ext\_application.py", line 839 in run_polling
  File "C:\Users\Administrator\Desktop\Copter01_AI_Bot_2\main.py", line 822 in main
  File "C:\Users\Administrator\Desktop\Copter01_AI_Bot_2\main.py", line 830 in <module>
