Timeout (0:02:30)!
<freed thread state>
Timeout (0:02:30)!
<freed thread state>
Timeout (0:02:30)!
<freed thread state>
Timeout (0:02:30)!
Thread 0x00001b64 (most recent call first):
  File "C:\Users\Administrator\AppData\Local\Programs\Python\Python313\Lib\concurrent\futures\thread.py", line 90 in _worker
  File "C:\Users\Administrator\AppData\Local\Programs\Python\Python313\Lib\threading.py", line 995 in run
  File "C:\Users\Administrator\AppData\Local\Programs\Python\Python313\Lib\threading.py", line 1044 in _bootstrap_inner
  File "C:\Users\Administrator\AppData\Local\Programs\Python\Python313\Lib\threading.py", line 1015 in _bootstrap

Thread 0x0000020c (most recent call first):
  File "C:\Users\Administrator\AppData\Local\Programs\Python\Python313\Lib\concurrent\futures\thread.py", line 90 in _worker
  File "C:\Users\Administrator\AppData\Local\Programs\Python\Python313\Lib\threading.py", line 995 in run
  File "C:\Users\Administrator\AppData\Local\Programs\Python\Python313\Lib\threading.py", line 1044 in _bootstrap_inner
  File "C:\Users\Administrator\AppData\Local\Programs\Python\Python313\Lib\threading.py", line 1015 in _bootstrap

Thread 0x00000dc8 (most recent call first):
  File "C:\Users\Administrator\AppData\Local\Programs\Python\Python313\Lib\threading.py", line 359 in wait
  File "C:\Users\Administrator\AppData\Local\Programs\Python\Python313\Lib\queue.py", line 199 in get
  File "C:\Users\Administrator\Documents\GitHub\Copter01_AI_Bot_2\mt5_worker.py", line 55 in _worker_loop
  File "C:\Users\Administrator\AppData\Local\Programs\Python\Python313\Lib\threading.py", line 995 in run
  File "C:\Users\Administrator\AppData\Local\Programs\Python\Python313\Lib\threading.py", line 1044 in _bootstrap_inner
  File "C:\Users\Administrator\AppData\Local\Programs\Python\Python313\Lib\threading.py", line 1015 in _bootstrap

Thread 0x000013a0 (most recent call first):
  File "C:\Users\Administrator\Documents\GitHub\Copter01_AI_Bot_2\sweep_filter.py", line 313 in get_ref_high_list
  File "C:\Users\Administrator\Documents\GitHub\Copter01_AI_Bot_2\sweep_filter.py", line 592 in _detect_both
  File "C:\Users\Administrator\Documents\GitHub\Copter01_AI_Bot_2\sweep_filter.py", line 713 in check_and_update
  File "C:\Users\Administrator\Documents\GitHub\Copter01_AI_Bot_2\scanner.py", line 2839 in scan_one_tf
  File "C:\Users\Administrator\Documents\GitHub\Copter01_AI_Bot_2\scanner.py", line 2164 in _timed_scan_one_tf
  File "C:\Users\Administrator\AppData\Local\Programs\Python\Python313\Lib\asyncio\events.py", line 89 in _run
  File "C:\Users\Administrator\AppData\Local\Programs\Python\Python313\Lib\asyncio\base_events.py", line 2050 in _run_once
  File "C:\Users\Administrator\AppData\Local\Programs\Python\Python313\Lib\asyncio\base_events.py", line 683 in run_forever
  File "C:\Users\Administrator\AppData\Local\Programs\Python\Python313\Lib\site-packages\telegram\ext\_application.py", line 1062 in __run
  File "C:\Users\Administrator\AppData\Local\Programs\Python\Python313\Lib\site-packages\telegram\ext\_application.py", line 839 in run_polling
  File "C:\Users\Administrator\Documents\GitHub\Copter01_AI_Bot_2\main.py", line 822 in main
  File "C:\Users\Administrator\Documents\GitHub\Copter01_AI_Bot_2\main.py", line 830 in <module>
Timeout (0:02:30)!
Thread 0x00000a94 (most recent call first):
  File "C:\Users\Administrator\AppData\Local\Programs\Python\Python313\Lib\concurrent\futures\thread.py", line 90 in _worker
  File "C:\Users\Administrator\AppData\Local\Programs\Python\Python313\Lib\threading.py", line 995 in run
  File "C:\Users\Administrator\AppData\Local\Programs\Python\Python313\Lib\threading.py", line 1044 in _bootstrap_inner
  File "C:\Users\Administrator\AppData\Local\Programs\Python\Python313\Lib\threading.py", line 1015 in _bootstrap

Thread 0x000007cc (most recent call first):
  File "C:\Users\Administrator\AppData\Local\Programs\Python\Python313\Lib\concurrent\futures\thread.py", line 90 in _worker
  File "C:\Users\Administrator\AppData\Local\Programs\Python\Python313\Lib\threading.py", line 995 in run
  File "C:\Users\Administrator\AppData\Local\Programs\Python\Python313\Lib\threading.py", line 1044 in _bootstrap_inner
  File "C:\Users\Administrator\AppData\Local\Programs\Python\Python313\Lib\threading.py", line 1015 in _bootstrap

Thread 0x00000e70 (most recent call first):
  File "C:\Users\Administrator\AppData\Local\Programs\Python\Python313\Lib\threading.py", line 359 in wait
  File "C:\Users\Administrator\AppData\Local\Programs\Python\Python313\Lib\queue.py", line 199 in get
  File "C:\Users\Administrator\Desktop\Copter01_AI_Bot_2\mt5_worker.py", line 55 in _worker_loop
  File "C:\Users\Administrator\AppData\Local\Programs\Python\Python313\Lib\threading.py", line 995 in run
  File "C:\Users\Administrator\AppData\Local\Programs\Python\Python313\Lib\threading.py", line 1044 in _bootstrap_inner
  File "C:\Users\Administrator\AppData\Local\Programs\Python\Python313\Lib\threading.py", line 1015 in _bootstrap

Thread 0x000009f4 (most recent call first):
  File "C:\Users\Administrator\AppData\Local\Programs\Python\Python313\Lib\threading.py", line 414 in notify
  File "C:\Users\Administrator\AppData\Local\Programs\Python\Python313\Lib\queue.py", line 175 in put
  File "C:\Users\Administrator\Desktop\Copter01_AI_Bot_2\mt5_worker.py", line 90 in _call
  File "C:\Users\Administrator\Desktop\Copter01_AI_Bot_2\mt5_worker.py", line 164 in copy_rates_range
  File "C:\Users\Administrator\Desktop\Copter01_AI_Bot_2\sweep_filter.py", line 177 in _get_htf_bar
  File "C:\Users\Administrator\Desktop\Copter01_AI_Bot_2\sweep_filter.py", line 444 in _detect_both
  File "C:\Users\Administrator\Desktop\Copter01_AI_Bot_2\sweep_filter.py", line 713 in check_and_update
  File "C:\Users\Administrator\Desktop\Copter01_AI_Bot_2\scanner.py", line 2839 in scan_one_tf
  File "C:\Users\Administrator\Desktop\Copter01_AI_Bot_2\scanner.py", line 2164 in _timed_scan_one_tf
  File "C:\Users\Administrator\AppData\Local\Programs\Python\Python313\Lib\asyncio\events.py", line 89 in _run
  File "C:\Users\Administrator\AppData\Local\Programs\Python\Python313\Lib\asyncio\base_events.py", line 2050 in _run_once
  File "C:\Users\Administrator\AppData\Local\Programs\Python\Python313\Lib\asyncio\base_events.py", line 683 in run_forever
  File "C:\Users\Administrator\AppData\Local\Programs\Python\Python313\Lib\site-packages\telegram\ext\_application.py", line 1062 in __run
  File "C:\Users\Administrator\AppData\Local\Programs\Python\Python313\Lib\site-packages\telegram\ext\_application.py", line 839 in run_polling
  File "C:\Users\Administrator\Desktop\Copter01_AI_Bot_2\main.py", line 822 in main
  File "C:\Users\Administrator\Desktop\Copter01_AI_Bot_2\main.py", line 830 in <module>
Timeout (0:02:30)!
Thread 0x00001590 (most recent call first):
  File "C:\Users\Administrator\AppData\Local\Programs\Python\Python313\Lib\concurrent\futures\thread.py", line 90 in _worker
  File "C:\Users\Administrator\AppData\Local\Programs\Python\Python313\Lib\threading.py", line 995 in run
  File "C:\Users\Administrator\AppData\Local\Programs\Python\Python313\Lib\threading.py", line 1044 in _bootstrap_inner
  File "C:\Users\Administrator\AppData\Local\Programs\Python\Python313\Lib\threading.py", line 1015 in _bootstrap

Thread 0x00001510 (most recent call first):
  File "C:\Users\Administrator\AppData\Local\Programs\Python\Python313\Lib\concurrent\futures\thread.py", line 90 in _worker
  File "C:\Users\Administrator\AppData\Local\Programs\Python\Python313\Lib\threading.py", line 995 in run
  File "C:\Users\Administrator\AppData\Local\Programs\Python\Python313\Lib\threading.py", line 1044 in _bootstrap_inner
  File "C:\Users\Administrator\AppData\Local\Programs\Python\Python313\Lib\threading.py", line 1015 in _bootstrap

Thread 0x0000074c (most recent call first):
  File "C:\Users\Administrator\AppData\Local\Programs\Python\Python313\Lib\threading.py", line 359 in wait
  File "C:\Users\Administrator\AppData\Local\Programs\Python\Python313\Lib\queue.py", line 199 in get
  File "C:\Users\Administrator\Desktop\Copter01_AI_Bot_2\mt5_worker.py", line 55 in _worker_loop
  File "C:\Users\Administrator\AppData\Local\Programs\Python\Python313\Lib\threading.py", line 995 in run
  File "C:\Users\Administrator\AppData\Local\Programs\Python\Python313\Lib\threading.py", line 1044 in _bootstrap_inner
  File "C:\Users\Administrator\AppData\Local\Programs\Python\Python313\Lib\threading.py", line 1015 in _bootstrap

Thread 0x00000b6c (most recent call first):
  File "C:\Users\Administrator\Desktop\Copter01_AI_Bot_2\bot_log.py", line 479 in _write_line_with_retry
  File "C:\Users\Administrator\Desktop\Copter01_AI_Bot_2\bot_log.py", line 512 in log_event
  File "C:\Users\Administrator\Desktop\Copter01_AI_Bot_2\sweep_filter.py", line 653 in _activate
  File "C:\Users\Administrator\Desktop\Copter01_AI_Bot_2\sweep_filter.py", line 375 in _detect_both
  File "C:\Users\Administrator\Desktop\Copter01_AI_Bot_2\sweep_filter.py", line 713 in check_and_update
  File "C:\Users\Administrator\Desktop\Copter01_AI_Bot_2\scanner.py", line 2839 in scan_one_tf
  File "C:\Users\Administrator\Desktop\Copter01_AI_Bot_2\scanner.py", line 2164 in _timed_scan_one_tf
  File "C:\Users\Administrator\AppData\Local\Programs\Python\Python313\Lib\asyncio\events.py", line 89 in _run
  File "C:\Users\Administrator\AppData\Local\Programs\Python\Python313\Lib\asyncio\base_events.py", line 2050 in _run_once
  File "C:\Users\Administrator\AppData\Local\Programs\Python\Python313\Lib\asyncio\base_events.py", line 683 in run_forever
  File "C:\Users\Administrator\AppData\Local\Programs\Python\Python313\Lib\site-packages\telegram\ext\_application.py", line 1062 in __run
  File "C:\Users\Administrator\AppData\Local\Programs\Python\Python313\Lib\site-packages\telegram\ext\_application.py", line 839 in run_polling
  File "C:\Users\Administrator\Desktop\Copter01_AI_Bot_2\main.py", line 822 in main
  File "C:\Users\Administrator\Desktop\Copter01_AI_Bot_2\main.py", line 830 in <module>
Timeout (0:02:30)!
Thread 0x00000cbc (most recent call first):
  File "C:\Users\Administrator\AppData\Local\Programs\Python\Python313\Lib\threading.py", line 363 in wait
  File "C:\Users\Administrator\AppData\Local\Programs\Python\Python313\Lib\concurrent\futures\_base.py", line 451 in result
  File "C:\Users\Administrator\Desktop\Copter01_AI_Bot_2\mt5_worker.py", line 92 in _call
  File "C:\Users\Administrator\Desktop\Copter01_AI_Bot_2\mt5_worker.py", line 156 in symbol_info_tick
  File "C:\Users\Administrator\Desktop\Copter01_AI_Bot_2\bot_log.py", line 81 in _now_bkk
  File "C:\Users\Administrator\Desktop\Copter01_AI_Bot_2\bot_log.py", line 401 in emit
  File "C:\Users\Administrator\AppData\Local\Programs\Python\Python313\Lib\logging\__init__.py", line 1027 in handle
  File "C:\Users\Administrator\AppData\Local\Programs\Python\Python313\Lib\logging\__init__.py", line 1737 in callHandlers
  File "C:\Users\Administrator\AppData\Local\Programs\Python\Python313\Lib\logging\__init__.py", line 1681 in handle
  File "C:\Users\Administrator\AppData\Local\Programs\Python\Python313\Lib\logging\__init__.py", line 1665 in _log
  File "C:\Users\Administrator\AppData\Local\Programs\Python\Python313\Lib\logging\__init__.py", line 1549 in error
  File "C:\Users\Administrator\AppData\Local\Programs\Python\Python313\Lib\asyncio\base_events.py", line 1879 in default_exception_handler
  File "C:\Users\Administrator\AppData\Local\Programs\Python\Python313\Lib\asyncio\base_events.py", line 1907 in call_exception_handler
Timeout (0:02:30)!
Thread 0x00001564 (most recent call first):
  File "C:\Users\Administrator\AppData\Local\Programs\Python\Python313\Lib\concurrent\futures\thread.py", line 90 in _worker
  File "C:\Users\Administrator\AppData\Local\Programs\Python\Python313\Lib\threading.py", line 995 in run
  File "C:\Users\Administrator\AppData\Local\Programs\Python\Python313\Lib\threading.py", line 1044 in _bootstrap_inner
  File "C:\Users\Administrator\AppData\Local\Programs\Python\Python313\Lib\threading.py", line 1015 in _bootstrap

Thread 0x0000140c (most recent call first):
  File "C:\Users\Administrator\AppData\Local\Programs\Python\Python313\Lib\concurrent\futures\thread.py", line 90 in _worker
  File "C:\Users\Administrator\AppData\Local\Programs\Python\Python313\Lib\threading.py", line 995 in run
  File "C:\Users\Administrator\AppData\Local\Programs\Python\Python313\Lib\threading.py", line 1044 in _bootstrap_inner
  File "C:\Users\Administrator\AppData\Local\Programs\Python\Python313\Lib\threading.py", line 1015 in _bootstrap

Thread 0x0000146c (most recent call first):
  File "C:\Users\Administrator\AppData\Local\Programs\Python\Python313\Lib\threading.py", line 359 in wait
  File "C:\Users\Administrator\AppData\Local\Programs\Python\Python313\Lib\queue.py", line 199 in get
  File "C:\Users\Administrator\Desktop\Copter01_AI_Bot_2\mt5_worker.py", line 55 in _worker_loop
  File "C:\Users\Administrator\AppData\Local\Programs\Python\Python313\Lib\threading.py", line 995 in run
  File "C:\Users\Administrator\AppData\Local\Programs\Python\Python313\Lib\threading.py", line 1044 in _bootstrap_inner
  File "C:\Users\Administrator\AppData\Local\Programs\Python\Python313\Lib\threading.py", line 1015 in _bootstrap

Thread 0x00000b64 (most recent call first):
  File "C:\Users\Administrator\AppData\Local\Programs\Python\Python313\Lib\threading.py", line 363 in wait
  File "C:\Users\Administrator\AppData\Local\Programs\Python\Python313\Lib\concurrent\futures\_base.py", line 451 in result
  File "C:\Users\Administrator\Desktop\Copter01_AI_Bot_2\mt5_worker.py", line 92 in _call
  File "C:\Users\Administrator\Desktop\Copter01_AI_Bot_2\mt5_worker.py", line 164 in copy_rates_range
  File "C:\Users\Administrator\Desktop\Copter01_AI_Bot_2\sweep_filter.py", line 177 in _get_htf_bar
  File "C:\Users\Administrator\Desktop\Copter01_AI_Bot_2\sweep_filter.py", line 586 in _detect_both
  File "C:\Users\Administrator\Desktop\Copter01_AI_Bot_2\sweep_filter.py", line 713 in check_and_update
  File "C:\Users\Administrator\Desktop\Copter01_AI_Bot_2\scanner.py", line 2839 in scan_one_tf
  File "C:\Users\Administrator\Desktop\Copter01_AI_Bot_2\scanner.py", line 2164 in _timed_scan_one_tf
  File "C:\Users\Administrator\AppData\Local\Programs\Python\Python313\Lib\asyncio\events.py", line 89 in _run
  File "C:\Users\Administrator\AppData\Local\Programs\Python\Python313\Lib\asyncio\base_events.py", line 2050 in _run_once
  File "C:\Users\Administrator\AppData\Local\Programs\Python\Python313\Lib\asyncio\base_events.py", line 683 in run_forever
  File "C:\Users\Administrator\AppData\Local\Programs\Python\Python313\Lib\site-packages\telegram\ext\_application.py", line 1062 in __run
  File "C:\Users\Administrator\AppData\Local\Programs\Python\Python313\Lib\site-packages\telegram\ext\_application.py", line 839 in run_polling
  File "C:\Users\Administrator\Desktop\Copter01_AI_Bot_2\main.py", line 822 in main
  File "C:\Users\Administrator\Desktop\Copter01_AI_Bot_2\main.py", line 830 in <module>
Timeout (0:02:30)!
Thread 0x000014c4 (most recent call first):
  File "C:\Users\Administrator\AppData\Local\Programs\Python\Python313\Lib\concurrent\futures\thread.py", line 90 in _worker
  File "C:\Users\Administrator\AppData\Local\Programs\Python\Python313\Lib\threading.py", line 995 in run
  File "C:\Users\Administrator\AppData\Local\Programs\Python\Python313\Lib\threading.py", line 1044 in _bootstrap_inner
  File "C:\Users\Administrator\AppData\Local\Programs\Python\Python313\Lib\threading.py", line 1015 in _bootstrap

Thread 0x00001478 (most recent call first):
  File "C:\Users\Administrator\AppData\Local\Programs\Python\Python313\Lib\concurrent\futures\thread.py", line 90 in _worker
  File "C:\Users\Administrator\AppData\Local\Programs\Python\Python313\Lib\threading.py", line 995 in run
  File "C:\Users\Administrator\AppData\Local\Programs\Python\Python313\Lib\threading.py", line 1044 in _bootstrap_inner
  File "C:\Users\Administrator\AppData\Local\Programs\Python\Python313\Lib\threading.py", line 1015 in _bootstrap

Thread 0x00001174 (most recent call first):
  File "C:\Users\Administrator\AppData\Local\Programs\Python\Python313\Lib\threading.py", line 359 in wait
  File "C:\Users\Administrator\AppData\Local\Programs\Python\Python313\Lib\queue.py", line 199 in get
  File "C:\Users\Administrator\Desktop\Copter01_AI_Bot_2\mt5_worker.py", line 55 in _worker_loop
  File "C:\Users\Administrator\AppData\Local\Programs\Python\Python313\Lib\threading.py", line 995 in run
  File "C:\Users\Administrator\AppData\Local\Programs\Python\Python313\Lib\threading.py", line 1044 in _bootstrap_inner
  File "C:\Users\Administrator\AppData\Local\Programs\Python\Python313\Lib\threading.py", line 1015 in _bootstrap

Thread 0x00000d08 (most recent call first):
  File "C:\Users\Administrator\AppData\Local\Programs\Python\Python313\Lib\threading.py", line 363 in wait
  File "C:\Users\Administrator\AppData\Local\Programs\Python\Python313\Lib\concurrent\futures\_base.py", line 451 in result
  File "C:\Users\Administrator\Desktop\Copter01_AI_Bot_2\mt5_worker.py", line 92 in _call
  File "C:\Users\Administrator\Desktop\Copter01_AI_Bot_2\mt5_worker.py", line 164 in copy_rates_range
  File "C:\Users\Administrator\Desktop\Copter01_AI_Bot_2\sweep_filter.py", line 177 in _get_htf_bar
  File "C:\Users\Administrator\Desktop\Copter01_AI_Bot_2\sweep_filter.py", line 389 in _detect_both
  File "C:\Users\Administrator\Desktop\Copter01_AI_Bot_2\sweep_filter.py", line 713 in check_and_update
  File "C:\Users\Administrator\Desktop\Copter01_AI_Bot_2\scanner.py", line 2839 in scan_one_tf
  File "C:\Users\Administrator\Desktop\Copter01_AI_Bot_2\scanner.py", line 2164 in _timed_scan_one_tf
  File "C:\Users\Administrator\AppData\Local\Programs\Python\Python313\Lib\asyncio\events.py", line 89 in _run
  File "C:\Users\Administrator\AppData\Local\Programs\Python\Python313\Lib\asyncio\base_events.py", line 2050 in _run_once
  File "C:\Users\Administrator\AppData\Local\Programs\Python\Python313\Lib\asyncio\base_events.py", line 683 in run_forever
  File "C:\Users\Administrator\AppData\Local\Programs\Python\Python313\Lib\site-packages\telegram\ext\_application.py", line 1062 in __run
  File "C:\Users\Administrator\AppData\Local\Programs\Python\Python313\Lib\site-packages\telegram\ext\_application.py", line 839 in run_polling
  File "C:\Users\Administrator\Desktop\Copter01_AI_Bot_2\main.py", line 822 in main
  File "C:\Users\Administrator\Desktop\Copter01_AI_Bot_2\main.py", line 830 in <module>
