🚀 Supervisor S20.12 | symbol=XAUUSD.iux | start=13-07-2026 09:32 | sync=:01/min
============================================================
  💤 รอเริ่มรอบแรก 09:32:01 (64s)

[09:32:02] ─── รอบใหม่ ───
  ▶ run_sim --start 13-07-2026 09:32 --tf M1,M5,M15,M30,H1,H4

--- Running Backtest S20.12 for 13-07-2026 09:32 ถึง ปัจจุบัน ---

| กรอบเวลา (Timeframe) | จำนวนการเข้าเทรดทั้งหมด (Trades) | เคสที่ชนะ (Win) | เคสที่แพ้ (Loss) | อัตราแพ้ชนะ (Win Rate %) | แนวราคา/ระดับสัญญาณเทคนิคอลที่เข้าบ่อยที่สุด | ผลรวมกำไรขาดทุนสุทธิ (Net P&L ($)) |
|---|---|---|---|---|---|---|
| **M1** | 0 | 0 | 0 | 0.0% | - | 0.00 |
| **M5** | 0 | 0 | 0 | 0.0% | - | 0.00 |
| **M15** | 0 | 0 | 0 | 0.0% | - | 0.00 |
| **M30** | 0 | 0 | 0 | 0.0% | - | 0.00 |
| **H1** | 0 | 0 | 0 | 0.0% | - | 0.00 |
| **H4** | 0 | 0 | 0 | 0.0% | - | 0.00 |
| **สรุปรวมทุก TF** | 0 | 0 | 0 | 0.0% | - | 0.00 |
💰 Balance เริ่มต้น: $1,000.00 | Balance สุดท้าย: $1,000.00
  ⚠️ run_sim ไม่มี trade — ขยับ --start ไป 09:32
  💤 รอจนถึง 09:33:01 (15s)

[09:33:01] ─── รอบใหม่ ───
  ▶ run_sim --start 13-07-2026 09:32 --tf M1,M5,M15,M30,H1,H4

--- Running Backtest S20.12 for 13-07-2026 09:32 ถึง ปัจจุบัน ---

| กรอบเวลา (Timeframe) | จำนวนการเข้าเทรดทั้งหมด (Trades) | เคสที่ชนะ (Win) | เคสที่แพ้ (Loss) | อัตราแพ้ชนะ (Win Rate %) | แนวราคา/ระดับสัญญาณเทคนิคอลที่เข้าบ่อยที่สุด | ผลรวมกำไรขาดทุนสุทธิ (Net P&L ($)) |
|---|---|---|---|---|---|---|
| **M1** | 0 | 0 | 0 | 0.0% | - | 0.00 |
| **M5** | 0 | 0 | 0 | 0.0% | - | 0.00 |
| **M15** | 0 | 0 | 0 | 0.0% | - | 0.00 |
| **M30** | 0 | 0 | 0 | 0.0% | - | 0.00 |
| **H1** | 0 | 0 | 0 | 0.0% | - | 0.00 |
| **H4** | 0 | 0 | 0 | 0.0% | - | 0.00 |
| **สรุปรวมทุก TF** | 0 | 0 | 0 | 0.0% | - | 0.00 |
💰 Balance เริ่มต้น: $1,000.00 | Balance สุดท้าย: $1,000.00
  ⚠️ run_sim ไม่มี trade — ขยับ --start ไป 09:33
  💤 รอจนถึง 09:34:01 (50s)

[09:34:06] ─── รอบใหม่ ───
  ▶ run_sim --start 13-07-2026 09:33 --tf M1,M5,M15,M30,H1,H4

--- Running Backtest S20.12 for 13-07-2026 09:33 ถึง ปัจจุบัน ---

| กรอบเวลา (Timeframe) | จำนวนการเข้าเทรดทั้งหมด (Trades) | เคสที่ชนะ (Win) | เคสที่แพ้ (Loss) | อัตราแพ้ชนะ (Win Rate %) | แนวราคา/ระดับสัญญาณเทคนิคอลที่เข้าบ่อยที่สุด | ผลรวมกำไรขาดทุนสุทธิ (Net P&L ($)) |
|---|---|---|---|---|---|---|
| **M1** | 0 | 0 | 0 | 0.0% | - | 0.00 |
| **M5** | 0 | 0 | 0 | 0.0% | - | 0.00 |
| **M15** | 0 | 0 | 0 | 0.0% | - | 0.00 |
| **M30** | 0 | 0 | 0 | 0.0% | - | 0.00 |
| **H1** | 0 | 0 | 0 | 0.0% | - | 0.00 |
| **H4** | 0 | 0 | 0 | 0.0% | - | 0.00 |
| **สรุปรวมทุก TF** | 0 | 0 | 0 | 0.0% | - | 0.00 |
💰 Balance เริ่มต้น: $1,000.00 | Balance สุดท้าย: $1,000.00
  ⚠️ run_sim ไม่มี trade — ขยับ --start ไป 09:34
  💤 รอจนถึง 09:35:01 (36s)

[09:35:02] ─── รอบใหม่ ───
  ▶ run_sim --start 13-07-2026 09:34 --tf M1,M5,M15,M30,H1,H4

--- Running Backtest S20.12 for 13-07-2026 09:34 ถึง ปัจจุบัน ---

| กรอบเวลา (Timeframe) | จำนวนการเข้าเทรดทั้งหมด (Trades) | เคสที่ชนะ (Win) | เคสที่แพ้ (Loss) | อัตราแพ้ชนะ (Win Rate %) | แนวราคา/ระดับสัญญาณเทคนิคอลที่เข้าบ่อยที่สุด | ผลรวมกำไรขาดทุนสุทธิ (Net P&L ($)) |
|---|---|---|---|---|---|---|
| **M1** | 0 | 0 | 0 | 0.0% | - | 0.00 |
| **M5** | 0 | 0 | 0 | 0.0% | - | 0.00 |
| **M15** | 0 | 0 | 0 | 0.0% | - | 0.00 |
| **M30** | 0 | 0 | 0 | 0.0% | - | 0.00 |
| **H1** | 0 | 0 | 0 | 0.0% | - | 0.00 |
| **H4** | 0 | 0 | 0 | 0.0% | - | 0.00 |
| **สรุปรวมทุก TF** | 0 | 0 | 0 | 0.0% | - | 0.00 |
💰 Balance เริ่มต้น: $1,000.00 | Balance สุดท้าย: $1,000.00
  ⚠️ run_sim ไม่มี trade — ขยับ --start ไป 09:35
  💤 รอจนถึง 09:37:01 (56s)

[09:37:09] ─── รอบใหม่ ───
  ▶ run_sim --start 13-07-2026 09:35 --tf M1,M5,M15,M30,H1,H4

--- Running Backtest S20.12 for 13-07-2026 09:35 ถึง ปัจจุบัน ---

| กรอบเวลา (Timeframe) | จำนวนการเข้าเทรดทั้งหมด (Trades) | เคสที่ชนะ (Win) | เคสที่แพ้ (Loss) | อัตราแพ้ชนะ (Win Rate %) | แนวราคา/ระดับสัญญาณเทคนิคอลที่เข้าบ่อยที่สุด | ผลรวมกำไรขาดทุนสุทธิ (Net P&L ($)) |
|---|---|---|---|---|---|---|
| **M1** | 0 | 0 | 0 | 0.0% | - | 0.00 |
| **M5** | 0 | 0 | 0 | 0.0% | - | 0.00 |
| **M15** | 0 | 0 | 0 | 0.0% | - | 0.00 |
| **M30** | 0 | 0 | 0 | 0.0% | - | 0.00 |
| **H1** | 0 | 0 | 0 | 0.0% | - | 0.00 |
| **H4** | 0 | 0 | 0 | 0.0% | - | 0.00 |
| **สรุปรวมทุก TF** | 0 | 0 | 0 | 0.0% | - | 0.00 |
💰 Balance เริ่มต้น: $1,000.00 | Balance สุดท้าย: $1,000.00
  ANCHOR run_sim empty but live S20.12 ticket=559383398 -> keep --start at 09:36
  💤 รอจนถึง 09:38:01 (30s)

[09:38:08] ─── รอบใหม่ ───
  ▶ run_sim --start 13-07-2026 09:36 --tf M1,M5,M15,M30,H1,H4

--- Running Backtest S20.12 for 13-07-2026 09:36 ถึง ปัจจุบัน ---

| กรอบเวลา (Timeframe) | จำนวนการเข้าเทรดทั้งหมด (Trades) | เคสที่ชนะ (Win) | เคสที่แพ้ (Loss) | อัตราแพ้ชนะ (Win Rate %) | แนวราคา/ระดับสัญญาณเทคนิคอลที่เข้าบ่อยที่สุด | ผลรวมกำไรขาดทุนสุทธิ (Net P&L ($)) |
|---|---|---|---|---|---|---|
| **M1** | 0 | 0 | 0 | 0.0% | - | 0.00 |
| **M5** | 0 | 0 | 0 | 0.0% | - | 0.00 |
| **M15** | 0 | 0 | 0 | 0.0% | - | 0.00 |
| **M30** | 0 | 0 | 0 | 0.0% | - | 0.00 |
| **H1** | 0 | 0 | 0 | 0.0% | - | 0.00 |
| **H4** | 0 | 0 | 0 | 0.0% | - | 0.00 |
| **สรุปรวมทุก TF** | 0 | 0 | 0 | 0.0% | - | 0.00 |
💰 Balance เริ่มต้น: $1,000.00 | Balance สุดท้าย: $1,000.00
  ANCHOR run_sim empty but live S20.12 ticket=559383398 -> keep --start 09:36
  💤 รอจนถึง 09:39:01 (22s)

[09:39:01] ─── รอบใหม่ ───
  ▶ run_sim --start 13-07-2026 09:36 --tf M1,M5,M15,M30,H1,H4

--- Running Backtest S20.12 for 13-07-2026 09:36 ถึง ปัจจุบัน ---

| กรอบเวลา (Timeframe) | จำนวนการเข้าเทรดทั้งหมด (Trades) | เคสที่ชนะ (Win) | เคสที่แพ้ (Loss) | อัตราแพ้ชนะ (Win Rate %) | แนวราคา/ระดับสัญญาณเทคนิคอลที่เข้าบ่อยที่สุด | ผลรวมกำไรขาดทุนสุทธิ (Net P&L ($)) |
|---|---|---|---|---|---|---|
| **M1** | 0 | 0 | 0 | 0.0% | - | 0.00 |
| **M5** | 0 | 0 | 0 | 0.0% | - | 0.00 |
| **M15** | 0 | 0 | 0 | 0.0% | - | 0.00 |
| **M30** | 0 | 0 | 0 | 0.0% | - | 0.00 |
| **H1** | 0 | 0 | 0 | 0.0% | - | 0.00 |
| **H4** | 0 | 0 | 0 | 0.0% | - | 0.00 |
| **สรุปรวมทุก TF** | 0 | 0 | 0 | 0.0% | - | 0.00 |
💰 Balance เริ่มต้น: $1,000.00 | Balance สุดท้าย: $1,000.00
  ANCHOR run_sim empty but live S20.12 ticket=559383398 -> keep --start 09:36
  💤 รอจนถึง 09:40:01 (43s)

[09:40:04] ─── รอบใหม่ ───
  ▶ run_sim --start 13-07-2026 09:36 --tf M1,M5,M15,M30,H1,H4

--- Running Backtest S20.12 for 13-07-2026 09:36 ถึง ปัจจุบัน ---

| กรอบเวลา (Timeframe) | จำนวนการเข้าเทรดทั้งหมด (Trades) | เคสที่ชนะ (Win) | เคสที่แพ้ (Loss) | อัตราแพ้ชนะ (Win Rate %) | แนวราคา/ระดับสัญญาณเทคนิคอลที่เข้าบ่อยที่สุด | ผลรวมกำไรขาดทุนสุทธิ (Net P&L ($)) |
|---|---|---|---|---|---|---|
| **M1** | 1 | 0 | 1 | 0.0% | S20.12.NoWickTrap | -21.96 |
| **M5** | 0 | 0 | 0 | 0.0% | - | 0.00 |
| **M15** | 0 | 0 | 0 | 0.0% | - | 0.00 |
| **M30** | 0 | 0 | 0 | 0.0% | - | 0.00 |
| **H1** | 0 | 0 | 0 | 0.0% | - | 0.00 |
| **H4** | 0 | 0 | 0 | 0.0% | - | 0.00 |
| **สรุปรวมทุก TF** | 1 | 0 | 1 | 0.0% | - | -21.96 |
💰 Balance เริ่มต้น: $1,000.00 | Balance สุดท้าย: $978.04
💾 บันทึกประวัติออเดอร์จำลองไว้ที่: C:\Users\Administrator\Desktop\Copter01_AI_Bot_2\strategy\s20.12\backtest-sim\..\excel\s20_12_sim_trades.csv
  ↪ pending SIM open=09:37 BUY ไม่มี live position match — ไม่ใช้ลาก --start
  ℹ️  ไม่มี pending SIM ที่มี live match — คง --start ไว้เดิม
  💤 รอจนถึง 09:41:01 (31s)

[09:41:09] ─── รอบใหม่ ───
  ▶ run_sim --start 13-07-2026 09:36 --tf M1,M5,M15,M30,H1,H4

--- Running Backtest S20.12 for 13-07-2026 09:36 ถึง ปัจจุบัน ---

| กรอบเวลา (Timeframe) | จำนวนการเข้าเทรดทั้งหมด (Trades) | เคสที่ชนะ (Win) | เคสที่แพ้ (Loss) | อัตราแพ้ชนะ (Win Rate %) | แนวราคา/ระดับสัญญาณเทคนิคอลที่เข้าบ่อยที่สุด | ผลรวมกำไรขาดทุนสุทธิ (Net P&L ($)) |
|---|---|---|---|---|---|---|
| **M1** | 1 | 0 | 1 | 0.0% | S20.12.NoWickTrap | -21.96 |
| **M5** | 0 | 0 | 0 | 0.0% | - | 0.00 |
| **M15** | 0 | 0 | 0 | 0.0% | - | 0.00 |
| **M30** | 0 | 0 | 0 | 0.0% | - | 0.00 |
| **H1** | 0 | 0 | 0 | 0.0% | - | 0.00 |
| **H4** | 0 | 0 | 0 | 0.0% | - | 0.00 |
| **สรุปรวมทุก TF** | 1 | 0 | 1 | 0.0% | - | -21.96 |
💰 Balance เริ่มต้น: $1,000.00 | Balance สุดท้าย: $978.04
💾 บันทึกประวัติออเดอร์จำลองไว้ที่: C:\Users\Administrator\Desktop\Copter01_AI_Bot_2\strategy\s20.12\backtest-sim\..\excel\s20_12_sim_trades.csv
  📋 SIM BUY open=09:37 close=09:41 [SL]
     → SIM ปิดด้วย SL — ให้ MT5/broker จัดการ SL เอง (ไม่ force-close)
  ℹ️  ไม่มี pending SIM ที่มี live match — คง --start ไว้เดิม
  💤 รอจนถึง 09:42:01 (37s)

[09:42:01] ─── รอบใหม่ ───
  ▶ run_sim --start 13-07-2026 09:36 --tf M1,M5,M15,M30,H1,H4

--- Running Backtest S20.12 for 13-07-2026 09:36 ถึง ปัจจุบัน ---

| กรอบเวลา (Timeframe) | จำนวนการเข้าเทรดทั้งหมด (Trades) | เคสที่ชนะ (Win) | เคสที่แพ้ (Loss) | อัตราแพ้ชนะ (Win Rate %) | แนวราคา/ระดับสัญญาณเทคนิคอลที่เข้าบ่อยที่สุด | ผลรวมกำไรขาดทุนสุทธิ (Net P&L ($)) |
|---|---|---|---|---|---|---|
| **M1** | 1 | 0 | 1 | 0.0% | S20.12.NoWickTrap | -21.96 |
| **M5** | 0 | 0 | 0 | 0.0% | - | 0.00 |
| **M15** | 0 | 0 | 0 | 0.0% | - | 0.00 |
| **M30** | 0 | 0 | 0 | 0.0% | - | 0.00 |
| **H1** | 0 | 0 | 0 | 0.0% | - | 0.00 |
| **H4** | 0 | 0 | 0 | 0.0% | - | 0.00 |
| **สรุปรวมทุก TF** | 1 | 0 | 1 | 0.0% | - | -21.96 |
💰 Balance เริ่มต้น: $1,000.00 | Balance สุดท้าย: $978.04
💾 บันทึกประวัติออเดอร์จำลองไว้ที่: C:\Users\Administrator\Desktop\Copter01_AI_Bot_2\strategy\s20.12\backtest-sim\..\excel\s20_12_sim_trades.csv
  ℹ️  ไม่มี pending SIM ที่มี live match — คง --start ไว้เดิม
  💤 รอจนถึง 09:43:01 (45s)

[09:43:05] ─── รอบใหม่ ───
  ▶ run_sim --start 13-07-2026 09:36 --tf M1,M5,M15,M30,H1,H4

--- Running Backtest S20.12 for 13-07-2026 09:36 ถึง ปัจจุบัน ---

| กรอบเวลา (Timeframe) | จำนวนการเข้าเทรดทั้งหมด (Trades) | เคสที่ชนะ (Win) | เคสที่แพ้ (Loss) | อัตราแพ้ชนะ (Win Rate %) | แนวราคา/ระดับสัญญาณเทคนิคอลที่เข้าบ่อยที่สุด | ผลรวมกำไรขาดทุนสุทธิ (Net P&L ($)) |
|---|---|---|---|---|---|---|
| **M1** | 1 | 1 | 0 | 100.0% | S20.12.SweepReversal | 32.10 |
| **M5** | 0 | 0 | 0 | 0.0% | - | 0.00 |
| **M15** | 0 | 0 | 0 | 0.0% | - | 0.00 |
| **M30** | 0 | 0 | 0 | 0.0% | - | 0.00 |
| **H1** | 0 | 0 | 0 | 0.0% | - | 0.00 |
| **H4** | 0 | 0 | 0 | 0.0% | - | 0.00 |
| **สรุปรวมทุก TF** | 1 | 1 | 0 | 100.0% | - | 32.10 |
💰 Balance เริ่มต้น: $1,000.00 | Balance สุดท้าย: $1,032.10
💾 บันทึกประวัติออเดอร์จำลองไว้ที่: C:\Users\Administrator\Desktop\Copter01_AI_Bot_2\strategy\s20.12\backtest-sim\..\excel\s20_12_sim_trades.csv
  ↪ pending SIM open=09:38 SELL ไม่มี live position match — ไม่ใช้ลาก --start
  ℹ️  ไม่มี pending SIM ที่มี live match — คง --start ไว้เดิม
  💤 รอจนถึง 09:44:01 (45s)

[09:44:02] ─── รอบใหม่ ───
  ▶ run_sim --start 13-07-2026 09:36 --tf M1,M5,M15,M30,H1,H4

--- Running Backtest S20.12 for 13-07-2026 09:36 ถึง ปัจจุบัน ---

| กรอบเวลา (Timeframe) | จำนวนการเข้าเทรดทั้งหมด (Trades) | เคสที่ชนะ (Win) | เคสที่แพ้ (Loss) | อัตราแพ้ชนะ (Win Rate %) | แนวราคา/ระดับสัญญาณเทคนิคอลที่เข้าบ่อยที่สุด | ผลรวมกำไรขาดทุนสุทธิ (Net P&L ($)) |
|---|---|---|---|---|---|---|
| **M1** | 1 | 1 | 0 | 100.0% | S20.12.SweepReversal | 32.10 |
| **M5** | 0 | 0 | 0 | 0.0% | - | 0.00 |
| **M15** | 0 | 0 | 0 | 0.0% | - | 0.00 |
| **M30** | 0 | 0 | 0 | 0.0% | - | 0.00 |
| **H1** | 0 | 0 | 0 | 0.0% | - | 0.00 |
| **H4** | 0 | 0 | 0 | 0.0% | - | 0.00 |
| **สรุปรวมทุก TF** | 1 | 1 | 0 | 100.0% | - | 32.10 |
💰 Balance เริ่มต้น: $1,000.00 | Balance สุดท้าย: $1,032.10
💾 บันทึกประวัติออเดอร์จำลองไว้ที่: C:\Users\Administrator\Desktop\Copter01_AI_Bot_2\strategy\s20.12\backtest-sim\..\excel\s20_12_sim_trades.csv
  ↪ pending SIM open=09:38 SELL ไม่มี live position match — ไม่ใช้ลาก --start
  ℹ️  ไม่มี pending SIM ที่มี live match — คง --start ไว้เดิม
  💤 รอจนถึง 09:45:01 (15s)

[09:45:01] ─── รอบใหม่ ───
  ▶ run_sim --start 13-07-2026 09:36 --tf M1,M5,M15,M30,H1,H4

--- Running Backtest S20.12 for 13-07-2026 09:36 ถึง ปัจจุบัน ---

| กรอบเวลา (Timeframe) | จำนวนการเข้าเทรดทั้งหมด (Trades) | เคสที่ชนะ (Win) | เคสที่แพ้ (Loss) | อัตราแพ้ชนะ (Win Rate %) | แนวราคา/ระดับสัญญาณเทคนิคอลที่เข้าบ่อยที่สุด | ผลรวมกำไรขาดทุนสุทธิ (Net P&L ($)) |
|---|---|---|---|---|---|---|
| **M1** | 1 | 1 | 0 | 100.0% | S20.12.SweepReversal | 32.10 |
| **M5** | 0 | 0 | 0 | 0.0% | - | 0.00 |
| **M15** | 0 | 0 | 0 | 0.0% | - | 0.00 |
| **M30** | 0 | 0 | 0 | 0.0% | - | 0.00 |
| **H1** | 0 | 0 | 0 | 0.0% | - | 0.00 |
| **H4** | 0 | 0 | 0 | 0.0% | - | 0.00 |
| **สรุปรวมทุก TF** | 1 | 1 | 0 | 100.0% | - | 32.10 |
💰 Balance เริ่มต้น: $1,000.00 | Balance สุดท้าย: $1,032.10
💾 บันทึกประวัติออเดอร์จำลองไว้ที่: C:\Users\Administrator\Desktop\Copter01_AI_Bot_2\strategy\s20.12\backtest-sim\..\excel\s20_12_sim_trades.csv
  ↪ pending SIM open=09:38 SELL ไม่มี live position match — ไม่ใช้ลาก --start
  ℹ️  ไม่มี pending SIM ที่มี live match — คง --start ไว้เดิม
  💤 รอจนถึง 09:47:01 (42s)

[09:47:00] ─── รอบใหม่ ───
  ▶ run_sim --start 13-07-2026 09:36 --tf M1,M5,M15,M30,H1,H4

--- Running Backtest S20.12 for 13-07-2026 09:36 ถึง ปัจจุบัน ---

| กรอบเวลา (Timeframe) | จำนวนการเข้าเทรดทั้งหมด (Trades) | เคสที่ชนะ (Win) | เคสที่แพ้ (Loss) | อัตราแพ้ชนะ (Win Rate %) | แนวราคา/ระดับสัญญาณเทคนิคอลที่เข้าบ่อยที่สุด | ผลรวมกำไรขาดทุนสุทธิ (Net P&L ($)) |
|---|---|---|---|---|---|---|
| **M1** | 1 | 1 | 0 | 100.0% | S20.12.SweepReversal | 32.10 |
| **M5** | 0 | 0 | 0 | 0.0% | - | 0.00 |
| **M15** | 0 | 0 | 0 | 0.0% | - | 0.00 |
| **M30** | 0 | 0 | 0 | 0.0% | - | 0.00 |
| **H1** | 0 | 0 | 0 | 0.0% | - | 0.00 |
| **H4** | 0 | 0 | 0 | 0.0% | - | 0.00 |
| **สรุปรวมทุก TF** | 1 | 1 | 0 | 100.0% | - | 32.10 |
💰 Balance เริ่มต้น: $1,000.00 | Balance สุดท้าย: $1,032.10
💾 บันทึกประวัติออเดอร์จำลองไว้ที่: C:\Users\Administrator\Desktop\Copter01_AI_Bot_2\strategy\s20.12\backtest-sim\..\excel\s20_12_sim_trades.csv
  ↪ pending SIM open=09:38 SELL ไม่มี live position match — ไม่ใช้ลาก --start
  ℹ️  ไม่มี pending SIM ที่มี live match — คง --start ไว้เดิม
  💤 รอจนถึง 09:48:01 (37s)

[09:48:01] ─── รอบใหม่ ───
  ▶ run_sim --start 13-07-2026 09:36 --tf M1,M5,M15,M30,H1,H4

--- Running Backtest S20.12 for 13-07-2026 09:36 ถึง ปัจจุบัน ---

| กรอบเวลา (Timeframe) | จำนวนการเข้าเทรดทั้งหมด (Trades) | เคสที่ชนะ (Win) | เคสที่แพ้ (Loss) | อัตราแพ้ชนะ (Win Rate %) | แนวราคา/ระดับสัญญาณเทคนิคอลที่เข้าบ่อยที่สุด | ผลรวมกำไรขาดทุนสุทธิ (Net P&L ($)) |
|---|---|---|---|---|---|---|
| **M1** | 2 | 2 | 0 | 100.0% | S20.12.SweepReversal | 38.22 |
| **M5** | 0 | 0 | 0 | 0.0% | - | 0.00 |
| **M15** | 0 | 0 | 0 | 0.0% | - | 0.00 |
| **M30** | 0 | 0 | 0 | 0.0% | - | 0.00 |
| **H1** | 0 | 0 | 0 | 0.0% | - | 0.00 |
| **H4** | 0 | 0 | 0 | 0.0% | - | 0.00 |
| **สรุปรวมทุก TF** | 2 | 2 | 0 | 100.0% | - | 38.22 |
💰 Balance เริ่มต้น: $1,000.00 | Balance สุดท้าย: $1,038.22
💾 บันทึกประวัติออเดอร์จำลองไว้ที่: C:\Users\Administrator\Desktop\Copter01_AI_Bot_2\strategy\s20.12\backtest-sim\..\excel\s20_12_sim_trades.csv
  ↪ pending SIM open=09:38 SELL ไม่มี live position match — ไม่ใช้ลาก --start
  ↪ pending SIM open=09:48 SELL ไม่มี live position match — ไม่ใช้ลาก --start
  ℹ️  ไม่มี pending SIM ที่มี live match — คง --start ไว้เดิม
  💤 รอจนถึง 09:49:01 (45s)

[09:49:09] ─── รอบใหม่ ───
  ▶ run_sim --start 13-07-2026 09:36 --tf M1,M5,M15,M30,H1,H4

--- Running Backtest S20.12 for 13-07-2026 09:36 ถึง ปัจจุบัน ---

| กรอบเวลา (Timeframe) | จำนวนการเข้าเทรดทั้งหมด (Trades) | เคสที่ชนะ (Win) | เคสที่แพ้ (Loss) | อัตราแพ้ชนะ (Win Rate %) | แนวราคา/ระดับสัญญาณเทคนิคอลที่เข้าบ่อยที่สุด | ผลรวมกำไรขาดทุนสุทธิ (Net P&L ($)) |
|---|---|---|---|---|---|---|
| **M1** | 2 | 2 | 0 | 100.0% | S20.12.SweepReversal | 38.22 |
| **M5** | 0 | 0 | 0 | 0.0% | - | 0.00 |
| **M15** | 0 | 0 | 0 | 0.0% | - | 0.00 |
| **M30** | 0 | 0 | 0 | 0.0% | - | 0.00 |
| **H1** | 0 | 0 | 0 | 0.0% | - | 0.00 |
| **H4** | 0 | 0 | 0 | 0.0% | - | 0.00 |
| **สรุปรวมทุก TF** | 2 | 2 | 0 | 100.0% | - | 38.22 |
💰 Balance เริ่มต้น: $1,000.00 | Balance สุดท้าย: $1,038.22
💾 บันทึกประวัติออเดอร์จำลองไว้ที่: C:\Users\Administrator\Desktop\Copter01_AI_Bot_2\strategy\s20.12\backtest-sim\..\excel\s20_12_sim_trades.csv
  📋 SIM SELL open=09:38 close=09:49 [TP]
     → ยังไม่เจอ match แต่ SIM เพิ่ง close — ไม่ mark processed, จะ keep --start ไว้ retry
  📋 SIM SELL open=09:48 close=09:49 [TP]
     → ยังไม่เจอ match แต่ SIM เพิ่ง close — ไม่ mark processed, จะ keep --start ไว้ retry
  ANCHOR unmatched fresh SIM close -> keep --start at 09:38
  💤 รอจนถึง 09:50:01 (28s)

[09:50:09] ─── รอบใหม่ ───
  ▶ run_sim --start 13-07-2026 09:38 --tf M1,M5,M15,M30,H1,H4

--- Running Backtest S20.12 for 13-07-2026 09:38 ถึง ปัจจุบัน ---

| กรอบเวลา (Timeframe) | จำนวนการเข้าเทรดทั้งหมด (Trades) | เคสที่ชนะ (Win) | เคสที่แพ้ (Loss) | อัตราแพ้ชนะ (Win Rate %) | แนวราคา/ระดับสัญญาณเทคนิคอลที่เข้าบ่อยที่สุด | ผลรวมกำไรขาดทุนสุทธิ (Net P&L ($)) |
|---|---|---|---|---|---|---|
| **M1** | 2 | 2 | 0 | 100.0% | S20.12.SweepReversal | 38.22 |
| **M5** | 0 | 0 | 0 | 0.0% | - | 0.00 |
| **M15** | 0 | 0 | 0 | 0.0% | - | 0.00 |
| **M30** | 0 | 0 | 0 | 0.0% | - | 0.00 |
| **H1** | 0 | 0 | 0 | 0.0% | - | 0.00 |
| **H4** | 0 | 0 | 0 | 0.0% | - | 0.00 |
| **สรุปรวมทุก TF** | 2 | 2 | 0 | 100.0% | - | 38.22 |
💰 Balance เริ่มต้น: $1,000.00 | Balance สุดท้าย: $1,038.22
💾 บันทึกประวัติออเดอร์จำลองไว้ที่: C:\Users\Administrator\Desktop\Copter01_AI_Bot_2\strategy\s20.12\backtest-sim\..\excel\s20_12_sim_trades.csv
  📋 SIM SELL open=09:38 close=09:49 [TP]
     → ยังไม่เจอ match แต่ SIM เพิ่ง close — ไม่ mark processed, จะ keep --start ไว้ retry
  📋 SIM SELL open=09:48 close=09:49 [TP]
     → ยังไม่เจอ match แต่ SIM เพิ่ง close — ไม่ mark processed, จะ keep --start ไว้ retry
  ANCHOR unmatched fresh SIM close -> keep --start 09:38
  💤 รอจนถึง 09:51:01 (51s)

[09:51:01] ─── รอบใหม่ ───
  ▶ run_sim --start 13-07-2026 09:38 --tf M1,M5,M15,M30,H1,H4

--- Running Backtest S20.12 for 13-07-2026 09:38 ถึง ปัจจุบัน ---

| กรอบเวลา (Timeframe) | จำนวนการเข้าเทรดทั้งหมด (Trades) | เคสที่ชนะ (Win) | เคสที่แพ้ (Loss) | อัตราแพ้ชนะ (Win Rate %) | แนวราคา/ระดับสัญญาณเทคนิคอลที่เข้าบ่อยที่สุด | ผลรวมกำไรขาดทุนสุทธิ (Net P&L ($)) |
|---|---|---|---|---|---|---|
| **M1** | 2 | 2 | 0 | 100.0% | S20.12.SweepReversal | 38.22 |
| **M5** | 0 | 0 | 0 | 0.0% | - | 0.00 |
| **M15** | 0 | 0 | 0 | 0.0% | - | 0.00 |
| **M30** | 0 | 0 | 0 | 0.0% | - | 0.00 |
| **H1** | 0 | 0 | 0 | 0.0% | - | 0.00 |
| **H4** | 0 | 0 | 0 | 0.0% | - | 0.00 |
| **สรุปรวมทุก TF** | 2 | 2 | 0 | 100.0% | - | 38.22 |
💰 Balance เริ่มต้น: $1,000.00 | Balance สุดท้าย: $1,038.22
💾 บันทึกประวัติออเดอร์จำลองไว้ที่: C:\Users\Administrator\Desktop\Copter01_AI_Bot_2\strategy\s20.12\backtest-sim\..\excel\s20_12_sim_trades.csv
  📋 SIM SELL open=09:38 close=09:49 [TP]
     → ไม่มี open position ที่ match (MT5 ปิดไปแล้ว หรือ live ไม่มี order นี้)
  📋 SIM SELL open=09:48 close=09:49 [TP]
     → ไม่มี open position ที่ match (MT5 ปิดไปแล้ว หรือ live ไม่มี order นี้)
  ℹ️  ไม่มี pending SIM ที่มี live match — ขยับ --start: 09:38 → 09:51
  💤 รอจนถึง 09:52:01 (42s)

[09:52:02] ─── รอบใหม่ ───
  ▶ run_sim --start 13-07-2026 09:51 --tf M1,M5,M15,M30,H1,H4

--- Running Backtest S20.12 for 13-07-2026 09:51 ถึง ปัจจุบัน ---

| กรอบเวลา (Timeframe) | จำนวนการเข้าเทรดทั้งหมด (Trades) | เคสที่ชนะ (Win) | เคสที่แพ้ (Loss) | อัตราแพ้ชนะ (Win Rate %) | แนวราคา/ระดับสัญญาณเทคนิคอลที่เข้าบ่อยที่สุด | ผลรวมกำไรขาดทุนสุทธิ (Net P&L ($)) |
|---|---|---|---|---|---|---|
| **M1** | 0 | 0 | 0 | 0.0% | - | 0.00 |
| **M5** | 0 | 0 | 0 | 0.0% | - | 0.00 |
| **M15** | 0 | 0 | 0 | 0.0% | - | 0.00 |
| **M30** | 0 | 0 | 0 | 0.0% | - | 0.00 |
| **H1** | 0 | 0 | 0 | 0.0% | - | 0.00 |
| **H4** | 0 | 0 | 0 | 0.0% | - | 0.00 |
| **สรุปรวมทุก TF** | 0 | 0 | 0 | 0.0% | - | 0.00 |
💰 Balance เริ่มต้น: $1,000.00 | Balance สุดท้าย: $1,000.00
  ⚠️ run_sim ไม่มี trade — ขยับ --start ไป 09:52
  💤 รอจนถึง 09:53:01 (51s)

[09:53:02] ─── รอบใหม่ ───
  ▶ run_sim --start 13-07-2026 09:52 --tf M1,M5,M15,M30,H1,H4

--- Running Backtest S20.12 for 13-07-2026 09:52 ถึง ปัจจุบัน ---

| กรอบเวลา (Timeframe) | จำนวนการเข้าเทรดทั้งหมด (Trades) | เคสที่ชนะ (Win) | เคสที่แพ้ (Loss) | อัตราแพ้ชนะ (Win Rate %) | แนวราคา/ระดับสัญญาณเทคนิคอลที่เข้าบ่อยที่สุด | ผลรวมกำไรขาดทุนสุทธิ (Net P&L ($)) |
|---|---|---|---|---|---|---|
| **M1** | 0 | 0 | 0 | 0.0% | - | 0.00 |
| **M5** | 0 | 0 | 0 | 0.0% | - | 0.00 |
| **M15** | 0 | 0 | 0 | 0.0% | - | 0.00 |
| **M30** | 0 | 0 | 0 | 0.0% | - | 0.00 |
| **H1** | 0 | 0 | 0 | 0.0% | - | 0.00 |
| **H4** | 0 | 0 | 0 | 0.0% | - | 0.00 |
| **สรุปรวมทุก TF** | 0 | 0 | 0 | 0.0% | - | 0.00 |
💰 Balance เริ่มต้น: $1,000.00 | Balance สุดท้าย: $1,000.00
  ⚠️ run_sim ไม่มี trade — ขยับ --start ไป 09:53📂 Resume จาก state: 13-07-2026 09:53
🚀 Supervisor S20.12 | symbol=XAUUSD.iux | resume=13-07-2026 09:53 | sync=:01/min
============================================================
  💤 รอจนถึง 09:54:01 (49s)

  💤 รอจนถึง 09:54:01 (46s)

[09:54:03] ─── รอบใหม่ ───
  ▶ run_sim --start 13-07-2026 09:53 --tf M1,M5,M15,M30,H1,H4

--- Running Backtest S20.12 for 13-07-2026 09:53 ถึง ปัจจุบัน ---

| กรอบเวลา (Timeframe) | จำนวนการเข้าเทรดทั้งหมด (Trades) | เคสที่ชนะ (Win) | เคสที่แพ้ (Loss) | อัตราแพ้ชนะ (Win Rate %) | แนวราคา/ระดับสัญญาณเทคนิคอลที่เข้าบ่อยที่สุด | ผลรวมกำไรขาดทุนสุทธิ (Net P&L ($)) |
|---|---|---|---|---|---|---|
| **M1** | 0 | 0 | 0 | 0.0% | - | 0.00 |
| **M5** | 0 | 0 | 0 | 0.0% | - | 0.00 |
| **M15** | 0 | 0 | 0 | 0.0% | - | 0.00 |
| **M30** | 0 | 0 | 0 | 0.0% | - | 0.00 |
| **H1** | 0 | 0 | 0 | 0.0% | - | 0.00 |
| **H4** | 0 | 0 | 0 | 0.0% | - | 0.00 |
| **สรุปรวมทุก TF** | 0 | 0 | 0 | 0.0% | - | 0.00 |
💰 Balance เริ่มต้น: $1,000.00 | Balance สุดท้าย: $1,000.00
  ⚠️ run_sim ไม่มี trade — ขยับ --start ไป 09:54
  💤 รอจนถึง 09:55:01 (42s)

[09:55:02] ─── รอบใหม่ ───
  ▶ run_sim --start 13-07-2026 09:54 --tf M1,M5,M15,M30,H1,H4

--- Running Backtest S20.12 for 13-07-2026 09:54 ถึง ปัจจุบัน ---

| กรอบเวลา (Timeframe) | จำนวนการเข้าเทรดทั้งหมด (Trades) | เคสที่ชนะ (Win) | เคสที่แพ้ (Loss) | อัตราแพ้ชนะ (Win Rate %) | แนวราคา/ระดับสัญญาณเทคนิคอลที่เข้าบ่อยที่สุด | ผลรวมกำไรขาดทุนสุทธิ (Net P&L ($)) |
|---|---|---|---|---|---|---|
| **M1** | 0 | 0 | 0 | 0.0% | - | 0.00 |
| **M5** | 0 | 0 | 0 | 0.0% | - | 0.00 |
| **M15** | 0 | 0 | 0 | 0.0% | - | 0.00 |
| **M30** | 0 | 0 | 0 | 0.0% | - | 0.00 |
| **H1** | 0 | 0 | 0 | 0.0% | - | 0.00 |
| **H4** | 0 | 0 | 0 | 0.0% | - | 0.00 |
| **สรุปรวมทุก TF** | 0 | 0 | 0 | 0.0% | - | 0.00 |
💰 Balance เริ่มต้น: $1,000.00 | Balance สุดท้าย: $1,000.00
  ⚠️ run_sim ไม่มี trade — ขยับ --start ไป 09:55
  💤 รอจนถึง 09:56:01 (56s)

[09:56:01] ─── รอบใหม่ ───
  ▶ run_sim --start 13-07-2026 09:55 --tf M1,M5,M15,M30,H1,H4

--- Running Backtest S20.12 for 13-07-2026 09:55 ถึง ปัจจุบัน ---

| กรอบเวลา (Timeframe) | จำนวนการเข้าเทรดทั้งหมด (Trades) | เคสที่ชนะ (Win) | เคสที่แพ้ (Loss) | อัตราแพ้ชนะ (Win Rate %) | แนวราคา/ระดับสัญญาณเทคนิคอลที่เข้าบ่อยที่สุด | ผลรวมกำไรขาดทุนสุทธิ (Net P&L ($)) |
|---|---|---|---|---|---|---|
| **M1** | 0 | 0 | 0 | 0.0% | - | 0.00 |
| **M5** | 0 | 0 | 0 | 0.0% | - | 0.00 |
| **M15** | 0 | 0 | 0 | 0.0% | - | 0.00 |
| **M30** | 0 | 0 | 0 | 0.0% | - | 0.00 |
| **H1** | 0 | 0 | 0 | 0.0% | - | 0.00 |
| **H4** | 0 | 0 | 0 | 0.0% | - | 0.00 |
| **สรุปรวมทุก TF** | 0 | 0 | 0 | 0.0% | - | 0.00 |
💰 Balance เริ่มต้น: $1,000.00 | Balance สุดท้าย: $1,000.00
  ⚠️ run_sim ไม่มี trade — ขยับ --start ไป 09:56
  💤 รอจนถึง 09:57:01 (56s)

[09:57:01] ─── รอบใหม่ ───
  ▶ run_sim --start 13-07-2026 09:56 --tf M1,M5,M15,M30,H1,H4

--- Running Backtest S20.12 for 13-07-2026 09:56 ถึง ปัจจุบัน ---

| กรอบเวลา (Timeframe) | จำนวนการเข้าเทรดทั้งหมด (Trades) | เคสที่ชนะ (Win) | เคสที่แพ้ (Loss) | อัตราแพ้ชนะ (Win Rate %) | แนวราคา/ระดับสัญญาณเทคนิคอลที่เข้าบ่อยที่สุด | ผลรวมกำไรขาดทุนสุทธิ (Net P&L ($)) |
|---|---|---|---|---|---|---|
| **M1** | 0 | 0 | 0 | 0.0% | - | 0.00 |
| **M5** | 0 | 0 | 0 | 0.0% | - | 0.00 |
| **M15** | 0 | 0 | 0 | 0.0% | - | 0.00 |
| **M30** | 0 | 0 | 0 | 0.0% | - | 0.00 |
| **H1** | 0 | 0 | 0 | 0.0% | - | 0.00 |
| **H4** | 0 | 0 | 0 | 0.0% | - | 0.00 |
| **สรุปรวมทุก TF** | 0 | 0 | 0 | 0.0% | - | 0.00 |
💰 Balance เริ่มต้น: $1,000.00 | Balance สุดท้าย: $1,000.00
  ⚠️ run_sim ไม่มี trade — ขยับ --start ไป 09:57
  💤 รอจนถึง 09:58:01 (56s)

[09:58:01] ─── รอบใหม่ ───
  ▶ run_sim --start 13-07-2026 09:57 --tf M1,M5,M15,M30,H1,H4

--- Running Backtest S20.12 for 13-07-2026 09:57 ถึง ปัจจุบัน ---

| กรอบเวลา (Timeframe) | จำนวนการเข้าเทรดทั้งหมด (Trades) | เคสที่ชนะ (Win) | เคสที่แพ้ (Loss) | อัตราแพ้ชนะ (Win Rate %) | แนวราคา/ระดับสัญญาณเทคนิคอลที่เข้าบ่อยที่สุด | ผลรวมกำไรขาดทุนสุทธิ (Net P&L ($)) |
|---|---|---|---|---|---|---|
| **M1** | 1 | 0 | 1 | 0.0% | S20.12.NoWickTrap | -21.71 |
| **M5** | 0 | 0 | 0 | 0.0% | - | 0.00 |
| **M15** | 0 | 0 | 0 | 0.0% | - | 0.00 |
| **M30** | 0 | 0 | 0 | 0.0% | - | 0.00 |
| **H1** | 0 | 0 | 0 | 0.0% | - | 0.00 |
| **H4** | 0 | 0 | 0 | 0.0% | - | 0.00 |
| **สรุปรวมทุก TF** | 1 | 0 | 1 | 0.0% | - | -21.71 |
💰 Balance เริ่มต้น: $1,000.00 | Balance สุดท้าย: $978.29
💾 บันทึกประวัติออเดอร์จำลองไว้ที่: C:\Users\Administrator\Desktop\Copter01_AI_Bot_2\strategy\s20.12\backtest-sim\..\excel\s20_12_sim_trades.csv
  ↪ pending SIM open=09:58 BUY ไม่มี live position match — ไม่ใช้ลาก --start
  ℹ️  ไม่มี pending SIM ที่มี live match — ขยับ --start: 09:57 → 09:58
  💤 รอจนถึง 09:59:01 (57s)

[09:59:02] ─── รอบใหม่ ───
  ▶ run_sim --start 13-07-2026 09:58 --tf M1,M5,M15,M30,H1,H4

--- Running Backtest S20.12 for 13-07-2026 09:58 ถึง ปัจจุบัน ---

| กรอบเวลา (Timeframe) | จำนวนการเข้าเทรดทั้งหมด (Trades) | เคสที่ชนะ (Win) | เคสที่แพ้ (Loss) | อัตราแพ้ชนะ (Win Rate %) | แนวราคา/ระดับสัญญาณเทคนิคอลที่เข้าบ่อยที่สุด | ผลรวมกำไรขาดทุนสุทธิ (Net P&L ($)) |
|---|---|---|---|---|---|---|
| **M1** | 1 | 0 | 1 | 0.0% | S20.12.NoWickTrap | -21.71 |
| **M5** | 0 | 0 | 0 | 0.0% | - | 0.00 |
| **M15** | 0 | 0 | 0 | 0.0% | - | 0.00 |
| **M30** | 0 | 0 | 0 | 0.0% | - | 0.00 |
| **H1** | 0 | 0 | 0 | 0.0% | - | 0.00 |
| **H4** | 0 | 0 | 0 | 0.0% | - | 0.00 |
| **สรุปรวมทุก TF** | 1 | 0 | 1 | 0.0% | - | -21.71 |
💰 Balance เริ่มต้น: $1,000.00 | Balance สุดท้าย: $978.29
💾 บันทึกประวัติออเดอร์จำลองไว้ที่: C:\Users\Administrator\Desktop\Copter01_AI_Bot_2\strategy\s20.12\backtest-sim\..\excel\s20_12_sim_trades.csv
  ↪ pending SIM open=09:58 BUY ไม่มี live position match — ไม่ใช้ลาก --start
  ℹ️  ไม่มี pending SIM ที่มี live match — ขยับ --start: 09:58 → 09:59
  💤 รอจนถึง 10:00:01 (51s)

[10:00:01] ─── รอบใหม่ ───
  ▶ run_sim --start 13-07-2026 09:59 --tf M1,M5,M15,M30,H1,H4

--- Running Backtest S20.12 for 13-07-2026 09:59 ถึง ปัจจุบัน ---

| กรอบเวลา (Timeframe) | จำนวนการเข้าเทรดทั้งหมด (Trades) | เคสที่ชนะ (Win) | เคสที่แพ้ (Loss) | อัตราแพ้ชนะ (Win Rate %) | แนวราคา/ระดับสัญญาณเทคนิคอลที่เข้าบ่อยที่สุด | ผลรวมกำไรขาดทุนสุทธิ (Net P&L ($)) |
|---|---|---|---|---|---|---|
| **M1** | 0 | 0 | 0 | 0.0% | - | 0.00 |
| **M5** | 0 | 0 | 0 | 0.0% | - | 0.00 |
| **M15** | 0 | 0 | 0 | 0.0% | - | 0.00 |
| **M30** | 0 | 0 | 0 | 0.0% | - | 0.00 |
| **H1** | 0 | 0 | 0 | 0.0% | - | 0.00 |
| **H4** | 0 | 0 | 0 | 0.0% | - | 0.00 |
| **สรุปรวมทุก TF** | 0 | 0 | 0 | 0.0% | - | 0.00 |
💰 Balance เริ่มต้น: $1,000.00 | Balance สุดท้าย: $1,000.00
  ⚠️ run_sim ไม่มี trade — ขยับ --start ไป 10:00
  💤 รอจนถึง 10:01:01 (51s)

[10:01:02] ─── รอบใหม่ ───
  ▶ run_sim --start 13-07-2026 10:00 --tf M1,M5,M15,M30,H1,H4

--- Running Backtest S20.12 for 13-07-2026 10:00 ถึง ปัจจุบัน ---

| กรอบเวลา (Timeframe) | จำนวนการเข้าเทรดทั้งหมด (Trades) | เคสที่ชนะ (Win) | เคสที่แพ้ (Loss) | อัตราแพ้ชนะ (Win Rate %) | แนวราคา/ระดับสัญญาณเทคนิคอลที่เข้าบ่อยที่สุด | ผลรวมกำไรขาดทุนสุทธิ (Net P&L ($)) |
|---|---|---|---|---|---|---|
| **M1** | 0 | 0 | 0 | 0.0% | - | 0.00 |
| **M5** | 0 | 0 | 0 | 0.0% | - | 0.00 |
| **M15** | 0 | 0 | 0 | 0.0% | - | 0.00 |
| **M30** | 0 | 0 | 0 | 0.0% | - | 0.00 |
| **H1** | 0 | 0 | 0 | 0.0% | - | 0.00 |
| **H4** | 0 | 0 | 0 | 0.0% | - | 0.00 |
| **สรุปรวมทุก TF** | 0 | 0 | 0 | 0.0% | - | 0.00 |
💰 Balance เริ่มต้น: $1,000.00 | Balance สุดท้าย: $1,000.00
  ⚠️ run_sim ไม่มี trade — ขยับ --start ไป 10:01
  💤 รอจนถึง 10:02:01 (27s)

[10:02:03] ─── รอบใหม่ ───
  ▶ run_sim --start 13-07-2026 10:01 --tf M1,M5,M15,M30,H1,H4

--- Running Backtest S20.12 for 13-07-2026 10:01 ถึง ปัจจุบัน ---

| กรอบเวลา (Timeframe) | จำนวนการเข้าเทรดทั้งหมด (Trades) | เคสที่ชนะ (Win) | เคสที่แพ้ (Loss) | อัตราแพ้ชนะ (Win Rate %) | แนวราคา/ระดับสัญญาณเทคนิคอลที่เข้าบ่อยที่สุด | ผลรวมกำไรขาดทุนสุทธิ (Net P&L ($)) |
|---|---|---|---|---|---|---|
| **M1** | 0 | 0 | 0 | 0.0% | - | 0.00 |
| **M5** | 0 | 0 | 0 | 0.0% | - | 0.00 |
| **M15** | 0 | 0 | 0 | 0.0% | - | 0.00 |
| **M30** | 0 | 0 | 0 | 0.0% | - | 0.00 |
| **H1** | 0 | 0 | 0 | 0.0% | - | 0.00 |
| **H4** | 0 | 0 | 0 | 0.0% | - | 0.00 |
| **สรุปรวมทุก TF** | 0 | 0 | 0 | 0.0% | - | 0.00 |
💰 Balance เริ่มต้น: $1,000.00 | Balance สุดท้าย: $1,000.00
  ⚠️ run_sim ไม่มี trade — ขยับ --start ไป 10:02
  💤 รอจนถึง 10:03:01 (46s)

[10:03:08] ─── รอบใหม่ ───
  ▶ run_sim --start 13-07-2026 10:02 --tf M1,M5,M15,M30,H1,H4

--- Running Backtest S20.12 for 13-07-2026 10:02 ถึง ปัจจุบัน ---

| กรอบเวลา (Timeframe) | จำนวนการเข้าเทรดทั้งหมด (Trades) | เคสที่ชนะ (Win) | เคสที่แพ้ (Loss) | อัตราแพ้ชนะ (Win Rate %) | แนวราคา/ระดับสัญญาณเทคนิคอลที่เข้าบ่อยที่สุด | ผลรวมกำไรขาดทุนสุทธิ (Net P&L ($)) |
|---|---|---|---|---|---|---|
| **M1** | 0 | 0 | 0 | 0.0% | - | 0.00 |
| **M5** | 0 | 0 | 0 | 0.0% | - | 0.00 |
| **M15** | 0 | 0 | 0 | 0.0% | - | 0.00 |
| **M30** | 0 | 0 | 0 | 0.0% | - | 0.00 |
| **H1** | 0 | 0 | 0 | 0.0% | - | 0.00 |
| **H4** | 0 | 0 | 0 | 0.0% | - | 0.00 |
| **สรุปรวมทุก TF** | 0 | 0 | 0 | 0.0% | - | 0.00 |
💰 Balance เริ่มต้น: $1,000.00 | Balance สุดท้าย: $1,000.00
  ⚠️ run_sim ไม่มี trade — ขยับ --start ไป 10:03
  💤 รอจนถึง 10:04:01 (47s)
