[2026-07-06 16:31:33] Supervisor started (profile='demo-iux-2101182459', stale=180 s, check=30 s, grace=90 s, python='C:\Users\Copter\AppData\Local\hermes\hermes-agent\venv\Scripts\python.exe')
[2026-07-06 16:31:33] Launching: C:\Users\Copter\AppData\Local\hermes\hermes-agent\venv\Scripts\python.exe main.py
[2026-07-06 16:31:33] main.py running (pid=174224)
[2026-07-06 16:32:19] WARN: lock file ค้างจาก pid=186768 (ตายไปแล้ว) — เคลียร์แล้วรันต่อ
[2026-07-06 16:32:20] Supervisor started (profile='demo-iux-2101182459', stale=180 s, check=30 s, grace=90 s, python='C:\Users\Copter\AppData\Local\hermes\hermes-agent\venv\Scripts\python.exe')
[2026-07-06 16:32:20] Launching: C:\Users\Copter\AppData\Local\hermes\hermes-agent\venv\Scripts\python.exe main.py
[2026-07-06 16:32:20] main.py running (pid=160128)
[2026-07-06 16:38:38] WARN: lock file ค้างจาก pid=159056 (ตายไปแล้ว) — เคลียร์แล้วรันต่อ
[2026-07-06 16:38:38] Supervisor started (profile='demo-iux-2101182459', stale=180 s, check=30 s, grace=90 s, python='C:\Users\Copter\AppData\Local\hermes\hermes-agent\venv\Scripts\python.exe')
[2026-07-06 16:38:38] Launching: C:\Users\Copter\AppData\Local\hermes\hermes-agent\venv\Scripts\python.exe main.py
[2026-07-06 16:38:38] main.py running (pid=113688)
[2026-07-06 16:51:32] WARN: lock file ค้างจาก pid=105384 (ตายไปแล้ว) — เคลียร์แล้วรันต่อ
[2026-07-06 16:51:33] Supervisor started (profile='demo-iux-2101182459', stale=180 s, check=30 s, grace=90 s, python='C:\Users\Administrator\AppData\Local\Programs\Python\Python313\python.exe')
[2026-07-06 16:51:33] Launching: C:\Users\Administrator\AppData\Local\Programs\Python\Python313\python.exe main.py
[2026-07-06 16:51:33] main.py running (pid=5440)
[2026-07-06 16:52:21] WARN: lock file ค้างจาก pid=3528 (ตายไปแล้ว) — เคลียร์แล้วรันต่อ
[2026-07-06 16:52:22] Supervisor started (profile='demo-iux-2101182459', stale=180 s, check=30 s, grace=90 s, python='C:\Users\Administrator\AppData\Local\Programs\Python\Python313\python.exe')
[2026-07-06 16:52:22] Launching: C:\Users\Administrator\AppData\Local\Programs\Python\Python313\python.exe main.py
[2026-07-06 16:52:22] main.py running (pid=4344)
[2026-07-06 18:01:07] WARN: lock file ค้างจาก pid=3204 (ตายไปแล้ว) — เคลียร์แล้วรันต่อ
[2026-07-06 18:01:08] Supervisor started (profile='demo-iux-2101182459', stale=180 s, check=30 s, grace=90 s, python='C:\Users\Administrator\AppData\Local\Programs\Python\Python313\python.exe')
[2026-07-06 18:01:08] Launching: C:\Users\Administrator\AppData\Local\Programs\Python\Python313\python.exe main.py
[2026-07-06 18:01:08] main.py running (pid=4388)
