Timeout (0:02:30)!
Thread 0x0000b478 (most recent call first):
  File "C:\Users\Copter\AppData\Roaming\uv\python\cpython-3.11-windows-x86_64-none\Lib\concurrent\futures\thread.py", line 81 in _worker
  File "C:\Users\Copter\AppData\Roaming\uv\python\cpython-3.11-windows-x86_64-none\Lib\threading.py", line 982 in run
  File "C:\Users\Copter\AppData\Roaming\uv\python\cpython-3.11-windows-x86_64-none\Lib\threading.py", line 1045 in _bootstrap_inner
  File "C:\Users\Copter\AppData\Roaming\uv\python\cpython-3.11-windows-x86_64-none\Lib\threading.py", line 1002 in _bootstrap

Thread 0x0000ae6c (most recent call first):
  File "C:\Users\Copter\AppData\Roaming\uv\python\cpython-3.11-windows-x86_64-none\Lib\concurrent\futures\thread.py", line 81 in _worker
  File "C:\Users\Copter\AppData\Roaming\uv\python\cpython-3.11-windows-x86_64-none\Lib\threading.py", line 982 in run
  File "C:\Users\Copter\AppData\Roaming\uv\python\cpython-3.11-windows-x86_64-none\Lib\threading.py", line 1045 in _bootstrap_inner
  File "C:\Users\Copter\AppData\Roaming\uv\python\cpython-3.11-windows-x86_64-none\Lib\threading.py", line 1002 in _bootstrap

Thread 0x00003180 (most recent call first):
  File "C:\Users\Copter\AppData\Roaming\uv\python\cpython-3.11-windows-x86_64-none\Lib\concurrent\futures\thread.py", line 81 in _worker
  File "C:\Users\Copter\AppData\Roaming\uv\python\cpython-3.11-windows-x86_64-none\Lib\threading.py", line 982 in run
  File "C:\Users\Copter\AppData\Roaming\uv\python\cpython-3.11-windows-x86_64-none\Lib\threading.py", line 1045 in _bootstrap_inner
  File "C:\Users\Copter\AppData\Roaming\uv\python\cpython-3.11-windows-x86_64-none\Lib\threading.py", line 1002 in _bootstrap

Thread 0x00005220 (most recent call first):
  File "C:\Users\Copter\AppData\Roaming\uv\python\cpython-3.11-windows-x86_64-none\Lib\threading.py", line 327 in wait
  File "C:\Users\Copter\AppData\Roaming\uv\python\cpython-3.11-windows-x86_64-none\Lib\queue.py", line 171 in get
  File "D:\Project\Copter01_AI_Bot_2\mt5_worker.py", line 55 in _worker_loop
  File "C:\Users\Copter\AppData\Roaming\uv\python\cpython-3.11-windows-x86_64-none\Lib\threading.py", line 982 in run
  File "C:\Users\Copter\AppData\Roaming\uv\python\cpython-3.11-windows-x86_64-none\Lib\threading.py", line 1045 in _bootstrap_inner
  File "C:\Users\Copter\AppData\Roaming\uv\python\cpython-3.11-windows-x86_64-none\Lib\threading.py", line 1002 in _bootstrap

Thread 0x00003560 (most recent call first):
  File "D:\Project\Copter01_AI_Bot_2\mt5_worker.py", line 140 in _call_direct
  File "D:\Project\Copter01_AI_Bot_2\mt5_worker.py", line 146 in initialize
  File "D:\Project\Copter01_AI_Bot_2\mt5_utils.py", line 523 in connect_mt5
  File "D:\Project\Copter01_AI_Bot_2\scanner.py", line 2135 in auto_scan
  File "D:\Project\Copter01_AI_Bot_2\main.py", line 201 in run_scan
  File "C:\Users\Copter\AppData\Local\hermes\hermes-agent\venv\Lib\site-packages\apscheduler\executors\base.py", line 181 in run_coroutine_job
  File "C:\Users\Copter\AppData\Roaming\uv\python\cpython-3.11-windows-x86_64-none\Lib\asyncio\events.py", line 84 in _run
  File "C:\Users\Copter\AppData\Roaming\uv\python\cpython-3.11-windows-x86_64-none\Lib\asyncio\base_events.py", line 1936 in _run_once
  File "C:\Users\Copter\AppData\Roaming\uv\python\cpython-3.11-windows-x86_64-none\Lib\asyncio\base_events.py", line 608 in run_forever
  File "C:\Users\Copter\AppData\Roaming\uv\python\cpython-3.11-windows-x86_64-none\Lib\asyncio\windows_events.py", line 321 in run_forever
  File "C:\Users\Copter\AppData\Roaming\uv\python\cpython-3.11-windows-x86_64-none\Lib\asyncio\base_events.py", line 641 in run_until_complete
  File "C:\Users\Copter\AppData\Local\hermes\hermes-agent\venv\Lib\site-packages\telegram\ext\_application.py", line 1060 in __run
  File "C:\Users\Copter\AppData\Local\hermes\hermes-agent\venv\Lib\site-packages\telegram\ext\_application.py", line 839 in run_polling
  File "D:\Project\Copter01_AI_Bot_2\main.py", line 814 in main
  File "D:\Project\Copter01_AI_Bot_2\main.py", line 822 in <module>
Timeout (0:02:30)!
Thread 0x0000c52c (most recent call first):
  File "C:\Users\Copter\AppData\Roaming\uv\python\cpython-3.11-windows-x86_64-none\Lib\concurrent\futures\thread.py", line 81 in _worker
  File "C:\Users\Copter\AppData\Roaming\uv\python\cpython-3.11-windows-x86_64-none\Lib\threading.py", line 982 in run
  File "C:\Users\Copter\AppData\Roaming\uv\python\cpython-3.11-windows-x86_64-none\Lib\threading.py", line 1045 in _bootstrap_inner
  File "C:\Users\Copter\AppData\Roaming\uv\python\cpython-3.11-windows-x86_64-none\Lib\threading.py", line 1002 in _bootstrap

Thread 0x0000dfc0 (most recent call first):
  File "C:\Users\Copter\AppData\Roaming\uv\python\cpython-3.11-windows-x86_64-none\Lib\threading.py", line 327 in wait
  File "C:\Users\Copter\AppData\Roaming\uv\python\cpython-3.11-windows-x86_64-none\Lib\queue.py", line 171 in get
  File "D:\Project\Copter01_AI_Bot_2\mt5_worker.py", line 55 in _worker_loop
  File "C:\Users\Copter\AppData\Roaming\uv\python\cpython-3.11-windows-x86_64-none\Lib\threading.py", line 982 in run
  File "C:\Users\Copter\AppData\Roaming\uv\python\cpython-3.11-windows-x86_64-none\Lib\threading.py", line 1045 in _bootstrap_inner
  File "C:\Users\Copter\AppData\Roaming\uv\python\cpython-3.11-windows-x86_64-none\Lib\threading.py", line 1002 in _bootstrap

Thread 0x0000d6a4 (most recent call first):
  File "D:\Project\Copter01_AI_Bot_2\mt5_worker.py", line 140 in _call_direct
  File "D:\Project\Copter01_AI_Bot_2\mt5_worker.py", line 146 in initialize
  File "D:\Project\Copter01_AI_Bot_2\mt5_utils.py", line 523 in connect_mt5
  File "D:\Project\Copter01_AI_Bot_2\scanner.py", line 2135 in auto_scan
  File "D:\Project\Copter01_AI_Bot_2\main.py", line 201 in run_scan
  File "C:\Users\Copter\AppData\Local\hermes\hermes-agent\venv\Lib\site-packages\apscheduler\executors\base.py", line 181 in run_coroutine_job
  File "C:\Users\Copter\AppData\Roaming\uv\python\cpython-3.11-windows-x86_64-none\Lib\asyncio\events.py", line 84 in _run
  File "C:\Users\Copter\AppData\Roaming\uv\python\cpython-3.11-windows-x86_64-none\Lib\asyncio\base_events.py", line 1936 in _run_once
  File "C:\Users\Copter\AppData\Roaming\uv\python\cpython-3.11-windows-x86_64-none\Lib\asyncio\base_events.py", line 608 in run_forever
  File "C:\Users\Copter\AppData\Roaming\uv\python\cpython-3.11-windows-x86_64-none\Lib\asyncio\windows_events.py", line 321 in run_forever
  File "C:\Users\Copter\AppData\Roaming\uv\python\cpython-3.11-windows-x86_64-none\Lib\asyncio\base_events.py", line 641 in run_until_complete
  File "C:\Users\Copter\AppData\Local\hermes\hermes-agent\venv\Lib\site-packages\telegram\ext\_application.py", line 1060 in __run
  File "C:\Users\Copter\AppData\Local\hermes\hermes-agent\venv\Lib\site-packages\telegram\ext\_application.py", line 839 in run_polling
  File "D:\Project\Copter01_AI_Bot_2\main.py", line 814 in main
  File "D:\Project\Copter01_AI_Bot_2\main.py", line 822 in <module>
Timeout (0:02:30)!
Thread 0x00009428 (most recent call first):
  File "C:\Users\Copter\AppData\Roaming\uv\python\cpython-3.11-windows-x86_64-none\Lib\concurrent\futures\thread.py", line 81 in _worker
  File "C:\Users\Copter\AppData\Roaming\uv\python\cpython-3.11-windows-x86_64-none\Lib\threading.py", line 982 in run
  File "C:\Users\Copter\AppData\Roaming\uv\python\cpython-3.11-windows-x86_64-none\Lib\threading.py", line 1045 in _bootstrap_inner
  File "C:\Users\Copter\AppData\Roaming\uv\python\cpython-3.11-windows-x86_64-none\Lib\threading.py", line 1002 in _bootstrap

Thread 0x0000e3b0 (most recent call first):
  File "C:\Users\Copter\AppData\Roaming\uv\python\cpython-3.11-windows-x86_64-none\Lib\threading.py", line 327 in wait
  File "C:\Users\Copter\AppData\Roaming\uv\python\cpython-3.11-windows-x86_64-none\Lib\queue.py", line 171 in get
  File "D:\Project\Copter01_AI_Bot_2\mt5_worker.py", line 55 in _worker_loop
  File "C:\Users\Copter\AppData\Roaming\uv\python\cpython-3.11-windows-x86_64-none\Lib\threading.py", line 982 in run
  File "C:\Users\Copter\AppData\Roaming\uv\python\cpython-3.11-windows-x86_64-none\Lib\threading.py", line 1045 in _bootstrap_inner
  File "C:\Users\Copter\AppData\Roaming\uv\python\cpython-3.11-windows-x86_64-none\Lib\threading.py", line 1002 in _bootstrap

Thread 0x000099d4 (most recent call first):
  File "D:\Project\Copter01_AI_Bot_2\mt5_worker.py", line 140 in _call_direct
  File "D:\Project\Copter01_AI_Bot_2\mt5_worker.py", line 146 in initialize
  File "D:\Project\Copter01_AI_Bot_2\mt5_utils.py", line 523 in connect_mt5
  File "D:\Project\Copter01_AI_Bot_2\scanner.py", line 2135 in auto_scan
  File "D:\Project\Copter01_AI_Bot_2\main.py", line 201 in run_scan
  File "C:\Users\Copter\AppData\Local\hermes\hermes-agent\venv\Lib\site-packages\apscheduler\executors\base.py", line 181 in run_coroutine_job
  File "C:\Users\Copter\AppData\Roaming\uv\python\cpython-3.11-windows-x86_64-none\Lib\asyncio\events.py", line 84 in _run
  File "C:\Users\Copter\AppData\Roaming\uv\python\cpython-3.11-windows-x86_64-none\Lib\asyncio\base_events.py", line 1936 in _run_once
  File "C:\Users\Copter\AppData\Roaming\uv\python\cpython-3.11-windows-x86_64-none\Lib\asyncio\base_events.py", line 608 in run_forever
  File "C:\Users\Copter\AppData\Roaming\uv\python\cpython-3.11-windows-x86_64-none\Lib\asyncio\windows_events.py", line 321 in run_forever
  File "C:\Users\Copter\AppData\Roaming\uv\python\cpython-3.11-windows-x86_64-none\Lib\asyncio\base_events.py", line 641 in run_until_complete
  File "C:\Users\Copter\AppData\Local\hermes\hermes-agent\venv\Lib\site-packages\telegram\ext\_application.py", line 1060 in __run
  File "C:\Users\Copter\AppData\Local\hermes\hermes-agent\venv\Lib\site-packages\telegram\ext\_application.py", line 839 in run_polling
  File "D:\Project\Copter01_AI_Bot_2\main.py", line 814 in main
  File "D:\Project\Copter01_AI_Bot_2\main.py", line 822 in <module>
Timeout (0:02:30)!
Thread 0x0000c1f0 (most recent call first):
  File "C:\Users\Copter\AppData\Roaming\uv\python\cpython-3.11-windows-x86_64-none\Lib\concurrent\futures\thread.py", line 81 in _worker
  File "C:\Users\Copter\AppData\Roaming\uv\python\cpython-3.11-windows-x86_64-none\Lib\threading.py", line 982 in run
  File "C:\Users\Copter\AppData\Roaming\uv\python\cpython-3.11-windows-x86_64-none\Lib\threading.py", line 1045 in _bootstrap_inner
  File "C:\Users\Copter\AppData\Roaming\uv\python\cpython-3.11-windows-x86_64-none\Lib\threading.py", line 1002 in _bootstrap

Thread 0x0000bf60 (most recent call first):
  File "C:\Users\Copter\AppData\Roaming\uv\python\cpython-3.11-windows-x86_64-none\Lib\threading.py", line 327 in wait
  File "C:\Users\Copter\AppData\Roaming\uv\python\cpython-3.11-windows-x86_64-none\Lib\queue.py", line 171 in get
  File "D:\Project\Copter01_AI_Bot_2\mt5_worker.py", line 55 in _worker_loop
  File "C:\Users\Copter\AppData\Roaming\uv\python\cpython-3.11-windows-x86_64-none\Lib\threading.py", line 982 in run
  File "C:\Users\Copter\AppData\Roaming\uv\python\cpython-3.11-windows-x86_64-none\Lib\threading.py", line 1045 in _bootstrap_inner
  File "C:\Users\Copter\AppData\Roaming\uv\python\cpython-3.11-windows-x86_64-none\Lib\threading.py", line 1002 in _bootstrap

Thread 0x0000d664 (most recent call first):
  File "D:\Project\Copter01_AI_Bot_2\mt5_worker.py", line 140 in _call_direct
  File "D:\Project\Copter01_AI_Bot_2\mt5_worker.py", line 146 in initialize
  File "D:\Project\Copter01_AI_Bot_2\mt5_utils.py", line 540 in connect_mt5
  File "D:\Project\Copter01_AI_Bot_2\scanner.py", line 2135 in auto_scan
  File "D:\Project\Copter01_AI_Bot_2\main.py", line 201 in run_scan
  File "C:\Users\Copter\AppData\Local\hermes\hermes-agent\venv\Lib\site-packages\apscheduler\executors\base.py", line 181 in run_coroutine_job
  File "C:\Users\Copter\AppData\Roaming\uv\python\cpython-3.11-windows-x86_64-none\Lib\asyncio\events.py", line 84 in _run
  File "C:\Users\Copter\AppData\Roaming\uv\python\cpython-3.11-windows-x86_64-none\Lib\asyncio\base_events.py", line 1936 in _run_once
  File "C:\Users\Copter\AppData\Roaming\uv\python\cpython-3.11-windows-x86_64-none\Lib\asyncio\base_events.py", line 608 in run_forever
  File "C:\Users\Copter\AppData\Roaming\uv\python\cpython-3.11-windows-x86_64-none\Lib\asyncio\windows_events.py", line 321 in run_forever
  File "C:\Users\Copter\AppData\Roaming\uv\python\cpython-3.11-windows-x86_64-none\Lib\asyncio\base_events.py", line 641 in run_until_complete
  File "C:\Users\Copter\AppData\Local\hermes\hermes-agent\venv\Lib\site-packages\telegram\ext\_application.py", line 1060 in __run
  File "C:\Users\Copter\AppData\Local\hermes\hermes-agent\venv\Lib\site-packages\telegram\ext\_application.py", line 839 in run_polling
  File "D:\Project\Copter01_AI_Bot_2\main.py", line 814 in main
  File "D:\Project\Copter01_AI_Bot_2\main.py", line 822 in <module>
