[2026-07-13 09:29:45] WARN: lock file ค้างจาก pid=5428 (ตายไปแล้ว) — เคลียร์แล้วรันต่อ
[2026-07-13 09:29:47] Supervisor started (profile='demo-iux-2101183586', stale=180 s, check=30 s, grace=90 s, python='C:\Users\Administrator\AppData\Local\Programs\Python\Python313\python.exe')
[2026-07-13 09:29:47] Launching: C:\Users\Administrator\AppData\Local\Programs\Python\Python313\python.exe main.py
[2026-07-13 09:29:47] main.py running (pid=4124)
[2026-07-13 09:33:51] STALL: heartbeat age=196s > 180s (loop hang) -> kill pid=4124 + restart
[2026-07-13 09:34:08] Restarting in 5 s ...
[2026-07-13 09:34:32] Launching: C:\Users\Administrator\AppData\Local\Programs\Python\Python313\python.exe main.py
[2026-07-13 09:34:34] main.py running (pid=5020)
[2026-07-13 09:38:14] STALL: heartbeat age=181s > 180s (loop hang) -> kill pid=5020 + restart
[2026-07-13 09:38:40] Restarting in 5 s ...
[2026-07-13 09:38:45] Launching: C:\Users\Administrator\AppData\Local\Programs\Python\Python313\python.exe main.py
[2026-07-13 09:38:45] main.py running (pid=3180)
[2026-07-13 09:51:23] STALL: heartbeat age=188s > 180s (loop hang) -> kill pid=3180 + restart
[2026-07-13 09:51:34] Restarting in 5 s ...
[2026-07-13 09:51:39] Launching: C:\Users\Administrator\AppData\Local\Programs\Python\Python313\python.exe main.py
[2026-07-13 09:51:39] main.py running (pid=1772)
[2026-07-13 10:15:27] WARN: lock file ค้างจาก pid=5032 (ตายไปแล้ว) — เคลียร์แล้วรันต่อ
[2026-07-13 10:15:28] Supervisor started (profile='demo-iux-2101183586', stale=180 s, check=30 s, grace=90 s, python='C:\Users\Administrator\AppData\Local\Programs\Python\Python313\python.exe')
[2026-07-13 10:15:28] Launching: C:\Users\Administrator\AppData\Local\Programs\Python\Python313\python.exe main.py
[2026-07-13 10:15:28] main.py running (pid=5620)
[2026-07-13 17:54:24] STALL: heartbeat age=189s > 180s (loop hang) -> kill pid=5620 + restart
[2026-07-13 17:55:12] Restarting in 5 s ...
[2026-07-13 17:55:33] Launching: C:\Users\Administrator\AppData\Local\Programs\Python\Python313\python.exe main.py
[2026-07-13 17:56:01] main.py running (pid=5156)
