Timeout (0:02:30)!
Thread 0x00000d60 (most recent call first):
  File "C:\Users\Administrator\AppData\Local\Programs\Python\Python313\Lib\concurrent\futures\thread.py", line 90 in _worker
  File "C:\Users\Administrator\AppData\Local\Programs\Python\Python313\Lib\threading.py", line 995 in run
  File "C:\Users\Administrator\AppData\Local\Programs\Python\Python313\Lib\threading.py", line 1044 in _bootstrap_inner
  File "C:\Users\Administrator\AppData\Local\Programs\Python\Python313\Lib\threading.py", line 1015 in _bootstrap

Thread 0x0000181c (most recent call first):
  File "C:\Users\Administrator\AppData\Local\Programs\Python\Python313\Lib\asyncio\windows_events.py", line 775 in _poll
  File "C:\Users\Administrator\AppData\Local\Programs\Python\Python313\Lib\asyncio\windows_events.py", line 446 in select
  File "C:\Users\Administrator\AppData\Local\Programs\Python\Python313\Lib\asyncio\base_events.py", line 2012 in _run_once
  File "C:\Users\Administrator\AppData\Local\Programs\Python\Python313\Lib\asyncio\base_events.py", line 683 in run_forever
  File "C:\Users\Administrator\AppData\Local\Programs\Python\Python313\Lib\site-packages\telegram\ext\_application.py", line 1062 in __run
  File "C:\Users\Administrator\AppData\Local\Programs\Python\Python313\Lib\site-packages\telegram\ext\_application.py", line 839 in run_polling
  File "C:\Users\Administrator\Documents\GitHub\Copter01_AI_Bot_2\main.py", line 732 in main
  File "C:\Users\Administrator\Documents\GitHub\Copter01_AI_Bot_2\main.py", line 736 in <module>
Timeout (0:02:30)!
Thread 0x00000d60 (most recent call first):
  File "C:\Users\Administrator\AppData\Local\Programs\Python\Python313\Lib\concurrent\futures\thread.py", line 90 in _worker
  File "C:\Users\Administrator\AppData\Local\Programs\Python\Python313\Lib\threading.py", line 995 in run
  File "C:\Users\Administrator\AppData\Local\Programs\Python\Python313\Lib\threading.py", line 1044 in _bootstrap_inner
  File "C:\Users\Administrator\AppData\Local\Programs\Python\Python313\Lib\threading.py", line 1015 in _bootstrap

Thread 0x0000181c (most recent call first):
  File "C:\Users\Administrator\Documents\GitHub\Copter01_AI_Bot_2\mt5_utils.py", line 502 in connect_mt5
  File "C:\Users\Administrator\Documents\GitHub\Copter01_AI_Bot_2\sweep_filter.py", line 681 in _get_closed_rates
  File "C:\Users\Administrator\Documents\GitHub\Copter01_AI_Bot_2\sweep_filter.py", line 709 in check_and_update
  File "C:\Users\Administrator\Documents\GitHub\Copter01_AI_Bot_2\scanner.py", line 2650 in scan_one_tf
  File "C:\Users\Administrator\Documents\GitHub\Copter01_AI_Bot_2\scanner.py", line 1993 in _timed_scan_one_tf
  File "C:\Users\Administrator\AppData\Local\Programs\Python\Python313\Lib\asyncio\events.py", line 89 in _run
  File "C:\Users\Administrator\AppData\Local\Programs\Python\Python313\Lib\asyncio\base_events.py", line 2050 in _run_once
  File "C:\Users\Administrator\AppData\Local\Programs\Python\Python313\Lib\asyncio\base_events.py", line 683 in run_forever
  File "C:\Users\Administrator\AppData\Local\Programs\Python\Python313\Lib\site-packages\telegram\ext\_application.py", line 1062 in __run
  File "C:\Users\Administrator\AppData\Local\Programs\Python\Python313\Lib\site-packages\telegram\ext\_application.py", line 839 in run_polling
  File "C:\Users\Administrator\Documents\GitHub\Copter01_AI_Bot_2\main.py", line 732 in main
  File "C:\Users\Administrator\Documents\GitHub\Copter01_AI_Bot_2\main.py", line 736 in <module>
Timeout (0:02:30)!
Thread 0x00000d60 (most recent call first):
  File "C:\Users\Administrator\AppData\Local\Programs\Python\Python313\Lib\concurrent\futures\thread.py", line 90 in _worker
  File "C:\Users\Administrator\AppData\Local\Programs\Python\Python313\Lib\threading.py", line 995 in run
  File "C:\Users\Administrator\AppData\Local\Programs\Python\Python313\Lib\threading.py", line 1044 in _bootstrap_inner
  File "C:\Users\Administrator\AppData\Local\Programs\Python\Python313\Lib\threading.py", line 1015 in _bootstrap

Thread 0x0000181c (most recent call first):
  File "C:\Users\Administrator\Documents\GitHub\Copter01_AI_Bot_2\scanner.py", line 3958 in scan_one_tf
  File "C:\Users\Administrator\Documents\GitHub\Copter01_AI_Bot_2\scanner.py", line 1993 in _timed_scan_one_tf
  File "C:\Users\Administrator\AppData\Local\Programs\Python\Python313\Lib\asyncio\events.py", line 89 in _run
  File "C:\Users\Administrator\AppData\Local\Programs\Python\Python313\Lib\asyncio\base_events.py", line 2050 in _run_once
  File "C:\Users\Administrator\AppData\Local\Programs\Python\Python313\Lib\asyncio\base_events.py", line 683 in run_forever
  File "C:\Users\Administrator\AppData\Local\Programs\Python\Python313\Lib\site-packages\telegram\ext\_application.py", line 1062 in __run
  File "C:\Users\Administrator\AppData\Local\Programs\Python\Python313\Lib\site-packages\telegram\ext\_application.py", line 839 in run_polling
  File "C:\Users\Administrator\Documents\GitHub\Copter01_AI_Bot_2\main.py", line 732 in main
  File "C:\Users\Administrator\Documents\GitHub\Copter01_AI_Bot_2\main.py", line 736 in <module>
Timeout (0:02:30)!
Thread 0x00001d44 (most recent call first):
  File "C:\Users\Administrator\AppData\Local\Programs\Python\Python313\Lib\concurrent\futures\thread.py", line 90 in _worker
  File "C:\Users\Administrator\AppData\Local\Programs\Python\Python313\Lib\threading.py", line 995 in run
  File "C:\Users\Administrator\AppData\Local\Programs\Python\Python313\Lib\threading.py", line 1044 in _bootstrap_inner
  File "C:\Users\Administrator\AppData\Local\Programs\Python\Python313\Lib\threading.py", line 1015 in _bootstrap

Thread 0x00000260 (most recent call first):
  File "C:\Users\Administrator\AppData\Local\Programs\Python\Python313\Lib\concurrent\futures\thread.py", line 90 in _worker
  File "C:\Users\Administrator\AppData\Local\Programs\Python\Python313\Lib\threading.py", line 995 in run
  File "C:\Users\Administrator\AppData\Local\Programs\Python\Python313\Lib\threading.py", line 1044 in _bootstrap_inner
  File "C:\Users\Administrator\AppData\Local\Programs\Python\Python313\Lib\threading.py", line 1015 in _bootstrap

Thread 0x0000158c (most recent call first):
  File "C:\Users\Administrator\Documents\GitHub\Copter01_AI_Bot_2\scanner.py", line 1978 in _fvg_find_parallel_intersection
  File "C:\Users\Administrator\Documents\GitHub\Copter01_AI_Bot_2\scanner.py", line 2817 in scan_one_tf
  File "C:\Users\Administrator\Documents\GitHub\Copter01_AI_Bot_2\scanner.py", line 1993 in _timed_scan_one_tf
  File "C:\Users\Administrator\AppData\Local\Programs\Python\Python313\Lib\asyncio\events.py", line 89 in _run
  File "C:\Users\Administrator\AppData\Local\Programs\Python\Python313\Lib\asyncio\base_events.py", line 2050 in _run_once
  File "C:\Users\Administrator\AppData\Local\Programs\Python\Python313\Lib\asyncio\base_events.py", line 683 in run_forever
  File "C:\Users\Administrator\AppData\Local\Programs\Python\Python313\Lib\site-packages\telegram\ext\_application.py", line 1062 in __run
  File "C:\Users\Administrator\AppData\Local\Programs\Python\Python313\Lib\site-packages\telegram\ext\_application.py", line 839 in run_polling
  File "C:\Users\Administrator\Documents\GitHub\Copter01_AI_Bot_2\main.py", line 732 in main
  File "C:\Users\Administrator\Documents\GitHub\Copter01_AI_Bot_2\main.py", line 736 in <module>
Timeout (0:02:30)!
Thread 0x000010a0 (most recent call first):
  File "C:\Users\Administrator\AppData\Local\Programs\Python\Python313\Lib\asyncio\proactor_events.py", line 830 in _write_to_self
  File "C:\Users\Administrator\AppData\Local\Programs\Python\Python313\Lib\asyncio\base_events.py", line 884 in call_soon_threadsafe
  File "C:\Users\Administrator\AppData\Local\Programs\Python\Python313\Lib\asyncio\futures.py", line 400 in _call_set_state
  File "C:\Users\Administrator\AppData\Local\Programs\Python\Python313\Lib\concurrent\futures\_base.py", line 340 in _invoke_callbacks
  File "C:\Users\Administrator\AppData\Local\Programs\Python\Python313\Lib\concurrent\futures\_base.py", line 550 in set_result
  File "C:\Users\Administrator\AppData\Local\Programs\Python\Python313\Lib\concurrent\futures\thread.py", line 65 in run
  File "C:\Users\Administrator\AppData\Local\Programs\Python\Python313\Lib\concurrent\futures\thread.py", line 93 in _worker
  File "C:\Users\Administrator\AppData\Local\Programs\Python\Python313\Lib\threading.py", line 995 in run
  File "C:\Users\Administrator\AppData\Local\Programs\Python\Python313\Lib\threading.py", line 1044 in _bootstrap_inner
  File "C:\Users\Administrator\AppData\Local\Programs\Python\Python313\Lib\threading.py", line 1015 in _bootstrap

Thread 0x00001eec (most recent call first):
  File "C:\Users\Administrator\Documents\GitHub\Copter01_AI_Bot_2\scanner.py", line 2835 in scan_one_tf
  File "C:\Users\Administrator\Documents\GitHub\Copter01_AI_Bot_2\scanner.py", line 1993 in _timed_scan_one_tf
  File "C:\Users\Administrator\AppData\Local\Programs\Python\Python313\Lib\asyncio\events.py", line 89 in _run
  File "C:\Users\Administrator\AppData\Local\Programs\Python\Python313\Lib\asyncio\base_events.py", line 2050 in _run_once
  File "C:\Users\Administrator\AppData\Local\Programs\Python\Python313\Lib\asyncio\base_events.py", line 683 in run_forever
  File "C:\Users\Administrator\AppData\Local\Programs\Python\Python313\Lib\asyncio\base_events.py", line 712 in run_until_complete
  File "C:\Users\Administrator\AppData\Local\Programs\Python\Python313\Lib\site-packages\telegram\ext\_application.py", line 1060 in __run
  File "C:\Users\Administrator\AppData\Local\Programs\Python\Python313\Lib\site-packages\telegram\ext\_application.py", line 839 in run_polling
  File "C:\Users\Administrator\Documents\GitHub\Copter01_AI_Bot_2\main.py", line 732 in main
  File "C:\Users\Administrator\Documents\GitHub\Copter01_AI_Bot_2\main.py", line 736 in <module>
