Timeout (0:02:30)!
Thread 0x000016e8 (most recent call first):
  File "C:\Users\Administrator\AppData\Local\Programs\Python\Python313\Lib\concurrent\futures\thread.py", line 90 in _worker
  File "C:\Users\Administrator\AppData\Local\Programs\Python\Python313\Lib\threading.py", line 995 in run
  File "C:\Users\Administrator\AppData\Local\Programs\Python\Python313\Lib\threading.py", line 1044 in _bootstrap_inner
  File "C:\Users\Administrator\AppData\Local\Programs\Python\Python313\Lib\threading.py", line 1015 in _bootstrap

Thread 0x0000165c (most recent call first):
  File "C:\Users\Administrator\AppData\Local\Programs\Python\Python313\Lib\threading.py", line 359 in wait
  File "C:\Users\Administrator\AppData\Local\Programs\Python\Python313\Lib\queue.py", line 199 in get
  File "C:\Users\Administrator\Desktop\Copter01_AI_Bot_2\mt5_worker.py", line 55 in _worker_loop
  File "C:\Users\Administrator\AppData\Local\Programs\Python\Python313\Lib\threading.py", line 995 in run
  File "C:\Users\Administrator\AppData\Local\Programs\Python\Python313\Lib\threading.py", line 1044 in _bootstrap_inner
  File "C:\Users\Administrator\AppData\Local\Programs\Python\Python313\Lib\threading.py", line 1015 in _bootstrap

Thread 0x00001464 (most recent call first):
  File "C:\Users\Administrator\Desktop\Copter01_AI_Bot_2\mt5_worker.py", line 140 in _call_direct
  File "C:\Users\Administrator\Desktop\Copter01_AI_Bot_2\mt5_worker.py", line 146 in initialize
  File "C:\Users\Administrator\Desktop\Copter01_AI_Bot_2\mt5_utils.py", line 570 in connect_mt5
  File "C:\Users\Administrator\Desktop\Copter01_AI_Bot_2\main.py", line 714 in post_init
  File "C:\Users\Administrator\AppData\Local\Programs\Python\Python313\Lib\asyncio\events.py", line 89 in _run
  File "C:\Users\Administrator\AppData\Local\Programs\Python\Python313\Lib\asyncio\base_events.py", line 2050 in _run_once
  File "C:\Users\Administrator\AppData\Local\Programs\Python\Python313\Lib\asyncio\base_events.py", line 683 in run_forever
  File "C:\Users\Administrator\AppData\Local\Programs\Python\Python313\Lib\asyncio\base_events.py", line 712 in run_until_complete
  File "C:\Users\Administrator\AppData\Local\Programs\Python\Python313\Lib\site-packages\telegram\ext\_application.py", line 1056 in __run
  File "C:\Users\Administrator\AppData\Local\Programs\Python\Python313\Lib\site-packages\telegram\ext\_application.py", line 839 in run_polling
  File "C:\Users\Administrator\Desktop\Copter01_AI_Bot_2\main.py", line 822 in main
  File "C:\Users\Administrator\Desktop\Copter01_AI_Bot_2\main.py", line 830 in <module>
Timeout (0:02:30)!
Thread 0x00000ad4 (most recent call first):
  File "C:\Users\Administrator\AppData\Local\Programs\Python\Python313\Lib\concurrent\futures\thread.py", line 90 in _worker
  File "C:\Users\Administrator\AppData\Local\Programs\Python\Python313\Lib\threading.py", line 995 in run
  File "C:\Users\Administrator\AppData\Local\Programs\Python\Python313\Lib\threading.py", line 1044 in _bootstrap_inner
  File "C:\Users\Administrator\AppData\Local\Programs\Python\Python313\Lib\threading.py", line 1015 in _bootstrap

Thread 0x00000ec8 (most recent call first):
  File "C:\Users\Administrator\AppData\Local\Programs\Python\Python313\Lib\threading.py", line 359 in wait
  File "C:\Users\Administrator\AppData\Local\Programs\Python\Python313\Lib\queue.py", line 199 in get
  File "C:\Users\Administrator\Desktop\Copter01_AI_Bot_2\mt5_worker.py", line 55 in _worker_loop
  File "C:\Users\Administrator\AppData\Local\Programs\Python\Python313\Lib\threading.py", line 995 in run
  File "C:\Users\Administrator\AppData\Local\Programs\Python\Python313\Lib\threading.py", line 1044 in _bootstrap_inner
  File "C:\Users\Administrator\AppData\Local\Programs\Python\Python313\Lib\threading.py", line 1015 in _bootstrap

Thread 0x00000a34 (most recent call first):
  File "C:\Users\Administrator\Desktop\Copter01_AI_Bot_2\strategy_af.py", line 331 in _cfg_for_ladder_leg
  File "C:\Users\Administrator\Desktop\Copter01_AI_Bot_2\strategy_lts.py", line 73 in _load_lts_weights
  File "C:\Users\Administrator\Desktop\Copter01_AI_Bot_2\strategy_lts.py", line 161 in <module>
  File "<frozen importlib._bootstrap>", line 488 in _call_with_frames_removed
  File "<frozen importlib._bootstrap_external>", line 1023 in exec_module
  File "<frozen importlib._bootstrap>", line 935 in _load_unlocked
  File "<frozen importlib._bootstrap>", line 1331 in _find_and_load_unlocked
  File "<frozen importlib._bootstrap>", line 1360 in _find_and_load
  File "C:\Users\Administrator\Desktop\Copter01_AI_Bot_2\demo_portfolio.py", line 68 in <module>
  File "<frozen importlib._bootstrap>", line 488 in _call_with_frames_removed
  File "<frozen importlib._bootstrap_external>", line 1023 in exec_module
  File "<frozen importlib._bootstrap>", line 935 in _load_unlocked
  File "<frozen importlib._bootstrap>", line 1331 in _find_and_load_unlocked
  File "<frozen importlib._bootstrap>", line 1360 in _find_and_load
  File "C:\Users\Administrator\Desktop\Copter01_AI_Bot_2\main.py", line 430 in run_position_check
  File "C:\Users\Administrator\AppData\Local\Programs\Python\Python313\Lib\site-packages\apscheduler\executors\base.py", line 181 in run_coroutine_job
  File "C:\Users\Administrator\AppData\Local\Programs\Python\Python313\Lib\asyncio\events.py", line 89 in _run
  File "C:\Users\Administrator\AppData\Local\Programs\Python\Python313\Lib\asyncio\base_events.py", line 2050 in _run_once
  File "C:\Users\Administrator\AppData\Local\Programs\Python\Python313\Lib\asyncio\base_events.py", line 683 in run_forever
  File "C:\Users\Administrator\AppData\Local\Programs\Python\Python313\Lib\asyncio\base_events.py", line 712 in run_until_complete
  File "C:\Users\Administrator\AppData\Local\Programs\Python\Python313\Lib\site-packages\telegram\ext\_application.py", line 1060 in __run
  File "C:\Users\Administrator\AppData\Local\Programs\Python\Python313\Lib\site-packages\telegram\ext\_application.py", line 839 in run_polling
  File "C:\Users\Administrator\Desktop\Copter01_AI_Bot_2\main.py", line 822 in main
  File "C:\Users\Administrator\Desktop\Copter01_AI_Bot_2\main.py", line 830 in <module>
Timeout (0:02:30)!
Thread 0x000004c4 (most recent call first):
  File "C:\Users\Administrator\AppData\Local\Programs\Python\Python313\Lib\concurrent\futures\thread.py", line 90 in _worker
  File "C:\Users\Administrator\AppData\Local\Programs\Python\Python313\Lib\threading.py", line 995 in run
  File "C:\Users\Administrator\AppData\Local\Programs\Python\Python313\Lib\threading.py", line 1044 in _bootstrap_inner
  File "C:\Users\Administrator\AppData\Local\Programs\Python\Python313\Lib\threading.py", line 1015 in _bootstrap

Thread 0x000011e4 (most recent call first):
  File "C:\Users\Administrator\AppData\Local\Programs\Python\Python313\Lib\concurrent\futures\thread.py", line 90 in _worker
  File "C:\Users\Administrator\AppData\Local\Programs\Python\Python313\Lib\threading.py", line 995 in run
  File "C:\Users\Administrator\AppData\Local\Programs\Python\Python313\Lib\threading.py", line 1044 in _bootstrap_inner
  File "C:\Users\Administrator\AppData\Local\Programs\Python\Python313\Lib\threading.py", line 1015 in _bootstrap

Thread 0x00000964 (most recent call first):
  File "C:\Users\Administrator\AppData\Local\Programs\Python\Python313\Lib\threading.py", line 359 in wait
  File "C:\Users\Administrator\AppData\Local\Programs\Python\Python313\Lib\queue.py", line 199 in get
  File "C:\Users\Administrator\Desktop\Copter01_AI_Bot_2\mt5_worker.py", line 55 in _worker_loop
  File "C:\Users\Administrator\AppData\Local\Programs\Python\Python313\Lib\threading.py", line 995 in run
  File "C:\Users\Administrator\AppData\Local\Programs\Python\Python313\Lib\threading.py", line 1044 in _bootstrap_inner
  File "C:\Users\Administrator\AppData\Local\Programs\Python\Python313\Lib\threading.py", line 1015 in _bootstrap

Thread 0x00001774 (most recent call first):
  File "C:\Users\Administrator\Desktop\Copter01_AI_Bot_2\strategy_af.py", line 334 in _cfg_for_ladder_leg
  File "C:\Users\Administrator\Desktop\Copter01_AI_Bot_2\strategy_lts.py", line 73 in _load_lts_weights
  File "C:\Users\Administrator\Desktop\Copter01_AI_Bot_2\strategy_lts.py", line 161 in <module>
  File "<frozen importlib._bootstrap>", line 488 in _call_with_frames_removed
  File "<frozen importlib._bootstrap_external>", line 1023 in exec_module
  File "<frozen importlib._bootstrap>", line 935 in _load_unlocked
  File "<frozen importlib._bootstrap>", line 1331 in _find_and_load_unlocked
  File "<frozen importlib._bootstrap>", line 1360 in _find_and_load
  File "C:\Users\Administrator\Desktop\Copter01_AI_Bot_2\demo_portfolio.py", line 68 in <module>
  File "<frozen importlib._bootstrap>", line 488 in _call_with_frames_removed
  File "<frozen importlib._bootstrap_external>", line 1023 in exec_module
  File "<frozen importlib._bootstrap>", line 935 in _load_unlocked
  File "<frozen importlib._bootstrap>", line 1331 in _find_and_load_unlocked
  File "<frozen importlib._bootstrap>", line 1360 in _find_and_load
  File "C:\Users\Administrator\Desktop\Copter01_AI_Bot_2\main.py", line 430 in run_position_check
  File "C:\Users\Administrator\AppData\Local\Programs\Python\Python313\Lib\site-packages\apscheduler\executors\base.py", line 181 in run_coroutine_job
  File "C:\Users\Administrator\AppData\Local\Programs\Python\Python313\Lib\asyncio\events.py", line 89 in _run
  File "C:\Users\Administrator\AppData\Local\Programs\Python\Python313\Lib\asyncio\base_events.py", line 2050 in _run_once
  File "C:\Users\Administrator\AppData\Local\Programs\Python\Python313\Lib\asyncio\base_events.py", line 683 in run_forever
  File "C:\Users\Administrator\AppData\Local\Programs\Python\Python313\Lib\site-packages\telegram\ext\_application.py", line 1062 in __run
  File "C:\Users\Administrator\AppData\Local\Programs\Python\Python313\Lib\site-packages\telegram\ext\_application.py", line 839 in run_polling
  File "C:\Users\Administrator\Desktop\Copter01_AI_Bot_2\main.py", line 822 in main
  File "C:\Users\Administrator\Desktop\Copter01_AI_Bot_2\main.py", line 830 in <module>
Timeout (0:02:30)!
Thread 0x00000a34 (most recent call first):
  File "C:\Users\Administrator\AppData\Local\Programs\Python\Python313\Lib\concurrent\futures\thread.py", line 90 in _worker
  File "C:\Users\Administrator\AppData\Local\Programs\Python\Python313\Lib\threading.py", line 995 in run
  File "C:\Users\Administrator\AppData\Local\Programs\Python\Python313\Lib\threading.py", line 1044 in _bootstrap_inner
  File "C:\Users\Administrator\AppData\Local\Programs\Python\Python313\Lib\threading.py", line 1015 in _bootstrap

Thread 0x00001728 (most recent call first):
  File "C:\Users\Administrator\AppData\Local\Programs\Python\Python313\Lib\concurrent\futures\thread.py", line 90 in _worker
  File "C:\Users\Administrator\AppData\Local\Programs\Python\Python313\Lib\threading.py", line 995 in run
  File "C:\Users\Administrator\AppData\Local\Programs\Python\Python313\Lib\threading.py", line 1044 in _bootstrap_inner
  File "C:\Users\Administrator\AppData\Local\Programs\Python\Python313\Lib\threading.py", line 1015 in _bootstrap

Thread 0x00001554 (most recent call first):
  File "C:\Users\Administrator\AppData\Local\Programs\Python\Python313\Lib\threading.py", line 359 in wait
  File "C:\Users\Administrator\AppData\Local\Programs\Python\Python313\Lib\queue.py", line 199 in get
  File "C:\Users\Administrator\Desktop\Copter01_AI_Bot_2\mt5_worker.py", line 55 in _worker_loop
  File "C:\Users\Administrator\AppData\Local\Programs\Python\Python313\Lib\threading.py", line 995 in run
  File "C:\Users\Administrator\AppData\Local\Programs\Python\Python313\Lib\threading.py", line 1044 in _bootstrap_inner
  File "C:\Users\Administrator\AppData\Local\Programs\Python\Python313\Lib\threading.py", line 1015 in _bootstrap

Thread 0x00000b08 (most recent call first):
  File "C:\Users\Administrator\AppData\Local\Programs\Python\Python313\Lib\threading.py", line 363 in wait
  File "C:\Users\Administrator\AppData\Local\Programs\Python\Python313\Lib\concurrent\futures\_base.py", line 451 in result
  File "C:\Users\Administrator\Desktop\Copter01_AI_Bot_2\mt5_worker.py", line 92 in _call
  File "C:\Users\Administrator\Desktop\Copter01_AI_Bot_2\mt5_worker.py", line 154 in terminal_info
  File "C:\Users\Administrator\Desktop\Copter01_AI_Bot_2\mt5_utils.py", line 16 in _mt5_terminal_path_matches
  File "C:\Users\Administrator\Desktop\Copter01_AI_Bot_2\mt5_utils.py", line 557 in connect_mt5
  File "C:\Users\Administrator\Desktop\Copter01_AI_Bot_2\scanner.py", line 2177 in auto_scan
  File "C:\Users\Administrator\Desktop\Copter01_AI_Bot_2\main.py", line 202 in run_scan
  File "C:\Users\Administrator\AppData\Local\Programs\Python\Python313\Lib\site-packages\apscheduler\executors\base.py", line 181 in run_coroutine_job
  File "C:\Users\Administrator\AppData\Local\Programs\Python\Python313\Lib\asyncio\events.py", line 89 in _run
  File "C:\Users\Administrator\AppData\Local\Programs\Python\Python313\Lib\asyncio\base_events.py", line 2050 in _run_once
  File "C:\Users\Administrator\AppData\Local\Programs\Python\Python313\Lib\asyncio\base_events.py", line 683 in run_forever
  File "C:\Users\Administrator\AppData\Local\Programs\Python\Python313\Lib\site-packages\telegram\ext\_application.py", line 1062 in __run
  File "C:\Users\Administrator\AppData\Local\Programs\Python\Python313\Lib\site-packages\telegram\ext\_application.py", line 839 in run_polling
  File "C:\Users\Administrator\Desktop\Copter01_AI_Bot_2\main.py", line 822 in main
  File "C:\Users\Administrator\Desktop\Copter01_AI_Bot_2\main.py", line 830 in <module>
Timeout (0:02:30)!
Thread 0x00000b08 (most recent call first):
  File "C:\Users\Administrator\AppData\Local\Programs\Python\Python313\Lib\concurrent\futures\thread.py", line 90 in _worker
  File "C:\Users\Administrator\AppData\Local\Programs\Python\Python313\Lib\threading.py", line 995 in run
  File "C:\Users\Administrator\AppData\Local\Programs\Python\Python313\Lib\threading.py", line 1044 in _bootstrap_inner
  File "C:\Users\Administrator\AppData\Local\Programs\Python\Python313\Lib\threading.py", line 1015 in _bootstrap

Thread 0x00000b74 (most recent call first):
  File "C:\Users\Administrator\AppData\Local\Programs\Python\Python313\Lib\concurrent\futures\thread.py", line 90 in _worker
  File "C:\Users\Administrator\AppData\Local\Programs\Python\Python313\Lib\threading.py", line 995 in run
  File "C:\Users\Administrator\AppData\Local\Programs\Python\Python313\Lib\threading.py", line 1044 in _bootstrap_inner
  File "C:\Users\Administrator\AppData\Local\Programs\Python\Python313\Lib\threading.py", line 1015 in _bootstrap

Thread 0x00000ee8 (most recent call first):
  File "C:\Users\Administrator\AppData\Local\Programs\Python\Python313\Lib\threading.py", line 359 in wait
  File "C:\Users\Administrator\AppData\Local\Programs\Python\Python313\Lib\queue.py", line 199 in get
  File "C:\Users\Administrator\Desktop\Copter01_AI_Bot_2\mt5_worker.py", line 55 in _worker_loop
  File "C:\Users\Administrator\AppData\Local\Programs\Python\Python313\Lib\threading.py", line 995 in run
  File "C:\Users\Administrator\AppData\Local\Programs\Python\Python313\Lib\threading.py", line 1044 in _bootstrap_inner
  File "C:\Users\Administrator\AppData\Local\Programs\Python\Python313\Lib\threading.py", line 1015 in _bootstrap

Thread 0x00001758 (most recent call first):
  File "C:\Users\Administrator\AppData\Local\Programs\Python\Python313\Lib\asyncio\windows_events.py", line 775 in _poll
  File "C:\Users\Administrator\AppData\Local\Programs\Python\Python313\Lib\asyncio\windows_events.py", line 446 in select
  File "C:\Users\Administrator\AppData\Local\Programs\Python\Python313\Lib\asyncio\base_events.py", line 2012 in _run_once
  File "C:\Users\Administrator\AppData\Local\Programs\Python\Python313\Lib\asyncio\base_events.py", line 683 in run_forever
  File "C:\Users\Administrator\AppData\Local\Programs\Python\Python313\Lib\site-packages\telegram\ext\_application.py", line 1062 in __run
  File "C:\Users\Administrator\AppData\Local\Programs\Python\Python313\Lib\site-packages\telegram\ext\_application.py", line 839 in run_polling
  File "C:\Users\Administrator\Desktop\Copter01_AI_Bot_2\main.py", line 822 in main
  File "C:\Users\Administrator\Desktop\Copter01_AI_Bot_2\main.py", line 830 in <module>
Timeout (0:02:30)!
Thread 0x000015e4 (most recent call first):
  File "C:\Users\Administrator\AppData\Local\Programs\Python\Python313\Lib\concurrent\futures\thread.py", line 90 in _worker
  File "C:\Users\Administrator\AppData\Local\Programs\Python\Python313\Lib\threading.py", line 995 in run
  File "C:\Users\Administrator\AppData\Local\Programs\Python\Python313\Lib\threading.py", line 1044 in _bootstrap_inner
  File "C:\Users\Administrator\AppData\Local\Programs\Python\Python313\Lib\threading.py", line 1015 in _bootstrap

Thread 0x0000179c (most recent call first):
  File "C:\Users\Administrator\AppData\Local\Programs\Python\Python313\Lib\concurrent\futures\thread.py", line 90 in _worker
  File "C:\Users\Administrator\AppData\Local\Programs\Python\Python313\Lib\threading.py", line 995 in run
  File "C:\Users\Administrator\AppData\Local\Programs\Python\Python313\Lib\threading.py", line 1044 in _bootstrap_inner
  File "C:\Users\Administrator\AppData\Local\Programs\Python\Python313\Lib\threading.py", line 1015 in _bootstrap

Thread 0x00001bb0 (most recent call first):
  File "C:\Users\Administrator\AppData\Local\Programs\Python\Python313\Lib\threading.py", line 359 in wait
  File "C:\Users\Administrator\AppData\Local\Programs\Python\Python313\Lib\queue.py", line 199 in get
  File "C:\Users\Administrator\Desktop\Copter01_AI_Bot_2\mt5_worker.py", line 55 in _worker_loop
  File "C:\Users\Administrator\AppData\Local\Programs\Python\Python313\Lib\threading.py", line 995 in run
  File "C:\Users\Administrator\AppData\Local\Programs\Python\Python313\Lib\threading.py", line 1044 in _bootstrap_inner
  File "C:\Users\Administrator\AppData\Local\Programs\Python\Python313\Lib\threading.py", line 1015 in _bootstrap

Thread 0x00000794 (most recent call first):
  File "C:\Users\Administrator\AppData\Local\Programs\Python\Python313\Lib\asyncio\windows_events.py", line 775 in _poll
  File "C:\Users\Administrator\AppData\Local\Programs\Python\Python313\Lib\asyncio\windows_events.py", line 446 in select
  File "C:\Users\Administrator\AppData\Local\Programs\Python\Python313\Lib\asyncio\base_events.py", line 2012 in _run_once
  File "C:\Users\Administrator\AppData\Local\Programs\Python\Python313\Lib\asyncio\base_events.py", line 683 in run_forever
  File "C:\Users\Administrator\AppData\Local\Programs\Python\Python313\Lib\site-packages\telegram\ext\_application.py", line 1062 in __run
  File "C:\Users\Administrator\AppData\Local\Programs\Python\Python313\Lib\site-packages\telegram\ext\_application.py", line 839 in run_polling
  File "C:\Users\Administrator\Desktop\Copter01_AI_Bot_2\main.py", line 822 in main
  File "C:\Users\Administrator\Desktop\Copter01_AI_Bot_2\main.py", line 830 in <module>
Timeout (0:02:30)!
Thread 0x00000ebc (most recent call first):
  File "C:\Users\Administrator\AppData\Local\Programs\Python\Python313\Lib\concurrent\futures\thread.py", line 90 in _worker
  File "C:\Users\Administrator\AppData\Local\Programs\Python\Python313\Lib\threading.py", line 995 in run
  File "C:\Users\Administrator\AppData\Local\Programs\Python\Python313\Lib\threading.py", line 1044 in _bootstrap_inner
  File "C:\Users\Administrator\AppData\Local\Programs\Python\Python313\Lib\threading.py", line 1015 in _bootstrap

Thread 0x00000384 (most recent call first):
  File "C:\Users\Administrator\AppData\Local\Programs\Python\Python313\Lib\concurrent\futures\thread.py", line 90 in _worker
  File "C:\Users\Administrator\AppData\Local\Programs\Python\Python313\Lib\threading.py", line 995 in run
  File "C:\Users\Administrator\AppData\Local\Programs\Python\Python313\Lib\threading.py", line 1044 in _bootstrap_inner
  File "C:\Users\Administrator\AppData\Local\Programs\Python\Python313\Lib\threading.py", line 1015 in _bootstrap

Thread 0x00001748 (most recent call first):
  File "C:\Users\Administrator\AppData\Local\Programs\Python\Python313\Lib\threading.py", line 359 in wait
  File "C:\Users\Administrator\AppData\Local\Programs\Python\Python313\Lib\queue.py", line 199 in get
  File "C:\Users\Administrator\Desktop\Copter01_AI_Bot_2\mt5_worker.py", line 55 in _worker_loop
  File "C:\Users\Administrator\AppData\Local\Programs\Python\Python313\Lib\threading.py", line 995 in run
  File "C:\Users\Administrator\AppData\Local\Programs\Python\Python313\Lib\threading.py", line 1044 in _bootstrap_inner
  File "C:\Users\Administrator\AppData\Local\Programs\Python\Python313\Lib\threading.py", line 1015 in _bootstrap

Thread 0x00001b08 (most recent call first):
  File "C:\Users\Administrator\AppData\Local\Programs\Python\Python313\Lib\site-packages\apscheduler\executors\asyncio.py", line 43 in _do_submit_job
  File "C:\Users\Administrator\AppData\Local\Programs\Python\Python313\Lib\site-packages\apscheduler\executors\base.py", line 74 in submit_job
  File "C:\Users\Administrator\AppData\Local\Programs\Python\Python313\Lib\site-packages\apscheduler\schedulers\base.py", line 1195 in _process_jobs
  File "C:\Users\Administrator\AppData\Local\Programs\Python\Python313\Lib\site-packages\apscheduler\schedulers\asyncio.py", line 69 in wakeup
  File "C:\Users\Administrator\AppData\Local\Programs\Python\Python313\Lib\asyncio\events.py", line 89 in _run
  File "C:\Users\Administrator\AppData\Local\Programs\Python\Python313\Lib\asyncio\base_events.py", line 2050 in _run_once
  File "C:\Users\Administrator\AppData\Local\Programs\Python\Python313\Lib\asyncio\base_events.py", line 683 in run_forever
  File "C:\Users\Administrator\AppData\Local\Programs\Python\Python313\Lib\site-packages\telegram\ext\_application.py", line 1062 in __run
  File "C:\Users\Administrator\AppData\Local\Programs\Python\Python313\Lib\site-packages\telegram\ext\_application.py", line 839 in run_polling
  File "C:\Users\Administrator\Desktop\Copter01_AI_Bot_2\main.py", line 822 in main
  File "C:\Users\Administrator\Desktop\Copter01_AI_Bot_2\main.py", line 830 in <module>
Timeout (0:02:30)!
<freed thread state>
Timeout (0:02:30)!
Thread 0x00001afc (most recent call first):
  File "C:\Users\Administrator\AppData\Local\Programs\Python\Python313\Lib\concurrent\futures\thread.py", line 90 in _worker
  File "C:\Users\Administrator\AppData\Local\Programs\Python\Python313\Lib\threading.py", line 995 in run
  File "C:\Users\Administrator\AppData\Local\Programs\Python\Python313\Lib\threading.py", line 1044 in _bootstrap_inner
  File "C:\Users\Administrator\AppData\Local\Programs\Python\Python313\Lib\threading.py", line 1015 in _bootstrap

Thread 0x00001a68 (most recent call first):
  File "C:\Users\Administrator\AppData\Local\Programs\Python\Python313\Lib\concurrent\futures\thread.py", line 90 in _worker
  File "C:\Users\Administrator\AppData\Local\Programs\Python\Python313\Lib\threading.py", line 995 in run
  File "C:\Users\Administrator\AppData\Local\Programs\Python\Python313\Lib\threading.py", line 1044 in _bootstrap_inner
  File "C:\Users\Administrator\AppData\Local\Programs\Python\Python313\Lib\threading.py", line 1015 in _bootstrap

Thread 0x00001ba8 (most recent call first):
  File "C:\Users\Administrator\AppData\Local\Programs\Python\Python313\Lib\threading.py", line 359 in wait
  File "C:\Users\Administrator\AppData\Local\Programs\Python\Python313\Lib\queue.py", line 199 in get
  File "C:\Users\Administrator\Desktop\Copter01_AI_Bot_2\mt5_worker.py", line 55 in _worker_loop
  File "C:\Users\Administrator\AppData\Local\Programs\Python\Python313\Lib\threading.py", line 995 in run
  File "C:\Users\Administrator\AppData\Local\Programs\Python\Python313\Lib\threading.py", line 1044 in _bootstrap_inner
  File "C:\Users\Administrator\AppData\Local\Programs\Python\Python313\Lib\threading.py", line 1015 in _bootstrap

Thread 0x00001b6c (most recent call first):
  File "C:\Users\Administrator\Desktop\Copter01_AI_Bot_2\bot_log.py", line 409 in emit
  File "C:\Users\Administrator\AppData\Local\Programs\Python\Python313\Lib\logging\__init__.py", line 1027 in handle
  File "C:\Users\Administrator\AppData\Local\Programs\Python\Python313\Lib\logging\__init__.py", line 1737 in callHandlers
  File "C:\Users\Administrator\AppData\Local\Programs\Python\Python313\Lib\logging\__init__.py", line 1681 in handle
  File "C:\Users\Administrator\AppData\Local\Programs\Python\Python313\Lib\logging\__init__.py", line 1665 in _log
  File "C:\Users\Administrator\AppData\Local\Programs\Python\Python313\Lib\logging\__init__.py", line 1520 in info
  File "C:\Users\Administrator\AppData\Local\Programs\Python\Python313\Lib\site-packages\apscheduler\executors\base.py", line 179 in run_coroutine_job
  File "C:\Users\Administrator\AppData\Local\Programs\Python\Python313\Lib\asyncio\events.py", line 89 in _run
  File "C:\Users\Administrator\AppData\Local\Programs\Python\Python313\Lib\asyncio\base_events.py", line 2050 in _run_once
  File "C:\Users\Administrator\AppData\Local\Programs\Python\Python313\Lib\asyncio\base_events.py", line 683 in run_forever
  File "C:\Users\Administrator\AppData\Local\Programs\Python\Python313\Lib\site-packages\telegram\ext\_application.py", line 1062 in __run
  File "C:\Users\Administrator\AppData\Local\Programs\Python\Python313\Lib\site-packages\telegram\ext\_application.py", line 839 in run_polling
  File "C:\Users\Administrator\Desktop\Copter01_AI_Bot_2\main.py", line 822 in main
  File "C:\Users\Administrator\Desktop\Copter01_AI_Bot_2\main.py", line 830 in <module>
Timeout (0:02:30)!
Thread 0x00001a7c (most recent call first):
  File "C:\Users\Administrator\AppData\Local\Programs\Python\Python313\Lib\concurrent\futures\thread.py", line 90 in _worker
  File "C:\Users\Administrator\AppData\Local\Programs\Python\Python313\Lib\threading.py", line 995 in run
  File "C:\Users\Administrator\AppData\Local\Programs\Python\Python313\Lib\threading.py", line 1044 in _bootstrap_inner
  File "C:\Users\Administrator\AppData\Local\Programs\Python\Python313\Lib\threading.py", line 1015 in _bootstrap

Thread 0x00001408 (most recent call first):
  File "C:\Users\Administrator\AppData\Local\Programs\Python\Python313\Lib\concurrent\futures\thread.py", line 90 in _worker
  File "C:\Users\Administrator\AppData\Local\Programs\Python\Python313\Lib\threading.py", line 995 in run
  File "C:\Users\Administrator\AppData\Local\Programs\Python\Python313\Lib\threading.py", line 1044 in _bootstrap_inner
  File "C:\Users\Administrator\AppData\Local\Programs\Python\Python313\Lib\threading.py", line 1015 in _bootstrap

Thread 0x00001a30 (most recent call first):
  File "C:\Users\Administrator\AppData\Local\Programs\Python\Python313\Lib\concurrent\futures\thread.py", line 90 in _worker
  File "C:\Users\Administrator\AppData\Local\Programs\Python\Python313\Lib\threading.py", line 995 in run
  File "C:\Users\Administrator\AppData\Local\Programs\Python\Python313\Lib\threading.py", line 1044 in _bootstrap_inner
  File "C:\Users\Administrator\AppData\Local\Programs\Python\Python313\Lib\threading.py", line 1015 in _bootstrap

Thread 0x00001ac0 (most recent call first):
  File "C:\Users\Administrator\AppData\Local\Programs\Python\Python313\Lib\threading.py", line 359 in wait
  File "C:\Users\Administrator\AppData\Local\Programs\Python\Python313\Lib\queue.py", line 199 in get
  File "C:\Users\Administrator\Desktop\Copter01_AI_Bot_2\mt5_worker.py", line 55 in _worker_loop
  File "C:\Users\Administrator\AppData\Local\Programs\Python\Python313\Lib\threading.py", line 995 in run
  File "C:\Users\Administrator\AppData\Local\Programs\Python\Python313\Lib\threading.py", line 1044 in _bootstrap_inner
  File "C:\Users\Administrator\AppData\Local\Programs\Python\Python313\Lib\threading.py", line 1015 in _bootstrap

Thread 0x00001914 (most recent call first):
  File "C:\Users\Administrator\AppData\Local\Programs\Python\Python313\Lib\asyncio\windows_events.py", line 775 in _poll
  File "C:\Users\Administrator\AppData\Local\Programs\Python\Python313\Lib\asyncio\windows_events.py", line 446 in select
  File "C:\Users\Administrator\AppData\Local\Programs\Python\Python313\Lib\asyncio\base_events.py", line 2012 in _run_once
  File "C:\Users\Administrator\AppData\Local\Programs\Python\Python313\Lib\asyncio\base_events.py", line 683 in run_forever
  File "C:\Users\Administrator\AppData\Local\Programs\Python\Python313\Lib\site-packages\telegram\ext\_application.py", line 1062 in __run
  File "C:\Users\Administrator\AppData\Local\Programs\Python\Python313\Lib\site-packages\telegram\ext\_application.py", line 839 in run_polling
  File "C:\Users\Administrator\Desktop\Copter01_AI_Bot_2\main.py", line 822 in main
  File "C:\Users\Administrator\Desktop\Copter01_AI_Bot_2\main.py", line 830 in <module>
Timeout (0:02:30)!
Thread 0x00001a7c (most recent call first):
  File "C:\Users\Administrator\AppData\Local\Programs\Python\Python313\Lib\concurrent\futures\thread.py", line 90 in _worker
  File "C:\Users\Administrator\AppData\Local\Programs\Python\Python313\Lib\threading.py", line 995 in run
  File "C:\Users\Administrator\AppData\Local\Programs\Python\Python313\Lib\threading.py", line 1044 in _bootstrap_inner
  File "C:\Users\Administrator\AppData\Local\Programs\Python\Python313\Lib\threading.py", line 1015 in _bootstrap

Thread 0x00001408 (most recent call first):
  File "C:\Users\Administrator\AppData\Local\Programs\Python\Python313\Lib\concurrent\futures\thread.py", line 90 in _worker
  File "C:\Users\Administrator\AppData\Local\Programs\Python\Python313\Lib\threading.py", line 995 in run
  File "C:\Users\Administrator\AppData\Local\Programs\Python\Python313\Lib\threading.py", line 1044 in _bootstrap_inner
  File "C:\Users\Administrator\AppData\Local\Programs\Python\Python313\Lib\threading.py", line 1015 in _bootstrap

Thread 0x00001a30 (most recent call first):
  File "C:\Users\Administrator\AppData\Local\Programs\Python\Python313\Lib\concurrent\futures\thread.py", line 90 in _worker
  File "C:\Users\Administrator\AppData\Local\Programs\Python\Python313\Lib\threading.py", line 995 in run
  File "C:\Users\Administrator\AppData\Local\Programs\Python\Python313\Lib\threading.py", line 1044 in _bootstrap_inner
  File "C:\Users\Administrator\AppData\Local\Programs\Python\Python313\Lib\threading.py", line 1015 in _bootstrap

Thread 0x00001ac0 (most recent call first):
  File "C:\Users\Administrator\AppData\Local\Programs\Python\Python313\Lib\threading.py", line 359 in wait
  File "C:\Users\Administrator\AppData\Local\Programs\Python\Python313\Lib\queue.py", line 199 in get
  File "C:\Users\Administrator\Desktop\Copter01_AI_Bot_2\mt5_worker.py", line 55 in _worker_loop
  File "C:\Users\Administrator\AppData\Local\Programs\Python\Python313\Lib\threading.py", line 995 in run
  File "C:\Users\Administrator\AppData\Local\Programs\Python\Python313\Lib\threading.py", line 1044 in _bootstrap_inner
  File "C:\Users\Administrator\AppData\Local\Programs\Python\Python313\Lib\threading.py", line 1015 in _bootstrap

Thread 0x00001914 (most recent call first):
  File "C:\Users\Administrator\Desktop\Copter01_AI_Bot_2\bot_log.py", line 479 in _write_line_with_retry
  File "C:\Users\Administrator\Desktop\Copter01_AI_Bot_2\bot_log.py", line 512 in log_event
  File "C:\Users\Administrator\Desktop\Copter01_AI_Bot_2\scanner.py", line 2166 in _timed_scan_one_tf
  File "C:\Users\Administrator\AppData\Local\Programs\Python\Python313\Lib\asyncio\events.py", line 89 in _run
  File "C:\Users\Administrator\AppData\Local\Programs\Python\Python313\Lib\asyncio\base_events.py", line 2050 in _run_once
  File "C:\Users\Administrator\AppData\Local\Programs\Python\Python313\Lib\asyncio\base_events.py", line 683 in run_forever
  File "C:\Users\Administrator\AppData\Local\Programs\Python\Python313\Lib\site-packages\telegram\ext\_application.py", line 1062 in __run
  File "C:\Users\Administrator\AppData\Local\Programs\Python\Python313\Lib\site-packages\telegram\ext\_application.py", line 839 in run_polling
  File "C:\Users\Administrator\Desktop\Copter01_AI_Bot_2\main.py", line 822 in main
  File "C:\Users\Administrator\Desktop\Copter01_AI_Bot_2\main.py", line 830 in <module>
Timeout (0:02:30)!
Thread 0x00000b00 (most recent call first):
  File "C:\Users\Administrator\AppData\Local\Programs\Python\Python313\Lib\concurrent\futures\thread.py", line 90 in _worker
  File "C:\Users\Administrator\AppData\Local\Programs\Python\Python313\Lib\threading.py", line 995 in run
  File "C:\Users\Administrator\AppData\Local\Programs\Python\Python313\Lib\threading.py", line 1044 in _bootstrap_inner
  File "C:\Users\Administrator\AppData\Local\Programs\Python\Python313\Lib\threading.py", line 1015 in _bootstrap

Thread 0x00001588 (most recent call first):
  File "C:\Users\Administrator\AppData\Local\Programs\Python\Python313\Lib\concurrent\futures\thread.py", line 90 in _worker
  File "C:\Users\Administrator\AppData\Local\Programs\Python\Python313\Lib\threading.py", line 995 in run
  File "C:\Users\Administrator\AppData\Local\Programs\Python\Python313\Lib\threading.py", line 1044 in _bootstrap_inner
  File "C:\Users\Administrator\AppData\Local\Programs\Python\Python313\Lib\threading.py", line 1015 in _bootstrap

Thread 0x00000370 (most recent call first):
  File "C:\Users\Administrator\AppData\Local\Programs\Python\Python313\Lib\threading.py", line 359 in wait
  File "C:\Users\Administrator\AppData\Local\Programs\Python\Python313\Lib\queue.py", line 199 in get
  File "C:\Users\Administrator\Desktop\Copter01_AI_Bot_2\mt5_worker.py", line 55 in _worker_loop
  File "C:\Users\Administrator\AppData\Local\Programs\Python\Python313\Lib\threading.py", line 995 in run
  File "C:\Users\Administrator\AppData\Local\Programs\Python\Python313\Lib\threading.py", line 1044 in _bootstrap_inner
  File "C:\Users\Administrator\AppData\Local\Programs\Python\Python313\Lib\threading.py", line 1015 in _bootstrap

Thread 0x000017b0 (most recent call first):
  File "C:\Users\Administrator\AppData\Local\Programs\Python\Python313\Lib\asyncio\windows_events.py", line 775 in _poll
  File "C:\Users\Administrator\AppData\Local\Programs\Python\Python313\Lib\asyncio\windows_events.py", line 446 in select
  File "C:\Users\Administrator\AppData\Local\Programs\Python\Python313\Lib\asyncio\base_events.py", line 2012 in _run_once
  File "C:\Users\Administrator\AppData\Local\Programs\Python\Python313\Lib\asyncio\base_events.py", line 683 in run_forever
  File "C:\Users\Administrator\AppData\Local\Programs\Python\Python313\Lib\site-packages\telegram\ext\_application.py", line 1062 in __run
  File "C:\Users\Administrator\AppData\Local\Programs\Python\Python313\Lib\site-packages\telegram\ext\_application.py", line 839 in run_polling
  File "C:\Users\Administrator\Desktop\Copter01_AI_Bot_2\main.py", line 822 in main
  File "C:\Users\Administrator\Desktop\Copter01_AI_Bot_2\main.py", line 830 in <module>
Timeout (0:02:30)!
Thread 0x000017dc (most recent call first):
  File "C:\Users\Administrator\AppData\Local\Programs\Python\Python313\Lib\concurrent\futures\thread.py", line 90 in _worker
  File "C:\Users\Administrator\AppData\Local\Programs\Python\Python313\Lib\threading.py", line 995 in run
  File "C:\Users\Administrator\AppData\Local\Programs\Python\Python313\Lib\threading.py", line 1044 in _bootstrap_inner
  File "C:\Users\Administrator\AppData\Local\Programs\Python\Python313\Lib\threading.py", line 1015 in _bootstrap

Thread 0x0000111c (most recent call first):
  File "C:\Users\Administrator\AppData\Local\Programs\Python\Python313\Lib\threading.py", line 359 in wait
  File "C:\Users\Administrator\AppData\Local\Programs\Python\Python313\Lib\queue.py", line 199 in get
  File "C:\Users\Administrator\Desktop\Copter01_AI_Bot_2\mt5_worker.py", line 55 in _worker_loop
  File "C:\Users\Administrator\AppData\Local\Programs\Python\Python313\Lib\threading.py", line 995 in run
  File "C:\Users\Administrator\AppData\Local\Programs\Python\Python313\Lib\threading.py", line 1044 in _bootstrap_inner
  File "C:\Users\Administrator\AppData\Local\Programs\Python\Python313\Lib\threading.py", line 1015 in _bootstrap

Thread 0x00001a3c (most recent call first):
  File "C:\Users\Administrator\AppData\Local\Programs\Python\Python313\Lib\asyncio\windows_events.py", line 775 in _poll
  File "C:\Users\Administrator\AppData\Local\Programs\Python\Python313\Lib\asyncio\windows_events.py", line 446 in select
  File "C:\Users\Administrator\AppData\Local\Programs\Python\Python313\Lib\asyncio\base_events.py", line 2012 in _run_once
  File "C:\Users\Administrator\AppData\Local\Programs\Python\Python313\Lib\asyncio\base_events.py", line 683 in run_forever
  File "C:\Users\Administrator\AppData\Local\Programs\Python\Python313\Lib\site-packages\telegram\ext\_application.py", line 1062 in __run
  File "C:\Users\Administrator\AppData\Local\Programs\Python\Python313\Lib\site-packages\telegram\ext\_application.py", line 839 in run_polling
  File "C:\Users\Administrator\Desktop\Copter01_AI_Bot_2\main.py", line 822 in main
  File "C:\Users\Administrator\Desktop\Copter01_AI_Bot_2\main.py", line 830 in <module>
Timeout (0:02:30)!
Thread 0x000017dc (most recent call first):
  File "C:\Users\Administrator\AppData\Local\Programs\Python\Python313\Lib\concurrent\futures\thread.py", line 90 in _worker
  File "C:\Users\Administrator\AppData\Local\Programs\Python\Python313\Lib\threading.py", line 995 in run
  File "C:\Users\Administrator\AppData\Local\Programs\Python\Python313\Lib\threading.py", line 1044 in _bootstrap_inner
  File "C:\Users\Administrator\AppData\Local\Programs\Python\Python313\Lib\threading.py", line 1015 in _bootstrap

Thread 0x0000111c (most recent call first):
  File "C:\Users\Administrator\AppData\Local\Programs\Python\Python313\Lib\threading.py", line 359 in wait
  File "C:\Users\Administrator\AppData\Local\Programs\Python\Python313\Lib\queue.py", line 199 in get
  File "C:\Users\Administrator\Desktop\Copter01_AI_Bot_2\mt5_worker.py", line 55 in _worker_loop
  File "C:\Users\Administrator\AppData\Local\Programs\Python\Python313\Lib\threading.py", line 995 in run
  File "C:\Users\Administrator\AppData\Local\Programs\Python\Python313\Lib\threading.py", line 1044 in _bootstrap_inner
  File "C:\Users\Administrator\AppData\Local\Programs\Python\Python313\Lib\threading.py", line 1015 in _bootstrap

Thread 0x00001a3c (most recent call first):
  File "C:\Users\Administrator\AppData\Local\Programs\Python\Python313\Lib\asyncio\windows_events.py", line 775 in _poll
  File "C:\Users\Administrator\AppData\Local\Programs\Python\Python313\Lib\asyncio\windows_events.py", line 446 in select
  File "C:\Users\Administrator\AppData\Local\Programs\Python\Python313\Lib\asyncio\base_events.py", line 2012 in _run_once
  File "C:\Users\Administrator\AppData\Local\Programs\Python\Python313\Lib\asyncio\base_events.py", line 683 in run_forever
  File "C:\Users\Administrator\AppData\Local\Programs\Python\Python313\Lib\site-packages\telegram\ext\_application.py", line 1062 in __run
  File "C:\Users\Administrator\AppData\Local\Programs\Python\Python313\Lib\site-packages\telegram\ext\_application.py", line 839 in run_polling
  File "C:\Users\Administrator\Desktop\Copter01_AI_Bot_2\main.py", line 822 in main
  File "C:\Users\Administrator\Desktop\Copter01_AI_Bot_2\main.py", line 830 in <module>
Timeout (0:02:30)!
<freed thread state>
Timeout (0:02:30)!
Thread 0x00000ff0 (most recent call first):
  File "C:\Users\Administrator\AppData\Local\Programs\Python\Python313\Lib\concurrent\futures\thread.py", line 90 in _worker
  File "C:\Users\Administrator\AppData\Local\Programs\Python\Python313\Lib\threading.py", line 995 in run
  File "C:\Users\Administrator\AppData\Local\Programs\Python\Python313\Lib\threading.py", line 1044 in _bootstrap_inner
  File "C:\Users\Administrator\AppData\Local\Programs\Python\Python313\Lib\threading.py", line 1015 in _bootstrap

Thread 0x00000340 (most recent call first):
  File "C:\Users\Administrator\AppData\Local\Programs\Python\Python313\Lib\concurrent\futures\thread.py", line 90 in _worker
  File "C:\Users\Administrator\AppData\Local\Programs\Python\Python313\Lib\threading.py", line 995 in run
  File "C:\Users\Administrator\AppData\Local\Programs\Python\Python313\Lib\threading.py", line 1044 in _bootstrap_inner
  File "C:\Users\Administrator\AppData\Local\Programs\Python\Python313\Lib\threading.py", line 1015 in _bootstrap

Thread 0x00001a74 (most recent call first):
  File "C:\Users\Administrator\AppData\Local\Programs\Python\Python313\Lib\threading.py", line 359 in wait
  File "C:\Users\Administrator\AppData\Local\Programs\Python\Python313\Lib\queue.py", line 199 in get
  File "C:\Users\Administrator\Desktop\Copter01_AI_Bot_2\mt5_worker.py", line 55 in _worker_loop
  File "C:\Users\Administrator\AppData\Local\Programs\Python\Python313\Lib\threading.py", line 995 in run
  File "C:\Users\Administrator\AppData\Local\Programs\Python\Python313\Lib\threading.py", line 1044 in _bootstrap_inner
  File "C:\Users\Administrator\AppData\Local\Programs\Python\Python313\Lib\threading.py", line 1015 in _bootstrap

Thread 0x000018f0 (most recent call first):
  File "C:\Users\Administrator\AppData\Local\Programs\Python\Python313\Lib\asyncio\windows_events.py", line 775 in _poll
  File "C:\Users\Administrator\AppData\Local\Programs\Python\Python313\Lib\asyncio\windows_events.py", line 446 in select
  File "C:\Users\Administrator\AppData\Local\Programs\Python\Python313\Lib\asyncio\base_events.py", line 2012 in _run_once
  File "C:\Users\Administrator\AppData\Local\Programs\Python\Python313\Lib\asyncio\base_events.py", line 683 in run_forever
  File "C:\Users\Administrator\AppData\Local\Programs\Python\Python313\Lib\site-packages\telegram\ext\_application.py", line 1062 in __run
  File "C:\Users\Administrator\AppData\Local\Programs\Python\Python313\Lib\site-packages\telegram\ext\_application.py", line 839 in run_polling
  File "C:\Users\Administrator\Desktop\Copter01_AI_Bot_2\main.py", line 822 in main
  File "C:\Users\Administrator\Desktop\Copter01_AI_Bot_2\main.py", line 830 in <module>
Timeout (0:02:30)!
Thread 0x000002f4 (most recent call first):
  File "C:\Users\Administrator\AppData\Local\Programs\Python\Python313\Lib\concurrent\futures\thread.py", line 90 in _worker
  File "C:\Users\Administrator\AppData\Local\Programs\Python\Python313\Lib\threading.py", line 995 in run
  File "C:\Users\Administrator\AppData\Local\Programs\Python\Python313\Lib\threading.py", line 1044 in _bootstrap_inner
  File "C:\Users\Administrator\AppData\Local\Programs\Python\Python313\Lib\threading.py", line 1015 in _bootstrap

Thread 0x000005e4 (most recent call first):
  File "C:\Users\Administrator\AppData\Local\Programs\Python\Python313\Lib\concurrent\futures\thread.py", line 90 in _worker
  File "C:\Users\Administrator\AppData\Local\Programs\Python\Python313\Lib\threading.py", line 995 in run
  File "C:\Users\Administrator\AppData\Local\Programs\Python\Python313\Lib\threading.py", line 1044 in _bootstrap_inner
  File "C:\Users\Administrator\AppData\Local\Programs\Python\Python313\Lib\threading.py", line 1015 in _bootstrap

Thread 0x00001a54 (most recent call first):
  File "C:\Users\Administrator\AppData\Local\Programs\Python\Python313\Lib\threading.py", line 359 in wait
  File "C:\Users\Administrator\AppData\Local\Programs\Python\Python313\Lib\queue.py", line 199 in get
  File "C:\Users\Administrator\Desktop\Copter01_AI_Bot_2\mt5_worker.py", line 55 in _worker_loop
  File "C:\Users\Administrator\AppData\Local\Programs\Python\Python313\Lib\threading.py", line 995 in run
  File "C:\Users\Administrator\AppData\Local\Programs\Python\Python313\Lib\threading.py", line 1044 in _bootstrap_inner
  File "C:\Users\Administrator\AppData\Local\Programs\Python\Python313\Lib\threading.py", line 1015 in _bootstrap

Thread 0x00001430 (most recent call first):
  File "C:\Users\Administrator\AppData\Local\Programs\Python\Python313\Lib\asyncio\windows_events.py", line 775 in _poll
  File "C:\Users\Administrator\AppData\Local\Programs\Python\Python313\Lib\asyncio\windows_events.py", line 446 in select
  File "C:\Users\Administrator\AppData\Local\Programs\Python\Python313\Lib\asyncio\base_events.py", line 2012 in _run_once
  File "C:\Users\Administrator\AppData\Local\Programs\Python\Python313\Lib\asyncio\base_events.py", line 683 in run_forever
  File "C:\Users\Administrator\AppData\Local\Programs\Python\Python313\Lib\site-packages\telegram\ext\_application.py", line 1062 in __run
  File "C:\Users\Administrator\AppData\Local\Programs\Python\Python313\Lib\site-packages\telegram\ext\_application.py", line 839 in run_polling
  File "C:\Users\Administrator\Desktop\Copter01_AI_Bot_2\main.py", line 822 in main
  File "C:\Users\Administrator\Desktop\Copter01_AI_Bot_2\main.py", line 830 in <module>
Timeout (0:02:30)!
Thread 0x00001564 (most recent call first):
  File "C:\Users\Administrator\AppData\Local\Programs\Python\Python313\Lib\concurrent\futures\thread.py", line 90 in _worker
  File "C:\Users\Administrator\AppData\Local\Programs\Python\Python313\Lib\threading.py", line 995 in run
  File "C:\Users\Administrator\AppData\Local\Programs\Python\Python313\Lib\threading.py", line 1044 in _bootstrap_inner
  File "C:\Users\Administrator\AppData\Local\Programs\Python\Python313\Lib\threading.py", line 1015 in _bootstrap

Thread 0x00000a5c (most recent call first):
  File "C:\Users\Administrator\AppData\Local\Programs\Python\Python313\Lib\concurrent\futures\thread.py", line 90 in _worker
  File "C:\Users\Administrator\AppData\Local\Programs\Python\Python313\Lib\threading.py", line 995 in run
  File "C:\Users\Administrator\AppData\Local\Programs\Python\Python313\Lib\threading.py", line 1044 in _bootstrap_inner
  File "C:\Users\Administrator\AppData\Local\Programs\Python\Python313\Lib\threading.py", line 1015 in _bootstrap

Thread 0x000003e8 (most recent call first):
  File "C:\Users\Administrator\AppData\Local\Programs\Python\Python313\Lib\threading.py", line 359 in wait
  File "C:\Users\Administrator\AppData\Local\Programs\Python\Python313\Lib\queue.py", line 199 in get
  File "C:\Users\Administrator\Desktop\Copter01_AI_Bot_2\mt5_worker.py", line 55 in _worker_loop
  File "C:\Users\Administrator\AppData\Local\Programs\Python\Python313\Lib\threading.py", line 995 in run
  File "C:\Users\Administrator\AppData\Local\Programs\Python\Python313\Lib\threading.py", line 1044 in _bootstrap_inner
  File "C:\Users\Administrator\AppData\Local\Programs\Python\Python313\Lib\threading.py", line 1015 in _bootstrap

Thread 0x0000179c (most recent call first):
  File "C:\Users\Administrator\AppData\Local\Programs\Python\Python313\Lib\asyncio\windows_events.py", line 775 in _poll
  File "C:\Users\Administrator\AppData\Local\Programs\Python\Python313\Lib\asyncio\windows_events.py", line 446 in select
  File "C:\Users\Administrator\AppData\Local\Programs\Python\Python313\Lib\asyncio\base_events.py", line 2012 in _run_once
  File "C:\Users\Administrator\AppData\Local\Programs\Python\Python313\Lib\asyncio\base_events.py", line 683 in run_forever
  File "C:\Users\Administrator\AppData\Local\Programs\Python\Python313\Lib\site-packages\telegram\ext\_application.py", line 1062 in __run
  File "C:\Users\Administrator\AppData\Local\Programs\Python\Python313\Lib\site-packages\telegram\ext\_application.py", line 839 in run_polling
  File "C:\Users\Administrator\Desktop\Copter01_AI_Bot_2\main.py", line 822 in main
  File "C:\Users\Administrator\Desktop\Copter01_AI_Bot_2\main.py", line 830 in <module>
