[2026-07-15 17:52:20] APP_START | Bot starting | symbol=XAUUSD | scan_interval=1
[2026-07-15 17:55:11] SYMBOL_RESOLVED | XAUUSD -> XAUUSD.iux | requested=XAUUSD | resolved=XAUUSD.iux
[2026-07-15 17:55:22] SWEEP_ACTIVATE | SWEEP_HIGH | tf=M1 | ref_price=4032.95 | sweep_bar=18:06 15-Jul-2026 | confirm_bar=18:07 15-Jul-2026
[2026-07-15 17:55:22] SCAN_TF_SLOW | scan_one_tf[M1] ใช้เวลา 3.76s > 2s | tf=M1 | duration=3.76
[2026-07-15 17:55:22] SWEEP_ACTIVATE | SWEEP_LOW | tf=M5 | ref_price=4019.69 | sweep_bar=16:10 15-Jul-2026 | confirm_bar=16:10 15-Jul-2026
[2026-07-15 17:55:22] SWEEP_ACTIVATE | SWEEP_HIGH | tf=M5 | ref_price=4034.28 | sweep_bar=18:10 15-Jul-2026 | confirm_bar=18:15 15-Jul-2026
[2026-07-15 17:55:22] SWEEP_ACTIVATE | SWEEP_HIGH | tf=M30 | ref_price=4006.12 | sweep_bar=08:30 14-Jul-2026 | confirm_bar=09:00 14-Jul-2026
[2026-07-15 17:55:22] SWEEP_ACTIVATE | SWEEP_LOW | tf=H1 | ref_price=4072.59 | sweep_bar=06:00 13-Jul-2026 | confirm_bar=07:00 13-Jul-2026
[2026-07-15 17:55:23] SWEEP_ACTIVATE | SWEEP_HIGH | tf=H4 | ref_price=4195.44 | sweep_bar=07:00 06-Jul-2026 | confirm_bar=11:00 06-Jul-2026
[2026-07-15 17:55:28] SWEEP_ACTIVATE | SWEEP_LOW | tf=H12 | ref_price=4021.78 | sweep_bar=19:00 13-Jul-2026 | confirm_bar=19:00 14-Jul-2026
[2026-07-15 17:55:28] SCAN_TF_SLOW | scan_one_tf[H12] ใช้เวลา 4.13s > 2s | tf=H12 | duration=4.13
[2026-07-15 17:55:28] SWEEP_ACTIVATE | SWEEP_LOW | tf=D1 | ref_price=4996.16 | sweep_bar=07:00 15-Mar-2026 | confirm_bar=07:00 16-Mar-2026
[2026-07-15 17:55:28] SCAN_SLOW | scan cycle ใช้เวลา 14.48s > 3s | breakdown=sl_tp_hits=0.06s cancel_pending=0.06s engulf_trail_sl=0.00s opposite_order_tp=0.03s entry_candle_quality=0.07s s3_maru_pending=0.02s fvg_pending=0.00s pb_pending=0.00s s12_management=3.77s scan_all_tf=10.43s export_trend_state=0.03s
[2026-07-15 17:56:37] APP_START | Bot starting | symbol=XAUUSD | scan_interval=1
[2026-07-15 17:56:51] SYMBOL_RESOLVED | XAUUSD -> XAUUSD.iux | requested=XAUUSD | resolved=XAUUSD.iux
[2026-07-15 17:56:53] SYMBOL_CHECK | XAUUSD.iux trade_mode=4 xau_open=True | trade_mode=4 | tick_time=1784116612 | bid=4028.03 | ask=4028.17 | tick_ok=True | xau_open=True | current_symbol=XAUUSD | startup=True
[2026-07-15 17:56:55] SWEEP_ACTIVATE | SWEEP_HIGH | tf=M1 | ref_price=4032.95 | sweep_bar=18:06 15-Jul-2026 | confirm_bar=18:07 15-Jul-2026
[2026-07-15 17:56:55] SWEEP_ACTIVATE | SWEEP_LOW | tf=M5 | ref_price=4019.69 | sweep_bar=16:10 15-Jul-2026 | confirm_bar=16:10 15-Jul-2026
[2026-07-15 17:56:55] SWEEP_ACTIVATE | SWEEP_HIGH | tf=M5 | ref_price=4034.28 | sweep_bar=18:10 15-Jul-2026 | confirm_bar=18:15 15-Jul-2026
[2026-07-15 17:56:56] SWEEP_ACTIVATE | SWEEP_HIGH | tf=M30 | ref_price=4006.12 | sweep_bar=08:30 14-Jul-2026 | confirm_bar=09:00 14-Jul-2026
[2026-07-15 17:56:56] SWEEP_ACTIVATE | SWEEP_LOW | tf=H1 | ref_price=4072.59 | sweep_bar=06:00 13-Jul-2026 | confirm_bar=07:00 13-Jul-2026
[2026-07-15 17:56:56] SWEEP_ACTIVATE | SWEEP_HIGH | tf=H4 | ref_price=4195.44 | sweep_bar=07:00 06-Jul-2026 | confirm_bar=11:00 06-Jul-2026
[2026-07-15 17:56:58] SWEEP_ACTIVATE | SWEEP_LOW | tf=H12 | ref_price=4021.78 | sweep_bar=19:00 13-Jul-2026 | confirm_bar=19:00 14-Jul-2026
[2026-07-15 17:56:58] SWEEP_ACTIVATE | SWEEP_LOW | tf=D1 | ref_price=4996.16 | sweep_bar=07:00 15-Mar-2026 | confirm_bar=07:00 16-Mar-2026
[2026-07-15 17:56:58] SCAN_SLOW | scan cycle ใช้เวลา 4.78s > 3s | breakdown=sl_tp_hits=0.42s cancel_pending=0.00s engulf_trail_sl=0.00s opposite_order_tp=0.00s entry_candle_quality=0.00s s3_maru_pending=0.00s fvg_pending=0.00s pb_pending=0.00s s12_management=0.02s scan_all_tf=4.29s export_trend_state=0.04s
[2026-07-15 17:57:01] SWEEP_RESET | SWEEP_HIGH | tf=M30 | reason=expired
[2026-07-15 17:57:01] SWEEP_RESET | SWEEP_LOW | tf=H1 | reason=expired
[2026-07-15 17:57:02] SWEEP_RESET | SWEEP_HIGH | tf=H4 | reason=expired
[2026-07-15 17:57:02] SWEEP_RESET | SWEEP_LOW | tf=D1 | reason=expired
[2026-07-15 17:57:03] TG_SENT | 🟡 *XAUUSD เปิดแล้ว* → สลับกลับ XAUUSD.iux
[2026-07-15 17:57:49] POSITION_CHECK_SLOW | run_position_check ใช้เวลา 45.82s > 3s | breakdown=limit_fill_notify=0.00s lts_exit_manager=45.80s fill_rsi_recheck=0.00s pending_trend_approach=0.00s fill_trend_recheck=0.00s fill_pdfiboplus=0.00s s14_engulf_exits=0.00s s20_escape=0.00s entry_candle_quality=0.00s sl_tp_hits=0.01s s1_zone_rules=0.00s s1_rejection_entry=0.00s s2_s3_chain_groups=0.00s cancel_pending_orders=0.00s opposite_order_tp=0.00s limit_sweep=0.00s scale_out_partial=0.00s
[2026-07-15 17:57:49] NEWS_FILTER_TRANSIENT | fetch: ConnectTimeout:
[2026-07-15 17:57:51] TG_SENT | ⚡ *สั่งสแกนทันทีหลังสลับ symbol*  | 📈 SYMBOL: `XAUUSD.iux`
[2026-07-15 17:57:53] TG_SENT | 🚀 *Auto Scan เริ่มต้น!* | ━━━━━━━━━━━━━━━━━ | 📋 Strategy: *ไม่มี* | ⏰ Interval: *1 นาที* | 🕐 Timeframes: *M1,M5,M15,M30,H1,H4,H12,D1*
[2026-07-15 17:57:54] TG_SENT | ✅ *MT5 เชื่อมต่อสำเร็จ!* | ━━━━━━━━━━━━━━━━━ | 🤖 Bot เริ่มทำงาน | 💰 Account: `2101182460` | 📊 Balance: `10002.65` | 📈 SYMBOL: `XAUUSD.iux` | ⏰ Scan ทุก 5 วินาที | 🕒 Time Mode: `MT5->BKK +6` | 🕒 MT5 Server: `UTC+1` | 🕒 Display: `BKK` | 📋 Strategy:  | 🕐 TF: M1, M5, M15, M30, H1, H4, H12, D1 |  | ♻️ *Restore state สำเร็จ* | 🗂 Saved at: `2026-07-15 17:54:22` | 📦 pending map: `0` | 📍 position tf: `0` | 📝 entry state: `0` | 📐 trail state: `0`
[2026-07-15 17:58:15] SCAN_SLOW | scan cycle ใช้เวลา 3.70s > 3s | breakdown=sl_tp_hits=0.01s cancel_pending=0.00s engulf_trail_sl=0.00s opposite_order_tp=0.00s entry_candle_quality=0.00s s3_maru_pending=0.00s fvg_pending=0.00s pb_pending=0.00s s12_management=0.00s scan_all_tf=3.61s export_trend_state=0.08s
[2026-07-15 17:58:42] SYMBOL_CHECK | XAUUSD.iux trade_mode=4 xau_open=True | trade_mode=4 | tick_time=1784116723 | bid=4027.94 | ask=4028.08 | tick_ok=True | xau_open=True | current_symbol=XAUUSD.iux | startup=False
[2026-07-15 17:58:52] SCAN_TF_SLOW | scan_one_tf[H4] ใช้เวลา 2.19s > 2s | tf=H4 | duration=2.19
[2026-07-15 17:58:52] SCAN_SLOW | scan cycle ใช้เวลา 3.10s > 3s | breakdown=sl_tp_hits=0.00s cancel_pending=0.00s engulf_trail_sl=0.00s opposite_order_tp=0.00s entry_candle_quality=0.00s s3_maru_pending=0.00s fvg_pending=0.00s pb_pending=0.00s s12_management=0.00s scan_all_tf=3.10s export_trend_state=0.00s
[2026-07-15 17:59:00] SCAN_SLOW | scan cycle ใช้เวลา 3.43s > 3s | breakdown=sl_tp_hits=0.00s cancel_pending=0.00s engulf_trail_sl=0.00s opposite_order_tp=0.00s entry_candle_quality=0.01s s3_maru_pending=0.00s fvg_pending=0.00s pb_pending=0.00s s12_management=0.00s scan_all_tf=1.13s export_trend_state=2.29s
[2026-07-15 17:59:34] SCAN_SLOW | scan cycle ใช้เวลา 5.42s > 3s | breakdown=sl_tp_hits=0.00s cancel_pending=0.00s engulf_trail_sl=0.00s opposite_order_tp=0.00s entry_candle_quality=0.00s s3_maru_pending=0.00s fvg_pending=0.00s pb_pending=0.00s s12_management=0.00s scan_all_tf=5.41s export_trend_state=0.01s
[2026-07-15 18:00:01] SWEEP_RESET | SWEEP_HIGH | tf=M1 | reason=label_changed:HL→LH
[2026-07-15 18:00:01] SWEEP_ACTIVATE | SWEEP_HIGH | tf=M1 | ref_price=4033.00 | sweep_bar=18:14 15-Jul-2026 | confirm_bar=18:14 15-Jul-2026
[2026-07-15 18:00:01] SWEEP_ACTIVATE | SWEEP_LOW | tf=M1 | ref_price=4027.14 | sweep_bar=18:57 15-Jul-2026 | confirm_bar=18:58 15-Jul-2026
[2026-07-15 18:00:19] SCAN_SLOW | scan cycle ใช้เวลา 3.35s > 3s | breakdown=sl_tp_hits=0.18s cancel_pending=0.02s engulf_trail_sl=0.00s opposite_order_tp=0.00s entry_candle_quality=0.00s s3_maru_pending=0.00s fvg_pending=0.00s pb_pending=0.00s s12_management=0.00s scan_all_tf=3.13s export_trend_state=0.01s
[2026-07-15 18:00:43] SYMBOL_CHECK | XAUUSD.iux trade_mode=4 xau_open=True | trade_mode=4 | tick_time=1784116843 | bid=4029.19 | ask=4029.33 | tick_ok=True | xau_open=True | current_symbol=XAUUSD.iux | startup=False
[2026-07-15 18:01:00] SWEEP_RESET | SWEEP_LOW | tf=M1 | reason=label_changed:LH→HL
[2026-07-15 18:01:00] SWEEP_ACTIVATE | SWEEP_HIGH | tf=M1 | ref_price=4032.95 | sweep_bar=18:06 15-Jul-2026 | confirm_bar=18:07 15-Jul-2026
[2026-07-15 18:01:00] SWEEP_ACTIVATE | SWEEP_LOW | tf=M1 | ref_price=4027.14 | sweep_bar=18:57 15-Jul-2026 | confirm_bar=18:58 15-Jul-2026
[2026-07-15 18:01:13] SCAN_TF_SLOW | scan_one_tf[D1] ใช้เวลา 2.87s > 2s | tf=D1 | duration=2.87
[2026-07-15 18:01:13] SCAN_SLOW | scan cycle ใช้เวลา 3.21s > 3s | breakdown=sl_tp_hits=0.00s cancel_pending=0.00s engulf_trail_sl=0.00s opposite_order_tp=0.00s entry_candle_quality=0.00s s3_maru_pending=0.00s fvg_pending=0.00s pb_pending=0.00s s12_management=0.00s scan_all_tf=3.20s export_trend_state=0.01s
[2026-07-15 18:01:37] SCAN_TF_SLOW | scan_one_tf[D1] ใช้เวลา 2.04s > 2s | tf=D1 | duration=2.04
[2026-07-15 18:01:43] SCAN_TF_SLOW | scan_one_tf[D1] ใช้เวลา 2.04s > 2s | tf=D1 | duration=2.04
[2026-07-15 18:01:43] SYMBOL_CHECK | XAUUSD.iux trade_mode=4 xau_open=True | trade_mode=4 | tick_time=1784116902 | bid=4029.89 | ask=4030.03 | tick_ok=True | xau_open=True | current_symbol=XAUUSD.iux | startup=False
[2026-07-15 18:01:43] DEMO_PORTFOLIO_SCAN | XAUUSD.iux open active=LTS999
[2026-07-15 18:01:44] DEMO_PORTFOLIO_SKIP | LTS999_1 skipped - hour 18 != 10
[2026-07-15 18:01:44] DEMO_PORTFOLIO_SKIP | LTS999_3 skipped - hour 18 != 8
[2026-07-15 18:01:44] DEMO_PORTFOLIO_SKIP | LTS999_4 skipped - hour 18 != 19
[2026-07-15 18:01:44] DEMO_PORTFOLIO_SKIP | LTS999_5 skipped - hour 18 != 10
[2026-07-15 18:01:45] DEMO_PORTFOLIO_SKIP | LTS999_13 skipped - hour 18 != 11
[2026-07-15 18:01:45] DEMO_PORTFOLIO_SKIP | LTS999_17 skipped - hour 18 != 19
[2026-07-15 18:01:45] DEMO_PORTFOLIO_SKIP | LTS999_20 skipped - hour 18 != 9
[2026-07-15 18:01:45] DEMO_PORTFOLIO_SKIP | LTS999_21 skipped - risk_distance 2.43 < 4.00
[2026-07-15 18:01:46] DEMO_PORTFOLIO_SKIP | LTS999_22 skipped - hour 18 != 16
[2026-07-15 18:01:46] DEMO_PORTFOLIO_SKIP | LTS999_23 skipped - hour 18 != 9
[2026-07-15 18:01:46] DEMO_PORTFOLIO_SKIP | LTS999_26 skipped - hour 18 != 11
[2026-07-15 18:01:46] DEMO_PORTFOLIO_SKIP | LTS999_28 skipped - hour 18 != 15
[2026-07-15 18:01:46] DEMO_PORTFOLIO_SKIP | LTS999_35 skipped - hour 18 != 10
[2026-07-15 18:01:46] DEMO_PORTFOLIO_SKIP | LTS999_36 skipped - hour 18 != 10
[2026-07-15 18:01:46] DEMO_PORTFOLIO_SKIP | LTS999_37 skipped - hour 18 != 9
[2026-07-15 18:01:46] DEMO_PORTFOLIO_SKIP | LTS999_38 skipped - hour 18 != 20
[2026-07-15 18:01:46] DEMO_PORTFOLIO_SKIP | LTS999_39 skipped - hour 18 != 10
[2026-07-15 18:01:46] DEMO_PORTFOLIO_SKIP | LTS999_42 skipped - hour 18 != 9
[2026-07-15 18:01:46] DEMO_PORTFOLIO_SKIP | LTS999_46 skipped - hour 18 != 16
[2026-07-15 18:01:46] DEMO_PORTFOLIO_SKIP | LTS999_47 skipped - hour 18 != 14
[2026-07-15 18:01:46] DEMO_PORTFOLIO_SKIP | LTS999_51 skipped - hour 18 != 16
[2026-07-15 18:01:46] DEMO_PORTFOLIO_SKIP | LTS999_54 skipped - hour 18 != 15
[2026-07-15 18:01:46] DEMO_PORTFOLIO_SKIP | LTS999_55 skipped - hour 18 != 14
[2026-07-15 18:01:46] DEMO_PORTFOLIO_SKIP | LTS999_56 skipped - hour 18 != 21
[2026-07-15 18:01:46] DEMO_PORTFOLIO_SKIP | LTS999_57 skipped - hour 18 != 12
[2026-07-15 18:01:46] DEMO_PORTFOLIO_SKIP | LTS999_61 skipped - hour 18 != 13
[2026-07-15 18:01:46] DEMO_PORTFOLIO_SKIP | LTS999_65 skipped - hour 18 != 17
[2026-07-15 18:01:46] DEMO_PORTFOLIO_SKIP | LTS999_66 skipped - hour 18 != 17
[2026-07-15 18:01:46] DEMO_PORTFOLIO_SKIP | LTS999_67 skipped - hour 18 != 17
[2026-07-15 18:01:46] DEMO_PORTFOLIO_SKIP | LTS999_68 skipped - hour 18 != 8
[2026-07-15 18:01:46] DEMO_PORTFOLIO_SKIP | LTS999_71 skipped - hour 18 != 14
[2026-07-15 18:01:46] DEMO_PORTFOLIO_SKIP | LTS999_74 skipped - hour 18 != 22
[2026-07-15 18:01:46] DEMO_PORTFOLIO_SKIP | LTS999_75 skipped - hour 18 != 22
[2026-07-15 18:01:46] DEMO_PORTFOLIO_SKIP | LTS999_77 skipped - hour 18 != 9
[2026-07-15 18:01:46] DEMO_PORTFOLIO_SKIP | LTS999_79 skipped - hour 18 != 14
[2026-07-15 18:01:46] DEMO_PORTFOLIO_SKIP | LTS999_80 skipped - hour 18 != 14
[2026-07-15 18:01:46] DEMO_PORTFOLIO_SKIP | LTS999_81 skipped - hour 18 != 10
[2026-07-15 18:01:46] DEMO_PORTFOLIO_SKIP | LTS999_82 skipped - hour 18 != 16
[2026-07-15 18:01:46] DEMO_PORTFOLIO_SKIP | LTS999_85 skipped - hour 18 != 11
[2026-07-15 18:01:46] DEMO_PORTFOLIO_SKIP | LTS999_88 skipped - hour 18 != 19
[2026-07-15 18:01:46] DEMO_PORTFOLIO_SKIP | LTS999_89 skipped - hour 18 != 21
[2026-07-15 18:01:46] DEMO_PORTFOLIO_SKIP | LTS999_90 skipped - hour 18 != 11
[2026-07-15 18:01:46] DEMO_PORTFOLIO_SKIP | LTS999_93 skipped - hour 18 != 21
[2026-07-15 18:01:46] DEMO_PORTFOLIO_SKIP | LTS999_94 skipped - hour 18 != 21
[2026-07-15 18:01:46] DEMO_PORTFOLIO_SKIP | LTS999_95 skipped - hour 18 != 22
[2026-07-15 18:01:46] DEMO_PORTFOLIO_SKIP | LTS999_99 skipped - hour 18 != 19
[2026-07-15 18:01:46] DEMO_PORTFOLIO_SKIP | LTS999_100 skipped - hour 18 != 12
[2026-07-15 18:01:46] DEMO_PORTFOLIO_SKIP | LTS999_101 skipped - hour 18 != 17
[2026-07-15 18:01:46] DEMO_PORTFOLIO_SKIP | LTS999_107 skipped - hour 18 != 20
[2026-07-15 18:01:46] DEMO_PORTFOLIO_SKIP | LTS999_108 skipped - hour 18 != 21
[2026-07-15 18:01:46] DEMO_PORTFOLIO_SKIP | LTS999_109 skipped - hour 18 != 21
[2026-07-15 18:01:46] DEMO_PORTFOLIO_SKIP | LTS999_110 skipped - hour 18 != 8
[2026-07-15 18:01:46] DEMO_PORTFOLIO_SKIP | LTS999_113 skipped - hour 18 != 13
[2026-07-15 18:01:46] DEMO_PORTFOLIO_SKIP | LTS999_115 skipped - hour 18 != 11
[2026-07-15 18:01:46] DEMO_PORTFOLIO_SKIP | LTS999_116 skipped - hour 18 != 12
[2026-07-15 18:01:46] DEMO_PORTFOLIO_SKIP | LTS999_117 skipped - hour 18 != 22
[2026-07-15 18:01:46] DEMO_PORTFOLIO_SKIP | LTS999_118 skipped - hour 18 != 8
[2026-07-15 18:01:46] DEMO_PORTFOLIO_SKIP | LTS999_122 skipped - hour 18 != 20
[2026-07-15 18:01:46] DEMO_PORTFOLIO_SKIP | LTS999_123 skipped - hour 18 != 15
[2026-07-15 18:01:46] DEMO_PORTFOLIO_SKIP | LTS999_124 skipped - hour 18 != 22
[2026-07-15 18:01:46] DEMO_PORTFOLIO_SKIP | LTS999_126 skipped - hour 18 != 9
[2026-07-15 18:01:46] DEMO_PORTFOLIO_SKIP | LTS999_128 skipped - hour 18 != 21
[2026-07-15 18:01:46] DEMO_PORTFOLIO_SKIP | LTS999_130 skipped - hour 18 != 11
[2026-07-15 18:01:46] DEMO_PORTFOLIO_SKIP | LTS999_133 skipped - hour 18 != 19
[2026-07-15 18:01:46] DEMO_PORTFOLIO_SKIP | LTS999_134 skipped - hour 18 != 10
[2026-07-15 18:01:46] DEMO_PORTFOLIO_SKIP | LTS999_138 skipped - hour 18 != 12
[2026-07-15 18:01:46] DEMO_PORTFOLIO_SKIP | LTS999_139 skipped - hour 18 != 12
[2026-07-15 18:01:46] DEMO_PORTFOLIO_SKIP | LTS999_140 skipped - hour 18 != 12
[2026-07-15 18:01:46] DEMO_PORTFOLIO_SKIP | LTS999_141 skipped - hour 18 != 17
[2026-07-15 18:01:46] DEMO_PORTFOLIO_SKIP | LTS999_144 skipped - hour 18 != 15
[2026-07-15 18:01:46] DEMO_PORTFOLIO_SKIP | LTS999_146 skipped - hour 18 != 20
[2026-07-15 18:01:46] DEMO_PORTFOLIO_SKIP | LTS999_147 skipped - hour 18 != 11
[2026-07-15 18:01:46] DEMO_PORTFOLIO_SKIP | LTS999_151 skipped - hour 18 != 9
[2026-07-15 18:01:46] DEMO_PORTFOLIO_SKIP | LTS999_153 skipped - hour 18 != 16
[2026-07-15 18:01:46] DEMO_PORTFOLIO_SKIP | LTS999_154 skipped - hour 18 != 13
[2026-07-15 18:01:46] DEMO_PORTFOLIO_SKIP | LTS999_157 skipped - hour 18 != 9
[2026-07-15 18:01:46] DEMO_PORTFOLIO_SKIP | LTS999_158 skipped - hour 18 != 8
[2026-07-15 18:01:46] DEMO_PORTFOLIO_SKIP | LTS999_160 skipped - hour 18 != 10
[2026-07-15 18:01:46] DEMO_PORTFOLIO_SKIP | LTS999_161 skipped - hour 18 != 11
[2026-07-15 18:01:46] DEMO_PORTFOLIO_SKIP | LTS999_162 skipped - hour 18 != 12
[2026-07-15 18:01:46] DEMO_PORTFOLIO_SKIP | LTS999_164 skipped - hour 18 != 14
[2026-07-15 18:01:46] DEMO_PORTFOLIO_SKIP | LTS999_167 skipped - hour 18 != 21
[2026-07-15 18:01:46] DEMO_PORTFOLIO_SKIP | LTS999_168 skipped - risk_distance 4.37 > 1.30
[2026-07-15 18:01:46] DEMO_PORTFOLIO_SKIP | LTS999_169 skipped - hour 18 != 11
[2026-07-15 18:01:46] DEMO_PORTFOLIO_SKIP | LTS999_172 skipped - hour 18 != 15
[2026-07-15 18:01:46] DEMO_PORTFOLIO_SKIP | LTS999_173 skipped - hour 18 != 15
[2026-07-15 18:01:46] DEMO_PORTFOLIO_SKIP | LTS999_175 skipped - hour 18 != 17
[2026-07-15 18:01:47] DEMO_PORTFOLIO_SKIP | LTS999_179 skipped - hour 18 != 21
[2026-07-15 18:01:47] DEMO_PORTFOLIO_SKIP | LTS999_185 skipped - hour 18 != 10
[2026-07-15 18:01:47] DEMO_PORTFOLIO_SKIP | LTS999_187 skipped - hour 18 != 16
[2026-07-15 18:01:47] DEMO_PORTFOLIO_SKIP | LTS999_188 skipped - hour 18 != 8
[2026-07-15 18:01:47] DEMO_PORTFOLIO_SKIP | LTS999_191 skipped - hour 18 != 10
[2026-07-15 18:01:47] DEMO_PORTFOLIO_SKIP | LTS999_192 skipped - hour 18 != 20
[2026-07-15 18:01:47] DEMO_PORTFOLIO_SKIP | LTS999_193 skipped - hour 18 != 12
[2026-07-15 18:01:47] DEMO_PORTFOLIO_SKIP | LTS999_203 skipped - hour 18 != 10
[2026-07-15 18:01:47] DEMO_PORTFOLIO_SKIP | LTS999_212 skipped - hour 18 != 20
[2026-07-15 18:01:48] DEMO_PORTFOLIO_SKIP | LTS999_267 skipped - hour 18 != 22
[2026-07-15 18:01:54] DEMO_PORTFOLIO_SCAN | XAUUSD.iux done active=LTS999
[2026-07-15 18:02:04] SCAN_TF_SLOW | scan_one_tf[D1] ใช้เวลา 3.11s > 2s | tf=D1 | duration=3.11
[2026-07-15 18:02:04] SCAN_SLOW | scan cycle ใช้เวลา 3.32s > 3s | breakdown=sl_tp_hits=0.00s cancel_pending=0.00s engulf_trail_sl=0.00s opposite_order_tp=0.00s entry_candle_quality=0.00s s3_maru_pending=0.00s fvg_pending=0.00s pb_pending=0.00s s12_management=0.00s scan_all_tf=3.31s export_trend_state=0.00s
[2026-07-15 18:02:52] SCAN_SLOW | scan cycle ใช้เวลา 3.94s > 3s | breakdown=sl_tp_hits=0.00s cancel_pending=0.00s engulf_trail_sl=0.00s opposite_order_tp=0.00s entry_candle_quality=0.00s s3_maru_pending=0.00s fvg_pending=0.00s pb_pending=0.00s s12_management=0.00s scan_all_tf=3.94s export_trend_state=0.00s
[2026-07-15 18:03:24] SCAN_TF_SLOW | scan_one_tf[D1] ใช้เวลา 2.49s > 2s | tf=D1 | duration=2.49
[2026-07-15 18:03:24] SCAN_SLOW | scan cycle ใช้เวลา 3.43s > 3s | breakdown=sl_tp_hits=0.00s cancel_pending=0.00s engulf_trail_sl=0.00s opposite_order_tp=0.00s entry_candle_quality=0.00s s3_maru_pending=0.00s fvg_pending=0.00s pb_pending=0.00s s12_management=0.00s scan_all_tf=3.43s export_trend_state=0.00s
[2026-07-15 18:05:42] SYMBOL_CHECK | XAUUSD.iux trade_mode=4 xau_open=True | trade_mode=4 | tick_time=1784117143 | bid=4030.68 | ask=4030.82 | tick_ok=True | xau_open=True | current_symbol=XAUUSD.iux | startup=False
[2026-07-15 18:06:00] SWEEP_RESET | SWEEP_LOW | tf=M1 | reason=label_changed:HL→LH
[2026-07-15 18:06:00] SWEEP_ACTIVATE | SWEEP_HIGH | tf=M1 | ref_price=4033.00 | sweep_bar=18:14 15-Jul-2026 | confirm_bar=18:14 15-Jul-2026
[2026-07-15 18:06:00] SWEEP_ACTIVATE | SWEEP_LOW | tf=M1 | ref_price=4027.14 | sweep_bar=18:57 15-Jul-2026 | confirm_bar=18:58 15-Jul-2026
[2026-07-15 18:06:44] SCAN_TF_SLOW | scan_one_tf[D1] ใช้เวลา 2.65s > 2s | tf=D1 | duration=2.65
[2026-07-15 18:06:44] SCAN_SLOW | scan cycle ใช้เวลา 3.11s > 3s | breakdown=sl_tp_hits=0.00s cancel_pending=0.00s engulf_trail_sl=0.00s opposite_order_tp=0.00s entry_candle_quality=0.00s s3_maru_pending=0.00s fvg_pending=0.00s pb_pending=0.00s s12_management=0.00s scan_all_tf=3.10s export_trend_state=0.00s
[2026-07-15 18:07:01] SWEEP_RESET | SWEEP_LOW | tf=M1 | reason=label_changed:LH→HL
[2026-07-15 18:07:01] SWEEP_ACTIVATE | SWEEP_HIGH | tf=M1 | ref_price=4032.95 | sweep_bar=18:06 15-Jul-2026 | confirm_bar=18:07 15-Jul-2026
[2026-07-15 18:07:01] SWEEP_ACTIVATE | SWEEP_LOW | tf=M1 | ref_price=4027.14 | sweep_bar=18:57 15-Jul-2026 | confirm_bar=18:58 15-Jul-2026
[2026-07-15 18:07:28] SCAN_TF_SLOW | scan_one_tf[M15] ใช้เวลา 2.41s > 2s | tf=M15 | duration=2.41
[2026-07-15 18:07:30] SCAN_SLOW | scan cycle ใช้เวลา 4.26s > 3s | breakdown=sl_tp_hits=0.02s cancel_pending=0.08s engulf_trail_sl=0.00s opposite_order_tp=0.00s entry_candle_quality=0.00s s3_maru_pending=0.00s fvg_pending=0.00s pb_pending=0.00s s12_management=0.00s scan_all_tf=4.15s export_trend_state=0.00s
[2026-07-15 18:07:43] SYMBOL_CHECK | XAUUSD.iux trade_mode=4 xau_open=True | trade_mode=4 | tick_time=1784117263 | bid=4028.85 | ask=4028.99 | tick_ok=True | xau_open=True | current_symbol=XAUUSD.iux | startup=False
[2026-07-15 18:08:43] SYMBOL_CHECK | XAUUSD.iux trade_mode=4 xau_open=True | trade_mode=4 | tick_time=1784117323 | bid=4029.34 | ask=4029.48 | tick_ok=True | xau_open=True | current_symbol=XAUUSD.iux | startup=False
[2026-07-15 18:09:43] SYMBOL_CHECK | XAUUSD.iux trade_mode=4 xau_open=True | trade_mode=4 | tick_time=1784117383 | bid=4031.27 | ask=4031.41 | tick_ok=True | xau_open=True | current_symbol=XAUUSD.iux | startup=False
[2026-07-15 18:11:44] SYMBOL_CHECK | XAUUSD.iux trade_mode=4 xau_open=True | trade_mode=4 | tick_time=1784117504 | bid=4031.79 | ask=4031.93 | tick_ok=True | xau_open=True | current_symbol=XAUUSD.iux | startup=False
[2026-07-15 18:12:43] SYMBOL_CHECK | XAUUSD.iux trade_mode=4 xau_open=True | trade_mode=4 | tick_time=1784117563 | bid=4032.35 | ask=4032.49 | tick_ok=True | xau_open=True | current_symbol=XAUUSD.iux | startup=False
[2026-07-15 18:13:44] SYMBOL_CHECK | XAUUSD.iux trade_mode=4 xau_open=True | trade_mode=4 | tick_time=1784117624 | bid=4031.78 | ask=4031.92 | tick_ok=True | xau_open=True | current_symbol=XAUUSD.iux | startup=False
[2026-07-15 18:14:36] SCAN_TF_SLOW | scan_one_tf[D1] ใช้เวลา 2.03s > 2s | tf=D1 | duration=2.03
[2026-07-15 18:14:41] SYMBOL_CHECK | XAUUSD.iux trade_mode=4 xau_open=True | trade_mode=4 | tick_time=1784117683 | bid=4030.57 | ask=4030.71 | tick_ok=True | xau_open=True | current_symbol=XAUUSD.iux | startup=False
