[2026-07-13 09:30:08] WARN: lock file ค้างจาก pid=6564 (ตายไปแล้ว) — เคลียร์แล้วรันต่อ
[2026-07-13 09:30:13] Supervisor started (profile='demo-iux-2101182460', stale=180 s, check=30 s, grace=90 s, python='C:\Users\Administrator\AppData\Local\Programs\Python\Python313\python.exe')
[2026-07-13 09:30:23] Launching: C:\Users\Administrator\AppData\Local\Programs\Python\Python313\python.exe main.py
[2026-07-13 09:30:27] main.py running (pid=4716)
[2026-07-13 09:34:40] STALL: heartbeat age=199s > 180s (loop hang) -> kill pid=4716 + restart
[2026-07-13 09:34:49] Restarting in 5 s ...
[2026-07-13 09:34:55] Launching: C:\Users\Administrator\AppData\Local\Programs\Python\Python313\python.exe main.py
[2026-07-13 09:35:27] main.py running (pid=3444)
[2026-07-13 09:48:28] STALL: heartbeat age=198s > 180s (loop hang) -> kill pid=3444 + restart
[2026-07-13 09:48:33] Restarting in 5 s ...
[2026-07-13 09:48:40] Launching: C:\Users\Administrator\AppData\Local\Programs\Python\Python313\python.exe main.py
[2026-07-13 09:48:42] main.py running (pid=3684)
[2026-07-13 10:03:49] STALL: heartbeat age=187s > 180s (loop hang) -> kill pid=3684 + restart
[2026-07-13 10:03:50] Restarting in 5 s ...
[2026-07-13 10:03:58] Launching: C:\Users\Administrator\AppData\Local\Programs\Python\Python313\python.exe main.py
[2026-07-13 10:03:58] main.py running (pid=5760)
[2026-07-13 10:14:11] WARN: lock file ค้างจาก pid=5896 (ตายไปแล้ว) — เคลียร์แล้วรันต่อ
[2026-07-13 10:14:12] Supervisor started (profile='demo-iux-2101182460', stale=180 s, check=30 s, grace=90 s, python='C:\Users\Administrator\AppData\Local\Programs\Python\Python313\python.exe')
[2026-07-13 10:14:12] Launching: C:\Users\Administrator\AppData\Local\Programs\Python\Python313\python.exe main.py
[2026-07-13 10:14:12] main.py running (pid=4236)
[2026-07-13 17:55:11] STALL: heartbeat age=189s > 180s (loop hang) -> kill pid=4236 + restart
[2026-07-13 17:55:41] Restarting in 5 s ...
[2026-07-13 17:55:46] Launching: C:\Users\Administrator\AppData\Local\Programs\Python\Python313\python.exe main.py
[2026-07-13 17:56:05] main.py running (pid=4260)
[2026-07-13 18:22:39] WARN: lock file ค้างจาก pid=4828 (ตายไปแล้ว) — เคลียร์แล้วรันต่อ
[2026-07-13 18:22:47] Supervisor started (profile='demo-iux-2101182460', stale=180 s, check=30 s, grace=90 s, python='C:\Users\Administrator\AppData\Local\Programs\Python\Python313\python.exe')
[2026-07-13 18:22:52] Launching: C:\Users\Administrator\AppData\Local\Programs\Python\Python313\python.exe main.py
[2026-07-13 18:22:52] main.py running (pid=5836)
[2026-07-13 18:26:59] WARN: lock file ค้างจาก pid=3880 (ตายไปแล้ว) — เคลียร์แล้วรันต่อ
[2026-07-13 18:27:00] Supervisor started (profile='demo-iux-2101182460', stale=180 s, check=30 s, grace=90 s, python='C:\Users\Administrator\AppData\Local\Programs\Python\Python313\python.exe')
[2026-07-13 18:27:00] Launching: C:\Users\Administrator\AppData\Local\Programs\Python\Python313\python.exe main.py
[2026-07-13 18:27:01] main.py running (pid=5200)
[2026-07-13 18:32:03] STALL: heartbeat age=191s > 180s (loop hang) -> kill pid=5200 + restart
[2026-07-13 18:32:04] Restarting in 5 s ...
[2026-07-13 18:32:09] Launching: C:\Users\Administrator\AppData\Local\Programs\Python\Python313\python.exe main.py
[2026-07-13 18:32:09] main.py running (pid=5544)
