[2026-07-15 17:52:20] APP_START | Bot starting | symbol=XAUUSD | scan_interval=1
[2026-07-15 17:53:22] SYMBOL_RESOLVED | XAUUSD -> XAUUSDm | requested=XAUUSD | resolved=XAUUSDm
[2026-07-15 17:53:23] SYMBOL_CHECK | XAUUSDm trade_mode=4 xau_open=True | trade_mode=4 | tick_time=1784112803 | bid=4028.218 | ask=4028.458 | tick_ok=True | xau_open=True | current_symbol=XAUUSDm | startup=True
[2026-07-15 17:53:45] SWEEP_ACTIVATE | SWEEP_HIGH | tf=M1 | ref_price=4028.76 | sweep_bar=16:59 15-Jul-2026 | confirm_bar=16:59 15-Jul-2026
[2026-07-15 17:53:45] SCAN_TF_SLOW | scan_one_tf[M1] ใช้เวลา 5.19s > 2s | tf=M1 | duration=5.19
[2026-07-15 17:53:46] SWEEP_ACTIVATE | SWEEP_LOW | tf=M5 | ref_price=4019.59 | sweep_bar=15:10 15-Jul-2026 | confirm_bar=15:10 15-Jul-2026
[2026-07-15 17:53:46] SWEEP_ACTIVATE | SWEEP_HIGH | tf=M5 | ref_price=4034.25 | sweep_bar=17:10 15-Jul-2026 | confirm_bar=17:15 15-Jul-2026
[2026-07-15 17:53:47] SWEEP_ACTIVATE | SWEEP_HIGH | tf=M30 | ref_price=4006.29 | sweep_bar=07:30 14-Jul-2026 | confirm_bar=08:00 14-Jul-2026
[2026-07-15 17:53:48] SWEEP_ACTIVATE | SWEEP_LOW | tf=H1 | ref_price=4072.79 | sweep_bar=05:00 13-Jul-2026 | confirm_bar=06:00 13-Jul-2026
[2026-07-15 17:53:48] SWEEP_ACTIVATE | SWEEP_LOW | tf=H12 | ref_price=4021.71 | sweep_bar=19:00 13-Jul-2026 | confirm_bar=19:00 14-Jul-2026
[2026-07-15 17:53:48] SWEEP_ACTIVATE | SWEEP_LOW | tf=D1 | ref_price=4995.96 | sweep_bar=07:00 15-Mar-2026 | confirm_bar=07:00 16-Mar-2026
[2026-07-15 17:53:49] SCAN_SLOW | scan cycle ใช้เวลา 14.46s > 3s | breakdown=sl_tp_hits=0.02s cancel_pending=0.03s engulf_trail_sl=0.00s opposite_order_tp=0.00s entry_candle_quality=0.01s s3_maru_pending=0.01s fvg_pending=0.01s pb_pending=0.01s s12_management=5.37s scan_all_tf=8.94s export_trend_state=0.06s
[2026-07-15 17:53:55] SWEEP_RESET | SWEEP_HIGH | tf=M30 | reason=expired
[2026-07-15 17:53:55] SWEEP_RESET | SWEEP_LOW | tf=H1 | reason=expired
[2026-07-15 17:53:55] SWEEP_RESET | SWEEP_LOW | tf=D1 | reason=expired
[2026-07-15 17:53:59] SCAN_SLOW | scan cycle ใช้เวลา 4.43s > 3s | breakdown=sl_tp_hits=0.00s cancel_pending=0.00s engulf_trail_sl=0.00s opposite_order_tp=0.00s entry_candle_quality=0.00s s3_maru_pending=0.00s fvg_pending=0.00s pb_pending=0.00s s12_management=0.00s scan_all_tf=3.61s export_trend_state=0.82s
[2026-07-15 17:53:59] NEWS_FILTER_TRANSIENT | fetch: ConnectError:
[2026-07-15 17:54:05] TG_SENT | [retry-plain] ✅ *MT5 เชื่อมต่อสำเร็จ!* | ━━━━━━━━━━━━━━━━━ | 🤖 Bot เริ่มทำงาน | 💰 Account: `416010472` | 📊 Balance: `5056.85` | 📈 SYMBOL: `XAUUSDm` | ⏰ Scan ทุก 5 วินาที | 🕒 Time Mode: `MT5->BKK +6` | 🕒 MT5 Server: `UTC+1` | 🕒 Display: `BKK` | 📋 Strategy:  | 🕐 TF: M1, M5, M15, M30, H1, H4, H12, D1 |  | ♻️ *Restore state สำเร็จ* | 🗂 Saved at: `2026-07-15 14:33:58` | 📦 pending map: `0` | 📍 position tf: `0` | 📝 entry state: `0` | 📐 trail state: `0`
[2026-07-15 17:54:05] TG_SENT | 🚀 *Auto Scan เริ่มต้น!* | ━━━━━━━━━━━━━━━━━ | 📋 Strategy: *ไม่มี* | ⏰ Interval: *1 นาที* | 🕐 Timeframes: *M1,M5,M15,M30,H1,H4,H12,D1*
[2026-07-15 17:54:38] POSITION_CHECK_SLOW | run_position_check ใช้เวลา 30.65s > 3s | breakdown=limit_fill_notify=0.00s lts_exit_manager=28.73s fill_rsi_recheck=0.02s pending_trend_approach=0.12s fill_trend_recheck=0.25s fill_pdfiboplus=0.27s s14_engulf_exits=0.36s s20_escape=0.20s entry_candle_quality=0.05s sl_tp_hits=0.47s s1_zone_rules=0.10s s1_rejection_entry=0.03s s2_s3_chain_groups=0.01s cancel_pending_orders=0.02s opposite_order_tp=0.01s limit_sweep=0.01s scale_out_partial=0.00s
[2026-07-15 17:55:23] SYMBOL_CHECK | XAUUSDm trade_mode=4 xau_open=True | trade_mode=4 | tick_time=1784112923 | bid=4028.417 | ask=4028.657 | tick_ok=True | xau_open=True | current_symbol=XAUUSDm | startup=False
[2026-07-15 17:56:23] SYMBOL_CHECK | XAUUSDm trade_mode=4 xau_open=True | trade_mode=4 | tick_time=1784112983 | bid=4027.539 | ask=4027.779 | tick_ok=True | xau_open=True | current_symbol=XAUUSDm | startup=False
[2026-07-15 17:57:42] SCAN_TF_SLOW | scan_one_tf[D1] ใช้เวลา 4.29s > 2s | tf=D1 | duration=4.29
[2026-07-15 17:57:43] SCAN_SLOW | scan cycle ใช้เวลา 4.53s > 3s | breakdown=sl_tp_hits=0.00s cancel_pending=0.00s engulf_trail_sl=0.00s opposite_order_tp=0.00s entry_candle_quality=0.00s s3_maru_pending=0.00s fvg_pending=0.00s pb_pending=0.00s s12_management=0.00s scan_all_tf=4.53s export_trend_state=0.00s
[2026-07-15 17:58:34] SCAN_TF_SLOW | scan_one_tf[D1] ใช้เวลา 2.40s > 2s | tf=D1 | duration=2.4
[2026-07-15 17:58:50] SCAN_TF_SLOW | scan_one_tf[D1] ใช้เวลา 2.49s > 2s | tf=D1 | duration=2.49
[2026-07-15 17:58:50] SCAN_SLOW | scan cycle ใช้เวลา 3.04s > 3s | breakdown=sl_tp_hits=0.00s cancel_pending=0.00s engulf_trail_sl=0.00s opposite_order_tp=0.00s entry_candle_quality=0.00s s3_maru_pending=0.00s fvg_pending=0.00s pb_pending=0.00s s12_management=0.00s scan_all_tf=3.03s export_trend_state=0.01s
[2026-07-15 17:58:58] SCAN_TF_SLOW | scan_one_tf[D1] ใช้เวลา 2.50s > 2s | tf=D1 | duration=2.5
[2026-07-15 17:58:58] SCAN_SLOW | scan cycle ใช้เวลา 3.46s > 3s | breakdown=sl_tp_hits=0.00s cancel_pending=0.01s engulf_trail_sl=0.00s opposite_order_tp=0.00s entry_candle_quality=0.00s s3_maru_pending=0.00s fvg_pending=0.00s pb_pending=0.00s s12_management=0.00s scan_all_tf=3.41s export_trend_state=0.04s
[2026-07-15 17:59:00] SWEEP_RESET | SWEEP_HIGH | tf=M1 | reason=label_changed:HL→LH
[2026-07-15 17:59:00] SWEEP_ACTIVATE | SWEEP_HIGH | tf=M1 | ref_price=4033.04 | sweep_bar=17:14 15-Jul-2026 | confirm_bar=17:14 15-Jul-2026
[2026-07-15 17:59:01] SWEEP_ACTIVATE | SWEEP_LOW | tf=M1 | ref_price=4027.13 | sweep_bar=17:57 15-Jul-2026 | confirm_bar=17:58 15-Jul-2026
[2026-07-15 17:59:54] SCAN_TF_SLOW | scan_one_tf[D1] ใช้เวลา 2.57s > 2s | tf=D1 | duration=2.57
[2026-07-15 18:00:20] SCAN_SLOW | scan cycle ใช้เวลา 3.38s > 3s | breakdown=sl_tp_hits=0.18s cancel_pending=0.02s engulf_trail_sl=0.00s opposite_order_tp=0.00s entry_candle_quality=0.00s s3_maru_pending=0.00s fvg_pending=0.00s pb_pending=0.00s s12_management=0.00s scan_all_tf=3.16s export_trend_state=0.01s
[2026-07-15 18:00:24] SCAN_TF_SLOW | scan_one_tf[D1] ใช้เวลา 2.50s > 2s | tf=D1 | duration=2.5
[2026-07-15 18:01:13] SCAN_TF_SLOW | scan_one_tf[D1] ใช้เวลา 2.15s > 2s | tf=D1 | duration=2.15
[2026-07-15 18:01:17] SCAN_TF_SLOW | scan_one_tf[D1] ใช้เวลา 2.48s > 2s | tf=D1 | duration=2.48
[2026-07-15 18:01:24] SYMBOL_CHECK | XAUUSDm trade_mode=4 xau_open=True | trade_mode=4 | tick_time=1784113284 | bid=4030.65 | ask=4030.89 | tick_ok=True | xau_open=True | current_symbol=XAUUSDm | startup=False
[2026-07-15 18:01:47] SCAN_TF_SLOW | scan_one_tf[M15] ใช้เวลา 2.14s > 2s | tf=M15 | duration=2.14
[2026-07-15 18:02:03] SCAN_TF_SLOW | scan_one_tf[D1] ใช้เวลา 3.33s > 2s | tf=D1 | duration=3.33
[2026-07-15 18:02:03] SCAN_SLOW | scan cycle ใช้เวลา 3.85s > 3s | breakdown=sl_tp_hits=0.00s cancel_pending=0.00s engulf_trail_sl=0.00s opposite_order_tp=0.00s entry_candle_quality=0.00s s3_maru_pending=0.00s fvg_pending=0.00s pb_pending=0.00s s12_management=0.00s scan_all_tf=3.85s export_trend_state=0.00s
[2026-07-15 18:02:43] SCAN_TF_SLOW | scan_one_tf[D1] ใช้เวลา 2.28s > 2s | tf=D1 | duration=2.28
[2026-07-15 18:02:43] SCAN_SLOW | scan cycle ใช้เวลา 4.68s > 3s | breakdown=sl_tp_hits=0.00s cancel_pending=0.00s engulf_trail_sl=0.00s opposite_order_tp=0.00s entry_candle_quality=0.00s s3_maru_pending=0.00s fvg_pending=0.00s pb_pending=0.00s s12_management=0.00s scan_all_tf=4.67s export_trend_state=0.00s
[2026-07-15 18:02:52] SCAN_SLOW | scan cycle ใช้เวลา 3.71s > 3s | breakdown=sl_tp_hits=0.00s cancel_pending=0.00s engulf_trail_sl=0.00s opposite_order_tp=0.00s entry_candle_quality=0.00s s3_maru_pending=0.00s fvg_pending=0.00s pb_pending=0.00s s12_management=0.00s scan_all_tf=3.71s export_trend_state=0.00s
[2026-07-15 18:04:00] SWEEP_RESET | SWEEP_LOW | tf=M1 | reason=trend_changed:SIDEWAY→BEAR
[2026-07-15 18:04:00] SWEEP_ACTIVATE | SWEEP_HIGH | tf=M1 | ref_price=4033.04 | sweep_bar=17:14 15-Jul-2026 | confirm_bar=17:14 15-Jul-2026
[2026-07-15 18:04:00] SWEEP_ACTIVATE | SWEEP_LOW | tf=M1 | ref_price=4027.13 | sweep_bar=17:57 15-Jul-2026 | confirm_bar=17:58 15-Jul-2026
[2026-07-15 18:04:04] SCAN_TF_SLOW | scan_one_tf[H4] ใช้เวลา 3.64s > 2s | tf=H4 | duration=3.64
[2026-07-15 18:04:04] SCAN_SLOW | scan cycle ใช้เวลา 3.90s > 3s | breakdown=sl_tp_hits=0.00s cancel_pending=0.00s engulf_trail_sl=0.00s opposite_order_tp=0.00s entry_candle_quality=0.00s s3_maru_pending=0.00s fvg_pending=0.00s pb_pending=0.00s s12_management=0.00s scan_all_tf=3.89s export_trend_state=0.00s
[2026-07-15 18:05:19] SCAN_TF_SLOW | scan_one_tf[D1] ใช้เวลา 2.34s > 2s | tf=D1 | duration=2.34
[2026-07-15 18:05:23] SYMBOL_CHECK | XAUUSDm trade_mode=4 xau_open=True | trade_mode=4 | tick_time=1784113523 | bid=4030.462 | ask=4030.702 | tick_ok=True | xau_open=True | current_symbol=XAUUSDm | startup=False
[2026-07-15 18:05:29] SCAN_TF_SLOW | scan_one_tf[D1] ใช้เวลา 2.36s > 2s | tf=D1 | duration=2.36
[2026-07-15 18:05:49] SCAN_TF_SLOW | scan_one_tf[D1] ใช้เวลา 2.22s > 2s | tf=D1 | duration=2.22
[2026-07-15 18:06:00] SWEEP_RESET | SWEEP_LOW | tf=M1 | reason=trend_changed:BEAR→SIDEWAY
[2026-07-15 18:06:03] SCAN_TF_SLOW | scan_one_tf[H4] ใช้เวลา 2.19s > 2s | tf=H4 | duration=2.19
[2026-07-15 18:06:23] SYMBOL_CHECK | XAUUSDm trade_mode=4 xau_open=True | trade_mode=4 | tick_time=1784113583 | bid=4030.991 | ask=4031.231 | tick_ok=True | xau_open=True | current_symbol=XAUUSDm | startup=False
[2026-07-15 18:06:44] SCAN_TF_SLOW | scan_one_tf[H12] ใช้เวลา 2.91s > 2s | tf=H12 | duration=2.91
[2026-07-15 18:06:44] SCAN_SLOW | scan cycle ใช้เวลา 3.65s > 3s | breakdown=sl_tp_hits=0.16s cancel_pending=0.00s engulf_trail_sl=0.00s opposite_order_tp=0.00s entry_candle_quality=0.00s s3_maru_pending=0.00s fvg_pending=0.00s pb_pending=0.00s s12_management=0.00s scan_all_tf=3.49s export_trend_state=0.00s
[2026-07-15 18:07:02] SWEEP_ACTIVATE | SWEEP_HIGH | tf=M1 | ref_price=4033.04 | sweep_bar=17:14 15-Jul-2026 | confirm_bar=17:14 15-Jul-2026
[2026-07-15 18:07:02] SWEEP_ACTIVATE | SWEEP_LOW | tf=M1 | ref_price=4027.13 | sweep_bar=17:57 15-Jul-2026 | confirm_bar=17:58 15-Jul-2026
[2026-07-15 18:07:22] SYMBOL_CHECK | XAUUSDm trade_mode=4 xau_open=True | trade_mode=4 | tick_time=1784113643 | bid=4029.522 | ask=4029.762 | tick_ok=True | xau_open=True | current_symbol=XAUUSDm | startup=False
[2026-07-15 18:07:22] DEMO_PORTFOLIO_SCAN | XAUUSDm open active=LTS_AVENGERS_ULTRA_SAFE
[2026-07-15 18:07:23] DEMO_PORTFOLIO_SKIP | LTS_AVENGERS_ULTRA_SAFE_1 skipped - hour 18 != 8
[2026-07-15 18:07:23] DEMO_PORTFOLIO_SKIP | LTS_AVENGERS_ULTRA_SAFE_2 skipped - hour 18 != 10
[2026-07-15 18:07:23] DEMO_PORTFOLIO_SKIP | LTS_AVENGERS_ULTRA_SAFE_3 skipped - hour 18 != 12
[2026-07-15 18:07:23] DEMO_PORTFOLIO_SKIP | LTS_AVENGERS_ULTRA_SAFE_4 skipped - hour 18 != 9
[2026-07-15 18:07:23] DEMO_PORTFOLIO_SKIP | LTS_AVENGERS_ULTRA_SAFE_10 skipped - hour 18 != 19
[2026-07-15 18:07:23] DEMO_PORTFOLIO_SKIP | LTS_AVENGERS_ULTRA_SAFE_11 skipped - hour 18 != 10
[2026-07-15 18:07:23] DEMO_PORTFOLIO_SKIP | LTS_AVENGERS_ULTRA_SAFE_12 skipped - hour 18 != 12
[2026-07-15 18:07:23] DEMO_PORTFOLIO_SKIP | LTS_AVENGERS_ULTRA_SAFE_16 skipped - hour 18 != 12
[2026-07-15 18:07:23] DEMO_PORTFOLIO_SKIP | LTS_AVENGERS_ULTRA_SAFE_17 skipped - hour 18 != 8
[2026-07-15 18:07:23] DEMO_PORTFOLIO_SKIP | LTS_AVENGERS_ULTRA_SAFE_24 skipped - hour 18 != 9
[2026-07-15 18:07:23] DEMO_PORTFOLIO_SKIP | LTS_AVENGERS_ULTRA_SAFE_25 skipped - hour 18 != 9
[2026-07-15 18:07:23] DEMO_PORTFOLIO_SKIP | LTS_AVENGERS_ULTRA_SAFE_33 skipped - hour 18 != 11
[2026-07-15 18:07:23] DEMO_PORTFOLIO_SKIP | LTS_AVENGERS_ULTRA_SAFE_34 skipped - hour 18 != 17
[2026-07-15 18:07:23] DEMO_PORTFOLIO_SKIP | LTS_AVENGERS_ULTRA_SAFE_35 skipped - hour 18 != 16
[2026-07-15 18:07:23] DEMO_PORTFOLIO_SKIP | LTS_AVENGERS_ULTRA_SAFE_36 skipped - hour 18 != 12
[2026-07-15 18:07:23] DEMO_PORTFOLIO_SKIP | LTS_AVENGERS_ULTRA_SAFE_43 skipped - hour 18 != 14
[2026-07-15 18:07:23] DEMO_PORTFOLIO_SKIP | LTS_AVENGERS_ULTRA_SAFE_44 skipped - hour 18 != 20
[2026-07-15 18:07:23] DEMO_PORTFOLIO_SKIP | LTS_AVENGERS_ULTRA_SAFE_45 skipped - hour 18 != 17
[2026-07-15 18:07:23] DEMO_PORTFOLIO_SKIP | LTS_AVENGERS_ULTRA_SAFE_46 skipped - hour 18 != 15
[2026-07-15 18:07:23] DEMO_PORTFOLIO_SKIP | LTS_AVENGERS_ULTRA_SAFE_52 skipped - hour 18 != 19
[2026-07-15 18:07:23] DEMO_PORTFOLIO_SKIP | LTS_AVENGERS_ULTRA_SAFE_53 skipped - hour 18 != 21
[2026-07-15 18:07:23] DEMO_PORTFOLIO_SKIP | LTS_AVENGERS_ULTRA_SAFE_54 skipped - hour 18 != 21
[2026-07-15 18:07:23] DEMO_PORTFOLIO_SKIP | LTS_AVENGERS_ULTRA_SAFE_62 skipped - hour 18 != 9
[2026-07-15 18:07:23] DEMO_PORTFOLIO_SKIP | LTS_AVENGERS_ULTRA_SAFE_63 skipped - hour 18 != 16
[2026-07-15 18:07:23] DEMO_PORTFOLIO_SKIP | LTS_AVENGERS_ULTRA_SAFE_64 skipped - hour 18 != 12
[2026-07-15 18:07:23] DEMO_PORTFOLIO_SKIP | LTS_AVENGERS_ULTRA_SAFE_65 skipped - hour 18 != 20
[2026-07-15 18:07:23] DEMO_PORTFOLIO_SKIP | LTS_AVENGERS_ULTRA_SAFE_72 skipped - risk_distance 2.42 < 4.00
[2026-07-15 18:07:23] DEMO_PORTFOLIO_SKIP | LTS_AVENGERS_ULTRA_SAFE_73 skipped - hour 18 != 16
[2026-07-15 18:07:23] DEMO_PORTFOLIO_SKIP | LTS_AVENGERS_ULTRA_SAFE_74 skipped - hour 18 != 9
[2026-07-15 18:07:23] DEMO_PORTFOLIO_SKIP | LTS_AVENGERS_ULTRA_SAFE_75 skipped - hour 18 != 15
[2026-07-15 18:07:23] DEMO_PORTFOLIO_SKIP | LTS_AVENGERS_ULTRA_SAFE_83 skipped - hour 18 != 9
[2026-07-15 18:07:23] DEMO_PORTFOLIO_SKIP | LTS_AVENGERS_ULTRA_SAFE_84 skipped - hour 18 != 12
[2026-07-15 18:07:23] DEMO_PORTFOLIO_SKIP | LTS_AVENGERS_ULTRA_SAFE_85 skipped - hour 18 != 10
[2026-07-15 18:07:23] DEMO_PORTFOLIO_SKIP | LTS_AVENGERS_ULTRA_SAFE_86 skipped - hour 18 != 16
[2026-07-15 18:07:23] DEMO_PORTFOLIO_SKIP | LTS_AVENGERS_ULTRA_SAFE_93 skipped - hour 18 != 22
[2026-07-15 18:07:23] DEMO_PORTFOLIO_SKIP | LTS_AVENGERS_ULTRA_SAFE_94 skipped - hour 18 != 9
[2026-07-15 18:07:23] DEMO_PORTFOLIO_SKIP | LTS_AVENGERS_ULTRA_SAFE_95 skipped - hour 18 != 11
[2026-07-15 18:07:23] DEMO_PORTFOLIO_SKIP | LTS_AVENGERS_ULTRA_SAFE_96 skipped - hour 18 != 13
[2026-07-15 18:07:23] DEMO_PORTFOLIO_SKIP | LTS_AVENGERS_ULTRA_SAFE_101 skipped - hour 18 != 11
[2026-07-15 18:07:23] DEMO_PORTFOLIO_SKIP | LTS_AVENGERS_ULTRA_SAFE_102 skipped - hour 18 != 9
[2026-07-15 18:07:23] DEMO_PORTFOLIO_SKIP | LTS_AVENGERS_ULTRA_SAFE_103 skipped - hour 18 != 10
[2026-07-15 18:07:23] DEMO_PORTFOLIO_SKIP | LTS_AVENGERS_ULTRA_SAFE_104 skipped - hour 18 != 9
[2026-07-15 18:07:24] DEMO_PORTFOLIO_SKIP | LTS_AVENGERS_ULTRA_SAFE_109 skipped - hour 18 != 14
[2026-07-15 18:07:24] DEMO_PORTFOLIO_SKIP | LTS_AVENGERS_ULTRA_SAFE_110 skipped - hour 18 != 12
[2026-07-15 18:07:24] DEMO_PORTFOLIO_SKIP | LTS_AVENGERS_ULTRA_SAFE_111 skipped - hour 18 != 17
[2026-07-15 18:07:24] DEMO_PORTFOLIO_SKIP | LTS_AVENGERS_ULTRA_SAFE_115 skipped - hour 18 != 10
[2026-07-15 18:07:24] DEMO_PORTFOLIO_SKIP | LTS_AVENGERS_ULTRA_SAFE_116 skipped - hour 18 != 15
[2026-07-15 18:07:24] DEMO_PORTFOLIO_SKIP | LTS_AVENGERS_ULTRA_SAFE_117 skipped - hour 18 != 10
[2026-07-15 18:07:24] DEMO_PORTFOLIO_SKIP | LTS_AVENGERS_ULTRA_SAFE_123 skipped - hour 18 != 11
[2026-07-15 18:07:24] DEMO_PORTFOLIO_SKIP | LTS_AVENGERS_ULTRA_SAFE_124 skipped - hour 18 != 16
[2026-07-15 18:07:24] DEMO_PORTFOLIO_SKIP | LTS_AVENGERS_ULTRA_SAFE_125 skipped - hour 18 != 9
[2026-07-15 18:07:24] DEMO_PORTFOLIO_SKIP | LTS_AVENGERS_ULTRA_SAFE_126 skipped - hour 18 != 10
[2026-07-15 18:07:24] DEMO_PORTFOLIO_SKIP | LTS_AVENGERS_ULTRA_SAFE_132 skipped - hour 18 != 10
[2026-07-15 18:07:24] DEMO_PORTFOLIO_SKIP | LTS_AVENGERS_ULTRA_SAFE_133 skipped - hour 18 != 16
[2026-07-15 18:07:24] DEMO_PORTFOLIO_SKIP | LTS_AVENGERS_ULTRA_SAFE_134 skipped - hour 18 != 11
[2026-07-15 18:07:24] DEMO_PORTFOLIO_SKIP | LTS_AVENGERS_ULTRA_SAFE_135 skipped - hour 18 != 12
[2026-07-15 18:07:24] DEMO_PORTFOLIO_SKIP | LTS_AVENGERS_ULTRA_SAFE_141 skipped - hour 18 != 9
[2026-07-15 18:07:24] DEMO_PORTFOLIO_SKIP | LTS_AVENGERS_ULTRA_SAFE_142 skipped - hour 18 != 20
[2026-07-15 18:07:24] DEMO_PORTFOLIO_SKIP | LTS_AVENGERS_ULTRA_SAFE_143 skipped - hour 18 != 15
[2026-07-15 18:07:24] DEMO_PORTFOLIO_SKIP | LTS_AVENGERS_ULTRA_SAFE_148 skipped - hour 18 != 12
[2026-07-15 18:07:24] DEMO_PORTFOLIO_SKIP | LTS_AVENGERS_ULTRA_SAFE_149 skipped - hour 18 != 19
[2026-07-15 18:07:24] DEMO_PORTFOLIO_SKIP | LTS_AVENGERS_ULTRA_SAFE_156 skipped - hour 18 != 14
[2026-07-15 18:07:24] DEMO_PORTFOLIO_SKIP | LTS_AVENGERS_ULTRA_SAFE_157 skipped - hour 18 != 16
[2026-07-15 18:07:24] DEMO_PORTFOLIO_SKIP | LTS_AVENGERS_ULTRA_SAFE_158 skipped - hour 18 != 13
[2026-07-15 18:07:24] DEMO_PORTFOLIO_SKIP | LTS_AVENGERS_ULTRA_SAFE_159 skipped - hour 18 != 16
[2026-07-15 18:07:24] DEMO_PORTFOLIO_SKIP | LTS_AVENGERS_ULTRA_SAFE_164 skipped - hour 18 != 10
[2026-07-15 18:07:24] DEMO_PORTFOLIO_SKIP | LTS_AVENGERS_ULTRA_SAFE_165 skipped - hour 18 != 12
[2026-07-15 18:07:24] DEMO_PORTFOLIO_SKIP | LTS_AVENGERS_ULTRA_SAFE_166 skipped - hour 18 != 9
[2026-07-15 18:07:24] DEMO_PORTFOLIO_SKIP | LTS_AVENGERS_ULTRA_SAFE_167 skipped - hour 18 != 15
[2026-07-15 18:07:25] DEMO_PORTFOLIO_SKIP | LTS_AVENGERS_ULTRA_SAFE_174 skipped - hour 18 != 12
[2026-07-15 18:07:25] DEMO_PORTFOLIO_SKIP | LTS_AVENGERS_ULTRA_SAFE_175 skipped - hour 18 != 17
[2026-07-15 18:07:25] DEMO_PORTFOLIO_SKIP | LTS_AVENGERS_ULTRA_SAFE_176 skipped - hour 18 != 12
[2026-07-15 18:07:25] DEMO_PORTFOLIO_SKIP | LTS_AVENGERS_ULTRA_SAFE_182 skipped - hour 18 != 14
[2026-07-15 18:07:25] DEMO_PORTFOLIO_SKIP | LTS_AVENGERS_ULTRA_SAFE_183 skipped - hour 18 != 17
[2026-07-15 18:07:25] DEMO_PORTFOLIO_SKIP | LTS_AVENGERS_ULTRA_SAFE_184 skipped - hour 18 != 10
[2026-07-15 18:07:25] DEMO_PORTFOLIO_SKIP | LTS_AVENGERS_ULTRA_SAFE_185 skipped - hour 18 != 8
[2026-07-15 18:07:25] DEMO_PORTFOLIO_SKIP | LTS_AVENGERS_ULTRA_SAFE_190 skipped - hour 18 != 9
[2026-07-15 18:07:25] DEMO_PORTFOLIO_SKIP | LTS_AVENGERS_ULTRA_SAFE_191 skipped - hour 18 != 15
[2026-07-15 18:07:25] DEMO_PORTFOLIO_SKIP | LTS_AVENGERS_ULTRA_SAFE_192 skipped - hour 18 != 19
[2026-07-15 18:07:25] DEMO_PORTFOLIO_SKIP | LTS_AVENGERS_ULTRA_SAFE_193 skipped - hour 18 != 15
[2026-07-15 18:07:25] DEMO_PORTFOLIO_SKIP | LTS_AVENGERS_ULTRA_SAFE_197 skipped - hour 18 != 16
[2026-07-15 18:07:25] DEMO_PORTFOLIO_SKIP | LTS_AVENGERS_ULTRA_SAFE_198 skipped - hour 18 != 10
[2026-07-15 18:07:25] DEMO_PORTFOLIO_SKIP | LTS_AVENGERS_ULTRA_SAFE_203 skipped - hour 18 != 17
[2026-07-15 18:07:25] DEMO_PORTFOLIO_SKIP | LTS_AVENGERS_ULTRA_SAFE_204 skipped - hour 18 != 17
[2026-07-15 18:07:25] DEMO_PORTFOLIO_SKIP | LTS_AVENGERS_ULTRA_SAFE_205 skipped - hour 18 != 8
[2026-07-15 18:07:25] DEMO_PORTFOLIO_SKIP | LTS_AVENGERS_ULTRA_SAFE_209 skipped - hour 18 != 20
[2026-07-15 18:07:25] DEMO_PORTFOLIO_SKIP | LTS_AVENGERS_ULTRA_SAFE_210 skipped - hour 18 != 16
[2026-07-15 18:07:25] DEMO_PORTFOLIO_SKIP | LTS_AVENGERS_ULTRA_SAFE_211 skipped - hour 18 != 10
[2026-07-15 18:07:25] DEMO_PORTFOLIO_SKIP | LTS_AVENGERS_ULTRA_SAFE_215 skipped - hour 18 != 22
[2026-07-15 18:07:25] DEMO_PORTFOLIO_SKIP | LTS_AVENGERS_ULTRA_SAFE_216 skipped - hour 18 != 20
[2026-07-15 18:07:25] DEMO_PORTFOLIO_SKIP | LTS_AVENGERS_ULTRA_SAFE_217 skipped - hour 18 != 15
[2026-07-15 18:07:25] DEMO_PORTFOLIO_SKIP | LTS_AVENGERS_ULTRA_SAFE_220 skipped - hour 18 != 14
[2026-07-15 18:07:25] DEMO_PORTFOLIO_SKIP | LTS_AVENGERS_ULTRA_SAFE_221 skipped - hour 18 != 9
[2026-07-15 18:07:25] DEMO_PORTFOLIO_SKIP | LTS_AVENGERS_ULTRA_SAFE_222 skipped - hour 18 != 14
[2026-07-15 18:07:25] DEMO_PORTFOLIO_SKIP | LTS_AVENGERS_ULTRA_SAFE_226 skipped - hour 18 != 9
[2026-07-15 18:07:25] DEMO_PORTFOLIO_SKIP | LTS_AVENGERS_ULTRA_SAFE_227 skipped - hour 18 != 8
[2026-07-15 18:07:25] DEMO_PORTFOLIO_SKIP | LTS_AVENGERS_ULTRA_SAFE_228 skipped - hour 18 != 8
[2026-07-15 18:07:25] DEMO_PORTFOLIO_SKIP | LTS_AVENGERS_ULTRA_SAFE_229 skipped - hour 18 != 15
[2026-07-15 18:07:25] DEMO_PORTFOLIO_SKIP | LTS_AVENGERS_ULTRA_SAFE_233 skipped - hour 18 != 12
[2026-07-15 18:07:25] DEMO_PORTFOLIO_SKIP | LTS_AVENGERS_ULTRA_SAFE_234 skipped - hour 18 != 10
[2026-07-15 18:07:25] DEMO_PORTFOLIO_SKIP | LTS_AVENGERS_ULTRA_SAFE_238 skipped - hour 18 != 14
[2026-07-15 18:07:25] DEMO_PORTFOLIO_SKIP | LTS_AVENGERS_ULTRA_SAFE_239 skipped - hour 18 != 11
[2026-07-15 18:07:25] DEMO_PORTFOLIO_SKIP | LTS_AVENGERS_ULTRA_SAFE_240 skipped - hour 18 != 13
[2026-07-15 18:07:25] DEMO_PORTFOLIO_SKIP | LTS_AVENGERS_ULTRA_SAFE_241 skipped - hour 18 != 9
[2026-07-15 18:07:25] DEMO_PORTFOLIO_SKIP | LTS_AVENGERS_ULTRA_SAFE_244 skipped - hour 18 != 16
[2026-07-15 18:07:25] DEMO_PORTFOLIO_SKIP | LTS_AVENGERS_ULTRA_SAFE_245 skipped - hour 18 != 8
[2026-07-15 18:07:25] DEMO_PORTFOLIO_SKIP | LTS_AVENGERS_ULTRA_SAFE_246 skipped - hour 18 != 16
[2026-07-15 18:07:25] DEMO_PORTFOLIO_SKIP | LTS_AVENGERS_ULTRA_SAFE_250 skipped - hour 18 != 17
[2026-07-15 18:07:25] DEMO_PORTFOLIO_SKIP | LTS_AVENGERS_ULTRA_SAFE_251 skipped - hour 18 != 16
[2026-07-15 18:07:25] DEMO_PORTFOLIO_SKIP | LTS_AVENGERS_ULTRA_SAFE_252 skipped - hour 18 != 9
[2026-07-15 18:07:25] DEMO_PORTFOLIO_SKIP | LTS_AVENGERS_ULTRA_SAFE_259 skipped - hour 18 != 9
[2026-07-15 18:07:25] DEMO_PORTFOLIO_SKIP | LTS_AVENGERS_ULTRA_SAFE_260 skipped - hour 18 != 12
[2026-07-15 18:07:25] DEMO_PORTFOLIO_SKIP | LTS_AVENGERS_ULTRA_SAFE_261 skipped - hour 18 != 15
[2026-07-15 18:07:25] DEMO_PORTFOLIO_SKIP | LTS_AVENGERS_ULTRA_SAFE_267 skipped - hour 18 != 14
[2026-07-15 18:07:25] DEMO_PORTFOLIO_SKIP | LTS_AVENGERS_ULTRA_SAFE_268 skipped - hour 18 != 21
[2026-07-15 18:07:25] DEMO_PORTFOLIO_SKIP | LTS_AVENGERS_ULTRA_SAFE_269 skipped - hour 18 != 12
[2026-07-15 18:07:25] DEMO_PORTFOLIO_SKIP | LTS_AVENGERS_ULTRA_SAFE_270 skipped - hour 18 != 8
[2026-07-15 18:07:25] DEMO_PORTFOLIO_SKIP | LTS_AVENGERS_ULTRA_SAFE_276 skipped - hour 18 != 11
[2026-07-15 18:07:25] DEMO_PORTFOLIO_SKIP | LTS_AVENGERS_ULTRA_SAFE_277 skipped - hour 18 != 12
[2026-07-15 18:07:25] DEMO_PORTFOLIO_SKIP | LTS_AVENGERS_ULTRA_SAFE_278 skipped - hour 18 != 14
[2026-07-15 18:07:25] DEMO_PORTFOLIO_SKIP | LTS_AVENGERS_ULTRA_SAFE_282 skipped - hour 18 != 15
[2026-07-15 18:07:25] DEMO_PORTFOLIO_SKIP | LTS_AVENGERS_ULTRA_SAFE_283 skipped - hour 18 != 20
[2026-07-15 18:07:25] DEMO_PORTFOLIO_SKIP | LTS_AVENGERS_ULTRA_SAFE_284 skipped - hour 18 != 13
[2026-07-15 18:07:25] DEMO_PORTFOLIO_SKIP | LTS_AVENGERS_ULTRA_SAFE_285 skipped - hour 18 != 15
[2026-07-15 18:07:25] DEMO_PORTFOLIO_SKIP | LTS_AVENGERS_ULTRA_SAFE_290 skipped - hour 18 != 9
[2026-07-15 18:07:25] DEMO_PORTFOLIO_SKIP | LTS_AVENGERS_ULTRA_SAFE_291 skipped - hour 18 != 16
[2026-07-15 18:07:25] DEMO_PORTFOLIO_SKIP | LTS_AVENGERS_ULTRA_SAFE_296 skipped - hour 18 != 11
[2026-07-15 18:07:25] DEMO_PORTFOLIO_SKIP | LTS_AVENGERS_ULTRA_SAFE_302 skipped - hour 18 != 22
[2026-07-15 18:07:25] DEMO_PORTFOLIO_SKIP | LTS_AVENGERS_ULTRA_SAFE_303 skipped - hour 18 != 11
[2026-07-15 18:07:25] DEMO_PORTFOLIO_SKIP | LTS_AVENGERS_ULTRA_SAFE_304 skipped - hour 18 != 14
[2026-07-15 18:07:25] DEMO_PORTFOLIO_SKIP | LTS_AVENGERS_ULTRA_SAFE_305 skipped - hour 18 != 21
[2026-07-15 18:07:25] DEMO_PORTFOLIO_SKIP | LTS_AVENGERS_ULTRA_SAFE_310 skipped - hour 18 != 16
[2026-07-15 18:07:25] DEMO_PORTFOLIO_SKIP | LTS_AVENGERS_ULTRA_SAFE_311 skipped - hour 18 != 17
[2026-07-15 18:07:25] DEMO_PORTFOLIO_SKIP | LTS_AVENGERS_ULTRA_SAFE_312 skipped - hour 18 != 15
[2026-07-15 18:07:26] DEMO_PORTFOLIO_SKIP | LTS_AVENGERS_ULTRA_SAFE_316 skipped - hour 18 != 16
[2026-07-15 18:07:26] DEMO_PORTFOLIO_SKIP | LTS_AVENGERS_ULTRA_SAFE_317 skipped - hour 18 != 17
[2026-07-15 18:07:26] DEMO_PORTFOLIO_SKIP | LTS_AVENGERS_ULTRA_SAFE_318 skipped - hour 18 != 17
[2026-07-15 18:07:26] DEMO_PORTFOLIO_SKIP | LTS_AVENGERS_ULTRA_SAFE_319 skipped - hour 18 != 16
[2026-07-15 18:07:26] DEMO_PORTFOLIO_SKIP | LTS_AVENGERS_ULTRA_SAFE_324 skipped - hour 18 != 9
[2026-07-15 18:07:26] DEMO_PORTFOLIO_SKIP | LTS_AVENGERS_ULTRA_SAFE_325 skipped - hour 18 != 16
[2026-07-15 18:07:26] DEMO_PORTFOLIO_SKIP | LTS_AVENGERS_ULTRA_SAFE_326 skipped - hour 18 != 19
[2026-07-15 18:07:26] DEMO_PORTFOLIO_SKIP | LTS_AVENGERS_ULTRA_SAFE_327 skipped - hour 18 != 16
[2026-07-15 18:07:26] DEMO_PORTFOLIO_SKIP | LTS_AVENGERS_ULTRA_SAFE_331 skipped - hour 18 != 8
[2026-07-15 18:07:26] DEMO_PORTFOLIO_SKIP | LTS_AVENGERS_ULTRA_SAFE_332 skipped - hour 18 != 20
[2026-07-15 18:07:26] DEMO_PORTFOLIO_SKIP | LTS_AVENGERS_ULTRA_SAFE_333 skipped - hour 18 != 17
[2026-07-15 18:07:26] DEMO_PORTFOLIO_SKIP | LTS_AVENGERS_ULTRA_SAFE_334 skipped - hour 18 != 21
[2026-07-15 18:07:26] DEMO_PORTFOLIO_SKIP | LTS_AVENGERS_ULTRA_SAFE_338 skipped - hour 18 != 11
[2026-07-15 18:07:26] DEMO_PORTFOLIO_SKIP | LTS_AVENGERS_ULTRA_SAFE_339 skipped - hour 18 != 17
[2026-07-15 18:07:26] DEMO_PORTFOLIO_SKIP | LTS_AVENGERS_ULTRA_SAFE_340 skipped - hour 18 != 15
[2026-07-15 18:07:26] DEMO_PORTFOLIO_SKIP | LTS_AVENGERS_ULTRA_SAFE_345 skipped - hour 18 != 20
[2026-07-15 18:07:26] DEMO_PORTFOLIO_SKIP | LTS_AVENGERS_ULTRA_SAFE_346 skipped - hour 18 != 14
[2026-07-15 18:07:26] DEMO_PORTFOLIO_SKIP | LTS_AVENGERS_ULTRA_SAFE_347 skipped - hour 18 != 15
[2026-07-15 18:07:26] DEMO_PORTFOLIO_SKIP | LTS_AVENGERS_ULTRA_SAFE_352 skipped - hour 18 != 22
[2026-07-15 18:07:26] DEMO_PORTFOLIO_SKIP | LTS_AVENGERS_ULTRA_SAFE_353 skipped - hour 18 != 22
[2026-07-15 18:07:26] DEMO_PORTFOLIO_SKIP | LTS_AVENGERS_ULTRA_SAFE_354 skipped - risk_distance 8.02 > 4.00
[2026-07-15 18:07:26] DEMO_PORTFOLIO_SKIP | LTS_AVENGERS_ULTRA_SAFE_358 skipped - hour 18 != 9
[2026-07-15 18:07:26] DEMO_PORTFOLIO_SKIP | LTS_AVENGERS_ULTRA_SAFE_359 skipped - hour 18 != 17
[2026-07-15 18:07:26] DEMO_PORTFOLIO_SKIP | LTS_AVENGERS_ULTRA_SAFE_360 skipped - hour 18 != 16
[2026-07-15 18:07:26] DEMO_PORTFOLIO_SKIP | LTS_AVENGERS_ULTRA_SAFE_365 skipped - hour 18 != 17
[2026-07-15 18:07:26] DEMO_PORTFOLIO_SKIP | LTS_AVENGERS_ULTRA_SAFE_366 skipped - hour 18 != 14
[2026-07-15 18:07:26] DEMO_PORTFOLIO_SKIP | LTS_AVENGERS_ULTRA_SAFE_367 skipped - hour 18 != 14
[2026-07-15 18:07:26] DEMO_PORTFOLIO_SKIP | LTS_AVENGERS_ULTRA_SAFE_368 skipped - hour 18 != 9
[2026-07-15 18:07:26] DEMO_PORTFOLIO_SKIP | LTS_AVENGERS_ULTRA_SAFE_373 skipped - hour 18 != 14
[2026-07-15 18:07:26] DEMO_PORTFOLIO_SKIP | LTS_AVENGERS_ULTRA_SAFE_374 skipped - hour 18 != 20
[2026-07-15 18:07:26] DEMO_PORTFOLIO_SKIP | LTS_AVENGERS_ULTRA_SAFE_375 skipped - hour 18 != 12
[2026-07-15 18:07:26] DEMO_PORTFOLIO_SKIP | LTS_AVENGERS_ULTRA_SAFE_376 skipped - hour 18 != 20
[2026-07-15 18:07:26] DEMO_PORTFOLIO_SKIP | LTS_AVENGERS_ULTRA_SAFE_382 skipped - hour 18 != 10
[2026-07-15 18:07:26] DEMO_PORTFOLIO_SKIP | LTS_AVENGERS_ULTRA_SAFE_383 skipped - hour 18 != 16
[2026-07-15 18:07:26] DEMO_PORTFOLIO_SKIP | LTS_AVENGERS_ULTRA_SAFE_384 skipped - hour 18 != 8
[2026-07-15 18:07:26] DEMO_PORTFOLIO_SKIP | LTS_AVENGERS_ULTRA_SAFE_385 skipped - hour 18 != 20
[2026-07-15 18:07:26] DEMO_PORTFOLIO_SKIP | LTS_AVENGERS_ULTRA_SAFE_390 skipped - hour 18 != 17
[2026-07-15 18:07:26] DEMO_PORTFOLIO_SKIP | LTS_AVENGERS_ULTRA_SAFE_391 skipped - hour 18 != 19
[2026-07-15 18:07:26] DEMO_PORTFOLIO_SKIP | LTS_AVENGERS_ULTRA_SAFE_392 skipped - hour 18 != 17
[2026-07-15 18:07:26] DEMO_PORTFOLIO_SKIP | LTS_AVENGERS_ULTRA_SAFE_397 skipped - hour 18 != 19
[2026-07-15 18:07:26] DEMO_PORTFOLIO_SKIP | LTS_AVENGERS_ULTRA_SAFE_398 skipped - hour 18 != 11
[2026-07-15 18:07:26] DEMO_PORTFOLIO_SKIP | LTS_AVENGERS_ULTRA_SAFE_399 skipped - hour 18 != 19
[2026-07-15 18:07:26] DEMO_PORTFOLIO_SKIP | LTS_AVENGERS_ULTRA_SAFE_403 skipped - hour 18 != 19
[2026-07-15 18:07:26] DEMO_PORTFOLIO_SKIP | LTS_AVENGERS_ULTRA_SAFE_404 skipped - hour 18 != 21
[2026-07-15 18:07:26] DEMO_PORTFOLIO_SKIP | LTS_AVENGERS_ULTRA_SAFE_405 skipped - hour 18 != 11
[2026-07-15 18:07:26] DEMO_PORTFOLIO_SKIP | LTS_AVENGERS_ULTRA_SAFE_408 skipped - hour 18 != 11
[2026-07-15 18:07:26] DEMO_PORTFOLIO_SKIP | LTS_AVENGERS_ULTRA_SAFE_409 skipped - hour 18 != 12
[2026-07-15 18:07:26] DEMO_PORTFOLIO_SKIP | LTS_AVENGERS_ULTRA_SAFE_410 skipped - hour 18 != 12
[2026-07-15 18:07:26] DEMO_PORTFOLIO_SKIP | LTS_AVENGERS_ULTRA_SAFE_411 skipped - hour 18 != 17
[2026-07-15 18:07:26] DEMO_PORTFOLIO_SKIP | LTS_AVENGERS_ULTRA_SAFE_416 skipped - hour 18 != 21
[2026-07-15 18:07:26] DEMO_PORTFOLIO_SKIP | LTS_AVENGERS_ULTRA_SAFE_417 skipped - hour 18 != 21
[2026-07-15 18:07:26] DEMO_PORTFOLIO_SKIP | LTS_AVENGERS_ULTRA_SAFE_418 skipped - hour 18 != 22
[2026-07-15 18:07:26] DEMO_PORTFOLIO_SKIP | LTS_AVENGERS_ULTRA_SAFE_419 skipped - hour 18 != 20
[2026-07-15 18:07:26] DEMO_PORTFOLIO_SKIP | LTS_AVENGERS_ULTRA_SAFE_423 skipped - hour 18 != 12
[2026-07-15 18:07:26] DEMO_PORTFOLIO_SKIP | LTS_AVENGERS_ULTRA_SAFE_424 skipped - hour 18 != 17
[2026-07-15 18:07:26] DEMO_PORTFOLIO_SKIP | LTS_AVENGERS_ULTRA_SAFE_425 skipped - hour 18 != 15
[2026-07-15 18:07:26] DEMO_PORTFOLIO_SKIP | LTS_AVENGERS_ULTRA_SAFE_431 skipped - hour 18 != 20
[2026-07-15 18:07:26] DEMO_PORTFOLIO_SKIP | LTS_AVENGERS_ULTRA_SAFE_432 skipped - hour 18 != 21
[2026-07-15 18:07:26] DEMO_PORTFOLIO_SKIP | LTS_AVENGERS_ULTRA_SAFE_433 skipped - hour 18 != 21
[2026-07-15 18:07:26] DEMO_PORTFOLIO_SKIP | LTS_AVENGERS_ULTRA_SAFE_434 skipped - hour 18 != 17
[2026-07-15 18:07:26] DEMO_PORTFOLIO_SKIP | LTS_AVENGERS_ULTRA_SAFE_438 skipped - hour 18 != 8
[2026-07-15 18:07:26] DEMO_PORTFOLIO_SKIP | LTS_AVENGERS_ULTRA_SAFE_439 skipped - hour 18 != 12
[2026-07-15 18:07:26] DEMO_PORTFOLIO_SKIP | LTS_AVENGERS_ULTRA_SAFE_440 skipped - hour 18 != 21
[2026-07-15 18:07:26] DEMO_PORTFOLIO_SKIP | LTS_AVENGERS_ULTRA_SAFE_441 skipped - hour 18 != 20
[2026-07-15 18:07:26] DEMO_PORTFOLIO_SKIP | LTS_AVENGERS_ULTRA_SAFE_446 skipped - hour 18 != 12
[2026-07-15 18:07:26] DEMO_PORTFOLIO_SKIP | LTS_AVENGERS_ULTRA_SAFE_447 skipped - hour 18 != 12
[2026-07-15 18:07:26] DEMO_PORTFOLIO_SKIP | LTS_AVENGERS_ULTRA_SAFE_448 skipped - hour 18 != 13
[2026-07-15 18:07:26] DEMO_PORTFOLIO_SKIP | LTS_AVENGERS_ULTRA_SAFE_449 skipped - hour 18 != 16
[2026-07-15 18:07:27] DEMO_PORTFOLIO_SKIP | LTS_AVENGERS_ULTRA_SAFE_453 skipped - hour 18 != 11
[2026-07-15 18:07:27] DEMO_PORTFOLIO_SKIP | LTS_AVENGERS_ULTRA_SAFE_454 skipped - hour 18 != 12
[2026-07-15 18:07:27] DEMO_PORTFOLIO_SKIP | LTS_AVENGERS_ULTRA_SAFE_455 skipped - hour 18 != 12
[2026-07-15 18:07:27] DEMO_PORTFOLIO_SKIP | LTS_AVENGERS_ULTRA_SAFE_459 skipped - hour 18 != 22
[2026-07-15 18:07:27] DEMO_PORTFOLIO_SKIP | LTS_AVENGERS_ULTRA_SAFE_460 skipped - hour 18 != 8
[2026-07-15 18:07:27] DEMO_PORTFOLIO_SKIP | LTS_AVENGERS_ULTRA_SAFE_461 skipped - hour 18 != 11
[2026-07-15 18:07:27] DEMO_PORTFOLIO_SKIP | LTS_AVENGERS_ULTRA_SAFE_465 skipped - hour 18 != 20
[2026-07-15 18:07:27] DEMO_PORTFOLIO_SKIP | LTS_AVENGERS_ULTRA_SAFE_466 skipped - hour 18 != 15
[2026-07-15 18:07:27] DEMO_PORTFOLIO_SKIP | LTS_AVENGERS_ULTRA_SAFE_467 skipped - hour 18 != 19
[2026-07-15 18:07:27] DEMO_PORTFOLIO_SKIP | LTS_AVENGERS_ULTRA_SAFE_472 skipped - hour 18 != 22
[2026-07-15 18:07:27] DEMO_PORTFOLIO_SKIP | LTS_AVENGERS_ULTRA_SAFE_473 skipped - hour 18 != 20
[2026-07-15 18:07:27] DEMO_PORTFOLIO_SKIP | LTS_AVENGERS_ULTRA_SAFE_474 skipped - hour 18 != 17
[2026-07-15 18:07:27] DEMO_PORTFOLIO_SKIP | LTS_AVENGERS_ULTRA_SAFE_475 skipped - hour 18 != 12
[2026-07-15 18:07:27] DEMO_PORTFOLIO_SKIP | LTS_AVENGERS_ULTRA_SAFE_479 skipped - hour 18 != 9
[2026-07-15 18:07:27] DEMO_PORTFOLIO_SKIP | LTS_AVENGERS_ULTRA_SAFE_480 skipped - hour 18 != 20
[2026-07-15 18:07:27] DEMO_PORTFOLIO_SKIP | LTS_AVENGERS_ULTRA_SAFE_486 skipped - hour 18 != 15
[2026-07-15 18:07:27] DEMO_PORTFOLIO_SKIP | LTS_AVENGERS_ULTRA_SAFE_487 skipped - hour 18 != 21
[2026-07-15 18:07:27] DEMO_PORTFOLIO_SKIP | LTS_AVENGERS_ULTRA_SAFE_488 skipped - risk_distance 8.02 > 4.00
[2026-07-15 18:07:27] DEMO_PORTFOLIO_SKIP | LTS_AVENGERS_ULTRA_SAFE_493 skipped - hour 18 != 11
[2026-07-15 18:07:27] DEMO_PORTFOLIO_SKIP | LTS_AVENGERS_ULTRA_SAFE_494 skipped - hour 18 != 17
[2026-07-15 18:07:27] DEMO_PORTFOLIO_SKIP | LTS_AVENGERS_ULTRA_SAFE_495 skipped - hour 18 != 8
[2026-07-15 18:07:27] DEMO_PORTFOLIO_SKIP | LTS_AVENGERS_ULTRA_SAFE_498 skipped - hour 18 != 19
[2026-07-15 18:07:27] DEMO_PORTFOLIO_SKIP | LTS_AVENGERS_ULTRA_SAFE_499 skipped - hour 18 != 10
[2026-07-15 18:07:27] DEMO_PORTFOLIO_SKIP | LTS_AVENGERS_ULTRA_SAFE_500 skipped - hour 18 != 12
[2026-07-15 18:07:27] DEMO_PORTFOLIO_SKIP | LTS_AVENGERS_ULTRA_SAFE_504 skipped - hour 18 != 12
[2026-07-15 18:07:27] DEMO_PORTFOLIO_SKIP | LTS_AVENGERS_ULTRA_SAFE_505 skipped - hour 18 != 15
[2026-07-15 18:07:27] DEMO_PORTFOLIO_SKIP | LTS_AVENGERS_ULTRA_SAFE_506 skipped - hour 18 != 12
[2026-07-15 18:07:27] DEMO_PORTFOLIO_SKIP | LTS_AVENGERS_ULTRA_SAFE_507 skipped - hour 18 != 14
[2026-07-15 18:07:27] DEMO_PORTFOLIO_SKIP | LTS_AVENGERS_ULTRA_SAFE_512 skipped - hour 18 != 12
[2026-07-15 18:07:27] DEMO_PORTFOLIO_SKIP | LTS_AVENGERS_ULTRA_SAFE_513 skipped - hour 18 != 17
[2026-07-15 18:07:27] DEMO_PORTFOLIO_SKIP | LTS_AVENGERS_ULTRA_SAFE_514 skipped - hour 18 != 17
[2026-07-15 18:07:27] DEMO_PORTFOLIO_SKIP | LTS_AVENGERS_ULTRA_SAFE_515 skipped - hour 18 != 10
[2026-07-15 18:07:28] DEMO_PORTFOLIO_SKIP | LTS_AVENGERS_ULTRA_SAFE_520 skipped - hour 18 != 15
[2026-07-15 18:07:28] DEMO_PORTFOLIO_SKIP | LTS_AVENGERS_ULTRA_SAFE_521 skipped - hour 18 != 20
[2026-07-15 18:07:28] DEMO_PORTFOLIO_SKIP | LTS_AVENGERS_ULTRA_SAFE_522 skipped - risk_distance 4.63 > 4.00
[2026-07-15 18:07:28] DEMO_PORTFOLIO_SKIP | LTS_AVENGERS_ULTRA_SAFE_523 skipped - hour 18 != 21
[2026-07-15 18:07:28] DEMO_PORTFOLIO_SKIP | LTS_AVENGERS_ULTRA_SAFE_528 skipped - hour 18 != 20
[2026-07-15 18:07:28] DEMO_PORTFOLIO_SKIP | LTS_AVENGERS_ULTRA_SAFE_529 skipped - hour 18 != 22
[2026-07-15 18:07:28] DEMO_PORTFOLIO_SKIP | LTS_AVENGERS_ULTRA_SAFE_530 skipped - hour 18 != 20
[2026-07-15 18:07:28] DEMO_PORTFOLIO_SKIP | LTS_AVENGERS_ULTRA_SAFE_536 skipped - hour 18 != 12
[2026-07-15 18:07:28] DEMO_PORTFOLIO_SKIP | LTS_AVENGERS_ULTRA_SAFE_537 skipped - hour 18 != 9
[2026-07-15 18:07:28] DEMO_PORTFOLIO_SKIP | LTS_AVENGERS_ULTRA_SAFE_538 skipped - hour 18 != 10
[2026-07-15 18:07:28] DEMO_PORTFOLIO_SKIP | LTS_AVENGERS_ULTRA_SAFE_543 skipped - hour 18 != 16
[2026-07-15 18:07:28] DEMO_PORTFOLIO_SKIP | LTS_AVENGERS_ULTRA_SAFE_544 skipped - hour 18 != 13
[2026-07-15 18:07:28] DEMO_PORTFOLIO_SKIP | LTS_AVENGERS_ULTRA_SAFE_545 skipped - hour 18 != 19
[2026-07-15 18:07:28] DEMO_PORTFOLIO_SKIP | LTS_AVENGERS_ULTRA_SAFE_550 skipped - hour 18 != 9
[2026-07-15 18:07:28] DEMO_PORTFOLIO_SKIP | LTS_AVENGERS_ULTRA_SAFE_551 skipped - hour 18 != 20
[2026-07-15 18:07:28] DEMO_PORTFOLIO_SKIP | LTS_AVENGERS_ULTRA_SAFE_552 skipped - hour 18 != 21
[2026-07-15 18:07:28] DEMO_PORTFOLIO_SKIP | LTS_AVENGERS_ULTRA_SAFE_553 skipped - hour 18 != 12
[2026-07-15 18:07:28] DEMO_PORTFOLIO_SKIP | LTS_AVENGERS_ULTRA_SAFE_557 skipped - hour 18 != 8
[2026-07-15 18:07:28] DEMO_PORTFOLIO_SKIP | LTS_AVENGERS_ULTRA_SAFE_558 skipped - hour 18 != 8
[2026-07-15 18:07:28] DEMO_PORTFOLIO_SKIP | LTS_AVENGERS_ULTRA_SAFE_559 skipped - hour 18 != 20
[2026-07-15 18:07:28] DEMO_PORTFOLIO_SKIP | LTS_AVENGERS_ULTRA_SAFE_564 skipped - hour 18 != 10
[2026-07-15 18:07:28] DEMO_PORTFOLIO_SKIP | LTS_AVENGERS_ULTRA_SAFE_565 skipped - hour 18 != 11
[2026-07-15 18:07:28] DEMO_PORTFOLIO_SKIP | LTS_AVENGERS_ULTRA_SAFE_566 skipped - hour 18 != 12
[2026-07-15 18:07:28] DEMO_PORTFOLIO_SKIP | LTS_AVENGERS_ULTRA_SAFE_567 skipped - hour 18 != 10
[2026-07-15 18:07:28] DEMO_PORTFOLIO_SKIP | LTS_AVENGERS_ULTRA_SAFE_571 skipped - hour 18 != 14
[2026-07-15 18:07:28] DEMO_PORTFOLIO_SKIP | LTS_AVENGERS_ULTRA_SAFE_572 skipped - hour 18 != 9
[2026-07-15 18:07:28] DEMO_PORTFOLIO_SKIP | LTS_AVENGERS_ULTRA_SAFE_577 skipped - hour 18 != 21
[2026-07-15 18:07:28] DEMO_PORTFOLIO_SKIP | LTS_AVENGERS_ULTRA_SAFE_578 skipped - risk_distance 4.63 > 1.30
[2026-07-15 18:07:28] DEMO_PORTFOLIO_SKIP | LTS_AVENGERS_ULTRA_SAFE_579 skipped - hour 18 != 11
[2026-07-15 18:07:28] DEMO_PORTFOLIO_SKIP | LTS_AVENGERS_ULTRA_SAFE_580 skipped - hour 18 != 19
[2026-07-15 18:07:28] DEMO_PORTFOLIO_SKIP | LTS_AVENGERS_ULTRA_SAFE_583 skipped - hour 18 != 15
[2026-07-15 18:07:28] DEMO_PORTFOLIO_SKIP | LTS_AVENGERS_ULTRA_SAFE_584 skipped - hour 18 != 15
[2026-07-15 18:07:28] DEMO_PORTFOLIO_SKIP | LTS_AVENGERS_ULTRA_SAFE_585 skipped - hour 18 != 10
[2026-07-15 18:07:28] DEMO_PORTFOLIO_SKIP | LTS_AVENGERS_ULTRA_SAFE_589 skipped - hour 18 != 17
[2026-07-15 18:07:28] DEMO_PORTFOLIO_SKIP | LTS_AVENGERS_ULTRA_SAFE_590 skipped - hour 18 != 9
[2026-07-15 18:07:28] DEMO_PORTFOLIO_SKIP | LTS_AVENGERS_ULTRA_SAFE_595 skipped - hour 18 != 21
[2026-07-15 18:07:28] DEMO_PORTFOLIO_SKIP | LTS_AVENGERS_ULTRA_SAFE_596 skipped - hour 18 != 21
[2026-07-15 18:07:28] DEMO_PORTFOLIO_SKIP | LTS_AVENGERS_ULTRA_SAFE_597 skipped - hour 18 != 14
[2026-07-15 18:07:28] DEMO_PORTFOLIO_SKIP | LTS_AVENGERS_ULTRA_SAFE_603 skipped - hour 18 != 10
[2026-07-15 18:07:28] DEMO_PORTFOLIO_SKIP | LTS_AVENGERS_ULTRA_SAFE_604 skipped - hour 18 != 21
[2026-07-15 18:07:28] DEMO_PORTFOLIO_SKIP | LTS_AVENGERS_ULTRA_SAFE_605 skipped - hour 18 != 9
[2026-07-15 18:07:28] DEMO_PORTFOLIO_SKIP | LTS_AVENGERS_ULTRA_SAFE_609 skipped - hour 18 != 19
[2026-07-15 18:07:28] DEMO_PORTFOLIO_SKIP | LTS_AVENGERS_ULTRA_SAFE_610 skipped - hour 18 != 16
[2026-07-15 18:07:28] DEMO_PORTFOLIO_SKIP | LTS_AVENGERS_ULTRA_SAFE_611 skipped - hour 18 != 8
[2026-07-15 18:07:28] DEMO_PORTFOLIO_SKIP | LTS_AVENGERS_ULTRA_SAFE_612 skipped - hour 18 != 16
[2026-07-15 18:07:28] DEMO_PORTFOLIO_SKIP | LTS_AVENGERS_ULTRA_SAFE_617 skipped - hour 18 != 10
[2026-07-15 18:07:28] DEMO_PORTFOLIO_SKIP | LTS_AVENGERS_ULTRA_SAFE_618 skipped - hour 18 != 20
[2026-07-15 18:07:28] DEMO_PORTFOLIO_SKIP | LTS_AVENGERS_ULTRA_SAFE_619 skipped - hour 18 != 12
[2026-07-15 18:07:28] DEMO_PORTFOLIO_SKIP | LTS_AVENGERS_ULTRA_SAFE_620 skipped - hour 18 != 12
[2026-07-15 18:07:28] DEMO_PORTFOLIO_SKIP | LTS_AVENGERS_ULTRA_SAFE_624 skipped - hour 18 != 9
[2026-07-15 18:07:28] DEMO_PORTFOLIO_SKIP | LTS_AVENGERS_ULTRA_SAFE_627 skipped - hour 18 != 10
[2026-07-15 18:07:28] DEMO_PORTFOLIO_SKIP | LTS_AVENGERS_ULTRA_SAFE_632 skipped - hour 18 != 10
[2026-07-15 18:07:28] DEMO_PORTFOLIO_SKIP | LTS_AVENGERS_ULTRA_SAFE_633 skipped - hour 18 != 9
[2026-07-15 18:07:28] DEMO_PORTFOLIO_SKIP | LTS_AVENGERS_ULTRA_SAFE_641 skipped - hour 18 != 20
[2026-07-15 18:07:28] DEMO_PORTFOLIO_SKIP | LTS_AVENGERS_ULTRA_SAFE_642 skipped - hour 18 != 16
[2026-07-15 18:07:28] DEMO_PORTFOLIO_SKIP | LTS_AVENGERS_ULTRA_SAFE_646 skipped - hour 18 != 14
[2026-07-15 18:07:28] DEMO_PORTFOLIO_SKIP | LTS_AVENGERS_ULTRA_SAFE_650 skipped - hour 18 != 12
[2026-07-15 18:07:28] DEMO_PORTFOLIO_SKIP | LTS_AVENGERS_ULTRA_SAFE_654 skipped - hour 18 != 12
[2026-07-15 18:07:28] DEMO_PORTFOLIO_SKIP | LTS_AVENGERS_ULTRA_SAFE_658 skipped - hour 18 != 9
[2026-07-15 18:07:28] DEMO_PORTFOLIO_SKIP | LTS_AVENGERS_ULTRA_SAFE_662 skipped - hour 18 != 12
[2026-07-15 18:07:28] DEMO_PORTFOLIO_SKIP | LTS_AVENGERS_ULTRA_SAFE_665 skipped - hour 18 != 12
[2026-07-15 18:07:28] DEMO_PORTFOLIO_SKIP | LTS_AVENGERS_ULTRA_SAFE_668 skipped - hour 18 != 9
[2026-07-15 18:07:28] DEMO_PORTFOLIO_SKIP | LTS_AVENGERS_ULTRA_SAFE_671 skipped - hour 18 != 12
[2026-07-15 18:07:28] DEMO_PORTFOLIO_SKIP | LTS_AVENGERS_ULTRA_SAFE_675 skipped - hour 18 != 9
[2026-07-15 18:07:28] DEMO_PORTFOLIO_SKIP | LTS_AVENGERS_ULTRA_SAFE_679 skipped - hour 18 != 12
[2026-07-15 18:07:28] DEMO_PORTFOLIO_SKIP | LTS_AVENGERS_ULTRA_SAFE_683 skipped - hour 18 != 9
[2026-07-15 18:07:28] DEMO_PORTFOLIO_SKIP | LTS_AVENGERS_ULTRA_SAFE_687 skipped - hour 18 != 12
[2026-07-15 18:07:28] DEMO_PORTFOLIO_SKIP | LTS_AVENGERS_ULTRA_SAFE_691 skipped - hour 18 != 9
[2026-07-15 18:07:28] DEMO_PORTFOLIO_SKIP | LTS_AVENGERS_ULTRA_SAFE_695 skipped - hour 18 != 12
[2026-07-15 18:07:28] DEMO_PORTFOLIO_SKIP | LTS_AVENGERS_ULTRA_SAFE_699 skipped - hour 18 != 9
[2026-07-15 18:07:28] DEMO_PORTFOLIO_SKIP | LTS_AVENGERS_ULTRA_SAFE_703 skipped - hour 18 != 12
[2026-07-15 18:07:28] DEMO_PORTFOLIO_SKIP | LTS_AVENGERS_ULTRA_SAFE_707 skipped - hour 18 != 9
[2026-07-15 18:07:29] DEMO_PORTFOLIO_SKIP | LTS_AVENGERS_ULTRA_SAFE_711 skipped - hour 18 != 12
[2026-07-15 18:07:29] DEMO_PORTFOLIO_SKIP | LTS_AVENGERS_ULTRA_SAFE_715 skipped - hour 18 != 22
[2026-07-15 18:07:29] DEMO_PORTFOLIO_SKIP | LTS_AVENGERS_ULTRA_SAFE_716 skipped - hour 18 != 9
[2026-07-15 18:07:29] DEMO_PORTFOLIO_SKIP | LTS_AVENGERS_ULTRA_SAFE_720 skipped - hour 18 != 12
[2026-07-15 18:07:29] DEMO_PORTFOLIO_SKIP | LTS_AVENGERS_ULTRA_SAFE_724 skipped - hour 18 != 9
[2026-07-15 18:07:29] DEMO_PORTFOLIO_SKIP | LTS_AVENGERS_ULTRA_SAFE_728 skipped - hour 18 != 12
[2026-07-15 18:07:29] DEMO_PORTFOLIO_SKIP | LTS_AVENGERS_ULTRA_SAFE_732 skipped - hour 18 != 9
[2026-07-15 18:07:29] DEMO_PORTFOLIO_SKIP | LTS_AVENGERS_ULTRA_SAFE_736 skipped - hour 18 != 12
[2026-07-15 18:07:29] DEMO_PORTFOLIO_SKIP | LTS_AVENGERS_ULTRA_SAFE_740 skipped - hour 18 != 9
[2026-07-15 18:07:29] DEMO_PORTFOLIO_SKIP | LTS_AVENGERS_ULTRA_SAFE_744 skipped - hour 18 != 12
[2026-07-15 18:07:29] DEMO_PORTFOLIO_SKIP | LTS_AVENGERS_ULTRA_SAFE_748 skipped - hour 18 != 9
[2026-07-15 18:07:29] DEMO_PORTFOLIO_SKIP | LTS_AVENGERS_ULTRA_SAFE_752 skipped - hour 18 != 12
[2026-07-15 18:07:29] DEMO_PORTFOLIO_SKIP | LTS_AVENGERS_ULTRA_SAFE_756 skipped - hour 18 != 9
[2026-07-15 18:07:29] DEMO_PORTFOLIO_SKIP | LTS_AVENGERS_ULTRA_SAFE_760 skipped - hour 18 != 12
[2026-07-15 18:07:29] DEMO_PORTFOLIO_SKIP | LTS_AVENGERS_ULTRA_SAFE_764 skipped - hour 18 != 9
[2026-07-15 18:07:29] DEMO_PORTFOLIO_SKIP | LTS_AVENGERS_ULTRA_SAFE_768 skipped - hour 18 != 12
[2026-07-15 18:07:29] DEMO_PORTFOLIO_SKIP | LTS_AVENGERS_ULTRA_SAFE_772 skipped - hour 18 != 9
[2026-07-15 18:07:29] DEMO_PORTFOLIO_SKIP | LTS_AVENGERS_ULTRA_SAFE_776 skipped - hour 18 != 12
[2026-07-15 18:07:29] DEMO_PORTFOLIO_SKIP | LTS_AVENGERS_ULTRA_SAFE_780 skipped - hour 18 != 9
[2026-07-15 18:07:29] DEMO_PORTFOLIO_SKIP | LTS_AVENGERS_ULTRA_SAFE_784 skipped - hour 18 != 12
[2026-07-15 18:07:29] DEMO_PORTFOLIO_SKIP | LTS_AVENGERS_ULTRA_SAFE_788 skipped - hour 18 != 9
[2026-07-15 18:07:29] DEMO_PORTFOLIO_SKIP | LTS_AVENGERS_ULTRA_SAFE_792 skipped - hour 18 != 12
[2026-07-15 18:07:29] DEMO_PORTFOLIO_SKIP | LTS_AVENGERS_ULTRA_SAFE_796 skipped - hour 18 != 9
[2026-07-15 18:07:29] DEMO_PORTFOLIO_SKIP | LTS_AVENGERS_ULTRA_SAFE_800 skipped - hour 18 != 12
[2026-07-15 18:07:29] DEMO_PORTFOLIO_SKIP | LTS_AVENGERS_ULTRA_SAFE_804 skipped - hour 18 != 9
[2026-07-15 18:07:29] DEMO_PORTFOLIO_SKIP | LTS_AVENGERS_ULTRA_SAFE_808 skipped - hour 18 != 12
[2026-07-15 18:07:29] DEMO_PORTFOLIO_SKIP | LTS_AVENGERS_ULTRA_SAFE_812 skipped - hour 18 != 9
[2026-07-15 18:07:29] DEMO_PORTFOLIO_SKIP | LTS_AVENGERS_ULTRA_SAFE_816 skipped - hour 18 != 12
[2026-07-15 18:07:29] DEMO_PORTFOLIO_SKIP | LTS_AVENGERS_ULTRA_SAFE_817 skipped - hour 18 != 9
[2026-07-15 18:07:29] DEMO_PORTFOLIO_SKIP | LTS_AVENGERS_ULTRA_SAFE_821 skipped - hour 18 != 12
[2026-07-15 18:07:29] DEMO_PORTFOLIO_SKIP | LTS_AVENGERS_ULTRA_SAFE_825 skipped - hour 18 != 9
[2026-07-15 18:07:29] DEMO_PORTFOLIO_SKIP | LTS_AVENGERS_ULTRA_SAFE_829 skipped - hour 18 != 12
[2026-07-15 18:07:29] DEMO_PORTFOLIO_SKIP | LTS_AVENGERS_ULTRA_SAFE_833 skipped - hour 18 != 9
[2026-07-15 18:07:29] DEMO_PORTFOLIO_SKIP | LTS_AVENGERS_ULTRA_SAFE_837 skipped - hour 18 != 12
[2026-07-15 18:07:29] DEMO_PORTFOLIO_SKIP | LTS_AVENGERS_ULTRA_SAFE_841 skipped - hour 18 != 9
[2026-07-15 18:07:29] DEMO_PORTFOLIO_SKIP | LTS_AVENGERS_ULTRA_SAFE_845 skipped - hour 18 != 12
[2026-07-15 18:07:29] DEMO_PORTFOLIO_SKIP | LTS_AVENGERS_ULTRA_SAFE_849 skipped - hour 18 != 9
[2026-07-15 18:07:29] DEMO_PORTFOLIO_SKIP | LTS_AVENGERS_ULTRA_SAFE_853 skipped - hour 18 != 12
[2026-07-15 18:07:29] DEMO_PORTFOLIO_SKIP | LTS_AVENGERS_ULTRA_SAFE_856 skipped - hour 18 != 9
[2026-07-15 18:07:29] DEMO_PORTFOLIO_SKIP | LTS_AVENGERS_ULTRA_SAFE_860 skipped - hour 18 != 12
[2026-07-15 18:07:29] DEMO_PORTFOLIO_SKIP | LTS_AVENGERS_ULTRA_SAFE_864 skipped - hour 18 != 12
[2026-07-15 18:07:29] DEMO_PORTFOLIO_SKIP | LTS_AVENGERS_ULTRA_SAFE_868 skipped - hour 18 != 9
[2026-07-15 18:07:29] DEMO_PORTFOLIO_SKIP | LTS_AVENGERS_ULTRA_SAFE_872 skipped - hour 18 != 12
[2026-07-15 18:07:29] DEMO_PORTFOLIO_SKIP | LTS_AVENGERS_ULTRA_SAFE_876 skipped - hour 18 != 9
[2026-07-15 18:07:29] DEMO_PORTFOLIO_SKIP | LTS_AVENGERS_ULTRA_SAFE_880 skipped - hour 18 != 12
[2026-07-15 18:07:29] DEMO_PORTFOLIO_SKIP | LTS_AVENGERS_ULTRA_SAFE_884 skipped - hour 18 != 9
[2026-07-15 18:07:29] DEMO_PORTFOLIO_SKIP | LTS_AVENGERS_ULTRA_SAFE_888 skipped - hour 18 != 12
[2026-07-15 18:07:29] DEMO_PORTFOLIO_SKIP | LTS_AVENGERS_ULTRA_SAFE_892 skipped - hour 18 != 9
[2026-07-15 18:07:29] DEMO_PORTFOLIO_SKIP | LTS_AVENGERS_ULTRA_SAFE_896 skipped - hour 18 != 12
[2026-07-15 18:07:29] DEMO_PORTFOLIO_SKIP | LTS_AVENGERS_ULTRA_SAFE_900 skipped - hour 18 != 9
[2026-07-15 18:07:29] DEMO_PORTFOLIO_SKIP | LTS_AVENGERS_ULTRA_SAFE_903 skipped - hour 18 != 12
[2026-07-15 18:07:29] DEMO_PORTFOLIO_SKIP | LTS_AVENGERS_ULTRA_SAFE_907 skipped - hour 18 != 12
[2026-07-15 18:07:30] DEMO_PORTFOLIO_SCAN | XAUUSDm done active=LTS_AVENGERS_ULTRA_SAFE
[2026-07-15 18:07:32] SCAN_TF_SLOW | scan_one_tf[H4] ใช้เวลา 2.04s > 2s | tf=H4 | duration=2.04
[2026-07-15 18:08:23] SYMBOL_CHECK | XAUUSDm trade_mode=4 xau_open=True | trade_mode=4 | tick_time=1784113703 | bid=4029.593 | ask=4029.833 | tick_ok=True | xau_open=True | current_symbol=XAUUSDm | startup=False
[2026-07-15 18:09:23] SYMBOL_CHECK | XAUUSDm trade_mode=4 xau_open=True | trade_mode=4 | tick_time=1784113763 | bid=4030.028 | ask=4030.268 | tick_ok=True | xau_open=True | current_symbol=XAUUSDm | startup=False
[2026-07-15 18:10:23] SYMBOL_CHECK | XAUUSDm trade_mode=4 xau_open=True | trade_mode=4 | tick_time=1784113823 | bid=4031.676 | ask=4031.916 | tick_ok=True | xau_open=True | current_symbol=XAUUSDm | startup=False
[2026-07-15 18:11:00] SWEEP_RESET | SWEEP_LOW | tf=M1 | reason=trend_changed:BEAR→SIDEWAY
[2026-07-15 18:11:23] SYMBOL_CHECK | XAUUSDm trade_mode=4 xau_open=True | trade_mode=4 | tick_time=1784113883 | bid=4031.81 | ask=4032.05 | tick_ok=True | xau_open=True | current_symbol=XAUUSDm | startup=False
[2026-07-15 18:12:23] SYMBOL_CHECK | XAUUSDm trade_mode=4 xau_open=True | trade_mode=4 | tick_time=1784113943 | bid=4032.656 | ask=4032.896 | tick_ok=True | xau_open=True | current_symbol=XAUUSDm | startup=False
[2026-07-15 18:12:23] DEMO_PORTFOLIO_SCAN | XAUUSDm open active=LTS_AVENGERS_ULTRA_SAFE
[2026-07-15 18:12:24] DEMO_PORTFOLIO_SCAN | XAUUSDm done active=LTS_AVENGERS_ULTRA_SAFE
[2026-07-15 18:13:23] SYMBOL_CHECK | XAUUSDm trade_mode=4 xau_open=True | trade_mode=4 | tick_time=1784114003 | bid=4031.395 | ask=4031.635 | tick_ok=True | xau_open=True | current_symbol=XAUUSDm | startup=False
[2026-07-15 18:14:00] SWEEP_ACTIVATE | SWEEP_HIGH | tf=M1 | ref_price=4032.03 | sweep_bar=18:12 15-Jul-2026 | confirm_bar=18:13 15-Jul-2026
[2026-07-15 18:14:23] SYMBOL_CHECK | XAUUSDm trade_mode=4 xau_open=True | trade_mode=4 | tick_time=1784114063 | bid=4031.206 | ask=4031.446 | tick_ok=True | xau_open=True | current_symbol=XAUUSDm | startup=False
[2026-07-15 18:21:23] APP_START | Bot starting | symbol=XAUUSD | scan_interval=1
[2026-07-15 18:22:40] SYMBOL_RESOLVED | XAUUSD -> XAUUSDm | requested=XAUUSD | resolved=XAUUSDm
[2026-07-15 18:22:43] SYMBOL_CHECK | XAUUSDm trade_mode=4 xau_open=True | trade_mode=4 | tick_time=1784114562 | bid=4029.039 | ask=4029.279 | tick_ok=True | xau_open=True | current_symbol=XAUUSDm | startup=True
[2026-07-15 18:23:13] SWEEP_ACTIVATE | SWEEP_LOW | tf=M1 | ref_price=4027.13 | sweep_bar=17:57 15-Jul-2026 | confirm_bar=17:58 15-Jul-2026
[2026-07-15 18:23:13] SWEEP_ACTIVATE | SWEEP_HIGH | tf=M1 | ref_price=4032.03 | sweep_bar=18:12 15-Jul-2026 | confirm_bar=18:13 15-Jul-2026
[2026-07-15 18:23:13] SCAN_TF_SLOW | scan_one_tf[M1] ใช้เวลา 3.81s > 2s | tf=M1 | duration=3.81
[2026-07-15 18:23:14] SWEEP_ACTIVATE | SWEEP_LOW | tf=M5 | ref_price=4019.59 | sweep_bar=15:10 15-Jul-2026 | confirm_bar=15:10 15-Jul-2026
[2026-07-15 18:23:14] SWEEP_ACTIVATE | SWEEP_HIGH | tf=M5 | ref_price=4034.25 | sweep_bar=17:10 15-Jul-2026 | confirm_bar=17:15 15-Jul-2026
[2026-07-15 18:23:15] SWEEP_ACTIVATE | SWEEP_HIGH | tf=M30 | ref_price=4006.29 | sweep_bar=07:30 14-Jul-2026 | confirm_bar=08:00 14-Jul-2026
[2026-07-15 18:23:16] SWEEP_ACTIVATE | SWEEP_LOW | tf=H1 | ref_price=4072.79 | sweep_bar=05:00 13-Jul-2026 | confirm_bar=06:00 13-Jul-2026
[2026-07-15 18:23:19] SWEEP_ACTIVATE | SWEEP_LOW | tf=H12 | ref_price=4021.71 | sweep_bar=19:00 13-Jul-2026 | confirm_bar=19:00 14-Jul-2026
[2026-07-15 18:23:19] SWEEP_ACTIVATE | SWEEP_LOW | tf=D1 | ref_price=4995.96 | sweep_bar=07:00 15-Mar-2026 | confirm_bar=07:00 16-Mar-2026
[2026-07-15 18:23:19] SCAN_SLOW | scan cycle ใช้เวลา 19.22s > 3s | breakdown=sl_tp_hits=0.13s cancel_pending=0.10s engulf_trail_sl=0.00s opposite_order_tp=0.01s entry_candle_quality=0.03s s3_maru_pending=0.00s fvg_pending=0.05s pb_pending=0.08s s12_management=6.04s scan_all_tf=12.77s export_trend_state=0.01s
[2026-07-15 18:23:36] NEWS_FILTER_TRANSIENT | fetch: ConnectTimeout:
[2026-07-15 18:23:48] SCAN_TF_SLOW | scan_one_tf[M1] ใช้เวลา 2.42s > 2s | tf=M1 | duration=2.42
[2026-07-15 18:23:49] SWEEP_RESET | SWEEP_HIGH | tf=M30 | reason=expired
[2026-07-15 18:23:50] SWEEP_RESET | SWEEP_LOW | tf=H1 | reason=expired
[2026-07-15 18:23:51] SWEEP_RESET | SWEEP_LOW | tf=D1 | reason=expired
[2026-07-15 18:23:53] SCAN_SLOW | scan cycle ใช้เวลา 7.59s > 3s | breakdown=sl_tp_hits=0.13s cancel_pending=0.08s engulf_trail_sl=0.00s opposite_order_tp=0.00s entry_candle_quality=0.00s s3_maru_pending=0.01s fvg_pending=0.00s pb_pending=0.00s s12_management=0.00s scan_all_tf=7.16s export_trend_state=0.21s
[2026-07-15 18:24:06] SWEEP_RESET | SWEEP_HIGH | tf=M1 | reason=trend_changed:SIDEWAY→BULL
[2026-07-15 18:24:06] SWEEP_ACTIVATE | SWEEP_LOW | tf=M1 | ref_price=4027.13 | sweep_bar=17:57 15-Jul-2026 | confirm_bar=17:58 15-Jul-2026
[2026-07-15 18:24:06] SWEEP_ACTIVATE | SWEEP_HIGH | tf=M1 | ref_price=4032.03 | sweep_bar=18:12 15-Jul-2026 | confirm_bar=18:13 15-Jul-2026
[2026-07-15 18:24:09] SCAN_SLOW | scan cycle ใช้เวลา 6.52s > 3s | breakdown=sl_tp_hits=0.03s cancel_pending=0.01s engulf_trail_sl=0.00s opposite_order_tp=0.00s entry_candle_quality=0.00s s3_maru_pending=0.00s fvg_pending=0.00s pb_pending=0.00s s12_management=0.00s scan_all_tf=6.45s export_trend_state=0.02s
[2026-07-15 18:24:12] TG_SENT | [retry-plain] ✅ *MT5 เชื่อมต่อสำเร็จ!* | ━━━━━━━━━━━━━━━━━ | 🤖 Bot เริ่มทำงาน | 💰 Account: `416010472` | 📊 Balance: `5056.85` | 📈 SYMBOL: `XAUUSDm` | ⏰ Scan ทุก 5 วินาที | 🕒 Time Mode: `MT5->BKK +6` | 🕒 MT5 Server: `UTC+1` | 🕒 Display: `BKK` | 📋 Strategy:  | 🕐 TF: M1, M5, M15, M30, H1, H4, H12, D1 |  | ♻️ *Restore state สำเร็จ* | 🗂 Saved at: `2026-07-15 14:33:58` | 📦 pending map: `0` | 📍 position tf: `0` | 📝 entry state: `0` | 📐 trail state: `0`
[2026-07-15 18:24:13] TG_SENT | 🚀 *Auto Scan เริ่มต้น!* | ━━━━━━━━━━━━━━━━━ | 📋 Strategy: *ไม่มี* | ⏰ Interval: *1 นาที* | 🕐 Timeframes: *M1,M5,M15,M30,H1,H4,H12,D1*
[2026-07-15 18:24:18] SCAN_TF_SLOW | scan_one_tf[D1] ใช้เวลา 2.57s > 2s | tf=D1 | duration=2.57
[2026-07-15 18:27:47] APP_START | Bot starting | symbol=XAUUSD | scan_interval=1
[2026-07-15 18:32:50] APP_START | Bot starting | symbol=XAUUSD | scan_interval=1
[2026-07-15 18:34:36] SYMBOL_RESOLVED | XAUUSD -> XAUUSDm | requested=XAUUSD | resolved=XAUUSDm
[2026-07-15 18:34:37] SYMBOL_CHECK | XAUUSDm trade_mode=4 xau_open=True | trade_mode=4 | tick_time=1784115276 | bid=4032.562 | ask=4032.802 | tick_ok=True | xau_open=True | current_symbol=XAUUSD | startup=True
[2026-07-15 18:34:46] SWEEP_ACTIVATE | SWEEP_LOW | tf=M1 | ref_price=4027.13 | sweep_bar=17:57 15-Jul-2026 | confirm_bar=17:58 15-Jul-2026
[2026-07-15 18:34:46] SWEEP_ACTIVATE | SWEEP_HIGH | tf=M1 | ref_price=4032.03 | sweep_bar=18:12 15-Jul-2026 | confirm_bar=18:13 15-Jul-2026
[2026-07-15 18:34:48] SWEEP_ACTIVATE | SWEEP_LOW | tf=M5 | ref_price=4019.59 | sweep_bar=15:10 15-Jul-2026 | confirm_bar=15:10 15-Jul-2026
[2026-07-15 18:34:48] SWEEP_ACTIVATE | SWEEP_HIGH | tf=M5 | ref_price=4034.25 | sweep_bar=17:10 15-Jul-2026 | confirm_bar=17:15 15-Jul-2026
[2026-07-15 18:34:49] SWEEP_ACTIVATE | SWEEP_HIGH | tf=M30 | ref_price=4006.29 | sweep_bar=07:30 14-Jul-2026 | confirm_bar=08:00 14-Jul-2026
[2026-07-15 18:34:49] SWEEP_ACTIVATE | SWEEP_LOW | tf=H1 | ref_price=4072.79 | sweep_bar=05:00 13-Jul-2026 | confirm_bar=06:00 13-Jul-2026
[2026-07-15 18:34:55] SWEEP_ACTIVATE | SWEEP_LOW | tf=H12 | ref_price=4021.71 | sweep_bar=19:00 13-Jul-2026 | confirm_bar=19:00 14-Jul-2026
[2026-07-15 18:34:55] SCAN_TF_SLOW | scan_one_tf[H12] ใช้เวลา 4.77s > 2s | tf=H12 | duration=4.77
[2026-07-15 18:34:57] SWEEP_ACTIVATE | SWEEP_LOW | tf=D1 | ref_price=4995.96 | sweep_bar=07:00 15-Mar-2026 | confirm_bar=07:00 16-Mar-2026
[2026-07-15 18:34:59] SCAN_SLOW | scan cycle ใช้เวลา 20.15s > 3s | breakdown=sl_tp_hits=0.00s cancel_pending=0.02s engulf_trail_sl=0.00s opposite_order_tp=0.00s entry_candle_quality=0.00s s3_maru_pending=0.00s fvg_pending=0.01s pb_pending=0.01s s12_management=1.03s scan_all_tf=19.04s export_trend_state=0.03s
[2026-07-15 18:35:11] SWEEP_RESET | SWEEP_HIGH | tf=M30 | reason=expired
[2026-07-15 18:35:11] SWEEP_RESET | SWEEP_LOW | tf=H1 | reason=expired
[2026-07-15 18:35:11] SWEEP_RESET | SWEEP_LOW | tf=D1 | reason=expired
[2026-07-15 18:35:17] TG_SENT | 🟡 *XAUUSD เปิดแล้ว* → สลับกลับ XAUUSDm
[2026-07-15 18:35:20] TG_SENT | ⚡ *สั่งสแกนทันทีหลังสลับ symbol*  | 📈 SYMBOL: `XAUUSDm`
[2026-07-15 18:37:09] POSITION_CHECK_SLOW | run_position_check ใช้เวลา 108.16s > 3s | breakdown=limit_fill_notify=0.00s lts_exit_manager=107.06s fill_rsi_recheck=0.00s pending_trend_approach=0.00s fill_trend_recheck=0.00s fill_pdfiboplus=0.00s s14_engulf_exits=0.00s s20_escape=0.00s entry_candle_quality=0.00s sl_tp_hits=1.07s s1_zone_rules=0.01s s1_rejection_entry=0.00s s2_s3_chain_groups=0.00s cancel_pending_orders=0.00s opposite_order_tp=0.00s limit_sweep=0.00s scale_out_partial=0.00s
[2026-07-15 18:37:13] TG_SENT | 🚀 *Auto Scan เริ่มต้น!* | ━━━━━━━━━━━━━━━━━ | 📋 Strategy: *ไม่มี* | ⏰ Interval: *1 นาที* | 🕐 Timeframes: *M1,M5,M15,M30,H1,H4,H12,D1*
[2026-07-15 18:37:14] TG_SENT | ✅ *MT5 เชื่อมต่อสำเร็จ!* | ━━━━━━━━━━━━━━━━━ | 🤖 Bot เริ่มทำงาน | 💰 Account: `416010472` | 📊 Balance: `5056.85` | 📈 SYMBOL: `XAUUSDm` | ⏰ Scan ทุก 5 วินาที | 🕒 Time Mode: `MT5->BKK +6` | 🕒 MT5 Server: `UTC+1` | 🕒 Display: `BKK` | 📋 Strategy:  | 🕐 TF: M1, M5, M15, M30, H1, H4, H12, D1 |  | ♻️ *Restore state สำเร็จ* | 🗂 Saved at: `2026-07-15 18:30:58` | 📦 pending map: `0` | 📍 position tf: `0` | 📝 entry state: `0` | 📐 trail state: `0`
[2026-07-15 18:37:21] SCAN_TF_SLOW | scan_one_tf[M30] ใช้เวลา 2.26s > 2s | tf=M30 | duration=2.26
[2026-07-15 18:37:21] SCAN_SLOW | scan cycle ใช้เวลา 4.30s > 3s | breakdown=sl_tp_hits=0.00s cancel_pending=0.01s engulf_trail_sl=0.00s opposite_order_tp=0.00s entry_candle_quality=0.00s s3_maru_pending=0.00s fvg_pending=0.00s pb_pending=0.00s s12_management=0.00s scan_all_tf=4.29s export_trend_state=0.00s
[2026-07-15 18:37:51] SCAN_SLOW | scan cycle ใช้เวลา 3.65s > 3s | breakdown=sl_tp_hits=0.00s cancel_pending=0.00s engulf_trail_sl=0.00s opposite_order_tp=0.00s entry_candle_quality=0.00s s3_maru_pending=0.00s fvg_pending=0.00s pb_pending=0.00s s12_management=0.00s scan_all_tf=3.64s export_trend_state=0.01s
[2026-07-15 18:37:58] SYMBOL_CHECK | XAUUSDm trade_mode=4 xau_open=True | trade_mode=4 | tick_time=1784115475 | bid=4032.507 | ask=4032.747 | tick_ok=True | xau_open=True | current_symbol=XAUUSDm | startup=False
[2026-07-15 18:38:24] SCAN_TF_SLOW | scan_one_tf[D1] ใช้เวลา 3.17s > 2s | tf=D1 | duration=3.17
[2026-07-15 18:38:24] SCAN_SLOW | scan cycle ใช้เวลา 4.15s > 3s | breakdown=sl_tp_hits=0.00s cancel_pending=0.00s engulf_trail_sl=0.00s opposite_order_tp=0.00s entry_candle_quality=0.00s s3_maru_pending=0.00s fvg_pending=0.00s pb_pending=0.00s s12_management=0.00s scan_all_tf=4.12s export_trend_state=0.02s
[2026-07-15 18:38:50] APP_START | Bot starting | symbol=XAUUSD | scan_interval=1
[2026-07-15 18:39:07] SYMBOL_RESOLVED | XAUUSD -> XAUUSDm | requested=XAUUSD | resolved=XAUUSDm
[2026-07-15 18:39:08] SYMBOL_CHECK | XAUUSDm trade_mode=4 xau_open=True | trade_mode=4 | tick_time=1784115547 | bid=4032.963 | ask=4033.203 | tick_ok=True | xau_open=True | current_symbol=XAUUSDm | startup=True
[2026-07-15 18:39:15] SWEEP_ACTIVATE | SWEEP_LOW | tf=M1 | ref_price=4027.13 | sweep_bar=17:57 15-Jul-2026 | confirm_bar=17:58 15-Jul-2026
[2026-07-15 18:39:16] SWEEP_ACTIVATE | SWEEP_HIGH | tf=M1 | ref_price=4032.03 | sweep_bar=18:12 15-Jul-2026 | confirm_bar=18:13 15-Jul-2026
[2026-07-15 18:39:16] SWEEP_ACTIVATE | SWEEP_LOW | tf=M5 | ref_price=4019.59 | sweep_bar=15:10 15-Jul-2026 | confirm_bar=15:10 15-Jul-2026
[2026-07-15 18:39:16] SWEEP_ACTIVATE | SWEEP_HIGH | tf=M5 | ref_price=4034.25 | sweep_bar=17:10 15-Jul-2026 | confirm_bar=17:15 15-Jul-2026
[2026-07-15 18:39:16] SWEEP_ACTIVATE | SWEEP_HIGH | tf=M30 | ref_price=4006.29 | sweep_bar=07:30 14-Jul-2026 | confirm_bar=08:00 14-Jul-2026
[2026-07-15 18:39:20] SWEEP_ACTIVATE | SWEEP_LOW | tf=H1 | ref_price=4072.79 | sweep_bar=05:00 13-Jul-2026 | confirm_bar=06:00 13-Jul-2026
[2026-07-15 18:39:20] SCAN_TF_SLOW | scan_one_tf[H1] ใช้เวลา 3.84s > 2s | tf=H1 | duration=3.84
[2026-07-15 18:39:20] SWEEP_ACTIVATE | SWEEP_LOW | tf=H12 | ref_price=4021.71 | sweep_bar=19:00 13-Jul-2026 | confirm_bar=19:00 14-Jul-2026
[2026-07-15 18:39:24] SWEEP_ACTIVATE | SWEEP_LOW | tf=D1 | ref_price=4995.96 | sweep_bar=07:00 15-Mar-2026 | confirm_bar=07:00 16-Mar-2026
[2026-07-15 18:39:24] SCAN_TF_SLOW | scan_one_tf[D1] ใช้เวลา 3.99s > 2s | tf=D1 | duration=3.99
[2026-07-15 18:39:28] SCAN_SLOW | scan cycle ใช้เวลา 14.20s > 3s | breakdown=sl_tp_hits=0.00s cancel_pending=0.00s engulf_trail_sl=0.00s opposite_order_tp=0.00s entry_candle_quality=0.00s s3_maru_pending=0.00s fvg_pending=0.00s pb_pending=0.00s s12_management=0.00s scan_all_tf=13.87s export_trend_state=0.33s
[2026-07-15 18:39:30] NEWS_FILTER_TRANSIENT | rate limited 429; keeping cached events=0
[2026-07-15 18:39:32] SWEEP_RESET | SWEEP_HIGH | tf=M30 | reason=expired
[2026-07-15 18:39:32] SWEEP_RESET | SWEEP_LOW | tf=H1 | reason=expired
[2026-07-15 18:39:33] SWEEP_RESET | SWEEP_LOW | tf=D1 | reason=expired
[2026-07-15 18:39:33] TG_SENT | ✅ *MT5 เชื่อมต่อสำเร็จ!* | ━━━━━━━━━━━━━━━━━ | 🤖 Bot เริ่มทำงาน | 💰 Account: `416010472` | 📊 Balance: `5056.85` | 📈 SYMBOL: `XAUUSDm` | ⏰ Scan ทุก 5 วินาที | 🕒 Time Mode: `MT5->BKK +6` | 🕒 MT5 Server: `UTC+1` | 🕒 Display: `BKK` | 📋 Strategy:  | 🕐 TF: M1, M5, M15, M30, H1, H4, H12, D1 |  | ♻️ *Restore state สำเร็จ* | 🗂 Saved at: `2026-07-15 18:38:26` | 📦 pending map: `0` | 📍 position tf: `0` | 📝 entry state: `0` | 📐 trail state: `0`
[2026-07-15 18:41:25] POSITION_CHECK_SLOW | run_position_check ใช้เวลา 112.12s > 3s | breakdown=limit_fill_notify=0.00s lts_exit_manager=111.70s fill_rsi_recheck=0.10s pending_trend_approach=0.22s fill_trend_recheck=0.01s fill_pdfiboplus=0.00s s14_engulf_exits=0.00s s20_escape=0.00s entry_candle_quality=0.00s sl_tp_hits=0.07s s1_zone_rules=0.01s s1_rejection_entry=0.00s s2_s3_chain_groups=0.00s cancel_pending_orders=0.00s opposite_order_tp=0.00s limit_sweep=0.00s scale_out_partial=0.00s
[2026-07-15 18:41:51] SCAN_SLOW | scan cycle ใช้เวลา 8.55s > 3s | breakdown=sl_tp_hits=0.00s cancel_pending=0.00s engulf_trail_sl=0.00s opposite_order_tp=0.00s entry_candle_quality=0.00s s3_maru_pending=0.01s fvg_pending=0.00s pb_pending=0.00s s12_management=0.00s scan_all_tf=8.52s export_trend_state=0.02s
[2026-07-15 18:41:53] TG_NETWORK_ERROR | httpx.ReadError:
[2026-07-15 18:41:55] SYMBOL_CHECK | XAUUSDm trade_mode=4 xau_open=True | trade_mode=4 | tick_time=1784115713 | bid=4038.075 | ask=4038.315 | tick_ok=True | xau_open=True | current_symbol=XAUUSDm | startup=False
[2026-07-15 18:41:58] TG_SENT | 🚀 *Auto Scan เริ่มต้น!* | ━━━━━━━━━━━━━━━━━ | 📋 Strategy: *ไม่มี* | ⏰ Interval: *1 นาที* | 🕐 Timeframes: *M1,M5,M15,M30,H1,H4,H12,D1*
[2026-07-15 18:42:05] SCAN_TF_SLOW | scan_one_tf[H4] ใช้เวลา 3.03s > 2s | tf=H4 | duration=3.03
[2026-07-15 18:42:07] SCAN_SLOW | scan cycle ใช้เวลา 5.65s > 3s | breakdown=sl_tp_hits=0.00s cancel_pending=0.00s engulf_trail_sl=0.00s opposite_order_tp=0.00s entry_candle_quality=0.00s s3_maru_pending=0.00s fvg_pending=0.00s pb_pending=0.00s s12_management=0.00s scan_all_tf=5.64s export_trend_state=0.00s
[2026-07-15 18:44:29] APP_START | Bot starting | symbol=XAUUSD | scan_interval=1
[2026-07-15 18:45:49] SYMBOL_RESOLVED | XAUUSD -> XAUUSDm | requested=XAUUSD | resolved=XAUUSDm
[2026-07-15 18:46:11] SYMBOL_CHECK | XAUUSDm trade_mode=4 xau_open=True | trade_mode=4 | tick_time=1784115971 | bid=4038.482 | ask=4038.722 | tick_ok=True | xau_open=True | current_symbol=XAUUSDm | startup=True
[2026-07-15 18:47:04] SWEEP_ACTIVATE | SWEEP_LOW | tf=M1 | ref_price=4027.13 | sweep_bar=17:57 15-Jul-2026 | confirm_bar=17:58 15-Jul-2026
[2026-07-15 18:47:04] SWEEP_ACTIVATE | SWEEP_HIGH | tf=M1 | ref_price=4032.03 | sweep_bar=18:12 15-Jul-2026 | confirm_bar=18:13 15-Jul-2026
[2026-07-15 18:47:04] SWEEP_ACTIVATE | SWEEP_LOW | tf=M5 | ref_price=4019.59 | sweep_bar=15:10 15-Jul-2026 | confirm_bar=15:10 15-Jul-2026
[2026-07-15 18:47:06] SWEEP_ACTIVATE | SWEEP_HIGH | tf=M5 | ref_price=4034.25 | sweep_bar=17:10 15-Jul-2026 | confirm_bar=17:15 15-Jul-2026
[2026-07-15 18:47:06] SCAN_TF_SLOW | scan_one_tf[M5] ใช้เวลา 2.61s > 2s | tf=M5 | duration=2.61
[2026-07-15 18:47:07] SWEEP_ACTIVATE | SWEEP_HIGH | tf=M30 | ref_price=4006.29 | sweep_bar=07:30 14-Jul-2026 | confirm_bar=08:00 14-Jul-2026
[2026-07-15 18:47:10] SWEEP_ACTIVATE | SWEEP_LOW | tf=H1 | ref_price=4072.79 | sweep_bar=05:00 13-Jul-2026 | confirm_bar=06:00 13-Jul-2026
[2026-07-15 18:47:10] SCAN_TF_SLOW | scan_one_tf[H1] ใช้เวลา 3.13s > 2s | tf=H1 | duration=3.13
[2026-07-15 18:47:11] SWEEP_ACTIVATE | SWEEP_LOW | tf=H12 | ref_price=4021.71 | sweep_bar=19:00 13-Jul-2026 | confirm_bar=19:00 14-Jul-2026
[2026-07-15 18:47:11] SWEEP_ACTIVATE | SWEEP_LOW | tf=D1 | ref_price=4995.96 | sweep_bar=07:00 15-Mar-2026 | confirm_bar=07:00 16-Mar-2026
[2026-07-15 18:47:11] SCAN_SLOW | scan cycle ใช้เวลา 10.83s > 3s | breakdown=sl_tp_hits=0.00s cancel_pending=0.00s engulf_trail_sl=0.00s opposite_order_tp=0.00s entry_candle_quality=0.00s s3_maru_pending=0.00s fvg_pending=0.00s pb_pending=0.00s s12_management=0.02s scan_all_tf=10.79s export_trend_state=0.01s
[2026-07-15 18:47:38] POSITION_CHECK_SLOW | run_position_check ใช้เวลา 26.89s > 3s | breakdown=limit_fill_notify=0.00s lts_exit_manager=26.88s fill_rsi_recheck=0.00s pending_trend_approach=0.00s fill_trend_recheck=0.00s fill_pdfiboplus=0.00s s14_engulf_exits=0.00s s20_escape=0.00s entry_candle_quality=0.00s sl_tp_hits=0.00s s1_zone_rules=0.00s s1_rejection_entry=0.00s s2_s3_chain_groups=0.00s cancel_pending_orders=0.00s opposite_order_tp=0.00s limit_sweep=0.00s scale_out_partial=0.00s
[2026-07-15 18:47:38] SWEEP_RESET | SWEEP_HIGH | tf=M30 | reason=expired
[2026-07-15 18:47:38] SWEEP_RESET | SWEEP_LOW | tf=H1 | reason=expired
[2026-07-15 18:47:39] SWEEP_RESET | SWEEP_LOW | tf=D1 | reason=expired
[2026-07-15 18:47:39] NEWS_FILTER_TRANSIENT | rate limited 429; keeping cached events=0
[2026-07-15 18:47:43] TG_SENT | [retry-plain] ✅ *MT5 เชื่อมต่อสำเร็จ!* | ━━━━━━━━━━━━━━━━━ | 🤖 Bot เริ่มทำงาน | 💰 Account: `416010472` | 📊 Balance: `5056.85` | 📈 SYMBOL: `XAUUSDm` | ⏰ Scan ทุก 5 วินาที | 🕒 Time Mode: `MT5->BKK +6` | 🕒 MT5 Server: `UTC+1` | 🕒 Display: `BKK` | 📋 Strategy:  | 🕐 TF: M1, M5, M15, M30, H1, H4, H12, D1 |  | ♻️ *Restore state สำเร็จ* | 🗂 Saved at: `2026-07-15 18:42:09` | 📦 pending map: `0` | 📍 position tf: `0` | 📝 entry state: `0` | 📐 trail state: `0`
[2026-07-15 18:47:44] TG_SENT | 🚀 *Auto Scan เริ่มต้น!* | ━━━━━━━━━━━━━━━━━ | 📋 Strategy: *ไม่มี* | ⏰ Interval: *1 นาที* | 🕐 Timeframes: *M1,M5,M15,M30,H1,H4,H12,D1*
[2026-07-15 18:48:01] SWEEP_RESET | SWEEP_HIGH | tf=M1 | reason=trend_changed:SIDEWAY→BULL
[2026-07-15 18:48:01] SWEEP_ACTIVATE | SWEEP_LOW | tf=M1 | ref_price=4027.13 | sweep_bar=17:57 15-Jul-2026 | confirm_bar=17:58 15-Jul-2026
[2026-07-15 18:48:01] SWEEP_ACTIVATE | SWEEP_HIGH | tf=M1 | ref_price=4032.84 | sweep_bar=18:34 15-Jul-2026 | confirm_bar=18:34 15-Jul-2026
[2026-07-15 18:48:19] SCAN_SLOW | scan cycle ใช้เวลา 3.63s > 3s | breakdown=sl_tp_hits=0.06s cancel_pending=0.03s engulf_trail_sl=0.00s opposite_order_tp=0.00s entry_candle_quality=0.00s s3_maru_pending=0.00s fvg_pending=0.00s pb_pending=0.00s s12_management=0.00s scan_all_tf=3.55s export_trend_state=0.00s
