[2026-07-14 23:33:23] WARN: lock file ค้างจาก pid=4468 (ตายไปแล้ว) — เคลียร์แล้วรันต่อ
[2026-07-14 23:33:28] Supervisor started (profile='demo-exness-416010472', stale=180 s, check=30 s, grace=90 s, python='C:\Users\Administrator\AppData\Local\Programs\Python\Python313\python.exe')
[2026-07-14 23:33:28] Launching: C:\Users\Administrator\AppData\Local\Programs\Python\Python313\python.exe main.py
[2026-07-14 23:33:29] main.py running (pid=3216)
[2026-07-14 23:39:00] STALL: heartbeat age=185s > 180s (loop hang) -> kill pid=3216 + restart
[2026-07-14 23:39:13] Restarting in 5 s ...
[2026-07-14 23:39:20] Launching: C:\Users\Administrator\AppData\Local\Programs\Python\Python313\python.exe main.py
[2026-07-14 23:39:29] main.py running (pid=3620)
[2026-07-14 23:41:09] WARN: heartbeat missing/unreadable (up=100s) — wait next cycle
[2026-07-14 23:45:25] STALL: heartbeat age=210s > 180s (loop hang) -> kill pid=3620 + restart
[2026-07-14 23:45:34] Restarting in 5 s ...
[2026-07-14 23:45:48] Launching: C:\Users\Administrator\AppData\Local\Programs\Python\Python313\python.exe main.py
[2026-07-14 23:46:52] main.py running (pid=5884)
[2026-07-14 23:51:14] STALL: heartbeat age=209s > 180s (loop hang) -> kill pid=5884 + restart
[2026-07-14 23:51:33] Restarting in 5 s ...
[2026-07-14 23:51:40] Launching: C:\Users\Administrator\AppData\Local\Programs\Python\Python313\python.exe main.py
[2026-07-14 23:51:40] main.py running (pid=5344)
[2026-07-14 23:56:24] STALL: heartbeat age=205s > 180s (loop hang) -> kill pid=5344 + restart
[2026-07-14 23:56:30] Restarting in 5 s ...
[2026-07-14 23:56:36] Launching: C:\Users\Administrator\AppData\Local\Programs\Python\Python313\python.exe main.py
[2026-07-14 23:56:38] main.py running (pid=3784)
[2026-07-15 00:03:44] STALL: heartbeat age=202s > 180s (loop hang) -> kill pid=3784 + restart
[2026-07-15 00:03:55] Restarting in 5 s ...
[2026-07-15 00:04:00] Launching: C:\Users\Administrator\AppData\Local\Programs\Python\Python313\python.exe main.py
[2026-07-15 00:04:01] main.py running (pid=624)
[2026-07-15 03:57:32] STALL: heartbeat age=202s > 180s (loop hang) -> kill pid=624 + restart
[2026-07-15 03:58:04] Restarting in 5 s ...
[2026-07-15 03:58:26] Launching: C:\Users\Administrator\AppData\Local\Programs\Python\Python313\python.exe main.py
[2026-07-15 03:58:36] main.py running (pid=2012)
[2026-07-15 08:06:10] STALL: heartbeat age=191s > 180s (loop hang) -> kill pid=2012 + restart
[2026-07-15 08:07:01] Restarting in 5 s ...
[2026-07-15 08:07:10] Launching: C:\Users\Administrator\AppData\Local\Programs\Python\Python313\python.exe main.py
[2026-07-15 08:07:15] main.py running (pid=3168)
[2026-07-15 08:10:52] STALL: heartbeat age=182s > 180s (loop hang) -> kill pid=3168 + restart
[2026-07-15 08:11:28] Restarting in 5 s ...
[2026-07-15 08:11:33] Launching: C:\Users\Administrator\AppData\Local\Programs\Python\Python313\python.exe main.py
[2026-07-15 08:11:34] main.py running (pid=5540)
[2026-07-15 11:22:46] STALL: heartbeat age=186s > 180s (loop hang) -> kill pid=5540 + restart
[2026-07-15 11:23:21] Restarting in 5 s ...
[2026-07-15 11:23:31] Launching: C:\Users\Administrator\AppData\Local\Programs\Python\Python313\python.exe main.py
[2026-07-15 11:23:47] main.py running (pid=7060)
