[2026-06-17 18:46:12] TREND_FILTER_BLOCK | sweep_high_block_buy S2 [M1] | tf=M1 | sid=2 | signal=BUY
[2026-06-17 18:46:12] SCAN_SKIP | 🧭 [38;5;226mM15[0m ท่า1: sweep_low_block_sell [M15] | tf=M15
[2026-06-17 18:46:12] TREND_FILTER_BLOCK | sweep_low_block_sell [M15] | tf=M15 | sid=1 | signal=SELL
[2026-06-17 18:46:12] SCAN_SKIP | 🧭 [38;5;226mM15[0m ท่า3: sweep_low_block_sell [M15] | tf=M15
[2026-06-17 18:46:12] TREND_FILTER_BLOCK | sweep_low_block_sell [M15] | tf=M15 | sid=3 | signal=SELL
[2026-06-17 18:46:12] SCAN_SKIP | 🧭 [38;5;226mM15[0m ท่า11: sweep_low_block_sell [M15] | tf=M15
[2026-06-17 18:46:12] TREND_FILTER_BLOCK | sweep_low_block_sell [M15] | tf=M15 | sid=11 | signal=SELL
[2026-06-17 18:46:12] SWEEP_RESET | SWEEP_LOW | tf=H4 | reason=expired
[2026-06-17 18:46:12] SWEEP_ACTIVATE | SWEEP_LOW | tf=H4 | ref_price=4488.61 | sweep_bar=23:00 26-May-2026 | confirm_bar=03:00 27-May-2026
[2026-06-17 18:46:12] SWEEP_RESET | SWEEP_LOW | tf=D1 | reason=expired
[2026-06-17 18:46:12] SWEEP_ACTIVATE | SWEEP_LOW | tf=D1 | ref_price=4996.16 | sweep_bar=07:00 15-Mar-2026 | confirm_bar=07:00 16-Mar-2026
[2026-06-17 18:46:17] TREND_FILTER_BLOCK | sweep_high_block_buy S2 [M1] | tf=M1 | sid=2 | signal=BUY
[2026-06-17 18:46:17] SCAN_SKIP | 🧭 [38;5;226mM15[0m ท่า1: sweep_low_block_sell [M15] | tf=M15
[2026-06-17 18:46:17] TREND_FILTER_BLOCK | sweep_low_block_sell [M15] | tf=M15 | sid=1 | signal=SELL
[2026-06-17 18:46:17] SCAN_SKIP | 🧭 [38;5;226mM15[0m ท่า3: sweep_low_block_sell [M15] | tf=M15
[2026-06-17 18:46:17] TREND_FILTER_BLOCK | sweep_low_block_sell [M15] | tf=M15 | sid=3 | signal=SELL
[2026-06-17 18:46:17] SCAN_SKIP | 🧭 [38;5;226mM15[0m ท่า11: sweep_low_block_sell [M15] | tf=M15
[2026-06-17 18:46:17] TREND_FILTER_BLOCK | sweep_low_block_sell [M15] | tf=M15 | sid=11 | signal=SELL
[2026-06-17 18:46:17] SWEEP_RESET | SWEEP_LOW | tf=H4 | reason=expired
[2026-06-17 18:46:17] SWEEP_ACTIVATE | SWEEP_LOW | tf=H4 | ref_price=4488.61 | sweep_bar=23:00 26-May-2026 | confirm_bar=03:00 27-May-2026
[2026-06-17 18:46:17] SWEEP_RESET | SWEEP_LOW | tf=D1 | reason=expired
[2026-06-17 18:46:17] SWEEP_ACTIVATE | SWEEP_LOW | tf=D1 | ref_price=4996.16 | sweep_bar=07:00 15-Mar-2026 | confirm_bar=07:00 16-Mar-2026
[2026-06-17 18:46:20] TREND_FILTER_BLOCK | sweep_high_block_buy S2 [M1] | tf=M1 | sid=2 | signal=BUY
[2026-06-17 18:46:20] SCAN_SKIP | 🧭 [38;5;226mM15[0m ท่า1: sweep_low_block_sell [M15] | tf=M15
[2026-06-17 18:46:20] TREND_FILTER_BLOCK | sweep_low_block_sell [M15] | tf=M15 | sid=1 | signal=SELL
[2026-06-17 18:46:20] SCAN_SKIP | 🧭 [38;5;226mM15[0m ท่า3: sweep_low_block_sell [M15] | tf=M15
[2026-06-17 18:46:20] TREND_FILTER_BLOCK | sweep_low_block_sell [M15] | tf=M15 | sid=3 | signal=SELL
[2026-06-17 18:46:20] SCAN_SKIP | 🧭 [38;5;226mM15[0m ท่า11: sweep_low_block_sell [M15] | tf=M15
[2026-06-17 18:46:20] TREND_FILTER_BLOCK | sweep_low_block_sell [M15] | tf=M15 | sid=11 | signal=SELL
[2026-06-17 18:46:20] SWEEP_RESET | SWEEP_LOW | tf=H4 | reason=expired
[2026-06-17 18:46:20] SWEEP_ACTIVATE | SWEEP_LOW | tf=H4 | ref_price=4488.61 | sweep_bar=23:00 26-May-2026 | confirm_bar=03:00 27-May-2026
[2026-06-17 18:46:20] SWEEP_RESET | SWEEP_LOW | tf=D1 | reason=expired
[2026-06-17 18:46:20] SWEEP_ACTIVATE | SWEEP_LOW | tf=D1 | ref_price=4996.16 | sweep_bar=07:00 15-Mar-2026 | confirm_bar=07:00 16-Mar-2026
