[2026-06-16 23:41:39] Supervisor started (stale=180 s, check=30 s, grace=90 s, python='python')
[2026-06-16 23:41:39] Launching: python main.py
[2026-06-16 23:41:39] main.py running (pid=1000)
[2026-06-17 20:06:24] Supervisor started (stale=180 s, check=30 s, grace=90 s, python='python')
[2026-06-17 20:06:24] Launching: python main.py
[2026-06-17 20:06:24] main.py running (pid=2452)
[2026-06-17 23:49:29] Supervisor started (stale=180 s, check=30 s, grace=90 s, python='python')
[2026-06-17 23:49:29] Launching: python main.py
[2026-06-17 23:49:29] main.py running (pid=980)
[2026-06-18 22:47:37] Supervisor started (stale=180 s, check=30 s, grace=90 s, python='python')
[2026-06-18 22:47:45] Launching: python main.py
[2026-06-18 22:47:52] main.py running (pid=7820)
[2026-06-18 23:57:43] STALL: heartbeat age=195s > 180s (loop hang) -> kill pid=7820 + restart
[2026-06-18 23:57:51] Restarting in 5 s ...
[2026-06-18 23:58:03] Launching: python main.py
[2026-06-18 23:58:09] main.py running (pid=3408)
[2026-06-19 07:50:26] STALL: heartbeat age=201s > 180s (loop hang) -> kill pid=3408 + restart
[2026-06-19 07:50:34] Restarting in 5 s ...
[2026-06-19 07:50:46] Launching: python main.py
[2026-06-19 07:50:52] main.py running (pid=92)
[2026-06-19 10:50:22] Supervisor started (stale=180 s, check=30 s, grace=90 s, python='python')
[2026-06-19 10:50:28] Launching: python main.py
[2026-06-19 10:50:36] main.py running (pid=6424)
[2026-06-19 13:29:25] STALL: heartbeat age=203s > 180s (loop hang) -> kill pid=6424 + restart
[2026-06-19 13:29:32] Restarting in 5 s ...
[2026-06-19 13:29:45] Launching: python main.py
[2026-06-19 13:29:52] main.py running (pid=8060)
[2026-06-19 18:18:10] Supervisor started (stale=180 s, check=30 s, grace=90 s, python='python')
[2026-06-19 18:18:16] Launching: python main.py
[2026-06-19 18:18:21] main.py running (pid=1368)
[2026-06-19 18:47:37] Supervisor started (stale=180 s, check=30 s, grace=90 s, python='python')
[2026-06-19 18:47:48] Launching: python main.py
[2026-06-19 18:47:53] main.py running (pid=6096)
[2026-06-19 19:54:40] STALL: heartbeat age=187s > 180s (loop hang) -> kill pid=6096 + restart
[2026-06-19 19:54:48] Restarting in 5 s ...
[2026-06-19 19:55:00] Launching: python main.py
[2026-06-19 19:55:07] main.py running (pid=5536)
[2026-06-19 21:59:12] STALL: heartbeat age=202s > 180s (loop hang) -> kill pid=5536 + restart
[2026-06-19 21:59:28] Restarting in 5 s ...
[2026-06-19 21:59:51] Launching: python main.py
[2026-06-19 22:00:07] main.py running (pid=5228)
[2026-06-19 22:01:59] WARN: heartbeat missing/unreadable (up=111s) — wait next cycle
[2026-06-19 22:02:44] WARN: heartbeat missing/unreadable (up=156s) — wait next cycle
[2026-06-19 22:03:18] WARN: heartbeat missing/unreadable (up=191s) — wait next cycle
[2026-06-19 22:03:53] main.py exited (code=) -> restart
[2026-06-19 22:03:57] Restarting in 5 s ...
[2026-06-19 22:04:06] Launching: python main.py
[2026-06-19 22:04:11] main.py running (pid=3400)
[2026-06-19 22:08:18] STALL: heartbeat age=202s > 180s (loop hang) -> kill pid=3400 + restart
[2026-06-19 22:08:22] Restarting in 5 s ...
[2026-06-19 22:08:31] Launching: python main.py
[2026-06-19 22:08:34] main.py running (pid=1572)
[2026-06-19 22:24:45] STALL: heartbeat age=209s > 180s (loop hang) -> kill pid=1572 + restart
[2026-06-19 22:24:53] Restarting in 5 s ...
[2026-06-19 22:25:05] Launching: python main.py
[2026-06-19 22:25:13] main.py running (pid=6900)
[2026-06-19 22:26:53] WARN: heartbeat missing/unreadable (up=100s) — wait next cycle
[2026-06-19 23:06:57] Supervisor started (stale=180 s, check=30 s, grace=90 s, python='python')
[2026-06-19 23:07:02] Launching: python main.py
[2026-06-19 23:07:06] main.py running (pid=7424)
[2026-06-20 00:14:28] STALL: heartbeat age=207s > 180s (loop hang) -> kill pid=7424 + restart
[2026-06-20 00:14:36] Restarting in 5 s ...
[2026-06-20 00:14:48] Launching: python main.py
[2026-06-20 00:14:55] main.py running (pid=692)
[2026-06-20 00:30:53] STALL: heartbeat age=181s > 180s (loop hang) -> kill pid=692 + restart
[2026-06-20 00:30:59] Restarting in 5 s ...
[2026-06-20 00:31:14] Launching: python main.py
[2026-06-20 00:31:19] main.py running (pid=5284)
[2026-06-20 00:32:54] main.py exited (code=) -> restart
[2026-06-20 00:33:14] Restarting in 5 s ...
[2026-06-20 00:33:47] Launching: python main.py
[2026-06-20 00:34:11] main.py running (pid=1788)
[2026-06-20 00:52:49] STALL: heartbeat age=186s > 180s (loop hang) -> kill pid=1788 + restart
[2026-06-20 00:52:54] Restarting in 5 s ...
[2026-06-20 00:53:02] Launching: python main.py
[2026-06-20 00:53:06] main.py running (pid=6644)
[2026-06-20 01:11:19] STALL: heartbeat age=198s > 180s (loop hang) -> kill pid=6644 + restart
[2026-06-20 01:11:24] Restarting in 5 s ...
[2026-06-20 01:11:32] Launching: python main.py
[2026-06-20 01:11:36] main.py running (pid=1772)
[2026-06-20 01:30:14] STALL: heartbeat age=190s > 180s (loop hang) -> kill pid=1772 + restart
[2026-06-20 01:30:23] Restarting in 5 s ...
[2026-06-20 01:30:35] Launching: python main.py
[2026-06-20 01:30:44] main.py running (pid=4780)
[2026-06-20 01:32:32] WARN: heartbeat missing/unreadable (up=108s) — wait next cycle
[2026-06-20 01:33:08] WARN: heartbeat missing/unreadable (up=144s) — wait next cycle
[2026-06-20 01:33:43] WARN: heartbeat missing/unreadable (up=179s) — wait next cycle
[2026-06-20 01:45:44] Supervisor started (stale=180 s, check=30 s, grace=90 s, python='python')
[2026-06-20 02:00:24] Launching: python main.py
[2026-06-20 02:00:32] main.py running (pid=2744)
[2026-06-20 02:19:16] STALL: heartbeat age=210s > 180s (loop hang) -> kill pid=2744 + restart
[2026-06-20 02:19:24] Restarting in 5 s ...
[2026-06-20 02:19:36] Launching: python main.py
[2026-06-20 02:19:43] main.py running (pid=1928)
[2026-06-20 02:23:20] STALL: heartbeat age=181s > 180s (loop hang) -> kill pid=1928 + restart
[2026-06-20 02:23:28] Restarting in 5 s ...
[2026-06-20 02:23:40] Launching: python main.py
[2026-06-20 02:23:47] main.py running (pid=4920)
[2026-06-20 02:27:55] STALL: heartbeat age=204s > 180s (loop hang) -> kill pid=4920 + restart
[2026-06-20 02:28:03] Restarting in 5 s ...
[2026-06-20 02:28:15] Launching: python main.py
[2026-06-20 02:28:22] main.py running (pid=7104)
[2026-06-20 02:32:01] STALL: heartbeat age=194s > 180s (loop hang) -> kill pid=7104 + restart
[2026-06-20 02:32:09] Restarting in 5 s ...
[2026-06-20 02:32:21] Launching: python main.py
[2026-06-20 02:32:27] main.py running (pid=7860)
[2026-06-20 02:38:06] STALL: heartbeat age=192s > 180s (loop hang) -> kill pid=7860 + restart
[2026-06-20 02:38:13] Restarting in 5 s ...
[2026-06-20 02:38:25] Launching: python main.py
[2026-06-20 02:38:32] main.py running (pid=6736)
[2026-06-20 03:02:44] STALL: heartbeat age=190s > 180s (loop hang) -> kill pid=6736 + restart
[2026-06-20 03:02:51] Restarting in 5 s ...
[2026-06-20 03:03:03] Launching: python main.py
[2026-06-20 03:03:10] main.py running (pid=5492)
[2026-06-20 06:07:32] STALL: heartbeat age=200s > 180s (loop hang) -> kill pid=5492 + restart
[2026-06-20 06:07:41] Restarting in 5 s ...
[2026-06-20 06:07:52] Launching: python main.py
[2026-06-20 06:07:59] main.py running (pid=5932)
[2026-06-20 07:03:19] STALL: heartbeat age=210s > 180s (loop hang) -> kill pid=5932 + restart
[2026-06-20 07:03:27] Restarting in 5 s ...
[2026-06-20 07:03:40] Launching: python main.py
[2026-06-20 07:03:46] main.py running (pid=548)
[2026-06-20 08:01:08] STALL: heartbeat age=192s > 180s (loop hang) -> kill pid=548 + restart
[2026-06-20 08:01:16] Restarting in 5 s ...
[2026-06-20 08:01:27] Launching: python main.py
[2026-06-20 08:01:34] main.py running (pid=5028)
[2026-06-20 08:05:42] STALL: heartbeat age=203s > 180s (loop hang) -> kill pid=5028 + restart
[2026-06-20 08:05:50] Restarting in 5 s ...
[2026-06-20 08:06:02] Launching: python main.py
[2026-06-20 08:06:09] main.py running (pid=6944)
[2026-06-20 08:12:17] STALL: heartbeat age=191s > 180s (loop hang) -> kill pid=6944 + restart
[2026-06-20 08:12:26] Restarting in 5 s ...
[2026-06-20 08:12:38] Launching: python main.py
[2026-06-20 08:12:44] main.py running (pid=5392)
[2026-06-20 08:19:53] STALL: heartbeat age=208s > 180s (loop hang) -> kill pid=5392 + restart
[2026-06-20 08:20:01] Restarting in 5 s ...
[2026-06-20 08:20:13] Launching: python main.py
[2026-06-20 08:20:20] main.py running (pid=3768)
