[2026-07-14 23:33:23] WARN: lock file ค้างจาก pid=4468 (ตายไปแล้ว) — เคลียร์แล้วรันต่อ
[2026-07-14 23:33:28] Supervisor started (profile='demo-exness-433881786', stale=180 s, check=30 s, grace=90 s, python='C:\Users\Administrator\AppData\Local\Programs\Python\Python313\python.exe')
[2026-07-14 23:33:29] Launching: C:\Users\Administrator\AppData\Local\Programs\Python\Python313\python.exe main.py
[2026-07-14 23:33:31] main.py running (pid=5216)
[2026-07-14 23:36:58] STALL: heartbeat age=184s > 180s (loop hang) -> kill pid=5216 + restart
[2026-07-14 23:37:50] Restarting in 5 s ...
[2026-07-14 23:38:29] Launching: C:\Users\Administrator\AppData\Local\Programs\Python\Python313\python.exe main.py
[2026-07-14 23:38:34] main.py running (pid=5344)
[2026-07-14 23:42:50] STALL: heartbeat age=192s > 180s (loop hang) -> kill pid=5344 + restart
[2026-07-14 23:43:27] Restarting in 5 s ...
[2026-07-14 23:43:34] Launching: C:\Users\Administrator\AppData\Local\Programs\Python\Python313\python.exe main.py
[2026-07-14 23:43:38] main.py running (pid=5736)
[2026-07-14 23:47:54] STALL: heartbeat age=189s > 180s (loop hang) -> kill pid=5736 + restart
[2026-07-14 23:48:15] Restarting in 5 s ...
[2026-07-14 23:48:44] Launching: C:\Users\Administrator\AppData\Local\Programs\Python\Python313\python.exe main.py
[2026-07-14 23:49:08] main.py running (pid=5704)
[2026-07-14 23:50:54] WARN: heartbeat missing/unreadable (up=106s) — wait next cycle
[2026-07-14 23:54:21] STALL: heartbeat age=182s > 180s (loop hang) -> kill pid=5704 + restart
[2026-07-14 23:54:32] Restarting in 5 s ...
[2026-07-14 23:54:40] Launching: C:\Users\Administrator\AppData\Local\Programs\Python\Python313\python.exe main.py
[2026-07-14 23:55:22] main.py running (pid=5332)
[2026-07-14 23:59:52] STALL: heartbeat age=198s > 180s (loop hang) -> kill pid=5332 + restart
[2026-07-15 00:00:14] Restarting in 5 s ...
[2026-07-15 00:00:31] Launching: C:\Users\Administrator\AppData\Local\Programs\Python\Python313\python.exe main.py
[2026-07-15 00:00:35] main.py running (pid=252)
[2026-07-15 00:02:15] WARN: heartbeat missing/unreadable (up=101s) — wait next cycle
[2026-07-15 00:05:50] STALL: heartbeat age=194s > 180s (loop hang) -> kill pid=252 + restart
[2026-07-15 00:05:59] Restarting in 5 s ...
[2026-07-15 00:06:05] Launching: C:\Users\Administrator\AppData\Local\Programs\Python\Python313\python.exe main.py
[2026-07-15 00:06:14] main.py running (pid=7060)
[2026-07-15 00:09:50] STALL: heartbeat age=185s > 180s (loop hang) -> kill pid=7060 + restart
[2026-07-15 00:09:50] Restarting in 5 s ...
[2026-07-15 00:09:56] Launching: C:\Users\Administrator\AppData\Local\Programs\Python\Python313\python.exe main.py
[2026-07-15 00:10:10] main.py running (pid=7040)
[2026-07-15 01:43:27] STALL: heartbeat age=192s > 180s (loop hang) -> kill pid=7040 + restart
[2026-07-15 01:43:33] Restarting in 5 s ...
[2026-07-15 01:43:47] Launching: C:\Users\Administrator\AppData\Local\Programs\Python\Python313\python.exe main.py
[2026-07-15 01:43:50] main.py running (pid=5592)
[2026-07-15 03:57:31] STALL: heartbeat age=186s > 180s (loop hang) -> kill pid=5592 + restart
[2026-07-15 03:58:05] Restarting in 5 s ...
[2026-07-15 03:58:26] Launching: C:\Users\Administrator\AppData\Local\Programs\Python\Python313\python.exe main.py
[2026-07-15 03:58:36] main.py running (pid=5132)
[2026-07-15 04:02:25] STALL: heartbeat age=187s > 180s (loop hang) -> kill pid=5132 + restart
[2026-07-15 04:02:25] Restarting in 5 s ...
[2026-07-15 04:02:31] Launching: C:\Users\Administrator\AppData\Local\Programs\Python\Python313\python.exe main.py
[2026-07-15 04:02:34] main.py running (pid=5668)
[2026-07-15 04:49:50] STALL: heartbeat age=191s > 180s (loop hang) -> kill pid=5668 + restart
[2026-07-15 04:49:50] Restarting in 5 s ...
[2026-07-15 04:49:55] Launching: C:\Users\Administrator\AppData\Local\Programs\Python\Python313\python.exe main.py
[2026-07-15 04:49:55] main.py running (pid=3172)
[2026-07-15 08:02:18] STALL: heartbeat age=208s > 180s (loop hang) -> kill pid=3172 + restart
[2026-07-15 08:02:26] Restarting in 5 s ...
[2026-07-15 08:02:43] Launching: C:\Users\Administrator\AppData\Local\Programs\Python\Python313\python.exe main.py
[2026-07-15 08:02:46] main.py running (pid=168)
[2026-07-15 08:04:25] WARN: heartbeat missing/unreadable (up=100s) — wait next cycle
[2026-07-15 08:05:51] main.py exited (code=) -> restart
[2026-07-15 08:05:55] Restarting in 5 s ...
[2026-07-15 08:06:50] Launching: C:\Users\Administrator\AppData\Local\Programs\Python\Python313\python.exe main.py
[2026-07-15 08:07:03] main.py running (pid=92)
[2026-07-15 08:10:50] STALL: heartbeat age=189s > 180s (loop hang) -> kill pid=92 + restart
[2026-07-15 08:11:28] Restarting in 5 s ...
[2026-07-15 08:11:33] Launching: C:\Users\Administrator\AppData\Local\Programs\Python\Python313\python.exe main.py
[2026-07-15 08:11:34] main.py running (pid=2344)
[2026-07-15 08:36:13] STALL: heartbeat age=184s > 180s (loop hang) -> kill pid=2344 + restart
[2026-07-15 08:36:20] Restarting in 5 s ...
[2026-07-15 08:36:25] Launching: C:\Users\Administrator\AppData\Local\Programs\Python\Python313\python.exe main.py
[2026-07-15 08:36:25] main.py running (pid=3772)
