2026-06-25 19:25:08,172 INFO apscheduler.scheduler: Adding job tentatively -- it will be properly scheduled when the scheduler starts
2026-06-25 19:25:08,173 INFO apscheduler.scheduler: Adding job tentatively -- it will be properly scheduled when the scheduler starts
2026-06-25 19:25:08,173 INFO apscheduler.scheduler: Adding job tentatively -- it will be properly scheduled when the scheduler starts
2026-06-25 19:25:08,173 INFO apscheduler.scheduler: Adding job tentatively -- it will be properly scheduled when the scheduler starts
2026-06-25 19:25:08,173 INFO apscheduler.scheduler: Adding job tentatively -- it will be properly scheduled when the scheduler starts
2026-06-25 19:25:08,179 INFO apscheduler.scheduler: Adding job tentatively -- it will be properly scheduled when the scheduler starts
2026-06-25 19:25:08,180 INFO apscheduler.scheduler: Adding job tentatively -- it will be properly scheduled when the scheduler starts
2026-06-25 19:25:08,180 INFO apscheduler.scheduler: Adding job tentatively -- it will be properly scheduled when the scheduler starts
2026-06-25 19:25:08,180 INFO apscheduler.scheduler: Adding job tentatively -- it will be properly scheduled when the scheduler starts
2026-06-25 19:25:09,054 INFO httpx: HTTP Request: POST https://api.telegram.org/bot8731980788:AAHJ1_L3F44ZZbxR3yrPQhtZQzxgQE0d5s0/getMe "HTTP/1.1 200 OK"
2026-06-25 19:25:09,269 INFO httpx: HTTP Request: POST https://api.telegram.org/bot8731980788:AAHJ1_L3F44ZZbxR3yrPQhtZQzxgQE0d5s0/deleteWebhook "HTTP/1.1 200 OK"
2026-06-25 19:25:09,270 INFO apscheduler.scheduler: Added job "main.<locals>.check_symbol_switch" to job store "default"
2026-06-25 19:25:09,270 INFO apscheduler.scheduler: Added job "main.<locals>.run_scan" to job store "default"
2026-06-25 19:25:09,270 INFO apscheduler.scheduler: Added job "main.<locals>.run_trail_sl" to job store "default"
2026-06-25 19:25:09,270 INFO apscheduler.scheduler: Added job "main.<locals>.run_position_check" to job store "default"
2026-06-25 19:25:09,270 INFO apscheduler.scheduler: Added job "main.<locals>.save_bot_state_job" to job store "default"
2026-06-25 19:25:09,271 INFO apscheduler.scheduler: Added job "main.<locals>.cleanup_logs_job" to job store "default"
2026-06-25 19:25:09,271 INFO apscheduler.scheduler: Added job "main.<locals>.daily_summary_job" to job store "default"
2026-06-25 19:25:09,271 INFO apscheduler.scheduler: Added job "main.<locals>.run_watchdog" to job store "default"
2026-06-25 19:25:09,271 INFO apscheduler.scheduler: Added job "main.<locals>.write_heartbeat_job" to job store "default"
2026-06-25 19:25:09,271 INFO apscheduler.scheduler: Scheduler started
2026-06-25 19:25:09,504 WARNING apscheduler.executors.default: Run time of job "main.<locals>.check_symbol_switch (trigger: interval[0:01:00], next run at: 2026-06-25 19:26:08 +07)" was missed by 0:00:01.333924
2026-06-25 19:25:09,505 INFO apscheduler.executors.default: Running job "main.<locals>.run_scan (trigger: interval[0:00:05], next run at: 2026-06-25 19:25:13 +07)" (scheduled at 2026-06-25 12:25:08.173079+00:00)
2026-06-25 19:25:09,731 INFO apscheduler.executors.default: Running job "main.<locals>.run_trail_sl (trigger: interval[0:00:05], next run at: 2026-06-25 19:25:13 +07)" (scheduled at 2026-06-25 12:25:08.173308+00:00)
2026-06-25 19:25:09,736 INFO apscheduler.executors.default: Job "main.<locals>.run_trail_sl (trigger: interval[0:00:05], next run at: 2026-06-25 19:25:13 +07)" executed successfully
2026-06-25 19:25:09,736 WARNING apscheduler.executors.default: Run time of job "main.<locals>.run_position_check (trigger: interval[0:00:05], next run at: 2026-06-25 19:25:13 +07)" was missed by 0:00:01.562914
2026-06-25 19:25:09,736 WARNING apscheduler.executors.default: Run time of job "main.<locals>.save_bot_state_job (trigger: interval[0:00:15], next run at: 2026-06-25 19:25:23 +07)" was missed by 0:00:01.562907
2026-06-25 19:25:09,736 WARNING apscheduler.executors.default: Run time of job "main.<locals>.run_watchdog (trigger: interval[0:01:00], next run at: 2026-06-25 19:26:08 +07)" was missed by 0:00:01.556381
2026-06-25 19:25:09,736 WARNING apscheduler.executors.default: Run time of job "main.<locals>.write_heartbeat_job (trigger: interval[0:00:15], next run at: 2026-06-25 19:25:23 +07)" was missed by 0:00:01.556404
2026-06-25 19:25:12,209 INFO apscheduler.executors.default: Job "main.<locals>.run_scan (trigger: interval[0:00:05], next run at: 2026-06-25 19:25:13 +07)" executed successfully
2026-06-25 19:25:12,266 INFO httpx: HTTP Request: GET https://nfs.faireconomy.media/ff_calendar_thisweek.json "HTTP/1.1 200 OK"
2026-06-25 19:25:12,792 INFO httpx: HTTP Request: POST https://api.telegram.org/bot8731980788:AAHJ1_L3F44ZZbxR3yrPQhtZQzxgQE0d5s0/deleteWebhook "HTTP/1.1 200 OK"
2026-06-25 19:25:12,794 INFO apscheduler.scheduler: Scheduler started
2026-06-25 19:25:12,794 INFO telegram.ext.Application: Application started
2026-06-25 19:25:13,156 INFO httpx: HTTP Request: POST https://api.telegram.org/bot8731980788:AAHJ1_L3F44ZZbxR3yrPQhtZQzxgQE0d5s0/sendMessage "HTTP/1.1 200 OK"
2026-06-25 19:25:13,179 INFO apscheduler.executors.default: Running job "main.<locals>.run_scan (trigger: interval[0:00:05], next run at: 2026-06-25 19:25:18 +07)" (scheduled at 2026-06-25 19:25:13.173079+07:00)
2026-06-25 19:25:13,198 INFO apscheduler.executors.default: Running job "main.<locals>.run_trail_sl (trigger: interval[0:00:05], next run at: 2026-06-25 19:25:18 +07)" (scheduled at 2026-06-25 19:25:13.173308+07:00)
2026-06-25 19:25:13,213 INFO apscheduler.executors.default: Job "main.<locals>.run_trail_sl (trigger: interval[0:00:05], next run at: 2026-06-25 19:25:18 +07)" executed successfully
2026-06-25 19:25:13,214 INFO apscheduler.executors.default: Running job "main.<locals>.run_position_check (trigger: interval[0:00:05], next run at: 2026-06-25 19:25:18 +07)" (scheduled at 2026-06-25 19:25:13.173440+07:00)
2026-06-25 19:25:13,765 INFO apscheduler.executors.default: Job "main.<locals>.run_position_check (trigger: interval[0:00:05], next run at: 2026-06-25 19:25:18 +07)" executed successfully
2026-06-25 19:25:14,381 INFO apscheduler.executors.default: Job "main.<locals>.run_scan (trigger: interval[0:00:05], next run at: 2026-06-25 19:25:18 +07)" executed successfully
2026-06-25 19:25:14,809 INFO httpx: HTTP Request: POST https://api.telegram.org/bot8731980788:AAHJ1_L3F44ZZbxR3yrPQhtZQzxgQE0d5s0/sendMessage "HTTP/1.1 200 OK"
2026-06-25 19:25:15,918 INFO httpx: HTTP Request: POST https://api.telegram.org/bot8731980788:AAHJ1_L3F44ZZbxR3yrPQhtZQzxgQE0d5s0/sendMessage "HTTP/1.1 200 OK"
2026-06-25 19:25:17,066 INFO httpx: HTTP Request: POST https://api.telegram.org/bot8731980788:AAHJ1_L3F44ZZbxR3yrPQhtZQzxgQE0d5s0/sendMessage "HTTP/1.1 200 OK"
2026-06-25 19:25:18,182 INFO httpx: HTTP Request: POST https://api.telegram.org/bot8731980788:AAHJ1_L3F44ZZbxR3yrPQhtZQzxgQE0d5s0/sendMessage "HTTP/1.1 200 OK"
2026-06-25 19:25:18,183 INFO apscheduler.executors.default: Running job "main.<locals>.run_scan (trigger: interval[0:00:05], next run at: 2026-06-25 19:25:23 +07)" (scheduled at 2026-06-25 19:25:18.173079+07:00)
2026-06-25 19:25:18,194 INFO apscheduler.executors.default: Running job "main.<locals>.run_trail_sl (trigger: interval[0:00:05], next run at: 2026-06-25 19:25:23 +07)" (scheduled at 2026-06-25 19:25:18.173308+07:00)
2026-06-25 19:25:18,197 INFO apscheduler.executors.default: Job "main.<locals>.run_trail_sl (trigger: interval[0:00:05], next run at: 2026-06-25 19:25:23 +07)" executed successfully
2026-06-25 19:25:18,197 INFO apscheduler.executors.default: Running job "main.<locals>.run_position_check (trigger: interval[0:00:05], next run at: 2026-06-25 19:25:23 +07)" (scheduled at 2026-06-25 19:25:18.173440+07:00)
2026-06-25 19:25:18,205 INFO apscheduler.executors.default: Job "main.<locals>.run_position_check (trigger: interval[0:00:05], next run at: 2026-06-25 19:25:23 +07)" executed successfully
2026-06-25 19:25:18,712 INFO apscheduler.executors.default: Job "main.<locals>.run_scan (trigger: interval[0:00:05], next run at: 2026-06-25 19:25:23 +07)" executed successfully
2026-06-25 19:25:19,318 INFO httpx: HTTP Request: POST https://api.telegram.org/bot8731980788:AAHJ1_L3F44ZZbxR3yrPQhtZQzxgQE0d5s0/sendMessage "HTTP/1.1 200 OK"
2026-06-25 19:25:20,424 INFO httpx: HTTP Request: POST https://api.telegram.org/bot8731980788:AAHJ1_L3F44ZZbxR3yrPQhtZQzxgQE0d5s0/sendMessage "HTTP/1.1 200 OK"
2026-06-25 19:25:21,536 INFO httpx: HTTP Request: POST https://api.telegram.org/bot8731980788:AAHJ1_L3F44ZZbxR3yrPQhtZQzxgQE0d5s0/sendMessage "HTTP/1.1 200 OK"
2026-06-25 19:25:22,648 INFO httpx: HTTP Request: POST https://api.telegram.org/bot8731980788:AAHJ1_L3F44ZZbxR3yrPQhtZQzxgQE0d5s0/sendMessage "HTTP/1.1 200 OK"
2026-06-25 19:25:23,188 INFO apscheduler.executors.default: Running job "main.<locals>.run_scan (trigger: interval[0:00:05], next run at: 2026-06-25 19:25:28 +07)" (scheduled at 2026-06-25 19:25:23.173079+07:00)
2026-06-25 19:25:23,202 INFO apscheduler.executors.default: Running job "main.<locals>.run_trail_sl (trigger: interval[0:00:05], next run at: 2026-06-25 19:25:28 +07)" (scheduled at 2026-06-25 19:25:23.173308+07:00)
2026-06-25 19:25:23,205 INFO apscheduler.executors.default: Job "main.<locals>.run_trail_sl (trigger: interval[0:00:05], next run at: 2026-06-25 19:25:28 +07)" executed successfully
2026-06-25 19:25:23,206 INFO apscheduler.executors.default: Running job "main.<locals>.run_position_check (trigger: interval[0:00:05], next run at: 2026-06-25 19:25:28 +07)" (scheduled at 2026-06-25 19:25:23.173440+07:00)
2026-06-25 19:25:23,214 INFO apscheduler.executors.default: Job "main.<locals>.run_position_check (trigger: interval[0:00:05], next run at: 2026-06-25 19:25:28 +07)" executed successfully
2026-06-25 19:25:23,214 INFO apscheduler.executors.default: Running job "main.<locals>.save_bot_state_job (trigger: interval[0:00:15], next run at: 2026-06-25 19:25:38 +07)" (scheduled at 2026-06-25 19:25:23.173545+07:00)
2026-06-25 19:25:23,227 INFO apscheduler.executors.default: Job "main.<locals>.save_bot_state_job (trigger: interval[0:00:15], next run at: 2026-06-25 19:25:38 +07)" executed successfully
2026-06-25 19:25:23,227 INFO apscheduler.executors.default: Running job "main.<locals>.write_heartbeat_job (trigger: interval[0:00:15], next run at: 2026-06-25 19:25:38 +07)" (scheduled at 2026-06-25 19:25:23.180244+07:00)
2026-06-25 19:25:23,228 INFO apscheduler.executors.default: Job "main.<locals>.write_heartbeat_job (trigger: interval[0:00:15], next run at: 2026-06-25 19:25:38 +07)" executed successfully
2026-06-25 19:25:23,830 INFO apscheduler.executors.default: Job "main.<locals>.run_scan (trigger: interval[0:00:05], next run at: 2026-06-25 19:25:28 +07)" executed successfully
2026-06-25 19:25:24,536 INFO httpx: HTTP Request: POST https://api.telegram.org/bot8731980788:AAHJ1_L3F44ZZbxR3yrPQhtZQzxgQE0d5s0/sendMessage "HTTP/1.1 200 OK"
2026-06-25 19:25:24,604 INFO httpx: HTTP Request: POST https://api.telegram.org/bot8731980788:AAHJ1_L3F44ZZbxR3yrPQhtZQzxgQE0d5s0/getUpdates "HTTP/1.1 200 OK"
2026-06-25 19:25:25,635 INFO httpx: HTTP Request: POST https://api.telegram.org/bot8731980788:AAHJ1_L3F44ZZbxR3yrPQhtZQzxgQE0d5s0/sendMessage "HTTP/1.1 200 OK"
2026-06-25 19:25:26,733 INFO httpx: HTTP Request: POST https://api.telegram.org/bot8731980788:AAHJ1_L3F44ZZbxR3yrPQhtZQzxgQE0d5s0/sendMessage "HTTP/1.1 200 OK"
2026-06-25 19:25:28,181 INFO apscheduler.executors.default: Running job "main.<locals>.run_scan (trigger: interval[0:00:05], next run at: 2026-06-25 19:25:33 +07)" (scheduled at 2026-06-25 19:25:28.173079+07:00)
2026-06-25 19:25:28,188 INFO apscheduler.executors.default: Running job "main.<locals>.run_trail_sl (trigger: interval[0:00:05], next run at: 2026-06-25 19:25:33 +07)" (scheduled at 2026-06-25 19:25:28.173308+07:00)
2026-06-25 19:25:28,190 INFO apscheduler.executors.default: Job "main.<locals>.run_trail_sl (trigger: interval[0:00:05], next run at: 2026-06-25 19:25:33 +07)" executed successfully
2026-06-25 19:25:28,191 INFO apscheduler.executors.default: Running job "main.<locals>.run_position_check (trigger: interval[0:00:05], next run at: 2026-06-25 19:25:33 +07)" (scheduled at 2026-06-25 19:25:28.173440+07:00)
2026-06-25 19:25:28,196 INFO apscheduler.executors.default: Job "main.<locals>.run_position_check (trigger: interval[0:00:05], next run at: 2026-06-25 19:25:33 +07)" executed successfully
2026-06-25 19:25:28,707 INFO apscheduler.executors.default: Job "main.<locals>.run_scan (trigger: interval[0:00:05], next run at: 2026-06-25 19:25:33 +07)" executed successfully
2026-06-25 19:25:33,181 INFO apscheduler.executors.default: Running job "main.<locals>.run_scan (trigger: interval[0:00:05], next run at: 2026-06-25 19:25:38 +07)" (scheduled at 2026-06-25 19:25:33.173079+07:00)
2026-06-25 19:25:33,194 INFO apscheduler.executors.default: Running job "main.<locals>.run_trail_sl (trigger: interval[0:00:05], next run at: 2026-06-25 19:25:38 +07)" (scheduled at 2026-06-25 19:25:33.173308+07:00)
2026-06-25 19:25:33,198 INFO apscheduler.executors.default: Job "main.<locals>.run_trail_sl (trigger: interval[0:00:05], next run at: 2026-06-25 19:25:38 +07)" executed successfully
2026-06-25 19:25:33,198 INFO apscheduler.executors.default: Running job "main.<locals>.run_position_check (trigger: interval[0:00:05], next run at: 2026-06-25 19:25:38 +07)" (scheduled at 2026-06-25 19:25:33.173440+07:00)
2026-06-25 19:25:33,205 INFO apscheduler.executors.default: Job "main.<locals>.run_position_check (trigger: interval[0:00:05], next run at: 2026-06-25 19:25:38 +07)" executed successfully
2026-06-25 19:25:33,822 INFO apscheduler.executors.default: Job "main.<locals>.run_scan (trigger: interval[0:00:05], next run at: 2026-06-25 19:25:38 +07)" executed successfully
2026-06-25 19:25:34,801 INFO httpx: HTTP Request: POST https://api.telegram.org/bot8731980788:AAHJ1_L3F44ZZbxR3yrPQhtZQzxgQE0d5s0/getUpdates "HTTP/1.1 200 OK"
2026-06-25 19:25:38,185 INFO apscheduler.executors.default: Running job "main.<locals>.run_scan (trigger: interval[0:00:05], next run at: 2026-06-25 19:25:43 +07)" (scheduled at 2026-06-25 19:25:38.173079+07:00)
2026-06-25 19:25:38,194 INFO apscheduler.executors.default: Running job "main.<locals>.run_trail_sl (trigger: interval[0:00:05], next run at: 2026-06-25 19:25:43 +07)" (scheduled at 2026-06-25 19:25:38.173308+07:00)
2026-06-25 19:25:38,196 INFO apscheduler.executors.default: Job "main.<locals>.run_trail_sl (trigger: interval[0:00:05], next run at: 2026-06-25 19:25:43 +07)" executed successfully
2026-06-25 19:25:38,196 INFO apscheduler.executors.default: Running job "main.<locals>.run_position_check (trigger: interval[0:00:05], next run at: 2026-06-25 19:25:43 +07)" (scheduled at 2026-06-25 19:25:38.173440+07:00)
2026-06-25 19:25:38,202 INFO apscheduler.executors.default: Job "main.<locals>.run_position_check (trigger: interval[0:00:05], next run at: 2026-06-25 19:25:43 +07)" executed successfully
2026-06-25 19:25:38,202 INFO apscheduler.executors.default: Running job "main.<locals>.save_bot_state_job (trigger: interval[0:00:15], next run at: 2026-06-25 19:25:53 +07)" (scheduled at 2026-06-25 19:25:38.173545+07:00)
2026-06-25 19:25:38,203 INFO apscheduler.executors.default: Job "main.<locals>.save_bot_state_job (trigger: interval[0:00:15], next run at: 2026-06-25 19:25:53 +07)" executed successfully
2026-06-25 19:25:38,204 INFO apscheduler.executors.default: Running job "main.<locals>.write_heartbeat_job (trigger: interval[0:00:15], next run at: 2026-06-25 19:25:53 +07)" (scheduled at 2026-06-25 19:25:38.180244+07:00)
2026-06-25 19:25:38,205 INFO apscheduler.executors.default: Job "main.<locals>.write_heartbeat_job (trigger: interval[0:00:15], next run at: 2026-06-25 19:25:53 +07)" executed successfully
2026-06-25 19:25:38,712 INFO apscheduler.executors.default: Job "main.<locals>.run_scan (trigger: interval[0:00:05], next run at: 2026-06-25 19:25:43 +07)" executed successfully
2026-06-25 18:28:09,793 INFO apscheduler.scheduler: Adding job tentatively -- it will be properly scheduled when the scheduler starts
2026-06-25 18:28:09,794 INFO apscheduler.scheduler: Adding job tentatively -- it will be properly scheduled when the scheduler starts
2026-06-25 18:28:09,794 INFO apscheduler.scheduler: Adding job tentatively -- it will be properly scheduled when the scheduler starts
2026-06-25 18:28:09,795 INFO apscheduler.scheduler: Adding job tentatively -- it will be properly scheduled when the scheduler starts
2026-06-25 18:28:09,795 INFO apscheduler.scheduler: Adding job tentatively -- it will be properly scheduled when the scheduler starts
2026-06-25 18:28:09,800 INFO apscheduler.scheduler: Adding job tentatively -- it will be properly scheduled when the scheduler starts
2026-06-25 18:28:09,801 INFO apscheduler.scheduler: Adding job tentatively -- it will be properly scheduled when the scheduler starts
2026-06-25 18:28:09,801 INFO apscheduler.scheduler: Adding job tentatively -- it will be properly scheduled when the scheduler starts
2026-06-25 18:28:09,801 INFO apscheduler.scheduler: Adding job tentatively -- it will be properly scheduled when the scheduler starts
2026-06-25 18:28:10,508 INFO httpx: HTTP Request: POST https://api.telegram.org/bot8731980788:AAHJ1_L3F44ZZbxR3yrPQhtZQzxgQE0d5s0/getMe "HTTP/1.1 200 OK"
2026-06-25 18:28:10,704 INFO httpx: HTTP Request: POST https://api.telegram.org/bot8731980788:AAHJ1_L3F44ZZbxR3yrPQhtZQzxgQE0d5s0/deleteWebhook "HTTP/1.1 200 OK"
2026-06-25 18:28:10,705 INFO apscheduler.scheduler: Added job "main.<locals>.check_symbol_switch" to job store "default"
2026-06-25 18:28:10,705 INFO apscheduler.scheduler: Added job "main.<locals>.run_scan" to job store "default"
2026-06-25 18:28:10,705 INFO apscheduler.scheduler: Added job "main.<locals>.run_trail_sl" to job store "default"
2026-06-25 18:28:10,705 INFO apscheduler.scheduler: Added job "main.<locals>.run_position_check" to job store "default"
2026-06-25 18:28:10,705 INFO apscheduler.scheduler: Added job "main.<locals>.save_bot_state_job" to job store "default"
2026-06-25 18:28:10,705 INFO apscheduler.scheduler: Added job "main.<locals>.cleanup_logs_job" to job store "default"
2026-06-25 18:28:10,706 INFO apscheduler.scheduler: Added job "main.<locals>.daily_summary_job" to job store "default"
2026-06-25 18:28:10,706 INFO apscheduler.scheduler: Added job "main.<locals>.run_watchdog" to job store "default"
2026-06-25 18:28:10,706 INFO apscheduler.scheduler: Added job "main.<locals>.write_heartbeat_job" to job store "default"
2026-06-25 18:28:10,706 INFO apscheduler.scheduler: Scheduler started
2026-06-25 18:28:10,968 WARNING apscheduler.executors.default: Run time of job "main.<locals>.check_symbol_switch (trigger: interval[0:01:00], next run at: 2026-06-25 18:29:09 +07)" was missed by 0:00:01.175960
2026-06-25 18:28:10,969 INFO apscheduler.executors.default: Running job "main.<locals>.run_scan (trigger: interval[0:00:05], next run at: 2026-06-25 18:28:14 +07)" (scheduled at 2026-06-25 11:28:09.794675+00:00)
2026-06-25 18:28:10,991 INFO apscheduler.executors.default: Running job "main.<locals>.run_trail_sl (trigger: interval[0:00:05], next run at: 2026-06-25 18:28:14 +07)" (scheduled at 2026-06-25 11:28:09.794913+00:00)
2026-06-25 18:28:10,995 INFO apscheduler.executors.default: Job "main.<locals>.run_trail_sl (trigger: interval[0:00:05], next run at: 2026-06-25 18:28:14 +07)" executed successfully
2026-06-25 18:28:10,995 WARNING apscheduler.executors.default: Run time of job "main.<locals>.run_position_check (trigger: interval[0:00:05], next run at: 2026-06-25 18:28:14 +07)" was missed by 0:00:01.200861
2026-06-25 18:28:10,996 WARNING apscheduler.executors.default: Run time of job "main.<locals>.save_bot_state_job (trigger: interval[0:00:15], next run at: 2026-06-25 18:28:24 +07)" was missed by 0:00:01.200838
2026-06-25 18:28:10,996 WARNING apscheduler.executors.default: Run time of job "main.<locals>.run_watchdog (trigger: interval[0:01:00], next run at: 2026-06-25 18:29:09 +07)" was missed by 0:00:01.195061
2026-06-25 18:28:10,996 WARNING apscheduler.executors.default: Run time of job "main.<locals>.write_heartbeat_job (trigger: interval[0:00:15], next run at: 2026-06-25 18:28:24 +07)" was missed by 0:00:01.195021
2026-06-25 18:28:11,799 INFO apscheduler.executors.default: Job "main.<locals>.run_scan (trigger: interval[0:00:05], next run at: 2026-06-25 18:28:14 +07)" executed successfully
2026-06-25 18:28:11,847 INFO httpx: HTTP Request: GET https://nfs.faireconomy.media/ff_calendar_thisweek.json "HTTP/1.1 200 OK"
2026-06-25 18:28:12,405 INFO httpx: HTTP Request: POST https://api.telegram.org/bot8731980788:AAHJ1_L3F44ZZbxR3yrPQhtZQzxgQE0d5s0/deleteWebhook "HTTP/1.1 200 OK"
2026-06-25 18:28:12,407 INFO apscheduler.scheduler: Scheduler started
2026-06-25 18:28:12,407 INFO telegram.ext.Application: Application started
2026-06-25 18:28:12,756 INFO httpx: HTTP Request: POST https://api.telegram.org/bot8731980788:AAHJ1_L3F44ZZbxR3yrPQhtZQzxgQE0d5s0/sendMessage "HTTP/1.1 200 OK"
2026-06-25 18:28:14,619 INFO httpx: HTTP Request: POST https://api.telegram.org/bot8731980788:AAHJ1_L3F44ZZbxR3yrPQhtZQzxgQE0d5s0/sendMessage "HTTP/1.1 200 OK"
2026-06-25 18:28:14,803 INFO apscheduler.executors.default: Running job "main.<locals>.run_scan (trigger: interval[0:00:05], next run at: 2026-06-25 18:28:19 +07)" (scheduled at 2026-06-25 18:28:14.794675+07:00)
2026-06-25 18:28:14,813 INFO apscheduler.executors.default: Running job "main.<locals>.run_trail_sl (trigger: interval[0:00:05], next run at: 2026-06-25 18:28:19 +07)" (scheduled at 2026-06-25 18:28:14.794913+07:00)
2026-06-25 18:28:14,816 INFO apscheduler.executors.default: Job "main.<locals>.run_trail_sl (trigger: interval[0:00:05], next run at: 2026-06-25 18:28:19 +07)" executed successfully
2026-06-25 18:28:14,816 INFO apscheduler.executors.default: Running job "main.<locals>.run_position_check (trigger: interval[0:00:05], next run at: 2026-06-25 18:28:19 +07)" (scheduled at 2026-06-25 18:28:14.795075+07:00)
2026-06-25 18:28:14,824 INFO apscheduler.executors.default: Job "main.<locals>.run_position_check (trigger: interval[0:00:05], next run at: 2026-06-25 18:28:19 +07)" executed successfully
2026-06-25 18:28:15,377 INFO apscheduler.executors.default: Job "main.<locals>.run_scan (trigger: interval[0:00:05], next run at: 2026-06-25 18:28:19 +07)" executed successfully
2026-06-25 18:28:15,775 INFO httpx: HTTP Request: POST https://api.telegram.org/bot8731980788:AAHJ1_L3F44ZZbxR3yrPQhtZQzxgQE0d5s0/sendMessage "HTTP/1.1 200 OK"
2026-06-25 18:28:17,753 INFO httpx: HTTP Request: POST https://api.telegram.org/bot8731980788:AAHJ1_L3F44ZZbxR3yrPQhtZQzxgQE0d5s0/sendMessage "HTTP/1.1 200 OK"
2026-06-25 18:28:18,856 INFO httpx: HTTP Request: POST https://api.telegram.org/bot8731980788:AAHJ1_L3F44ZZbxR3yrPQhtZQzxgQE0d5s0/sendMessage "HTTP/1.1 200 OK"
2026-06-25 18:28:19,805 INFO apscheduler.executors.default: Running job "main.<locals>.run_scan (trigger: interval[0:00:05], next run at: 2026-06-25 18:28:24 +07)" (scheduled at 2026-06-25 18:28:19.794675+07:00)
2026-06-25 18:28:19,813 INFO apscheduler.executors.default: Running job "main.<locals>.run_trail_sl (trigger: interval[0:00:05], next run at: 2026-06-25 18:28:24 +07)" (scheduled at 2026-06-25 18:28:19.794913+07:00)
2026-06-25 18:28:19,816 INFO apscheduler.executors.default: Job "main.<locals>.run_trail_sl (trigger: interval[0:00:05], next run at: 2026-06-25 18:28:24 +07)" executed successfully
2026-06-25 18:28:19,817 INFO apscheduler.executors.default: Running job "main.<locals>.run_position_check (trigger: interval[0:00:05], next run at: 2026-06-25 18:28:24 +07)" (scheduled at 2026-06-25 18:28:19.795075+07:00)
2026-06-25 18:28:19,823 INFO apscheduler.executors.default: Job "main.<locals>.run_position_check (trigger: interval[0:00:05], next run at: 2026-06-25 18:28:24 +07)" executed successfully
2026-06-25 18:28:20,264 INFO apscheduler.executors.default: Job "main.<locals>.run_scan (trigger: interval[0:00:05], next run at: 2026-06-25 18:28:24 +07)" executed successfully
2026-06-25 18:28:23,032 INFO httpx: HTTP Request: POST https://api.telegram.org/bot8731980788:AAHJ1_L3F44ZZbxR3yrPQhtZQzxgQE0d5s0/getUpdates "HTTP/1.1 200 OK"
2026-06-25 18:28:24,796 INFO apscheduler.executors.default: Running job "main.<locals>.run_scan (trigger: interval[0:00:05], next run at: 2026-06-25 18:28:29 +07)" (scheduled at 2026-06-25 18:28:24.794675+07:00)
2026-06-25 18:28:24,806 INFO apscheduler.executors.default: Running job "main.<locals>.run_trail_sl (trigger: interval[0:00:05], next run at: 2026-06-25 18:28:29 +07)" (scheduled at 2026-06-25 18:28:24.794913+07:00)
2026-06-25 18:28:24,809 INFO apscheduler.executors.default: Job "main.<locals>.run_trail_sl (trigger: interval[0:00:05], next run at: 2026-06-25 18:28:29 +07)" executed successfully
2026-06-25 18:28:24,809 INFO apscheduler.executors.default: Running job "main.<locals>.run_position_check (trigger: interval[0:00:05], next run at: 2026-06-25 18:28:29 +07)" (scheduled at 2026-06-25 18:28:24.795075+07:00)
2026-06-25 18:28:24,814 INFO apscheduler.executors.default: Job "main.<locals>.run_position_check (trigger: interval[0:00:05], next run at: 2026-06-25 18:28:29 +07)" executed successfully
2026-06-25 18:28:24,814 INFO apscheduler.executors.default: Running job "main.<locals>.save_bot_state_job (trigger: interval[0:00:15], next run at: 2026-06-25 18:28:39 +07)" (scheduled at 2026-06-25 18:28:24.795204+07:00)
2026-06-25 18:28:24,818 INFO apscheduler.executors.default: Job "main.<locals>.save_bot_state_job (trigger: interval[0:00:15], next run at: 2026-06-25 18:28:39 +07)" executed successfully
2026-06-25 18:28:25,255 INFO apscheduler.executors.default: Job "main.<locals>.run_scan (trigger: interval[0:00:05], next run at: 2026-06-25 18:28:29 +07)" executed successfully
2026-06-25 18:28:25,255 INFO apscheduler.executors.default: Running job "main.<locals>.write_heartbeat_job (trigger: interval[0:00:15], next run at: 2026-06-25 18:28:39 +07)" (scheduled at 2026-06-25 18:28:24.801181+07:00)
2026-06-25 18:28:25,258 INFO apscheduler.executors.default: Job "main.<locals>.write_heartbeat_job (trigger: interval[0:00:15], next run at: 2026-06-25 18:28:39 +07)" executed successfully
2026-06-25 18:28:29,795 INFO apscheduler.executors.default: Running job "main.<locals>.run_scan (trigger: interval[0:00:05], next run at: 2026-06-25 18:28:34 +07)" (scheduled at 2026-06-25 18:28:29.794675+07:00)
2026-06-25 18:28:29,804 INFO apscheduler.executors.default: Running job "main.<locals>.run_trail_sl (trigger: interval[0:00:05], next run at: 2026-06-25 18:28:34 +07)" (scheduled at 2026-06-25 18:28:29.794913+07:00)
2026-06-25 18:28:29,807 INFO apscheduler.executors.default: Job "main.<locals>.run_trail_sl (trigger: interval[0:00:05], next run at: 2026-06-25 18:28:34 +07)" executed successfully
2026-06-25 18:28:29,807 INFO apscheduler.executors.default: Running job "main.<locals>.run_position_check (trigger: interval[0:00:05], next run at: 2026-06-25 18:28:34 +07)" (scheduled at 2026-06-25 18:28:29.795075+07:00)
2026-06-25 18:28:29,812 INFO apscheduler.executors.default: Job "main.<locals>.run_position_check (trigger: interval[0:00:05], next run at: 2026-06-25 18:28:34 +07)" executed successfully
2026-06-25 18:28:30,289 INFO apscheduler.executors.default: Job "main.<locals>.run_scan (trigger: interval[0:00:05], next run at: 2026-06-25 18:28:34 +07)" executed successfully
2026-06-25 18:28:33,250 INFO httpx: HTTP Request: POST https://api.telegram.org/bot8731980788:AAHJ1_L3F44ZZbxR3yrPQhtZQzxgQE0d5s0/getUpdates "HTTP/1.1 200 OK"
2026-06-25 18:28:34,796 INFO apscheduler.executors.default: Running job "main.<locals>.run_scan (trigger: interval[0:00:05], next run at: 2026-06-25 18:28:39 +07)" (scheduled at 2026-06-25 18:28:34.794675+07:00)
2026-06-25 18:28:34,807 INFO apscheduler.executors.default: Running job "main.<locals>.run_trail_sl (trigger: interval[0:00:05], next run at: 2026-06-25 18:28:39 +07)" (scheduled at 2026-06-25 18:28:34.794913+07:00)
2026-06-25 18:28:34,811 INFO apscheduler.executors.default: Job "main.<locals>.run_trail_sl (trigger: interval[0:00:05], next run at: 2026-06-25 18:28:39 +07)" executed successfully
2026-06-25 18:28:34,811 INFO apscheduler.executors.default: Running job "main.<locals>.run_position_check (trigger: interval[0:00:05], next run at: 2026-06-25 18:28:39 +07)" (scheduled at 2026-06-25 18:28:34.795075+07:00)
2026-06-25 18:28:34,818 INFO apscheduler.executors.default: Job "main.<locals>.run_position_check (trigger: interval[0:00:05], next run at: 2026-06-25 18:28:39 +07)" executed successfully
2026-06-25 18:28:35,252 INFO apscheduler.executors.default: Job "main.<locals>.run_scan (trigger: interval[0:00:05], next run at: 2026-06-25 18:28:39 +07)" executed successfully
2026-06-25 18:28:39,800 INFO apscheduler.executors.default: Running job "main.<locals>.run_scan (trigger: interval[0:00:05], next run at: 2026-06-25 18:28:44 +07)" (scheduled at 2026-06-25 18:28:39.794675+07:00)
2026-06-25 18:28:39,807 INFO apscheduler.executors.default: Running job "main.<locals>.run_trail_sl (trigger: interval[0:00:05], next run at: 2026-06-25 18:28:44 +07)" (scheduled at 2026-06-25 18:28:39.794913+07:00)
2026-06-25 18:28:39,810 INFO apscheduler.executors.default: Job "main.<locals>.run_trail_sl (trigger: interval[0:00:05], next run at: 2026-06-25 18:28:44 +07)" executed successfully
2026-06-25 18:28:39,810 INFO apscheduler.executors.default: Running job "main.<locals>.run_position_check (trigger: interval[0:00:05], next run at: 2026-06-25 18:28:44 +07)" (scheduled at 2026-06-25 18:28:39.795075+07:00)
2026-06-25 18:28:39,815 INFO apscheduler.executors.default: Job "main.<locals>.run_position_check (trigger: interval[0:00:05], next run at: 2026-06-25 18:28:44 +07)" executed successfully
2026-06-25 18:28:39,815 INFO apscheduler.executors.default: Running job "main.<locals>.save_bot_state_job (trigger: interval[0:00:15], next run at: 2026-06-25 18:28:54 +07)" (scheduled at 2026-06-25 18:28:39.795204+07:00)
2026-06-25 18:28:39,820 INFO apscheduler.executors.default: Job "main.<locals>.save_bot_state_job (trigger: interval[0:00:15], next run at: 2026-06-25 18:28:54 +07)" executed successfully
2026-06-25 18:28:40,232 INFO apscheduler.executors.default: Job "main.<locals>.run_scan (trigger: interval[0:00:05], next run at: 2026-06-25 18:28:44 +07)" executed successfully
2026-06-25 18:28:40,233 INFO apscheduler.executors.default: Running job "main.<locals>.write_heartbeat_job (trigger: interval[0:00:15], next run at: 2026-06-25 18:28:54 +07)" (scheduled at 2026-06-25 18:28:39.801181+07:00)
2026-06-25 18:28:40,297 INFO apscheduler.executors.default: Job "main.<locals>.write_heartbeat_job (trigger: interval[0:00:15], next run at: 2026-06-25 18:28:54 +07)" executed successfully
2026-06-25 18:28:43,456 INFO httpx: HTTP Request: POST https://api.telegram.org/bot8731980788:AAHJ1_L3F44ZZbxR3yrPQhtZQzxgQE0d5s0/getUpdates "HTTP/1.1 200 OK"
2026-06-25 18:28:44,798 INFO apscheduler.executors.default: Running job "main.<locals>.run_scan (trigger: interval[0:00:05], next run at: 2026-06-25 18:28:49 +07)" (scheduled at 2026-06-25 18:28:44.794675+07:00)
2026-06-25 18:28:45,810 INFO apscheduler.executors.default: Running job "main.<locals>.run_trail_sl (trigger: interval[0:00:05], next run at: 2026-06-25 18:28:49 +07)" (scheduled at 2026-06-25 18:28:44.794913+07:00)
2026-06-25 18:28:45,817 INFO apscheduler.executors.default: Job "main.<locals>.run_trail_sl (trigger: interval[0:00:05], next run at: 2026-06-25 18:28:49 +07)" executed successfully
2026-06-25 18:28:45,817 WARNING apscheduler.executors.default: Run time of job "main.<locals>.run_position_check (trigger: interval[0:00:05], next run at: 2026-06-25 18:28:49 +07)" was missed by 0:00:01.022474
2026-06-25 18:28:46,378 INFO apscheduler.executors.default: Job "main.<locals>.run_scan (trigger: interval[0:00:05], next run at: 2026-06-25 18:28:49 +07)" executed successfully
2026-06-25 18:28:49,800 INFO apscheduler.executors.default: Running job "main.<locals>.run_scan (trigger: interval[0:00:05], next run at: 2026-06-25 18:28:54 +07)" (scheduled at 2026-06-25 18:28:49.794675+07:00)
2026-06-25 18:28:49,808 INFO apscheduler.executors.default: Running job "main.<locals>.run_trail_sl (trigger: interval[0:00:05], next run at: 2026-06-25 18:28:54 +07)" (scheduled at 2026-06-25 18:28:49.794913+07:00)
2026-06-25 18:28:49,810 INFO apscheduler.executors.default: Job "main.<locals>.run_trail_sl (trigger: interval[0:00:05], next run at: 2026-06-25 18:28:54 +07)" executed successfully
2026-06-25 18:28:49,811 INFO apscheduler.executors.default: Running job "main.<locals>.run_position_check (trigger: interval[0:00:05], next run at: 2026-06-25 18:28:54 +07)" (scheduled at 2026-06-25 18:28:49.795075+07:00)
2026-06-25 18:28:49,816 INFO apscheduler.executors.default: Job "main.<locals>.run_position_check (trigger: interval[0:00:05], next run at: 2026-06-25 18:28:54 +07)" executed successfully
2026-06-25 18:28:50,222 INFO apscheduler.executors.default: Job "main.<locals>.run_scan (trigger: interval[0:00:05], next run at: 2026-06-25 18:28:54 +07)" executed successfully
